#
# There is insufficient memory for the Java Runtime Environment to continue.
# Native memory allocation (malloc) failed to allocate 1656656 bytes. Error detail: Chunk::new
# Possible reasons:
#   The system is out of physical RAM or swap space
#   This process is running with CompressedOops enabled, and the Java Heap may be blocking the growth of the native heap
# Possible solutions:
#   Reduce memory load on the system
#   Increase physical memory or swap space
#   Check if swap backing store is full
#   Decrease Java heap size (-Xmx/-Xms)
#   Decrease number of Java threads
#   Decrease Java thread stack sizes (-Xss)
#   Set larger code cache with -XX:ReservedCodeCacheSize=
#   JVM is running with Unscaled Compressed Oops mode in which the Java heap is
#     placed in the first 4GB address space. The Java Heap base address is the
#     maximum limit for the native heap growth. Please use -XX:HeapBaseMinAddress
#     to set the Java Heap base and to place the Java Heap above 4GB virtual address.
# This output file may be truncated or incomplete.
#
#  Out of Memory Error (arena.cpp:168), pid=3032, tid=9664
#
# JRE version: OpenJDK Runtime Environment Temurin-21.0.6+7 (21.0.6+7) (build 21.0.6+7-LTS)
# Java VM: OpenJDK 64-Bit Server VM Temurin-21.0.6+7 (21.0.6+7-LTS, mixed mode, sharing, tiered, compressed oops, compressed class ptrs, parallel gc, windows-amd64)
# No core dump will be written. Minidumps are not enabled by default on client versions of Windows
#

---------------  S U M M A R Y ------------

Command Line: --add-modules=ALL-SYSTEM --add-opens=java.base/java.util=ALL-UNNAMED --add-opens=java.base/java.lang=ALL-UNNAMED --add-opens=java.base/sun.nio.fs=ALL-UNNAMED -Declipse.application=org.eclipse.jdt.ls.core.id1 -Dosgi.bundles.defaultStartLevel=4 -Declipse.product=org.eclipse.jdt.ls.core.product -Djava.import.generatesMetadataFilesAtProjectRoot=false -DDetectVMInstallationsJob.disabled=true -Dfile.encoding=utf8 -XX:+UseParallelGC -XX:GCTimeRatio=4 -XX:AdaptiveSizePolicyWeight=90 -Dsun.zip.disableMemoryMapping=true -Xmx1G -Xms100m -Xlog:disable -javaagent:c:\Users\Jaywant\.vscode\extensions\redhat.java-1.41.1-win32-x64\lombok\lombok-1.18.36.jar -XX:+HeapDumpOnOutOfMemoryError -XX:HeapDumpPath=c:\Users\Jaywant\AppData\Roaming\Code\User\workspaceStorage\cc623adeb21d3940532c846187689d28\redhat.java -Daether.dependencyCollector.impl=bf c:\Users\Jaywant\.vscode\extensions\redhat.java-1.41.1-win32-x64\server\plugins\org.eclipse.equinox.launcher_1.7.0.v20250331-1702.jar -configuration c:\Users\Jaywant\AppData\Roaming\Code\User\globalStorage\redhat.java\1.41.1\config_win -data c:\Users\Jaywant\AppData\Roaming\Code\User\workspaceStorage\cc623adeb21d3940532c846187689d28\redhat.java\jdt_ws --pipe=\\.\pipe\lsp-311024eb80f458a4b8e2922373a8d74b-sock

Host: AMD Ryzen 5 5600H with Radeon Graphics         , 12 cores, 7G,  Windows 11 , 64 bit Build 26100 (10.0.26100.3912)
Time: Wed May  7 13:02:25 2025 India Standard Time elapsed time: 3427.291612 seconds (0d 0h 57m 7s)

---------------  T H R E A D  ---------------

Current thread (0x000002d09c08e4e0):  JavaThread "C2 CompilerThread1" daemon [_thread_in_native, id=9664, stack(0x000000df14900000,0x000000df14a00000) (1024K)]


Current CompileTask:
C2:3427291 26266   !   4       java.io.ObjectOutputStream::writeObject0 (620 bytes)

Stack: [0x000000df14900000,0x000000df14a00000]
Native frames: (J=compiled Java code, j=interpreted, Vv=VM code, C=native code)
V  [jvm.dll+0x6cdee9]
V  [jvm.dll+0x8a83d1]
V  [jvm.dll+0x8aa8fe]
V  [jvm.dll+0x8aafe3]
V  [jvm.dll+0x27f706]
V  [jvm.dll+0xc500d]
V  [jvm.dll+0xc5543]
V  [jvm.dll+0x3b6752]
V  [jvm.dll+0x382935]
V  [jvm.dll+0x381d9a]
V  [jvm.dll+0x2479f0]
V  [jvm.dll+0x246fcf]
V  [jvm.dll+0x1c75ee]
V  [jvm.dll+0x25685a]
V  [jvm.dll+0x254dfa]
V  [jvm.dll+0x3f0256]
V  [jvm.dll+0x851f8b]
V  [jvm.dll+0x6cc5ed]
C  [ucrtbase.dll+0x37b0]
C  [KERNEL32.DLL+0x2e8d7]
C  [ntdll.dll+0x9c5dc]


---------------  P R O C E S S  ---------------

Threads class SMR info:
_java_thread_list=0x000002d09f7d9200, length=55, elements={
0x000002d04039ed60, 0x000002d0978844b0, 0x000002d05478db70, 0x000002d09788be20,
0x000002d09788ccf0, 0x000002d09788d940, 0x000002d097894330, 0x000002d097899420,
0x000002d09789df80, 0x000002d097985500, 0x000002d097bcd330, 0x000002d09c77ad00,
0x000002d09c7aea30, 0x000002d09c3951f0, 0x000002d09c50e2b0, 0x000002d09c883bf0,
0x000002d09c45a2e0, 0x000002d09c95a0f0, 0x000002d09c957300, 0x000002d09c958020,
0x000002d09ed7d120, 0x000002d09ed7b050, 0x000002d09ed7b6e0, 0x000002d09ed7bd70,
0x000002d09ed7d7b0, 0x000002d09ed7ca90, 0x000002d09ed7de40, 0x000002d09ed7a9c0,
0x000002d09ed81950, 0x000002d09ed80c30, 0x000002d09ed7ff10, 0x000002d09ed812c0,
0x000002d09ed7e4d0, 0x000002d09ed81fe0, 0x000002d09ed7f1f0, 0x000002d09ed7f880,
0x000002d0a0888ee0, 0x000002d0a088c9f0, 0x000002d0a0f6e3b0, 0x000002d0a0f6af30,
0x000002d0a0f6ea40, 0x000002d0a0f6b5c0, 0x000002d0a0f6c2e0, 0x000002d0a0f6f0d0,
0x000002d09efeea90, 0x000002d09efeb610, 0x000002d09efec9c0, 0x000002d09eff11f0,
0x000002d09efef7b0, 0x000002d09eff1880, 0x000002d09efee400, 0x000002d09db542b0,
0x000002d09db51b50, 0x000002d09db514c0, 0x000002d09c08e4e0
}

Java Threads: ( => current thread )
  0x000002d04039ed60 JavaThread "main"                              [_thread_blocked, id=12736, stack(0x000000df14c00000,0x000000df14d00000) (1024K)]
  0x000002d0978844b0 JavaThread "Reference Handler"          daemon [_thread_blocked, id=5212, stack(0x000000df15000000,0x000000df15100000) (1024K)]
  0x000002d05478db70 JavaThread "Finalizer"                  daemon [_thread_blocked, id=12268, stack(0x000000df15100000,0x000000df15200000) (1024K)]
  0x000002d09788be20 JavaThread "Signal Dispatcher"          daemon [_thread_blocked, id=10132, stack(0x000000df15200000,0x000000df15300000) (1024K)]
  0x000002d09788ccf0 JavaThread "Attach Listener"            daemon [_thread_blocked, id=2520, stack(0x000000df15300000,0x000000df15400000) (1024K)]
  0x000002d09788d940 JavaThread "Service Thread"             daemon [_thread_blocked, id=14228, stack(0x000000df15400000,0x000000df15500000) (1024K)]
  0x000002d097894330 JavaThread "Monitor Deflation Thread"   daemon [_thread_blocked, id=10984, stack(0x000000df15500000,0x000000df15600000) (1024K)]
  0x000002d097899420 JavaThread "C2 CompilerThread0"         daemon [_thread_in_native, id=9228, stack(0x000000df15600000,0x000000df15700000) (1024K)]
  0x000002d09789df80 JavaThread "C1 CompilerThread0"         daemon [_thread_blocked, id=4332, stack(0x000000df15700000,0x000000df15800000) (1024K)]
  0x000002d097985500 JavaThread "Common-Cleaner"             daemon [_thread_blocked, id=2456, stack(0x000000df15800000,0x000000df15900000) (1024K)]
  0x000002d097bcd330 JavaThread "Notification Thread"        daemon [_thread_blocked, id=1540, stack(0x000000df15a00000,0x000000df15b00000) (1024K)]
  0x000002d09c77ad00 JavaThread "Active Thread: Equinox Container: 8c3549a5-68b3-4e78-a528-76cf8a671758"        [_thread_blocked, id=17500, stack(0x000000df16100000,0x000000df16200000) (1024K)]
  0x000002d09c7aea30 JavaThread "Refresh Thread: Equinox Container: 8c3549a5-68b3-4e78-a528-76cf8a671758" daemon [_thread_blocked, id=14800, stack(0x000000df15900000,0x000000df15a00000) (1024K)]
  0x000002d09c3951f0 JavaThread "Framework Event Dispatcher: Equinox Container: 8c3549a5-68b3-4e78-a528-76cf8a671758" daemon [_thread_blocked, id=5532, stack(0x000000df16300000,0x000000df16400000) (1024K)]
  0x000002d09c50e2b0 JavaThread "Start Level: Equinox Container: 8c3549a5-68b3-4e78-a528-76cf8a671758" daemon [_thread_blocked, id=17236, stack(0x000000df16400000,0x000000df16500000) (1024K)]
  0x000002d09c883bf0 JavaThread "Bundle File Closer"         daemon [_thread_blocked, id=7508, stack(0x000000df16500000,0x000000df16600000) (1024K)]
  0x000002d09c45a2e0 JavaThread "SCR Component Actor"        daemon [_thread_blocked, id=7960, stack(0x000000df16800000,0x000000df16900000) (1024K)]
  0x000002d09c95a0f0 JavaThread "Worker-JM"                         [_thread_blocked, id=11020, stack(0x000000df16b00000,0x000000df16c00000) (1024K)]
  0x000002d09c957300 JavaThread "JNA Cleaner"                daemon [_thread_blocked, id=12372, stack(0x000000df16a00000,0x000000df16b00000) (1024K)]
  0x000002d09c958020 JavaThread "Java indexing"              daemon [_thread_blocked, id=17588, stack(0x000000df17000000,0x000000df17100000) (1024K)]
  0x000002d09ed7d120 JavaThread "Thread-2"                   daemon [_thread_in_native, id=7688, stack(0x000000df17500000,0x000000df17600000) (1024K)]
  0x000002d09ed7b050 JavaThread "Thread-3"                   daemon [_thread_in_native, id=14032, stack(0x000000df17600000,0x000000df17700000) (1024K)]
  0x000002d09ed7b6e0 JavaThread "Thread-4"                   daemon [_thread_in_native, id=16192, stack(0x000000df17700000,0x000000df17800000) (1024K)]
  0x000002d09ed7bd70 JavaThread "Thread-5"                   daemon [_thread_in_native, id=1552, stack(0x000000df17800000,0x000000df17900000) (1024K)]
  0x000002d09ed7d7b0 JavaThread "Thread-6"                   daemon [_thread_in_native, id=17180, stack(0x000000df17900000,0x000000df17a00000) (1024K)]
  0x000002d09ed7ca90 JavaThread "Thread-7"                   daemon [_thread_in_native, id=328, stack(0x000000df17a00000,0x000000df17b00000) (1024K)]
  0x000002d09ed7de40 JavaThread "Thread-8"                   daemon [_thread_in_native, id=18276, stack(0x000000df17b00000,0x000000df17c00000) (1024K)]
  0x000002d09ed7a9c0 JavaThread "Thread-9"                   daemon [_thread_in_native, id=13356, stack(0x000000df17c00000,0x000000df17d00000) (1024K)]
  0x000002d09ed81950 JavaThread "Thread-10"                  daemon [_thread_in_native, id=15008, stack(0x000000df17d00000,0x000000df17e00000) (1024K)]
  0x000002d09ed80c30 JavaThread "Thread-11"                  daemon [_thread_in_native, id=14572, stack(0x000000df17e00000,0x000000df17f00000) (1024K)]
  0x000002d09ed7ff10 JavaThread "Thread-12"                  daemon [_thread_in_native, id=17104, stack(0x000000df17f00000,0x000000df18000000) (1024K)]
  0x000002d09ed812c0 JavaThread "Thread-13"                  daemon [_thread_in_native, id=8464, stack(0x000000df18000000,0x000000df18100000) (1024K)]
  0x000002d09ed7e4d0 JavaThread "Thread-14"                  daemon [_thread_in_native, id=13556, stack(0x000000df18100000,0x000000df18200000) (1024K)]
  0x000002d09ed81fe0 JavaThread "pool-2-thread-1"                   [_thread_blocked, id=6988, stack(0x000000df18200000,0x000000df18300000) (1024K)]
  0x000002d09ed7f1f0 JavaThread "WorkspaceEventsHandler"            [_thread_blocked, id=16592, stack(0x000000df18300000,0x000000df18400000) (1024K)]
  0x000002d09ed7f880 JavaThread "pool-1-thread-1"                   [_thread_blocked, id=2968, stack(0x000000df18400000,0x000000df18500000) (1024K)]
  0x000002d0a0888ee0 JavaThread "Cleaner-0"                  daemon [_thread_blocked, id=17628, stack(0x000000df16c00000,0x000000df16d00000) (1024K)]
  0x000002d0a088c9f0 JavaThread "Worker-16"                         [_thread_blocked, id=14996, stack(0x000000df18d00000,0x000000df18e00000) (1024K)]
  0x000002d0a0f6e3b0 JavaThread "Java Debug Server"          daemon [_thread_in_native, id=20336, stack(0x000000df19000000,0x000000df19100000) (1024K)]
  0x000002d0a0f6af30 JavaThread "pool-5-thread-1"                   [_thread_in_native, id=18968, stack(0x000000df19300000,0x000000df19400000) (1024K)]
  0x000002d0a0f6ea40 JavaThread "RxSchedulerPurge-1"         daemon [_thread_blocked, id=7572, stack(0x000000df19400000,0x000000df19500000) (1024K)]
  0x000002d0a0f6b5c0 JavaThread "RxCachedWorkerPoolEvictor-1" daemon [_thread_blocked, id=15636, stack(0x000000df19500000,0x000000df19600000) (1024K)]
  0x000002d0a0f6c2e0 JavaThread "RxNewThreadScheduler-1"     daemon [_thread_blocked, id=12764, stack(0x000000df19600000,0x000000df19700000) (1024K)]
  0x000002d0a0f6f0d0 JavaThread "process reaper (pid 20344)" daemon [_thread_in_native, id=17636, stack(0x000000df14570000,0x000000df14590000) (128K)]
  0x000002d09efeea90 JavaThread "ForkJoinPool.commonPool-worker-22" daemon [_thread_blocked, id=16252, stack(0x000000df14b00000,0x000000df14c00000) (1024K)]
  0x000002d09efeb610 JavaThread "Worker-20"                         [_thread_blocked, id=21380, stack(0x000000df16900000,0x000000df16a00000) (1024K)]
  0x000002d09efec9c0 JavaThread "ForkJoinPool.commonPool-worker-24" daemon [_thread_blocked, id=21136, stack(0x000000df17100000,0x000000df17200000) (1024K)]
  0x000002d09eff11f0 JavaThread "ForkJoinPool.commonPool-worker-25" daemon [_thread_blocked, id=21376, stack(0x000000df17200000,0x000000df17300000) (1024K)]
  0x000002d09efef7b0 JavaThread "ForkJoinPool.commonPool-worker-26" daemon [_thread_blocked, id=17440, stack(0x000000df17300000,0x000000df17400000) (1024K)]
  0x000002d09eff1880 JavaThread "ForkJoinPool.commonPool-worker-27" daemon [_thread_blocked, id=15208, stack(0x000000df17400000,0x000000df17500000) (1024K)]
  0x000002d09efee400 JavaThread "ForkJoinPool.commonPool-worker-28" daemon [_thread_blocked, id=2656, stack(0x000000df18500000,0x000000df18600000) (1024K)]
  0x000002d09db542b0 JavaThread "ForkJoinPool.commonPool-worker-31" daemon [_thread_blocked, id=10976, stack(0x000000df18800000,0x000000df18900000) (1024K)]
  0x000002d09db51b50 JavaThread "ForkJoinPool.commonPool-worker-32" daemon [_thread_blocked, id=1896, stack(0x000000df18900000,0x000000df18a00000) (1024K)]
  0x000002d09db514c0 JavaThread "Compiler Source File Reader" daemon [_thread_blocked, id=17212, stack(0x000000df18f00000,0x000000df19000000) (1024K)]
=>0x000002d09c08e4e0 JavaThread "C2 CompilerThread1"         daemon [_thread_in_native, id=9664, stack(0x000000df14900000,0x000000df14a00000) (1024K)]
Total: 55

Other Threads:
  0x000002d04045e8c0 VMThread "VM Thread"                           [id=7980, stack(0x000000df14f00000,0x000000df15000000) (1024K)]
  0x000002d05466ca00 WatcherThread "VM Periodic Task Thread"        [id=18124, stack(0x000000df14e00000,0x000000df14f00000) (1024K)]
  0x000002d0403bcfc0 WorkerThread "GC Thread#0"                     [id=4880, stack(0x000000df14d00000,0x000000df14e00000) (1024K)]
  0x000002d09c53da50 WorkerThread "GC Thread#1"                     [id=9372, stack(0x000000df15b00000,0x000000df15c00000) (1024K)]
  0x000002d09c88dc10 WorkerThread "GC Thread#2"                     [id=2824, stack(0x000000df15c00000,0x000000df15d00000) (1024K)]
  0x000002d09c53ddf0 WorkerThread "GC Thread#3"                     [id=7640, stack(0x000000df15d00000,0x000000df15e00000) (1024K)]
  0x000002d09c53e190 WorkerThread "GC Thread#4"                     [id=16924, stack(0x000000df15e00000,0x000000df15f00000) (1024K)]
  0x000002d09c20a610 WorkerThread "GC Thread#5"                     [id=2544, stack(0x000000df15f00000,0x000000df16000000) (1024K)]
  0x000002d09c20a9b0 WorkerThread "GC Thread#6"                     [id=3204, stack(0x000000df16000000,0x000000df16100000) (1024K)]
  0x000002d0979ad720 WorkerThread "GC Thread#7"                     [id=17240, stack(0x000000df16200000,0x000000df16300000) (1024K)]
  0x000002d097c75680 WorkerThread "GC Thread#8"                     [id=15668, stack(0x000000df16600000,0x000000df16700000) (1024K)]
  0x000002d097c768a0 WorkerThread "GC Thread#9"                     [id=4884, stack(0x000000df16700000,0x000000df16800000) (1024K)]
Total: 12

Threads with active compile tasks:
C2 CompilerThread0  3427327 26320   !   4       org.eclipse.core.filesystem.URIUtil::toURI (137 bytes)
C2 CompilerThread1  3427327 26266   !   4       java.io.ObjectOutputStream::writeObject0 (620 bytes)
Total: 2

VM state: not at safepoint (normal execution)

VM Mutex/Monitor currently owned by a thread: None

Heap address: 0x00000000c0000000, size: 1024 MB, Compressed Oops mode: 32-bit

CDS archive(s) mapped at: [0x000002d055000000-0x000002d055ba0000-0x000002d055ba0000), size 12189696, SharedBaseAddress: 0x000002d055000000, ArchiveRelocationMode: 1.
Compressed class space mapped at: 0x000002d056000000-0x000002d096000000, reserved size: 1073741824
Narrow klass base: 0x000002d055000000, Narrow klass shift: 0, Narrow klass range: 0x100000000

GC Precious Log:
 CardTable entry size: 512
 CPUs: 12 total, 12 available
 Memory: 7521M
 Large Page Support: Disabled
 NUMA Support: Disabled
 Compressed Oops: Enabled (32-bit)
 Alignments: Space 512K, Generation 512K, Heap 2M
 Heap Min Capacity: 100M
 Heap Initial Capacity: 100M
 Heap Max Capacity: 1G
 Pre-touch: Disabled
 Parallel Workers: 10

Heap:
 PSYoungGen      total 5632K, used 1884K [0x00000000eab00000, 0x00000000eb280000, 0x0000000100000000)
  eden space 5120K, 28% used [0x00000000eab00000,0x00000000eac6f0b0,0x00000000eb000000)
  from space 512K, 81% used [0x00000000eb080000,0x00000000eb0e8000,0x00000000eb100000)
  to   space 1024K, 0% used [0x00000000eb180000,0x00000000eb180000,0x00000000eb280000)
 ParOldGen       total 181760K, used 181579K [0x00000000c0000000, 0x00000000cb180000, 0x00000000eab00000)
  object space 181760K, 99% used [0x00000000c0000000,0x00000000cb152f10,0x00000000cb180000)
 Metaspace       used 87458K, committed 89792K, reserved 1179648K
  class space    used 8553K, committed 9536K, reserved 1048576K

Card table byte_map: [0x000002d03fd40000,0x000002d03ff50000] _byte_map_base: 0x000002d03f740000

Marking Bits: (ParMarkBitMap*) 0x00007ff8a5d93260
 Begin Bits: [0x000002d052590000, 0x000002d053590000)
 End Bits:   [0x000002d053590000, 0x000002d054590000)

Polling page: 0x000002d03e1e0000

Metaspace:

Usage:
  Non-class:     77.06 MB used.
      Class:      8.35 MB used.
       Both:     85.41 MB used.

Virtual space:
  Non-class space:      128.00 MB reserved,      78.38 MB ( 61%) committed,  2 nodes.
      Class space:        1.00 GB reserved,       9.31 MB ( <1%) committed,  1 nodes.
             Both:        1.12 GB reserved,      87.69 MB (  8%) committed. 

Chunk freelists:
   Non-Class:  1.54 MB
       Class:  6.90 MB
        Both:  8.44 MB

MaxMetaspaceSize: unlimited
CompressedClassSpaceSize: 1.00 GB
Initial GC threshold: 21.00 MB
Current GC threshold: 146.19 MB
CDS: on
 - commit_granule_bytes: 65536.
 - commit_granule_words: 8192.
 - virtual_space_node_default_size: 8388608.
 - enlarge_chunks_in_place: 1.
 - use_allocation_guard: 0.


Internal statistics:

num_allocs_failed_limit: 9.
num_arena_births: 1942.
num_arena_deaths: 592.
num_vsnodes_births: 3.
num_vsnodes_deaths: 0.
num_space_committed: 1403.
num_space_uncommitted: 0.
num_chunks_returned_to_freelist: 730.
num_chunks_taken_from_freelist: 6551.
num_chunk_merges: 213.
num_chunk_splits: 3849.
num_chunks_enlarged: 2002.
num_inconsistent_stats: 0.

CodeHeap 'non-profiled nmethods': size=120000Kb used=17922Kb max_used=22674Kb free=102077Kb
 bounds [0x000002d04b060000, 0x000002d04c690000, 0x000002d052590000]
CodeHeap 'profiled nmethods': size=120000Kb used=26420Kb max_used=43704Kb free=93579Kb
 bounds [0x000002d043590000, 0x000002d046040000, 0x000002d04aac0000]
CodeHeap 'non-nmethods': size=5760Kb used=1510Kb max_used=1585Kb free=4249Kb
 bounds [0x000002d04aac0000, 0x000002d04ad30000, 0x000002d04b060000]
 total_blobs=13511 nmethods=12680 adapters=735
 compilation: enabled
              stopped_count=0, restarted_count=0
 full_count=0

Compilation events (20 events):
Event: 3426.227 Thread 0x000002d09789df80 nmethod 26310 0x000002d04470ab90 code [0x000002d04470ad80, 0x000002d04470b1a8]
Event: 3426.227 Thread 0x000002d09789df80 26311       3       java.io.FilterOutputStream::write (9 bytes)
Event: 3426.227 Thread 0x000002d09789df80 nmethod 26311 0x000002d045d53f90 code [0x000002d045d54140, 0x000002d045d54318]
Event: 3426.233 Thread 0x000002d09789df80 26312       3       java.io.FilterOutputStream::<init> (21 bytes)
Event: 3426.234 Thread 0x000002d09789df80 nmethod 26312 0x000002d04580c710 code [0x000002d04580c8c0, 0x000002d04580cb70]
Event: 3426.235 Thread 0x000002d09789df80 26313       3       jdk.internal.util.ByteArray::setLong (10 bytes)
Event: 3426.236 Thread 0x000002d09789df80 nmethod 26313 0x000002d043e07110 code [0x000002d043e07300, 0x000002d043e07848]
Event: 3426.236 Thread 0x000002d09789df80 26317       3       org.eclipse.core.internal.resources.MarkerWriter::snap (153 bytes)
Event: 3426.252 Thread 0x000002d09789df80 nmethod 26317 0x000002d0436e7410 code [0x000002d0436e7800, 0x000002d0436e95d8]
Event: 3426.252 Thread 0x000002d09789df80 26314       3       org.eclipse.core.internal.resources.SaveManager$$Lambda/0x000002d056656cf8::visitElement (35 bytes)
Event: 3426.254 Thread 0x000002d09789df80 nmethod 26314 0x000002d045d92d10 code [0x000002d045d92ec0, 0x000002d045d93058]
Event: 3426.254 Thread 0x000002d09789df80 26315   !   3       org.eclipse.core.internal.resources.SaveManager::lambda$11 (132 bytes)
Event: 3426.256 Thread 0x000002d09789df80 nmethod 26315 0x000002d04429f890 code [0x000002d04429fae0, 0x000002d0442a02d0]
Event: 3426.256 Thread 0x000002d09789df80 26316       3       org.eclipse.core.internal.resources.MarkerManager::snap (11 bytes)
Event: 3426.257 Thread 0x000002d09789df80 nmethod 26316 0x000002d045e69c10 code [0x000002d045e69dc0, 0x000002d045e69f18]
Event: 3426.257 Thread 0x000002d09789df80 26318       3       org.eclipse.core.internal.resources.Synchronizer::snapSyncInfo (11 bytes)
Event: 3426.257 Thread 0x000002d09789df80 nmethod 26318 0x000002d045e6b590 code [0x000002d045e6b740, 0x000002d045e6b898]
Event: 3426.412 Thread 0x000002d09789df80 26319       3       org.eclipse.jdt.internal.core.ModuleUpdater::<init> (21 bytes)
Event: 3426.413 Thread 0x000002d09789df80 nmethod 26319 0x000002d044f27e10 code [0x000002d044f27fc0, 0x000002d044f282e0]
Event: 3426.439 Thread 0x000002d097899420 26320   !   4       org.eclipse.core.filesystem.URIUtil::toURI (137 bytes)

GC Heap History (20 events):
Event: 3149.032 GC heap before
{Heap before GC invocations=2986 (full 9):
 PSYoungGen      total 4096K, used 3904K [0x00000000eab00000, 0x00000000eb480000, 0x0000000100000000)
  eden space 3072K, 100% used [0x00000000eab00000,0x00000000eae00000,0x00000000eae00000)
  from space 1024K, 81% used [0x00000000eb300000,0x00000000eb3d0000,0x00000000eb400000)
  to   space 512K, 0% used [0x00000000eb400000,0x00000000eb400000,0x00000000eb480000)
 ParOldGen       total 167936K, used 167502K [0x00000000c0000000, 0x00000000ca400000, 0x00000000eab00000)
  object space 167936K, 99% used [0x00000000c0000000,0x00000000ca3938b8,0x00000000ca400000)
 Metaspace       used 87337K, committed 89792K, reserved 1179648K
  class space    used 8537K, committed 9536K, reserved 1048576K
}
Event: 3149.033 GC heap after
{Heap after GC invocations=2986 (full 9):
 PSYoungGen      total 3584K, used 506K [0x00000000eab00000, 0x00000000eb480000, 0x0000000100000000)
  eden space 3072K, 0% used [0x00000000eab00000,0x00000000eab00000,0x00000000eae00000)
  from space 512K, 98% used [0x00000000eb400000,0x00000000eb47e900,0x00000000eb480000)
  to   space 2560K, 0% used [0x00000000eaf80000,0x00000000eaf80000,0x00000000eb200000)
 ParOldGen       total 168960K, used 168928K [0x00000000c0000000, 0x00000000ca500000, 0x00000000eab00000)
  object space 168960K, 99% used [0x00000000c0000000,0x00000000ca4f8158,0x00000000ca500000)
 Metaspace       used 87337K, committed 89792K, reserved 1179648K
  class space    used 8537K, committed 9536K, reserved 1048576K
}
Event: 3149.038 GC heap before
{Heap before GC invocations=2987 (full 9):
 PSYoungGen      total 3584K, used 3578K [0x00000000eab00000, 0x00000000eb480000, 0x0000000100000000)
  eden space 3072K, 100% used [0x00000000eab00000,0x00000000eae00000,0x00000000eae00000)
  from space 512K, 98% used [0x00000000eb400000,0x00000000eb47e900,0x00000000eb480000)
  to   space 2560K, 0% used [0x00000000eaf80000,0x00000000eaf80000,0x00000000eb200000)
 ParOldGen       total 168960K, used 168928K [0x00000000c0000000, 0x00000000ca500000, 0x00000000eab00000)
  object space 168960K, 99% used [0x00000000c0000000,0x00000000ca4f8158,0x00000000ca500000)
 Metaspace       used 87337K, committed 89792K, reserved 1179648K
  class space    used 8537K, committed 9536K, reserved 1048576K
}
Event: 3149.041 GC heap after
{Heap after GC invocations=2987 (full 9):
 PSYoungGen      total 5632K, used 2560K [0x00000000eab00000, 0x00000000eb600000, 0x0000000100000000)
  eden space 3072K, 0% used [0x00000000eab00000,0x00000000eab00000,0x00000000eae00000)
  from space 2560K, 100% used [0x00000000eaf80000,0x00000000eb200000,0x00000000eb200000)
  to   space 4096K, 0% used [0x00000000eb200000,0x00000000eb200000,0x00000000eb600000)
 ParOldGen       total 169984K, used 169957K [0x00000000c0000000, 0x00000000ca600000, 0x00000000eab00000)
  object space 169984K, 99% used [0x00000000c0000000,0x00000000ca5f94d8,0x00000000ca600000)
 Metaspace       used 87337K, committed 89792K, reserved 1179648K
  class space    used 8537K, committed 9536K, reserved 1048576K
}
Event: 3149.046 GC heap before
{Heap before GC invocations=2988 (full 9):
 PSYoungGen      total 5632K, used 5632K [0x00000000eab00000, 0x00000000eb600000, 0x0000000100000000)
  eden space 3072K, 100% used [0x00000000eab00000,0x00000000eae00000,0x00000000eae00000)
  from space 2560K, 100% used [0x00000000eaf80000,0x00000000eb200000,0x00000000eb200000)
  to   space 4096K, 0% used [0x00000000eb200000,0x00000000eb200000,0x00000000eb600000)
 ParOldGen       total 169984K, used 169957K [0x00000000c0000000, 0x00000000ca600000, 0x00000000eab00000)
  object space 169984K, 99% used [0x00000000c0000000,0x00000000ca5f94d8,0x00000000ca600000)
 Metaspace       used 87337K, committed 89792K, reserved 1179648K
  class space    used 8537K, committed 9536K, reserved 1048576K
}
Event: 3149.049 GC heap after
{Heap after GC invocations=2988 (full 9):
 PSYoungGen      total 7680K, used 3200K [0x00000000eab00000, 0x00000000eb600000, 0x0000000100000000)
  eden space 3584K, 0% used [0x00000000eab00000,0x00000000eab00000,0x00000000eae80000)
  from space 4096K, 78% used [0x00000000eb200000,0x00000000eb520000,0x00000000eb600000)
  to   space 3584K, 0% used [0x00000000eae80000,0x00000000eae80000,0x00000000eb200000)
 ParOldGen       total 173056K, used 172581K [0x00000000c0000000, 0x00000000ca900000, 0x00000000eab00000)
  object space 173056K, 99% used [0x00000000c0000000,0x00000000ca8894d8,0x00000000ca900000)
 Metaspace       used 87337K, committed 89792K, reserved 1179648K
  class space    used 8537K, committed 9536K, reserved 1048576K
}
Event: 3149.058 GC heap before
{Heap before GC invocations=2989 (full 9):
 PSYoungGen      total 7680K, used 6784K [0x00000000eab00000, 0x00000000eb600000, 0x0000000100000000)
  eden space 3584K, 100% used [0x00000000eab00000,0x00000000eae80000,0x00000000eae80000)
  from space 4096K, 78% used [0x00000000eb200000,0x00000000eb520000,0x00000000eb600000)
  to   space 3584K, 0% used [0x00000000eae80000,0x00000000eae80000,0x00000000eb200000)
 ParOldGen       total 173056K, used 172581K [0x00000000c0000000, 0x00000000ca900000, 0x00000000eab00000)
  object space 173056K, 99% used [0x00000000c0000000,0x00000000ca8894d8,0x00000000ca900000)
 Metaspace       used 87337K, committed 89792K, reserved 1179648K
  class space    used 8537K, committed 9536K, reserved 1048576K
}
Event: 3149.060 GC heap after
{Heap after GC invocations=2989 (full 9):
 PSYoungGen      total 7168K, used 1897K [0x00000000eab00000, 0x00000000eb480000, 0x0000000100000000)
  eden space 3584K, 0% used [0x00000000eab00000,0x00000000eab00000,0x00000000eae80000)
  from space 3584K, 52% used [0x00000000eae80000,0x00000000eb05a7c0,0x00000000eb200000)
  to   space 2560K, 0% used [0x00000000eb200000,0x00000000eb200000,0x00000000eb480000)
 ParOldGen       total 176128K, used 175709K [0x00000000c0000000, 0x00000000cac00000, 0x00000000eab00000)
  object space 176128K, 99% used [0x00000000c0000000,0x00000000cab974d8,0x00000000cac00000)
 Metaspace       used 87337K, committed 89792K, reserved 1179648K
  class space    used 8537K, committed 9536K, reserved 1048576K
}
Event: 3149.065 GC heap before
{Heap before GC invocations=2990 (full 9):
 PSYoungGen      total 7168K, used 5481K [0x00000000eab00000, 0x00000000eb480000, 0x0000000100000000)
  eden space 3584K, 100% used [0x00000000eab00000,0x00000000eae80000,0x00000000eae80000)
  from space 3584K, 52% used [0x00000000eae80000,0x00000000eb05a7c0,0x00000000eb200000)
  to   space 2560K, 0% used [0x00000000eb200000,0x00000000eb200000,0x00000000eb480000)
 ParOldGen       total 176128K, used 175709K [0x00000000c0000000, 0x00000000cac00000, 0x00000000eab00000)
  object space 176128K, 99% used [0x00000000c0000000,0x00000000cab974d8,0x00000000cac00000)
 Metaspace       used 87337K, committed 89792K, reserved 1179648K
  class space    used 8537K, committed 9536K, reserved 1048576K
}
Event: 3149.067 GC heap after
{Heap after GC invocations=2990 (full 9):
 PSYoungGen      total 5632K, used 736K [0x00000000eab00000, 0x00000000eb300000, 0x0000000100000000)
  eden space 4608K, 0% used [0x00000000eab00000,0x00000000eab00000,0x00000000eaf80000)
  from space 1024K, 71% used [0x00000000eb200000,0x00000000eb2b8000,0x00000000eb300000)
  to   space 1536K, 0% used [0x00000000eb000000,0x00000000eb000000,0x00000000eb180000)
 ParOldGen       total 177664K, used 177433K [0x00000000c0000000, 0x00000000cad80000, 0x00000000eab00000)
  object space 177664K, 99% used [0x00000000c0000000,0x00000000cad46738,0x00000000cad80000)
 Metaspace       used 87337K, committed 89792K, reserved 1179648K
  class space    used 8537K, committed 9536K, reserved 1048576K
}
Event: 3149.083 GC heap before
{Heap before GC invocations=2991 (full 9):
 PSYoungGen      total 5632K, used 5344K [0x00000000eab00000, 0x00000000eb300000, 0x0000000100000000)
  eden space 4608K, 100% used [0x00000000eab00000,0x00000000eaf80000,0x00000000eaf80000)
  from space 1024K, 71% used [0x00000000eb200000,0x00000000eb2b8000,0x00000000eb300000)
  to   space 1536K, 0% used [0x00000000eb000000,0x00000000eb000000,0x00000000eb180000)
 ParOldGen       total 177664K, used 177433K [0x00000000c0000000, 0x00000000cad80000, 0x00000000eab00000)
  object space 177664K, 99% used [0x00000000c0000000,0x00000000cad46738,0x00000000cad80000)
 Metaspace       used 87337K, committed 89792K, reserved 1179648K
  class space    used 8537K, committed 9536K, reserved 1048576K
}
Event: 3149.084 GC heap after
{Heap after GC invocations=2991 (full 9):
 PSYoungGen      total 6656K, used 1088K [0x00000000eab00000, 0x00000000eb380000, 0x0000000100000000)
  eden space 5120K, 0% used [0x00000000eab00000,0x00000000eab00000,0x00000000eb000000)
  from space 1536K, 70% used [0x00000000eb000000,0x00000000eb110000,0x00000000eb180000)
  to   space 1536K, 0% used [0x00000000eb200000,0x00000000eb200000,0x00000000eb380000)
 ParOldGen       total 178176K, used 178033K [0x00000000c0000000, 0x00000000cae00000, 0x00000000eab00000)
  object space 178176K, 99% used [0x00000000c0000000,0x00000000caddc738,0x00000000cae00000)
 Metaspace       used 87337K, committed 89792K, reserved 1179648K
  class space    used 8537K, committed 9536K, reserved 1048576K
}
Event: 3327.626 GC heap before
{Heap before GC invocations=2992 (full 9):
 PSYoungGen      total 6656K, used 6208K [0x00000000eab00000, 0x00000000eb380000, 0x0000000100000000)
  eden space 5120K, 100% used [0x00000000eab00000,0x00000000eb000000,0x00000000eb000000)
  from space 1536K, 70% used [0x00000000eb000000,0x00000000eb110000,0x00000000eb180000)
  to   space 1536K, 0% used [0x00000000eb200000,0x00000000eb200000,0x00000000eb380000)
 ParOldGen       total 178176K, used 178033K [0x00000000c0000000, 0x00000000cae00000, 0x00000000eab00000)
  object space 178176K, 99% used [0x00000000c0000000,0x00000000caddc738,0x00000000cae00000)
 Metaspace       used 87337K, committed 89792K, reserved 1179648K
  class space    used 8537K, committed 9536K, reserved 1048576K
}
Event: 3328.693 GC heap after
{Heap after GC invocations=2992 (full 9):
 PSYoungGen      total 6144K, used 697K [0x00000000eab00000, 0x00000000eb300000, 0x0000000100000000)
  eden space 5120K, 0% used [0x00000000eab00000,0x00000000eab00000,0x00000000eb000000)
  from space 1024K, 68% used [0x00000000eb200000,0x00000000eb2ae7b0,0x00000000eb300000)
  to   space 1024K, 0% used [0x00000000eb100000,0x00000000eb100000,0x00000000eb200000)
 ParOldGen       total 179200K, used 179005K [0x00000000c0000000, 0x00000000caf00000, 0x00000000eab00000)
  object space 179200K, 99% used [0x00000000c0000000,0x00000000caecf748,0x00000000caf00000)
 Metaspace       used 87337K, committed 89792K, reserved 1179648K
  class space    used 8537K, committed 9536K, reserved 1048576K
}
Event: 3328.856 GC heap before
{Heap before GC invocations=2993 (full 9):
 PSYoungGen      total 6144K, used 5817K [0x00000000eab00000, 0x00000000eb300000, 0x0000000100000000)
  eden space 5120K, 100% used [0x00000000eab00000,0x00000000eb000000,0x00000000eb000000)
  from space 1024K, 68% used [0x00000000eb200000,0x00000000eb2ae7b0,0x00000000eb300000)
  to   space 1024K, 0% used [0x00000000eb100000,0x00000000eb100000,0x00000000eb200000)
 ParOldGen       total 179200K, used 179005K [0x00000000c0000000, 0x00000000caf00000, 0x00000000eab00000)
  object space 179200K, 99% used [0x00000000c0000000,0x00000000caecf748,0x00000000caf00000)
 Metaspace       used 87337K, committed 89792K, reserved 1179648K
  class space    used 8537K, committed 9536K, reserved 1048576K
}
Event: 3328.862 GC heap after
{Heap after GC invocations=2993 (full 9):
 PSYoungGen      total 6144K, used 1024K [0x00000000eab00000, 0x00000000eb400000, 0x0000000100000000)
  eden space 5120K, 0% used [0x00000000eab00000,0x00000000eab00000,0x00000000eb000000)
  from space 1024K, 100% used [0x00000000eb100000,0x00000000eb200000,0x00000000eb200000)
  to   space 2048K, 0% used [0x00000000eb200000,0x00000000eb200000,0x00000000eb400000)
 ParOldGen       total 179712K, used 179551K [0x00000000c0000000, 0x00000000caf80000, 0x00000000eab00000)
  object space 179712K, 99% used [0x00000000c0000000,0x00000000caf57f08,0x00000000caf80000)
 Metaspace       used 87337K, committed 89792K, reserved 1179648K
  class space    used 8537K, committed 9536K, reserved 1048576K
}
Event: 3329.266 GC heap before
{Heap before GC invocations=2994 (full 9):
 PSYoungGen      total 6144K, used 6144K [0x00000000eab00000, 0x00000000eb400000, 0x0000000100000000)
  eden space 5120K, 100% used [0x00000000eab00000,0x00000000eb000000,0x00000000eb000000)
  from space 1024K, 100% used [0x00000000eb100000,0x00000000eb200000,0x00000000eb200000)
  to   space 2048K, 0% used [0x00000000eb200000,0x00000000eb200000,0x00000000eb400000)
 ParOldGen       total 179712K, used 179551K [0x00000000c0000000, 0x00000000caf80000, 0x00000000eab00000)
  object space 179712K, 99% used [0x00000000c0000000,0x00000000caf57f08,0x00000000caf80000)
 Metaspace       used 87337K, committed 89792K, reserved 1179648K
  class space    used 8537K, committed 9536K, reserved 1048576K
}
Event: 3329.277 GC heap after
{Heap after GC invocations=2994 (full 9):
 PSYoungGen      total 6656K, used 1296K [0x00000000eab00000, 0x00000000eb380000, 0x0000000100000000)
  eden space 5120K, 0% used [0x00000000eab00000,0x00000000eab00000,0x00000000eb000000)
  from space 1536K, 84% used [0x00000000eb200000,0x00000000eb344010,0x00000000eb380000)
  to   space 1536K, 0% used [0x00000000eb080000,0x00000000eb080000,0x00000000eb200000)
 ParOldGen       total 180736K, used 180458K [0x00000000c0000000, 0x00000000cb080000, 0x00000000eab00000)
  object space 180736K, 99% used [0x00000000c0000000,0x00000000cb03aa80,0x00000000cb080000)
 Metaspace       used 87337K, committed 89792K, reserved 1179648K
  class space    used 8537K, committed 9536K, reserved 1048576K
}
Event: 3426.126 GC heap before
{Heap before GC invocations=2995 (full 9):
 PSYoungGen      total 6656K, used 6415K [0x00000000eab00000, 0x00000000eb380000, 0x0000000100000000)
  eden space 5120K, 99% used [0x00000000eab00000,0x00000000eaffffc0,0x00000000eb000000)
  from space 1536K, 84% used [0x00000000eb200000,0x00000000eb344010,0x00000000eb380000)
  to   space 1536K, 0% used [0x00000000eb080000,0x00000000eb080000,0x00000000eb200000)
 ParOldGen       total 180736K, used 180458K [0x00000000c0000000, 0x00000000cb080000, 0x00000000eab00000)
  object space 180736K, 99% used [0x00000000c0000000,0x00000000cb03aa80,0x00000000cb080000)
 Metaspace       used 87426K, committed 89792K, reserved 1179648K
  class space    used 8549K, committed 9536K, reserved 1048576K
}
Event: 3426.177 GC heap after
{Heap after GC invocations=2995 (full 9):
 PSYoungGen      total 5632K, used 416K [0x00000000eab00000, 0x00000000eb280000, 0x0000000100000000)
  eden space 5120K, 0% used [0x00000000eab00000,0x00000000eab00000,0x00000000eb000000)
  from space 512K, 81% used [0x00000000eb080000,0x00000000eb0e8000,0x00000000eb100000)
  to   space 1024K, 0% used [0x00000000eb180000,0x00000000eb180000,0x00000000eb280000)
 ParOldGen       total 181760K, used 181579K [0x00000000c0000000, 0x00000000cb180000, 0x00000000eab00000)
  object space 181760K, 99% used [0x00000000c0000000,0x00000000cb152f10,0x00000000cb180000)
 Metaspace       used 87426K, committed 89792K, reserved 1179648K
  class space    used 8549K, committed 9536K, reserved 1048576K
}

Dll operation events (12 events):
Event: 0.016 Loaded shared library c:\Users\Jaywant\.vscode\extensions\redhat.java-1.41.1-win32-x64\jre\21.0.6-win32-x86_64\bin\java.dll
Event: 0.099 Loaded shared library c:\Users\Jaywant\.vscode\extensions\redhat.java-1.41.1-win32-x64\jre\21.0.6-win32-x86_64\bin\zip.dll
Event: 0.127 Loaded shared library C:\Users\Jaywant\.vscode\extensions\redhat.java-1.41.1-win32-x64\jre\21.0.6-win32-x86_64\bin\instrument.dll
Event: 0.132 Loaded shared library C:\Users\Jaywant\.vscode\extensions\redhat.java-1.41.1-win32-x64\jre\21.0.6-win32-x86_64\bin\net.dll
Event: 0.135 Loaded shared library C:\Users\Jaywant\.vscode\extensions\redhat.java-1.41.1-win32-x64\jre\21.0.6-win32-x86_64\bin\nio.dll
Event: 0.139 Loaded shared library C:\Users\Jaywant\.vscode\extensions\redhat.java-1.41.1-win32-x64\jre\21.0.6-win32-x86_64\bin\zip.dll
Event: 0.163 Loaded shared library C:\Users\Jaywant\.vscode\extensions\redhat.java-1.41.1-win32-x64\jre\21.0.6-win32-x86_64\bin\jimage.dll
Event: 0.258 Loaded shared library c:\Users\Jaywant\.vscode\extensions\redhat.java-1.41.1-win32-x64\jre\21.0.6-win32-x86_64\bin\verify.dll
Event: 12.241 Loaded shared library C:\Users\Jaywant\AppData\Roaming\Code\User\globalStorage\redhat.java\1.41.1\config_win\org.eclipse.equinox.launcher\org.eclipse.equinox.launcher.win32.win32.x86_64_1.2.1300.v20250331-1702\eclipse_11911.dll
Event: 29.908 Loaded shared library C:\Users\Jaywant\AppData\Local\Temp\jna--151788782\jna7198687571478841219.dll
Event: 116.300 Loaded shared library C:\Users\Jaywant\.vscode\extensions\redhat.java-1.41.1-win32-x64\jre\21.0.6-win32-x86_64\bin\sunmscapi.dll
Event: 772.828 Loaded shared library C:\Users\Jaywant\.vscode\extensions\redhat.java-1.41.1-win32-x64\jre\21.0.6-win32-x86_64\bin\extnet.dll

Deoptimization events (20 events):
Event: 3425.752 Thread 0x000002d0a088c9f0 Uncommon trap: trap_request=0xfffffff4 fr.pc=0x000002d04b15dc90 relative=0x00000000000002b0
Event: 3425.753 Thread 0x000002d0a088c9f0 Uncommon trap: reason=null_check action=make_not_entrant pc=0x000002d04b15dc90 method=java.lang.Class.reflectionData()Ljava/lang/Class$ReflectionData; @ 18 c2
Event: 3425.753 Thread 0x000002d0a088c9f0 DEOPT PACKING pc=0x000002d04b15dc90 sp=0x000000df18dfea60
Event: 3425.754 Thread 0x000002d0a088c9f0 DEOPT UNPACKING pc=0x000002d04ab13aa2 sp=0x000000df18dfe970 mode 2
Event: 3425.837 Thread 0x000002d0a088c9f0 Uncommon trap: trap_request=0xfffffff4 fr.pc=0x000002d04b26daac relative=0x00000000000002cc
Event: 3425.837 Thread 0x000002d0a088c9f0 Uncommon trap: reason=null_check action=make_not_entrant pc=0x000002d04b26daac method=java.lang.Class.reflectionData()Ljava/lang/Class$ReflectionData; @ 18 c2
Event: 3425.837 Thread 0x000002d0a088c9f0 DEOPT PACKING pc=0x000002d04b26daac sp=0x000000df18dfe300
Event: 3425.837 Thread 0x000002d0a088c9f0 DEOPT UNPACKING pc=0x000002d04ab13aa2 sp=0x000000df18dfe228 mode 2
Event: 3425.854 Thread 0x000002d0a088c9f0 Uncommon trap: trap_request=0xfffffff4 fr.pc=0x000002d04b5aae40 relative=0x0000000000000100
Event: 3425.854 Thread 0x000002d0a088c9f0 Uncommon trap: reason=null_check action=make_not_entrant pc=0x000002d04b5aae40 method=java.lang.Class.reflectionData()Ljava/lang/Class$ReflectionData; @ 18 c2
Event: 3425.854 Thread 0x000002d0a088c9f0 DEOPT PACKING pc=0x000002d04b5aae40 sp=0x000000df18dfe190
Event: 3425.854 Thread 0x000002d0a088c9f0 DEOPT UNPACKING pc=0x000002d04ab13aa2 sp=0x000000df18dfe128 mode 2
Event: 3425.983 Thread 0x000002d0a088c9f0 Uncommon trap: trap_request=0xfffffff4 fr.pc=0x000002d04b8b5dc8 relative=0x00000000000002e8
Event: 3425.983 Thread 0x000002d0a088c9f0 Uncommon trap: reason=null_check action=make_not_entrant pc=0x000002d04b8b5dc8 method=java.lang.Class.reflectionData()Ljava/lang/Class$ReflectionData; @ 18 c2
Event: 3425.983 Thread 0x000002d0a088c9f0 DEOPT PACKING pc=0x000002d04b8b5dc8 sp=0x000000df18dfd920
Event: 3425.984 Thread 0x000002d0a088c9f0 DEOPT UNPACKING pc=0x000002d04ab13aa2 sp=0x000000df18dfd848 mode 2
Event: 3426.214 Thread 0x000002d0a088c9f0 Uncommon trap: trap_request=0xfffffff4 fr.pc=0x000002d04b38b078 relative=0x0000000000000658
Event: 3426.214 Thread 0x000002d0a088c9f0 Uncommon trap: reason=null_check action=make_not_entrant pc=0x000002d04b38b078 method=java.lang.Class.reflectionData()Ljava/lang/Class$ReflectionData; @ 18 c2
Event: 3426.214 Thread 0x000002d0a088c9f0 DEOPT PACKING pc=0x000002d04b38b078 sp=0x000000df18dfda00
Event: 3426.215 Thread 0x000002d0a088c9f0 DEOPT UNPACKING pc=0x000002d04ab13aa2 sp=0x000000df18dfd8d8 mode 2

Classes loaded (20 events):
Event: 773.019 Loading class java/util/stream/SliceOps$1$1
Event: 773.019 Loading class java/util/stream/SliceOps$1$1 done
Event: 773.024 Loading class java/util/concurrent/CompletableFuture$UniWhenComplete
Event: 773.024 Loading class java/util/concurrent/CompletableFuture$UniWhenComplete done
Event: 773.024 Loading class java/util/concurrent/CompletableFuture$UniCompose
Event: 773.025 Loading class java/util/concurrent/CompletableFuture$UniCompose done
Event: 773.025 Loading class java/util/concurrent/CompletableFuture$UniRelay
Event: 773.025 Loading class java/util/concurrent/CompletableFuture$UniRelay done
Event: 773.930 Loading class java/util/concurrent/ScheduledThreadPoolExecutor$DelayedWorkQueue$Itr
Event: 773.931 Loading class java/util/concurrent/ScheduledThreadPoolExecutor$DelayedWorkQueue$Itr done
Event: 775.467 Loading class java/lang/ProcessHandleImpl$ExitCompletion
Event: 775.467 Loading class java/lang/ProcessHandleImpl$ExitCompletion done
Event: 775.467 Loading class java/lang/ProcessHandleImpl$1
Event: 775.467 Loading class java/lang/ProcessHandleImpl$1 done
Event: 775.467 Loading class java/util/concurrent/CompletableFuture$UniHandle
Event: 775.468 Loading class java/util/concurrent/CompletableFuture$UniHandle done
Event: 1007.145 Loading class jdk/internal/icu/text/NormalizerBase$NFCModeImpl
Event: 1007.145 Loading class jdk/internal/icu/text/NormalizerBase$NFCModeImpl done
Event: 1007.145 Loading class jdk/internal/icu/impl/Norm2AllModes$NFCSingleton
Event: 1007.145 Loading class jdk/internal/icu/impl/Norm2AllModes$NFCSingleton done

Classes unloaded (20 events):
Event: 3130.787 Thread 0x000002d04045e8c0 Unloading class 0x000002d056014800 'java/lang/invoke/LambdaForm$MH+0x000002d056014800'
Event: 3130.788 Thread 0x000002d04045e8c0 Unloading class 0x000002d05600d800 'java/lang/invoke/LambdaForm$MH+0x000002d05600d800'
Event: 3130.788 Thread 0x000002d04045e8c0 Unloading class 0x000002d05600d400 'java/lang/invoke/LambdaForm$MH+0x000002d05600d400'
Event: 3130.788 Thread 0x000002d04045e8c0 Unloading class 0x000002d05600d000 'java/lang/invoke/LambdaForm$MH+0x000002d05600d000'
Event: 3130.788 Thread 0x000002d04045e8c0 Unloading class 0x000002d05600cc00 'java/lang/invoke/LambdaForm$MH+0x000002d05600cc00'
Event: 3130.788 Thread 0x000002d04045e8c0 Unloading class 0x000002d05600c800 'java/lang/invoke/LambdaForm$BMH+0x000002d05600c800'
Event: 3130.788 Thread 0x000002d04045e8c0 Unloading class 0x000002d05600c000 'java/lang/invoke/LambdaForm$DMH+0x000002d05600c000'
Event: 3130.788 Thread 0x000002d04045e8c0 Unloading class 0x000002d056008400 'java/lang/invoke/LambdaForm$MH+0x000002d056008400'
Event: 3130.788 Thread 0x000002d04045e8c0 Unloading class 0x000002d056008000 'java/lang/invoke/LambdaForm$MH+0x000002d056008000'
Event: 3130.788 Thread 0x000002d04045e8c0 Unloading class 0x000002d056007c00 'java/lang/invoke/LambdaForm$MH+0x000002d056007c00'
Event: 3130.788 Thread 0x000002d04045e8c0 Unloading class 0x000002d056006800 'java/lang/invoke/LambdaForm$MH+0x000002d056006800'
Event: 3130.788 Thread 0x000002d04045e8c0 Unloading class 0x000002d056006000 'java/lang/invoke/LambdaForm$MH+0x000002d056006000'
Event: 3130.788 Thread 0x000002d04045e8c0 Unloading class 0x000002d056005c00 'java/lang/invoke/LambdaForm$MH+0x000002d056005c00'
Event: 3130.788 Thread 0x000002d04045e8c0 Unloading class 0x000002d056005800 'java/lang/invoke/LambdaForm$MH+0x000002d056005800'
Event: 3130.788 Thread 0x000002d04045e8c0 Unloading class 0x000002d056005400 'java/lang/invoke/LambdaForm$BMH+0x000002d056005400'
Event: 3130.788 Thread 0x000002d04045e8c0 Unloading class 0x000002d056004000 'java/lang/invoke/LambdaForm$DMH+0x000002d056004000'
Event: 3130.788 Thread 0x000002d04045e8c0 Unloading class 0x000002d056002400 'java/lang/invoke/LambdaForm$MH+0x000002d056002400'
Event: 3130.788 Thread 0x000002d04045e8c0 Unloading class 0x000002d056002000 'java/lang/invoke/LambdaForm$MH+0x000002d056002000'
Event: 3130.788 Thread 0x000002d04045e8c0 Unloading class 0x000002d056001800 'java/lang/invoke/LambdaForm$MH+0x000002d056001800'
Event: 3130.788 Thread 0x000002d04045e8c0 Unloading class 0x000002d056000400 'java/lang/invoke/LambdaForm$MH+0x000002d056000400'

Classes redefined (0 events):
No events

Internal exceptions (20 events):
Event: 1007.182 Thread 0x000002d09efea260 Exception <a 'java/lang/ClassNotFoundException'{0x00000000eab77db8}: sun/net/www/protocol/eclipse-javadoc/Handler> (0x00000000eab77db8) 
thrown [s\src\hotspot\share\classfile\systemDictionary.cpp, line 312]
Event: 1007.182 Thread 0x000002d09efea260 Exception <a 'java/lang/ClassNotFoundException'{0x00000000eab7ae70}: sun/net/www/protocol/eclipse-javadoc/Handler> (0x00000000eab7ae70) 
thrown [s\src\hotspot\share\classfile\systemDictionary.cpp, line 312]
Event: 1007.182 Thread 0x000002d09efea260 Exception <a 'java/lang/ClassNotFoundException'{0x00000000eab91950}: sun/net/www/protocol/jdt/Handler> (0x00000000eab91950) 
thrown [s\src\hotspot\share\classfile\systemDictionary.cpp, line 312]
Event: 1447.643 Thread 0x000002d09efeea90 Implicit null exception at 0x000002d04c0baeef to 0x000002d04c0bb2ac
Event: 3124.679 Thread 0x000002d09efeea90 Implicit null exception at 0x000002d04b0d36f3 to 0x000002d04b0d3d3c
Event: 3124.939 Thread 0x000002d09efeea90 Implicit null exception at 0x000002d04ba2cf2b to 0x000002d04ba2ddb0
Event: 3125.443 Thread 0x000002d09efeea90 Implicit null exception at 0x000002d04c59f97e to 0x000002d04c5a2974
Event: 3125.627 Thread 0x000002d09c958020 Exception <a 'sun/nio/fs/WindowsException'{0x00000000eab0db10}> (0x00000000eab0db10) 
thrown [s\src\hotspot\share\prims\jni.cpp, line 520]
Event: 3125.931 Thread 0x000002d09c958020 Exception <a 'sun/nio/fs/WindowsException'{0x00000000ead27af0}> (0x00000000ead27af0) 
thrown [s\src\hotspot\share\prims\jni.cpp, line 520]
Event: 3129.963 Thread 0x000002d09c958020 Exception <a 'sun/nio/fs/WindowsException'{0x00000000eaceda00}> (0x00000000eaceda00) 
thrown [s\src\hotspot\share\prims\jni.cpp, line 520]
Event: 3130.349 Thread 0x000002d09c958020 Exception <a 'sun/nio/fs/WindowsException'{0x00000000eab04658}> (0x00000000eab04658) 
thrown [s\src\hotspot\share\prims\jni.cpp, line 520]
Event: 3425.752 Thread 0x000002d0a088c9f0 Implicit null exception at 0x000002d04b15da39 to 0x000002d04b15dc70
Event: 3425.837 Thread 0x000002d0a088c9f0 Implicit null exception at 0x000002d04b26d839 to 0x000002d04b26da8c
Event: 3425.854 Thread 0x000002d0a088c9f0 Implicit null exception at 0x000002d04b5aad8e to 0x000002d04b5aae28
Event: 3425.983 Thread 0x000002d0a088c9f0 Implicit null exception at 0x000002d04b8b5b39 to 0x000002d04b8b5da9
Event: 3426.189 Thread 0x000002d0a088c9f0 Exception <a 'java/lang/NoSuchMethodError'{0x00000000eab179a8}: static Lorg/eclipse/m2e/core/internal/lifecyclemapping/model/PluginExecutionMetadata;.<clinit>()V> (0x00000000eab179a8) 
thrown [s\src\hotspot\share\prims\jni.cpp, line 1111]
Event: 3426.205 Thread 0x000002d0a088c9f0 Exception <a 'java/lang/NoSuchMethodError'{0x00000000eab3bf98}: static Lorg/eclipse/m2e/core/internal/lifecyclemapping/model/PluginExecutionFilter;.<clinit>()V> (0x00000000eab3bf98) 
thrown [s\src\hotspot\share\prims\jni.cpp, line 1111]
Event: 3426.210 Thread 0x000002d0a088c9f0 Exception <a 'java/lang/NoSuchMethodError'{0x00000000eab574f0}: static Lorg/eclipse/m2e/core/internal/project/registry/MavenProjectFacade$MavenProjectConfiguration;.<clinit>()V> (0x00000000eab574f0) 
thrown [s\src\hotspot\share\prims\jni.cpp, line 1111]
Event: 3426.214 Thread 0x000002d0a088c9f0 Implicit null exception at 0x000002d04b38aa73 to 0x000002d04b38b060
Event: 3426.215 Thread 0x000002d0a088c9f0 Exception <a 'java/lang/NoSuchMethodError'{0x00000000eab73f38}: static [J.<clinit>()V> (0x00000000eab73f38) 
thrown [s\src\hotspot\share\prims\jni.cpp, line 1111]

ZGC Phase Switch (0 events):
No events

VM Operations (20 events):
Event: 3307.601 Executing VM operation: RendezvousGCThreads
Event: 3307.601 Executing VM operation: RendezvousGCThreads done
Event: 3327.623 Executing VM operation: ParallelGCFailedAllocation (Allocation Failure)
Event: 3328.693 Executing VM operation: ParallelGCFailedAllocation (Allocation Failure) done
Event: 3328.846 Executing VM operation: ParallelGCFailedAllocation (Allocation Failure)
Event: 3328.862 Executing VM operation: ParallelGCFailedAllocation (Allocation Failure) done
Event: 3329.266 Executing VM operation: ParallelGCFailedAllocation (Allocation Failure)
Event: 3329.277 Executing VM operation: ParallelGCFailedAllocation (Allocation Failure) done
Event: 3330.286 Executing VM operation: Cleanup
Event: 3330.286 Executing VM operation: Cleanup done
Event: 3367.769 Executing VM operation: HandshakeAllThreads (HandshakeForDeflation)
Event: 3367.773 Executing VM operation: HandshakeAllThreads (HandshakeForDeflation) done
Event: 3367.774 Executing VM operation: RendezvousGCThreads
Event: 3367.774 Executing VM operation: RendezvousGCThreads done
Event: 3425.840 Executing VM operation: Cleanup
Event: 3425.845 Executing VM operation: Cleanup done
Event: 3426.126 Executing VM operation: ParallelGCFailedAllocation (Allocation Failure)
Event: 3426.177 Executing VM operation: ParallelGCFailedAllocation (Allocation Failure) done
Event: 3427.183 Executing VM operation: Cleanup
Event: 3427.183 Executing VM operation: Cleanup done

Memory protections (0 events):
No events

Nmethod flushes (20 events):
Event: 3131.080 Thread 0x000002d04045e8c0 flushing  nmethod 0x000002d045e88b10
Event: 3131.080 Thread 0x000002d04045e8c0 flushing  nmethod 0x000002d045ea6210
Event: 3131.080 Thread 0x000002d04045e8c0 flushing  nmethod 0x000002d045ebf410
Event: 3131.080 Thread 0x000002d04045e8c0 flushing  nmethod 0x000002d045ecfc10
Event: 3131.080 Thread 0x000002d04045e8c0 flushing  nmethod 0x000002d045ee8990
Event: 3131.080 Thread 0x000002d04045e8c0 flushing  nmethod 0x000002d045eefc90
Event: 3131.080 Thread 0x000002d04045e8c0 flushing  nmethod 0x000002d045ef7990
Event: 3131.080 Thread 0x000002d04045e8c0 flushing  nmethod 0x000002d045f05f10
Event: 3131.081 Thread 0x000002d04045e8c0 flushing  nmethod 0x000002d045f07690
Event: 3131.081 Thread 0x000002d04045e8c0 flushing  nmethod 0x000002d045f14790
Event: 3131.081 Thread 0x000002d04045e8c0 flushing  nmethod 0x000002d045f35790
Event: 3131.081 Thread 0x000002d04045e8c0 flushing  nmethod 0x000002d045f48510
Event: 3131.081 Thread 0x000002d04045e8c0 flushing  nmethod 0x000002d045f4a390
Event: 3131.081 Thread 0x000002d04045e8c0 flushing  nmethod 0x000002d045f52190
Event: 3131.081 Thread 0x000002d04045e8c0 flushing  nmethod 0x000002d045f73c90
Event: 3131.081 Thread 0x000002d04045e8c0 flushing  nmethod 0x000002d045f85390
Event: 3131.081 Thread 0x000002d04045e8c0 flushing  nmethod 0x000002d045f86290
Event: 3131.081 Thread 0x000002d04045e8c0 flushing  nmethod 0x000002d045fa2e10
Event: 3131.081 Thread 0x000002d04045e8c0 flushing  nmethod 0x000002d045fe0810
Event: 3131.081 Thread 0x000002d04045e8c0 flushing  nmethod 0x000002d045ff6b90

Events (20 events):
Event: 3125.582 Thread 0x000002d09efedd70 Thread added: 0x000002d09db52f00
Event: 3125.746 Thread 0x000002d0a088c9f0 Thread added: 0x000002d09db53590
Event: 3125.794 Thread 0x000002d0a088c9f0 Thread added: 0x000002d09db54940
Event: 3126.191 Thread 0x000002d097899420 Thread added: 0x000002d09c08f280
Event: 3126.685 Thread 0x000002d09c08f280 Thread exited: 0x000002d09c08f280
Event: 3129.971 Thread 0x000002d09789df80 Thread added: 0x000002d09c08ebb0
Event: 3130.080 Thread 0x000002d09efedd70 Thread added: 0x000002d09db514c0
Event: 3130.352 Thread 0x000002d09c08ebb0 Thread exited: 0x000002d09c08ebb0
Event: 3190.249 Thread 0x000002d09db54940 Thread exited: 0x000002d09db54940
Event: 3191.481 Thread 0x000002d09efef120 Thread exited: 0x000002d09efef120
Event: 3191.887 Thread 0x000002d0a0f6dd20 Thread exited: 0x000002d0a0f6dd20
Event: 3191.930 Thread 0x000002d09db52f00 Thread exited: 0x000002d09db52f00
Event: 3191.931 Thread 0x000002d09efedd70 Thread exited: 0x000002d09efedd70
Event: 3209.151 Thread 0x000002d09db521e0 Thread exited: 0x000002d09db521e0
Event: 3303.004 Thread 0x000002d09db53c20 Thread exited: 0x000002d09db53c20
Event: 3416.060 Thread 0x000002d09efed6e0 Thread exited: 0x000002d09efed6e0
Event: 3425.777 Thread 0x000002d09db53590 Thread exited: 0x000002d09db53590
Event: 3425.815 Thread 0x000002d0a088c9f0 Thread added: 0x000002d09db521e0
Event: 3425.824 Thread 0x000002d09db521e0 Thread exited: 0x000002d09db521e0
Event: 3425.865 Thread 0x000002d09789df80 Thread added: 0x000002d09c08e4e0


Dynamic libraries:
0x00007ff63dab0000 - 0x00007ff63dabe000 	c:\Users\Jaywant\.vscode\extensions\redhat.java-1.41.1-win32-x64\jre\21.0.6-win32-x86_64\bin\java.exe
0x00007ff9267c0000 - 0x00007ff926a26000 	C:\WINDOWS\SYSTEM32\ntdll.dll
0x00007ff925210000 - 0x00007ff9252d9000 	C:\WINDOWS\System32\KERNEL32.DLL
0x00007ff924110000 - 0x00007ff9244dc000 	C:\WINDOWS\System32\KERNELBASE.dll
0x00007ff923c00000 - 0x00007ff923d4b000 	C:\WINDOWS\System32\ucrtbase.dll
0x00007ff916650000 - 0x00007ff91666e000 	c:\Users\Jaywant\.vscode\extensions\redhat.java-1.41.1-win32-x64\jre\21.0.6-win32-x86_64\bin\VCRUNTIME140.dll
0x00007ff91d060000 - 0x00007ff91d078000 	c:\Users\Jaywant\.vscode\extensions\redhat.java-1.41.1-win32-x64\jre\21.0.6-win32-x86_64\bin\jli.dll
0x00007ff924a00000 - 0x00007ff924bca000 	C:\WINDOWS\System32\USER32.dll
0x00007ff923a00000 - 0x00007ff923a27000 	C:\WINDOWS\System32\win32u.dll
0x00007ff925d70000 - 0x00007ff925d9b000 	C:\WINDOWS\System32\GDI32.dll
0x00007ff923ac0000 - 0x00007ff923bf2000 	C:\WINDOWS\System32\gdi32full.dll
0x00007ff923950000 - 0x00007ff9239f3000 	C:\WINDOWS\System32\msvcp_win.dll
0x00007ff90ccd0000 - 0x00007ff90cf6a000 	C:\WINDOWS\WinSxS\amd64_microsoft.windows.common-controls_6595b64144ccf1df_6.0.26100.3912_none_3e07963ce335137e\COMCTL32.dll
0x00007ff9264f0000 - 0x00007ff926599000 	C:\WINDOWS\System32\msvcrt.dll
0x00007ff924610000 - 0x00007ff924640000 	C:\WINDOWS\System32\IMM32.DLL
0x00007ff920920000 - 0x00007ff92092c000 	c:\Users\Jaywant\.vscode\extensions\redhat.java-1.41.1-win32-x64\jre\21.0.6-win32-x86_64\bin\vcruntime140_1.dll
0x00007ff8f9f30000 - 0x00007ff8f9fbd000 	c:\Users\Jaywant\.vscode\extensions\redhat.java-1.41.1-win32-x64\jre\21.0.6-win32-x86_64\bin\msvcp140.dll
0x00007ff8a50e0000 - 0x00007ff8a5e70000 	c:\Users\Jaywant\.vscode\extensions\redhat.java-1.41.1-win32-x64\jre\21.0.6-win32-x86_64\bin\server\jvm.dll
0x00007ff924bd0000 - 0x00007ff924c82000 	C:\WINDOWS\System32\ADVAPI32.dll
0x00007ff9266c0000 - 0x00007ff926766000 	C:\WINDOWS\System32\sechost.dll
0x00007ff9265a0000 - 0x00007ff9266b6000 	C:\WINDOWS\System32\RPCRT4.dll
0x00007ff924980000 - 0x00007ff9249f4000 	C:\WINDOWS\System32\WS2_32.dll
0x00007ff9237c0000 - 0x00007ff92381e000 	C:\WINDOWS\SYSTEM32\POWRPROF.dll
0x00007ff91aec0000 - 0x00007ff91aef6000 	C:\WINDOWS\SYSTEM32\WINMM.dll
0x00007ff91af00000 - 0x00007ff91af0b000 	C:\WINDOWS\SYSTEM32\VERSION.dll
0x00007ff9237a0000 - 0x00007ff9237b4000 	C:\WINDOWS\SYSTEM32\UMPDC.dll
0x00007ff922710000 - 0x00007ff92272a000 	C:\WINDOWS\SYSTEM32\kernel.appcore.dll
0x00007ff910ee0000 - 0x00007ff910eea000 	c:\Users\Jaywant\.vscode\extensions\redhat.java-1.41.1-win32-x64\jre\21.0.6-win32-x86_64\bin\jimage.dll
0x00007ff917c80000 - 0x00007ff917ec1000 	C:\WINDOWS\SYSTEM32\DBGHELP.DLL
0x00007ff9259e0000 - 0x00007ff925d64000 	C:\WINDOWS\System32\combase.dll
0x00007ff925790000 - 0x00007ff925870000 	C:\WINDOWS\System32\OLEAUT32.dll
0x00007ff90f0e0000 - 0x00007ff90f119000 	C:\WINDOWS\SYSTEM32\dbgcore.DLL
0x00007ff9244e0000 - 0x00007ff924579000 	C:\WINDOWS\System32\bcryptPrimitives.dll
0x00007ff910ed0000 - 0x00007ff910edf000 	c:\Users\Jaywant\.vscode\extensions\redhat.java-1.41.1-win32-x64\jre\21.0.6-win32-x86_64\bin\instrument.dll
0x00007ff8f9f10000 - 0x00007ff8f9f2f000 	c:\Users\Jaywant\.vscode\extensions\redhat.java-1.41.1-win32-x64\jre\21.0.6-win32-x86_64\bin\java.dll
0x00007ff925da0000 - 0x00007ff9264cd000 	C:\WINDOWS\System32\SHELL32.dll
0x00007ff923ed0000 - 0x00007ff924044000 	C:\WINDOWS\System32\wintypes.dll
0x00007ff9215b0000 - 0x00007ff921e06000 	C:\WINDOWS\SYSTEM32\windows.storage.dll
0x00007ff925490000 - 0x00007ff92557f000 	C:\WINDOWS\System32\SHCORE.dll
0x00007ff9251a0000 - 0x00007ff925209000 	C:\WINDOWS\System32\shlwapi.dll
0x00007ff923860000 - 0x00007ff92388f000 	C:\WINDOWS\SYSTEM32\profapi.dll
0x00007ff8f9ef0000 - 0x00007ff8f9f08000 	c:\Users\Jaywant\.vscode\extensions\redhat.java-1.41.1-win32-x64\jre\21.0.6-win32-x86_64\bin\zip.dll
0x00007ff910760000 - 0x00007ff910770000 	C:\Users\Jaywant\.vscode\extensions\redhat.java-1.41.1-win32-x64\jre\21.0.6-win32-x86_64\bin\net.dll
0x00007ff91c270000 - 0x00007ff91c38e000 	C:\WINDOWS\SYSTEM32\WINHTTP.dll
0x00007ff922c80000 - 0x00007ff922cea000 	C:\WINDOWS\system32\mswsock.dll
0x00007ff8f79e0000 - 0x00007ff8f79f6000 	C:\Users\Jaywant\.vscode\extensions\redhat.java-1.41.1-win32-x64\jre\21.0.6-win32-x86_64\bin\nio.dll
0x00007ff910580000 - 0x00007ff910590000 	c:\Users\Jaywant\.vscode\extensions\redhat.java-1.41.1-win32-x64\jre\21.0.6-win32-x86_64\bin\verify.dll
0x00007ff8d9230000 - 0x00007ff8d9275000 	C:\Users\Jaywant\AppData\Roaming\Code\User\globalStorage\redhat.java\1.41.1\config_win\org.eclipse.equinox.launcher\org.eclipse.equinox.launcher.win32.win32.x86_64_1.2.1300.v20250331-1702\eclipse_11911.dll
0x00007ff9255e0000 - 0x00007ff92577f000 	C:\WINDOWS\System32\ole32.dll
0x00007ff922f20000 - 0x00007ff922f3c000 	C:\WINDOWS\SYSTEM32\CRYPTSP.dll
0x00007ff922650000 - 0x00007ff92268a000 	C:\WINDOWS\system32\rsaenh.dll
0x00007ff922d20000 - 0x00007ff922d4b000 	C:\WINDOWS\SYSTEM32\USERENV.dll
0x00007ff923830000 - 0x00007ff923856000 	C:\WINDOWS\SYSTEM32\bcrypt.dll
0x00007ff922f40000 - 0x00007ff922f4c000 	C:\WINDOWS\SYSTEM32\CRYPTBASE.dll
0x00007ff922100000 - 0x00007ff922133000 	C:\WINDOWS\SYSTEM32\IPHLPAPI.DLL
0x00007ff9264e0000 - 0x00007ff9264ea000 	C:\WINDOWS\System32\NSI.dll
0x00007ff9177d0000 - 0x00007ff917819000 	C:\Users\Jaywant\AppData\Local\Temp\jna--151788782\jna7198687571478841219.dll
0x00007ff925450000 - 0x00007ff925458000 	C:\WINDOWS\System32\PSAPI.DLL
0x00007ff91b700000 - 0x00007ff91b71f000 	C:\WINDOWS\SYSTEM32\dhcpcsvc6.DLL
0x00007ff91b6d0000 - 0x00007ff91b6f5000 	C:\WINDOWS\SYSTEM32\dhcpcsvc.DLL
0x00007ff910030000 - 0x00007ff91003e000 	C:\Users\Jaywant\.vscode\extensions\redhat.java-1.41.1-win32-x64\jre\21.0.6-win32-x86_64\bin\sunmscapi.dll
0x00007ff923d50000 - 0x00007ff923ec7000 	C:\WINDOWS\System32\CRYPT32.dll
0x00007ff923130000 - 0x00007ff923160000 	C:\WINDOWS\SYSTEM32\ncrypt.dll
0x00007ff9230e0000 - 0x00007ff92311f000 	C:\WINDOWS\SYSTEM32\NTASN1.dll
0x00007ff909e60000 - 0x00007ff909e69000 	C:\Users\Jaywant\.vscode\extensions\redhat.java-1.41.1-win32-x64\jre\21.0.6-win32-x86_64\bin\extnet.dll

dbghelp: loaded successfully - version: 4.0.5 - missing functions: none
symbol engine: initialized successfully - sym options: 0x614 - pdb path: .;c:\Users\Jaywant\.vscode\extensions\redhat.java-1.41.1-win32-x64\jre\21.0.6-win32-x86_64\bin;C:\WINDOWS\SYSTEM32;C:\WINDOWS\WinSxS\amd64_microsoft.windows.common-controls_6595b64144ccf1df_6.0.26100.3912_none_3e07963ce335137e;c:\Users\Jaywant\.vscode\extensions\redhat.java-1.41.1-win32-x64\jre\21.0.6-win32-x86_64\bin\server;C:\Users\Jaywant\AppData\Roaming\Code\User\globalStorage\redhat.java\1.41.1\config_win\org.eclipse.equinox.launcher\org.eclipse.equinox.launcher.win32.win32.x86_64_1.2.1300.v20250331-1702;C:\Users\Jaywant\AppData\Local\Temp\jna--151788782

VM Arguments:
jvm_args: --add-modules=ALL-SYSTEM --add-opens=java.base/java.util=ALL-UNNAMED --add-opens=java.base/java.lang=ALL-UNNAMED --add-opens=java.base/sun.nio.fs=ALL-UNNAMED -Declipse.application=org.eclipse.jdt.ls.core.id1 -Dosgi.bundles.defaultStartLevel=4 -Declipse.product=org.eclipse.jdt.ls.core.product -Djava.import.generatesMetadataFilesAtProjectRoot=false -DDetectVMInstallationsJob.disabled=true -Dfile.encoding=utf8 -XX:+UseParallelGC -XX:GCTimeRatio=4 -XX:AdaptiveSizePolicyWeight=90 -Dsun.zip.disableMemoryMapping=true -Xmx1G -Xms100m -Xlog:disable -javaagent:c:\Users\Jaywant\.vscode\extensions\redhat.java-1.41.1-win32-x64\lombok\lombok-1.18.36.jar -XX:+HeapDumpOnOutOfMemoryError -XX:HeapDumpPath=c:\Users\Jaywant\AppData\Roaming\Code\User\workspaceStorage\cc623adeb21d3940532c846187689d28\redhat.java -Daether.dependencyCollector.impl=bf 
java_command: c:\Users\Jaywant\.vscode\extensions\redhat.java-1.41.1-win32-x64\server\plugins\org.eclipse.equinox.launcher_1.7.0.v20250331-1702.jar -configuration c:\Users\Jaywant\AppData\Roaming\Code\User\globalStorage\redhat.java\1.41.1\config_win -data c:\Users\Jaywant\AppData\Roaming\Code\User\workspaceStorage\cc623adeb21d3940532c846187689d28\redhat.java\jdt_ws --pipe=\\.\pipe\lsp-311024eb80f458a4b8e2922373a8d74b-sock
java_class_path (initial): c:\Users\Jaywant\.vscode\extensions\redhat.java-1.41.1-win32-x64\server\plugins\org.eclipse.equinox.launcher_1.7.0.v20250331-1702.jar
Launcher Type: SUN_STANDARD

[Global flags]
    uintx AdaptiveSizePolicyWeight                 = 90                                        {product} {command line}
     intx CICompilerCount                          = 4                                         {product} {ergonomic}
    uintx GCTimeRatio                              = 4                                         {product} {command line}
     bool HeapDumpOnOutOfMemoryError               = true                                   {manageable} {command line}
    ccstr HeapDumpPath                             = c:\Users\Jaywant\AppData\Roaming\Code\User\workspaceStorage\cc623adeb21d3940532c846187689d28\redhat.java         {manageable} {command line}
   size_t InitialHeapSize                          = 104857600                                 {product} {command line}
   size_t MaxHeapSize                              = 1073741824                                {product} {command line}
   size_t MaxNewSize                               = 357564416                                 {product} {ergonomic}
   size_t MinHeapDeltaBytes                        = 524288                                    {product} {ergonomic}
   size_t MinHeapSize                              = 104857600                                 {product} {command line}
   size_t NewSize                                  = 34603008                                  {product} {ergonomic}
    uintx NonNMethodCodeHeapSize                   = 5839372                                {pd product} {ergonomic}
    uintx NonProfiledCodeHeapSize                  = 122909434                              {pd product} {ergonomic}
   size_t OldSize                                  = 70254592                                  {product} {ergonomic}
    uintx ProfiledCodeHeapSize                     = 122909434                              {pd product} {ergonomic}
    uintx ReservedCodeCacheSize                    = 251658240                              {pd product} {ergonomic}
     bool SegmentedCodeCache                       = true                                      {product} {ergonomic}
   size_t SoftMaxHeapSize                          = 1073741824                             {manageable} {ergonomic}
     bool UseCompressedOops                        = true                           {product lp64_product} {ergonomic}
     bool UseLargePagesIndividualAllocation        = false                                  {pd product} {ergonomic}
     bool UseParallelGC                            = true                                      {product} {command line}

Logging:
Log output configuration:
 #0: stdout all=off uptime,level,tags foldmultilines=false
 #1: stderr all=off uptime,level,tags foldmultilines=false

Environment Variables:
JAVA_HOME=C:\Program Files\Java\jdk-21\
PATH=c:\Users\Jaywant\AppData\Local\Programs\cursor\resources\app\bin;C:\Program Files\Microsoft\jdk-17.0.14.7-hotspot\bin;C:\Program Files\Common Files\Oracle\Java\javapath;C:\WINDOWS\system32;C:\WINDOWS;C:\WINDOWS\System32\Wbem;C:\WINDOWS\System32\WindowsPowerShell\v1.0\;C:\WINDOWS\System32\OpenSSH\;C:\Program Files\nodejs;C:\Program Files\nodejs\;C:\Program Files\MySQL\MySQL Server 8.0\bin;C:\Program Files\Git\cmd;C:\Program Files\Git\bin;C:\Program Files\apache-maven-3.9.9\bin;C:\Program Files\Java\jdk-17\bin;C:\Program Files\Java\jdk-21\bin;C:\Program Files\Git LFS;C:\ProgramData\chocolatey\bin;C:\Users\Jaywant\AppData\Local\Programs\Python\Python313\Scripts\;C:\Users\Jaywant\AppData\Local\Programs\Python\Python313\;C:\Users\Jaywant\AppData\Local\Programs\Python\Launcher\;C:\Program Files\MySQL\MySQL Shell 8.0\bin\;C:\Users\Jaywant\AppData\Local\Microsoft\WindowsApps;C:\Users\Jaywant\AppData\Roaming\npm;C:\Users\Jaywant\AppData\Local\GitHubDesktop\bin;c:\Users\Jaywant\AppData\Local\Programs\cursor\resources\a;C:\platform-tools;C:\Users\Jaywant\AppData\Local\Android\Sdk\platform-tools;C:\Users\Jaywant\AppData\Local\Android\Sdk\emulator;C:\Program Files\dotnet\;C:\Users\Jaywant\AppData\Local\Android\Sdk\platform-tools;C:\Users\Jaywant\AppData\Local\Android\Sdk\tools;C:\Users\Jaywant\AppData\Local\Android\Sdk\platform-tools;C:\Users\Jaywant\AppData\Local\Android\Sdk\tools;C:\Users\Jaywant\AppData\Local\Programs\Python\Python313\Scripts\;C:\Users\Jaywant\AppData\Local\Programs\Python\Python313\;C:\Users\Jaywant\AppData\Local\Programs\Python\Launcher\;C:\Program Files\MySQL\MySQL Shell 8.0\bin\;C:\Users\Jaywant\AppData\Local\Microsoft\WindowsApps;C:\Users\Jaywant\AppData\Roaming\npm;C:\Users\Jaywant\AppData\Local\Programs\Microsoft VS Code\bin;C:\Users\Jaywant\AppData\Local\GitHubDesktop\bin;C:\Users\Jaywant\AppData\Local\Programs\cursor\resources\app\bin
USERNAME=Jaywant
OS=Windows_NT
PROCESSOR_IDENTIFIER=AMD64 Family 25 Model 80 Stepping 0, AuthenticAMD
TMP=C:\Users\Jaywant\AppData\Local\Temp
TEMP=C:\Users\Jaywant\AppData\Local\Temp




Periodic native trim disabled

---------------  S Y S T E M  ---------------

OS:
 Windows 11 , 64 bit Build 26100 (10.0.26100.3912)
OS uptime: 0 days 1:13 hours
Hyper-V role detected

CPU: total 12 (initial active 12) (12 cores per cpu, 2 threads per core) family 25 model 80 stepping 0 microcode 0xa500011, cx8, cmov, fxsr, ht, mmx, 3dnowpref, sse, sse2, sse3, ssse3, sse4a, sse4.1, sse4.2, popcnt, lzcnt, tsc, tscinvbit, avx, avx2, aes, erms, clmul, bmi1, bmi2, adx, sha, fma, vzeroupper, clflush, clflushopt, hv, rdtscp, rdpid, fsrm, f16c, cet_ss
Processor Information for processor 0
  Max Mhz: 3301, Current Mhz: 1495, Mhz Limit: 1485
Processor Information for processor 1
  Max Mhz: 3301, Current Mhz: 1495, Mhz Limit: 1485
Processor Information for processor 2
  Max Mhz: 3301, Current Mhz: 3301, Mhz Limit: 3301
Processor Information for processor 3
  Max Mhz: 3301, Current Mhz: 3301, Mhz Limit: 3301
Processor Information for processor 4
  Max Mhz: 3301, Current Mhz: 2630, Mhz Limit: 3301
Processor Information for processor 5
  Max Mhz: 3301, Current Mhz: 2630, Mhz Limit: 3301
Processor Information for processor 6
  Max Mhz: 3301, Current Mhz: 2630, Mhz Limit: 3301
Processor Information for processor 7
  Max Mhz: 3301, Current Mhz: 3301, Mhz Limit: 3301
Processor Information for processor 8
  Max Mhz: 3301, Current Mhz: 2630, Mhz Limit: 3301
Processor Information for processor 9
  Max Mhz: 3301, Current Mhz: 2630, Mhz Limit: 3301
Processor Information for processor 10
  Max Mhz: 3301, Current Mhz: 3301, Mhz Limit: 3301
Processor Information for processor 11
  Max Mhz: 3301, Current Mhz: 3301, Mhz Limit: 3301

Memory: 4k page, system-wide physical 7521M (608M free)
TotalPageFile size 31073M (AvailPageFile size 0M)
current process WorkingSet (physical memory assigned to process): 114M, peak: 1046M
current process commit charge ("private bytes"): 538M, peak: 1051M

vm_info: OpenJDK 64-Bit Server VM (21.0.6+7-LTS) for windows-amd64 JRE (21.0.6+7-LTS), built on 2025-01-21T00:00:00Z by "admin" with MS VC++ 17.7 (VS2022)

END.
