#
# There is insufficient memory for the Java Runtime Environment to continue.
# Native memory allocation (malloc) failed to allocate 1486256 bytes. Error detail: Chunk::new
# Possible reasons:
#   The system is out of physical RAM or swap space
#   This process is running with CompressedOops enabled, and the Java Heap may be blocking the growth of the native heap
# Possible solutions:
#   Reduce memory load on the system
#   Increase physical memory or swap space
#   Check if swap backing store is full
#   Decrease Java heap size (-Xmx/-Xms)
#   Decrease number of Java threads
#   Decrease Java thread stack sizes (-Xss)
#   Set larger code cache with -XX:ReservedCodeCacheSize=
#   JVM is running with Unscaled Compressed Oops mode in which the Java heap is
#     placed in the first 4GB address space. The Java Heap base address is the
#     maximum limit for the native heap growth. Please use -XX:HeapBaseMinAddress
#     to set the Java Heap base and to place the Java Heap above 4GB virtual address.
# This output file may be truncated or incomplete.
#
#  Out of Memory Error (arena.cpp:168), pid=26548, tid=26288
#
# JRE version: OpenJDK Runtime Environment Temurin-21.0.6+7 (21.0.6+7) (build 21.0.6+7-LTS)
# Java VM: OpenJDK 64-Bit Server VM Temurin-21.0.6+7 (21.0.6+7-LTS, mixed mode, sharing, tiered, compressed oops, compressed class ptrs, parallel gc, windows-amd64)
# No core dump will be written. Minidumps are not enabled by default on client versions of Windows
#

---------------  S U M M A R Y ------------

Command Line: --add-modules=ALL-SYSTEM --add-opens=java.base/java.util=ALL-UNNAMED --add-opens=java.base/java.lang=ALL-UNNAMED --add-opens=java.base/sun.nio.fs=ALL-UNNAMED -Declipse.application=org.eclipse.jdt.ls.core.id1 -Dosgi.bundles.defaultStartLevel=4 -Declipse.product=org.eclipse.jdt.ls.core.product -Djava.import.generatesMetadataFilesAtProjectRoot=false -DDetectVMInstallationsJob.disabled=true -Dfile.encoding=utf8 -XX:+UseParallelGC -XX:GCTimeRatio=4 -XX:AdaptiveSizePolicyWeight=90 -Dsun.zip.disableMemoryMapping=true -Xmx1G -Xms100m -Xlog:disable -javaagent:c:\Users\Jaywant\.cursor\extensions\redhat.java-1.41.1-win32-x64\lombok\lombok-1.18.36.jar c:\Users\Jaywant\.cursor\extensions\redhat.java-1.41.1-win32-x64\server\plugins\org.eclipse.equinox.launcher_1.7.0.v20250331-1702.jar -configuration c:\Users\Jaywant\AppData\Roaming\Cursor\User\globalStorage\redhat.java\1.41.1\config_ss_win -data c:\Users\Jaywant\AppData\Roaming\Cursor\User\workspaceStorage\cc623adeb21d3940532c846187689d28\redhat.java\ss_ws --pipe=\\.\pipe\lsp-9da6c15070e7ac755ee3c5eac9243bf5-sock

Host: AMD Ryzen 5 5600H with Radeon Graphics         , 12 cores, 7G,  Windows 11 , 64 bit Build 26100 (10.0.26100.3912)
Time: Wed May  7 13:02:38 2025 India Standard Time elapsed time: 3.785801 seconds (0d 0h 0m 3s)

---------------  T H R E A D  ---------------

Current thread (0x000002668558e400):  JavaThread "C2 CompilerThread1" daemon [_thread_in_native, id=26288, stack(0x00000094d3e00000,0x00000094d3f00000) (1024K)]


Current CompileTask:
C2:3785 2547       4       org.lombokweb.asm.ClassReader::readMethod (1070 bytes)

Stack: [0x00000094d3e00000,0x00000094d3f00000]
Native frames: (J=compiled Java code, j=interpreted, Vv=VM code, C=native code)
V  [jvm.dll+0x6cdee9]
V  [jvm.dll+0x8a83d1]
V  [jvm.dll+0x8aa8fe]
V  [jvm.dll+0x8aafe3]
V  [jvm.dll+0x27f706]
V  [jvm.dll+0xc500d]
V  [jvm.dll+0xc5543]
V  [jvm.dll+0x3b6752]
V  [jvm.dll+0x382935]
V  [jvm.dll+0x381d9a]
V  [jvm.dll+0x2479f0]
V  [jvm.dll+0x246fcf]
V  [jvm.dll+0x1c75ee]
V  [jvm.dll+0x25685a]
V  [jvm.dll+0x254dfa]
V  [jvm.dll+0x3f0256]
V  [jvm.dll+0x851f8b]
V  [jvm.dll+0x6cc5ed]
C  [ucrtbase.dll+0x37b0]
C  [KERNEL32.DLL+0x2e8d7]
C  [ntdll.dll+0x9c5dc]


---------------  P R O C E S S  ---------------

Threads class SMR info:
_java_thread_list=0x000002668b4d54d0, length=22, elements={
0x000002662eab60a0, 0x0000026642e791a0, 0x0000026642e7bf20, 0x0000026642e82be0,
0x0000026642e839e0, 0x0000026642e87a40, 0x0000026642e8c230, 0x0000026685358bf0,
0x000002668535c1e0, 0x0000026642e8a160, 0x000002668558e400, 0x0000026642e8a7f0,
0x0000026642e8cf50, 0x0000026642e8bba0, 0x0000026642e8b510, 0x0000026642e8c8c0,
0x0000026642e8ae80, 0x0000026642e89ad0, 0x000002668b661950, 0x000002668b662670,
0x000002668b661fe0, 0x000002668c486c80
}

Java Threads: ( => current thread )
  0x000002662eab60a0 JavaThread "main"                              [_thread_blocked, id=23248, stack(0x00000094d3100000,0x00000094d3200000) (1024K)]
  0x0000026642e791a0 JavaThread "Reference Handler"          daemon [_thread_blocked, id=22256, stack(0x00000094d3500000,0x00000094d3600000) (1024K)]
  0x0000026642e7bf20 JavaThread "Finalizer"                  daemon [_thread_blocked, id=9928, stack(0x00000094d3600000,0x00000094d3700000) (1024K)]
  0x0000026642e82be0 JavaThread "Signal Dispatcher"          daemon [_thread_blocked, id=18228, stack(0x00000094d3700000,0x00000094d3800000) (1024K)]
  0x0000026642e839e0 JavaThread "Attach Listener"            daemon [_thread_blocked, id=17424, stack(0x00000094d3800000,0x00000094d3900000) (1024K)]
  0x0000026642e87a40 JavaThread "Service Thread"             daemon [_thread_blocked, id=22112, stack(0x00000094d3900000,0x00000094d3a00000) (1024K)]
  0x0000026642e8c230 JavaThread "Monitor Deflation Thread"   daemon [_thread_blocked, id=7844, stack(0x00000094d3a00000,0x00000094d3b00000) (1024K)]
  0x0000026685358bf0 JavaThread "C2 CompilerThread0"         daemon [_thread_in_native, id=24976, stack(0x00000094d3b00000,0x00000094d3c00000) (1024K)]
  0x000002668535c1e0 JavaThread "C1 CompilerThread0"         daemon [_thread_in_native, id=23800, stack(0x00000094d3c00000,0x00000094d3d00000) (1024K)]
  0x0000026642e8a160 JavaThread "Common-Cleaner"             daemon [_thread_blocked, id=25608, stack(0x00000094d3d00000,0x00000094d3e00000) (1024K)]
=>0x000002668558e400 JavaThread "C2 CompilerThread1"         daemon [_thread_in_native, id=26288, stack(0x00000094d3e00000,0x00000094d3f00000) (1024K)]
  0x0000026642e8a7f0 JavaThread "Notification Thread"        daemon [_thread_blocked, id=26296, stack(0x00000094d3f00000,0x00000094d4000000) (1024K)]
  0x0000026642e8cf50 JavaThread "Active Thread: Equinox Container: a5aa992b-1acf-474b-9c61-64b61b483926"        [_thread_blocked, id=6988, stack(0x00000094d4700000,0x00000094d4800000) (1024K)]
  0x0000026642e8bba0 JavaThread "Framework Event Dispatcher: Equinox Container: a5aa992b-1acf-474b-9c61-64b61b483926" daemon [_thread_blocked, id=26052, stack(0x00000094d4800000,0x00000094d4900000) (1024K)]
  0x0000026642e8b510 JavaThread "Start Level: Equinox Container: a5aa992b-1acf-474b-9c61-64b61b483926" daemon [_thread_in_Java, id=19552, stack(0x00000094d4900000,0x00000094d4a00000) (1024K)]
  0x0000026642e8c8c0 JavaThread "SCR Component Actor"        daemon [_thread_blocked, id=19268, stack(0x00000094d4a00000,0x00000094d4b00000) (1024K)]
  0x0000026642e8ae80 JavaThread "SCR Component Registry"     daemon [_thread_blocked, id=21632, stack(0x00000094d4c00000,0x00000094d4d00000) (1024K)]
  0x0000026642e89ad0 JavaThread "Worker-JM"                         [_thread_blocked, id=17508, stack(0x00000094d4d00000,0x00000094d4e00000) (1024K)]
  0x000002668b661950 JavaThread "Worker-0"                          [_thread_blocked, id=7416, stack(0x00000094d5000000,0x00000094d5100000) (1024K)]
  0x000002668b662670 JavaThread "Worker-1"                          [_thread_blocked, id=5524, stack(0x00000094d5100000,0x00000094d5200000) (1024K)]
  0x000002668b661fe0 JavaThread "Worker-2"                          [_thread_blocked, id=25944, stack(0x00000094d5200000,0x00000094d5300000) (1024K)]
  0x000002668c486c80 JavaThread "C2 CompilerThread2"         daemon [_thread_blocked, id=23124, stack(0x00000094d5300000,0x00000094d5400000) (1024K)]
Total: 22

Other Threads:
  0x000002662c77e9f0 VMThread "VM Thread"                           [id=18708, stack(0x00000094d3400000,0x00000094d3500000) (1024K)]
  0x0000026642d6ca00 WatcherThread "VM Periodic Task Thread"        [id=26452, stack(0x00000094d3300000,0x00000094d3400000) (1024K)]
  0x000002662eacd960 WorkerThread "GC Thread#0"                     [id=17476, stack(0x00000094d3200000,0x00000094d3300000) (1024K)]
  0x000002668b1a9880 WorkerThread "GC Thread#1"                     [id=19976, stack(0x00000094d4100000,0x00000094d4200000) (1024K)]
  0x000002668b1fe1c0 WorkerThread "GC Thread#2"                     [id=23860, stack(0x00000094d4200000,0x00000094d4300000) (1024K)]
  0x000002668b22e590 WorkerThread "GC Thread#3"                     [id=25676, stack(0x00000094d4300000,0x00000094d4400000) (1024K)]
  0x000002668b22e930 WorkerThread "GC Thread#4"                     [id=21564, stack(0x00000094d4400000,0x00000094d4500000) (1024K)]
  0x000002668b1ea0c0 WorkerThread "GC Thread#5"                     [id=14556, stack(0x00000094d4500000,0x00000094d4600000) (1024K)]
  0x000002668b1ea460 WorkerThread "GC Thread#6"                     [id=25012, stack(0x00000094d4600000,0x00000094d4700000) (1024K)]
  0x0000026686841d40 WorkerThread "GC Thread#7"                     [id=26272, stack(0x00000094d4b00000,0x00000094d4c00000) (1024K)]
  0x000002668b590490 WorkerThread "GC Thread#8"                     [id=25132, stack(0x00000094d4e00000,0x00000094d4f00000) (1024K)]
  0x000002668b62ed10 WorkerThread "GC Thread#9"                     [id=7432, stack(0x00000094d4f00000,0x00000094d5000000) (1024K)]
Total: 12

Threads with active compile tasks:
C2 CompilerThread1  3821 2547       4       org.lombokweb.asm.ClassReader::readMethod (1070 bytes)
Total: 1

VM state: not at safepoint (normal execution)

VM Mutex/Monitor currently owned by a thread: None

Heap address: 0x00000000c0000000, size: 1024 MB, Compressed Oops mode: 32-bit

CDS archive(s) mapped at: [0x0000026643000000-0x0000026643ba0000-0x0000026643ba0000), size 12189696, SharedBaseAddress: 0x0000026643000000, ArchiveRelocationMode: 1.
Compressed class space mapped at: 0x0000026644000000-0x0000026684000000, reserved size: 1073741824
Narrow klass base: 0x0000026643000000, Narrow klass shift: 0, Narrow klass range: 0x100000000

GC Precious Log:
 CardTable entry size: 512
 CPUs: 12 total, 12 available
 Memory: 7521M
 Large Page Support: Disabled
 NUMA Support: Disabled
 Compressed Oops: Enabled (32-bit)
 Alignments: Space 512K, Generation 512K, Heap 2M
 Heap Min Capacity: 100M
 Heap Initial Capacity: 100M
 Heap Max Capacity: 1G
 Pre-touch: Disabled
 Parallel Workers: 10

Heap:
 PSYoungGen      total 30208K, used 6669K [0x00000000eab00000, 0x00000000ecf80000, 0x0000000100000000)
  eden space 24576K, 27% used [0x00000000eab00000,0x00000000eb183768,0x00000000ec300000)
  from space 5632K, 0% used [0x00000000ec900000,0x00000000ec900000,0x00000000ece80000)
  to   space 6144K, 0% used [0x00000000ec300000,0x00000000ec300000,0x00000000ec900000)
 ParOldGen       total 68608K, used 10536K [0x00000000c0000000, 0x00000000c4300000, 0x00000000eab00000)
  object space 68608K, 15% used [0x00000000c0000000,0x00000000c0a4a3e8,0x00000000c4300000)
 Metaspace       used 22002K, committed 22592K, reserved 1114112K
  class space    used 2019K, committed 2240K, reserved 1048576K

Card table byte_map: [0x000002662e440000,0x000002662e650000] _byte_map_base: 0x000002662de40000

Marking Bits: (ParMarkBitMap*) 0x00007ff883433260
 Begin Bits: [0x0000026640c90000, 0x0000026641c90000)
 End Bits:   [0x0000026641c90000, 0x0000026642c90000)

Polling page: 0x000002662c8f0000

Metaspace:

Usage:
  Non-class:     19.53 MB used.
      Class:      1.97 MB used.
       Both:     21.50 MB used.

Virtual space:
  Non-class space:       64.00 MB reserved,      19.88 MB ( 31%) committed,  1 nodes.
      Class space:        1.00 GB reserved,       2.19 MB ( <1%) committed,  1 nodes.
             Both:        1.06 GB reserved,      22.06 MB (  2%) committed. 

Chunk freelists:
   Non-Class:  11.92 MB
       Class:  13.61 MB
        Both:  25.53 MB

MaxMetaspaceSize: unlimited
CompressedClassSpaceSize: 1.00 GB
Initial GC threshold: 21.00 MB
Current GC threshold: 35.00 MB
CDS: on
 - commit_granule_bytes: 65536.
 - commit_granule_words: 8192.
 - virtual_space_node_default_size: 8388608.
 - enlarge_chunks_in_place: 1.
 - use_allocation_guard: 0.


Internal statistics:

num_allocs_failed_limit: 3.
num_arena_births: 470.
num_arena_deaths: 14.
num_vsnodes_births: 2.
num_vsnodes_deaths: 0.
num_space_committed: 355.
num_space_uncommitted: 0.
num_chunks_returned_to_freelist: 17.
num_chunks_taken_from_freelist: 1264.
num_chunk_merges: 6.
num_chunk_splits: 854.
num_chunks_enlarged: 562.
num_inconsistent_stats: 0.

CodeHeap 'non-profiled nmethods': size=120000Kb used=1255Kb max_used=1255Kb free=118744Kb
 bounds [0x0000026639760000, 0x00000266399d0000, 0x0000026640c90000]
CodeHeap 'profiled nmethods': size=120000Kb used=5770Kb max_used=5770Kb free=114229Kb
 bounds [0x0000026631c90000, 0x0000026632240000, 0x00000266391c0000]
CodeHeap 'non-nmethods': size=5760Kb used=1311Kb max_used=1329Kb free=4448Kb
 bounds [0x00000266391c0000, 0x0000026639430000, 0x0000026639760000]
 total_blobs=3443 nmethods=2849 adapters=500
 compilation: enabled
              stopped_count=0, restarted_count=0
 full_count=0

Compilation events (20 events):
Event: 2.774 Thread 0x000002668535c1e0 nmethod 2825 0x0000026632225210 code [0x0000026632225520, 0x0000026632226660]
Event: 2.775 Thread 0x000002668535c1e0 2826 %     3       java.util.jar.Manifest$FastInputStream::readLine @ 86 (296 bytes)
Event: 2.776 Thread 0x000002668535c1e0 nmethod 2826% 0x0000026632226d10 code [0x0000026632226f40, 0x00000266322279e0]
Event: 2.776 Thread 0x000002668535c1e0 2827   !   3       java.util.jar.Attributes::read (494 bytes)
Event: 2.777 Thread 0x000002668c486c80 2832       4       java.util.zip.ZipFile::ensureOpen (40 bytes)
Event: 2.778 Thread 0x000002668c486c80 nmethod 2832 0x0000026639891990 code [0x0000026639891b20, 0x0000026639891bf8]
Event: 2.778 Thread 0x0000026685358bf0 2833       4       java.util.zip.ZipFile::getZipEntry (322 bytes)
Event: 2.778 Thread 0x000002668c486c80 2834       4       java.util.zip.ZipEntry::<init> (84 bytes)
Event: 2.778 Thread 0x000002668535c1e0 nmethod 2827 0x0000026632227d90 code [0x0000026632228520, 0x000002663222c1b0]
Event: 2.779 Thread 0x000002668535c1e0 2828       1       java.util.zip.ZipEntry::getName (5 bytes)
Event: 2.779 Thread 0x000002668535c1e0 nmethod 2828 0x0000026639891d10 code [0x0000026639891ea0, 0x0000026639891f68]
Event: 2.779 Thread 0x000002668535c1e0 2829       3       org.eclipse.osgi.storage.bundlefile.ZipBundleFile$1::hasNext (10 bytes)
Event: 2.779 Thread 0x000002668535c1e0 nmethod 2829 0x000002663222db10 code [0x000002663222dcc0, 0x000002663222de98]
Event: 2.779 Thread 0x000002668535c1e0 2830       3       org.eclipse.osgi.storage.bundlefile.ZipBundleFile$1::next (5 bytes)
Event: 2.779 Thread 0x000002668535c1e0 nmethod 2830 0x000002663222df90 code [0x000002663222e160, 0x000002663222e550]
Event: 2.779 Thread 0x000002668535c1e0 2831       3       org.eclipse.osgi.storage.bundlefile.ZipBundleFile$1::next (18 bytes)
Event: 2.779 Thread 0x000002668535c1e0 nmethod 2831 0x000002663222e690 code [0x000002663222e860, 0x000002663222ebe8]
Event: 2.779 Thread 0x000002668c486c80 nmethod 2834 0x0000026639892010 code [0x00000266398921a0, 0x00000266398922d8]
Event: 2.779 Thread 0x000002668c486c80 2835       4       java.lang.String::newStringUTF8NoRepl (322 bytes)
Event: 2.796 Thread 0x000002668535c1e0 2840       3       java.util.concurrent.Semaphore$NonfairSync::tryAcquireShared (6 bytes)

GC Heap History (14 events):
Event: 0.617 GC heap before
{Heap before GC invocations=1 (full 0):
 PSYoungGen      total 29696K, used 25600K [0x00000000eab00000, 0x00000000ecc00000, 0x0000000100000000)
  eden space 25600K, 100% used [0x00000000eab00000,0x00000000ec400000,0x00000000ec400000)
  from space 4096K, 0% used [0x00000000ec800000,0x00000000ec800000,0x00000000ecc00000)
  to   space 4096K, 0% used [0x00000000ec400000,0x00000000ec400000,0x00000000ec800000)
 ParOldGen       total 68608K, used 0K [0x00000000c0000000, 0x00000000c4300000, 0x00000000eab00000)
  object space 68608K, 0% used [0x00000000c0000000,0x00000000c0000000,0x00000000c4300000)
 Metaspace       used 4325K, committed 4480K, reserved 1114112K
  class space    used 438K, committed 512K, reserved 1048576K
}
Event: 0.625 GC heap after
{Heap after GC invocations=1 (full 0):
 PSYoungGen      total 29696K, used 3198K [0x00000000eab00000, 0x00000000ecc00000, 0x0000000100000000)
  eden space 25600K, 0% used [0x00000000eab00000,0x00000000eab00000,0x00000000ec400000)
  from space 4096K, 78% used [0x00000000ec400000,0x00000000ec71fab0,0x00000000ec800000)
  to   space 4096K, 0% used [0x00000000ec800000,0x00000000ec800000,0x00000000ecc00000)
 ParOldGen       total 68608K, used 16K [0x00000000c0000000, 0x00000000c4300000, 0x00000000eab00000)
  object space 68608K, 0% used [0x00000000c0000000,0x00000000c0004000,0x00000000c4300000)
 Metaspace       used 4325K, committed 4480K, reserved 1114112K
  class space    used 438K, committed 512K, reserved 1048576K
}
Event: 1.200 GC heap before
{Heap before GC invocations=2 (full 0):
 PSYoungGen      total 29696K, used 28798K [0x00000000eab00000, 0x00000000ecc00000, 0x0000000100000000)
  eden space 25600K, 100% used [0x00000000eab00000,0x00000000ec400000,0x00000000ec400000)
  from space 4096K, 78% used [0x00000000ec400000,0x00000000ec71fab0,0x00000000ec800000)
  to   space 4096K, 0% used [0x00000000ec800000,0x00000000ec800000,0x00000000ecc00000)
 ParOldGen       total 68608K, used 16K [0x00000000c0000000, 0x00000000c4300000, 0x00000000eab00000)
  object space 68608K, 0% used [0x00000000c0000000,0x00000000c0004000,0x00000000c4300000)
 Metaspace       used 8168K, committed 8512K, reserved 1114112K
  class space    used 813K, committed 960K, reserved 1048576K
}
Event: 1.205 GC heap after
{Heap after GC invocations=2 (full 0):
 PSYoungGen      total 29696K, used 4074K [0x00000000eab00000, 0x00000000ecc00000, 0x0000000100000000)
  eden space 25600K, 0% used [0x00000000eab00000,0x00000000eab00000,0x00000000ec400000)
  from space 4096K, 99% used [0x00000000ec800000,0x00000000ecbfa948,0x00000000ecc00000)
  to   space 4096K, 0% used [0x00000000ec400000,0x00000000ec400000,0x00000000ec800000)
 ParOldGen       total 68608K, used 871K [0x00000000c0000000, 0x00000000c4300000, 0x00000000eab00000)
  object space 68608K, 1% used [0x00000000c0000000,0x00000000c00d9eb8,0x00000000c4300000)
 Metaspace       used 8168K, committed 8512K, reserved 1114112K
  class space    used 813K, committed 960K, reserved 1048576K
}
Event: 1.745 GC heap before
{Heap before GC invocations=3 (full 0):
 PSYoungGen      total 29696K, used 29674K [0x00000000eab00000, 0x00000000ecc00000, 0x0000000100000000)
  eden space 25600K, 100% used [0x00000000eab00000,0x00000000ec400000,0x00000000ec400000)
  from space 4096K, 99% used [0x00000000ec800000,0x00000000ecbfa948,0x00000000ecc00000)
  to   space 4096K, 0% used [0x00000000ec400000,0x00000000ec400000,0x00000000ec800000)
 ParOldGen       total 68608K, used 871K [0x00000000c0000000, 0x00000000c4300000, 0x00000000eab00000)
  object space 68608K, 1% used [0x00000000c0000000,0x00000000c00d9eb8,0x00000000c4300000)
 Metaspace       used 12946K, committed 13440K, reserved 1114112K
  class space    used 1305K, committed 1536K, reserved 1048576K
}
Event: 1.750 GC heap after
{Heap after GC invocations=3 (full 0):
 PSYoungGen      total 29696K, used 4083K [0x00000000eab00000, 0x00000000ecc00000, 0x0000000100000000)
  eden space 25600K, 0% used [0x00000000eab00000,0x00000000eab00000,0x00000000ec400000)
  from space 4096K, 99% used [0x00000000ec400000,0x00000000ec7fcea8,0x00000000ec800000)
  to   space 4096K, 0% used [0x00000000ec800000,0x00000000ec800000,0x00000000ecc00000)
 ParOldGen       total 68608K, used 2728K [0x00000000c0000000, 0x00000000c4300000, 0x00000000eab00000)
  object space 68608K, 3% used [0x00000000c0000000,0x00000000c02aa1e0,0x00000000c4300000)
 Metaspace       used 12946K, committed 13440K, reserved 1114112K
  class space    used 1305K, committed 1536K, reserved 1048576K
}
Event: 2.045 GC heap before
{Heap before GC invocations=4 (full 0):
 PSYoungGen      total 29696K, used 29683K [0x00000000eab00000, 0x00000000ecc00000, 0x0000000100000000)
  eden space 25600K, 100% used [0x00000000eab00000,0x00000000ec400000,0x00000000ec400000)
  from space 4096K, 99% used [0x00000000ec400000,0x00000000ec7fcea8,0x00000000ec800000)
  to   space 4096K, 0% used [0x00000000ec800000,0x00000000ec800000,0x00000000ecc00000)
 ParOldGen       total 68608K, used 2728K [0x00000000c0000000, 0x00000000c4300000, 0x00000000eab00000)
  object space 68608K, 3% used [0x00000000c0000000,0x00000000c02aa1e0,0x00000000c4300000)
 Metaspace       used 15795K, committed 16320K, reserved 1114112K
  class space    used 1579K, committed 1792K, reserved 1048576K
}
Event: 2.050 GC heap after
{Heap after GC invocations=4 (full 0):
 PSYoungGen      total 29696K, used 4087K [0x00000000eab00000, 0x00000000ecc00000, 0x0000000100000000)
  eden space 25600K, 0% used [0x00000000eab00000,0x00000000eab00000,0x00000000ec400000)
  from space 4096K, 99% used [0x00000000ec800000,0x00000000ecbfdf98,0x00000000ecc00000)
  to   space 4096K, 0% used [0x00000000ec400000,0x00000000ec400000,0x00000000ec800000)
 ParOldGen       total 68608K, used 4910K [0x00000000c0000000, 0x00000000c4300000, 0x00000000eab00000)
  object space 68608K, 7% used [0x00000000c0000000,0x00000000c04cb8a8,0x00000000c4300000)
 Metaspace       used 15795K, committed 16320K, reserved 1114112K
  class space    used 1579K, committed 1792K, reserved 1048576K
}
Event: 2.330 GC heap before
{Heap before GC invocations=5 (full 0):
 PSYoungGen      total 29696K, used 29270K [0x00000000eab00000, 0x00000000ecc00000, 0x0000000100000000)
  eden space 25600K, 98% used [0x00000000eab00000,0x00000000ec397ae0,0x00000000ec400000)
  from space 4096K, 99% used [0x00000000ec800000,0x00000000ecbfdf98,0x00000000ecc00000)
  to   space 4096K, 0% used [0x00000000ec400000,0x00000000ec400000,0x00000000ec800000)
 ParOldGen       total 68608K, used 4910K [0x00000000c0000000, 0x00000000c4300000, 0x00000000eab00000)
  object space 68608K, 7% used [0x00000000c0000000,0x00000000c04cb8a8,0x00000000c4300000)
 Metaspace       used 19993K, committed 20544K, reserved 1114112K
  class space    used 1885K, committed 2112K, reserved 1048576K
}
Event: 2.333 GC heap after
{Heap after GC invocations=5 (full 0):
 PSYoungGen      total 29184K, used 4084K [0x00000000eab00000, 0x00000000ece80000, 0x0000000100000000)
  eden space 25088K, 0% used [0x00000000eab00000,0x00000000eab00000,0x00000000ec380000)
  from space 4096K, 99% used [0x00000000ec400000,0x00000000ec7fd098,0x00000000ec800000)
  to   space 5632K, 0% used [0x00000000ec900000,0x00000000ec900000,0x00000000ece80000)
 ParOldGen       total 68608K, used 5953K [0x00000000c0000000, 0x00000000c4300000, 0x00000000eab00000)
  object space 68608K, 8% used [0x00000000c0000000,0x00000000c05d0648,0x00000000c4300000)
 Metaspace       used 19993K, committed 20544K, reserved 1114112K
  class space    used 1885K, committed 2112K, reserved 1048576K
}
Event: 2.543 GC heap before
{Heap before GC invocations=6 (full 0):
 PSYoungGen      total 29184K, used 25119K [0x00000000eab00000, 0x00000000ece80000, 0x0000000100000000)
  eden space 25088K, 83% used [0x00000000eab00000,0x00000000ebf8ae50,0x00000000ec380000)
  from space 4096K, 99% used [0x00000000ec400000,0x00000000ec7fd098,0x00000000ec800000)
  to   space 5632K, 0% used [0x00000000ec900000,0x00000000ec900000,0x00000000ece80000)
 ParOldGen       total 68608K, used 5953K [0x00000000c0000000, 0x00000000c4300000, 0x00000000eab00000)
  object space 68608K, 8% used [0x00000000c0000000,0x00000000c05d0648,0x00000000c4300000)
 Metaspace       used 20954K, committed 21504K, reserved 1114112K
  class space    used 1929K, committed 2176K, reserved 1048576K
}
Event: 2.548 GC heap after
{Heap after GC invocations=6 (full 0):
 PSYoungGen      total 30208K, used 5608K [0x00000000eab00000, 0x00000000ecf80000, 0x0000000100000000)
  eden space 24576K, 0% used [0x00000000eab00000,0x00000000eab00000,0x00000000ec300000)
  from space 5632K, 99% used [0x00000000ec900000,0x00000000ece7a068,0x00000000ece80000)
  to   space 6144K, 0% used [0x00000000ec300000,0x00000000ec300000,0x00000000ec900000)
 ParOldGen       total 68608K, used 6293K [0x00000000c0000000, 0x00000000c4300000, 0x00000000eab00000)
  object space 68608K, 9% used [0x00000000c0000000,0x00000000c0625658,0x00000000c4300000)
 Metaspace       used 20954K, committed 21504K, reserved 1114112K
  class space    used 1929K, committed 2176K, reserved 1048576K
}
Event: 2.548 GC heap before
{Heap before GC invocations=7 (full 1):
 PSYoungGen      total 30208K, used 5608K [0x00000000eab00000, 0x00000000ecf80000, 0x0000000100000000)
  eden space 24576K, 0% used [0x00000000eab00000,0x00000000eab00000,0x00000000ec300000)
  from space 5632K, 99% used [0x00000000ec900000,0x00000000ece7a068,0x00000000ece80000)
  to   space 6144K, 0% used [0x00000000ec300000,0x00000000ec300000,0x00000000ec900000)
 ParOldGen       total 68608K, used 6293K [0x00000000c0000000, 0x00000000c4300000, 0x00000000eab00000)
  object space 68608K, 9% used [0x00000000c0000000,0x00000000c0625658,0x00000000c4300000)
 Metaspace       used 20954K, committed 21504K, reserved 1114112K
  class space    used 1929K, committed 2176K, reserved 1048576K
}
Event: 2.573 GC heap after
{Heap after GC invocations=7 (full 1):
 PSYoungGen      total 30208K, used 0K [0x00000000eab00000, 0x00000000ecf80000, 0x0000000100000000)
  eden space 24576K, 0% used [0x00000000eab00000,0x00000000eab00000,0x00000000ec300000)
  from space 5632K, 0% used [0x00000000ec900000,0x00000000ec900000,0x00000000ece80000)
  to   space 6144K, 0% used [0x00000000ec300000,0x00000000ec300000,0x00000000ec900000)
 ParOldGen       total 68608K, used 10536K [0x00000000c0000000, 0x00000000c4300000, 0x00000000eab00000)
  object space 68608K, 15% used [0x00000000c0000000,0x00000000c0a4a3e8,0x00000000c4300000)
 Metaspace       used 20941K, committed 21504K, reserved 1114112K
  class space    used 1925K, committed 2176K, reserved 1048576K
}

Dll operation events (11 events):
Event: 0.008 Loaded shared library c:\Users\Jaywant\.cursor\extensions\redhat.java-1.41.1-win32-x64\jre\21.0.6-win32-x86_64\bin\java.dll
Event: 0.067 Loaded shared library c:\Users\Jaywant\.cursor\extensions\redhat.java-1.41.1-win32-x64\jre\21.0.6-win32-x86_64\bin\zip.dll
Event: 0.084 Loaded shared library C:\Users\Jaywant\.cursor\extensions\redhat.java-1.41.1-win32-x64\jre\21.0.6-win32-x86_64\bin\instrument.dll
Event: 0.087 Loaded shared library C:\Users\Jaywant\.cursor\extensions\redhat.java-1.41.1-win32-x64\jre\21.0.6-win32-x86_64\bin\net.dll
Event: 0.089 Loaded shared library C:\Users\Jaywant\.cursor\extensions\redhat.java-1.41.1-win32-x64\jre\21.0.6-win32-x86_64\bin\nio.dll
Event: 0.092 Loaded shared library C:\Users\Jaywant\.cursor\extensions\redhat.java-1.41.1-win32-x64\jre\21.0.6-win32-x86_64\bin\zip.dll
Event: 0.105 Loaded shared library C:\Users\Jaywant\.cursor\extensions\redhat.java-1.41.1-win32-x64\jre\21.0.6-win32-x86_64\bin\jimage.dll
Event: 0.155 Loaded shared library c:\Users\Jaywant\.cursor\extensions\redhat.java-1.41.1-win32-x64\jre\21.0.6-win32-x86_64\bin\verify.dll
Event: 1.159 Loaded shared library C:\Users\Jaywant\AppData\Roaming\Cursor\User\globalStorage\redhat.java\1.41.1\config_ss_win\org.eclipse.equinox.launcher\org.eclipse.equinox.launcher.win32.win32.x86_64_1.2.1300.v20250331-1702\eclipse_11911.dll
Event: 1.739 Loaded shared library C:\Users\Jaywant\.cursor\extensions\redhat.java-1.41.1-win32-x64\jre\21.0.6-win32-x86_64\bin\management.dll
Event: 1.744 Loaded shared library C:\Users\Jaywant\.cursor\extensions\redhat.java-1.41.1-win32-x64\jre\21.0.6-win32-x86_64\bin\management_ext.dll

Deoptimization events (20 events):
Event: 2.578 Thread 0x0000026642e8b510 Uncommon trap: trap_request=0xffffff45 fr.pc=0x0000026639851ae8 relative=0x0000000000000428
Event: 2.578 Thread 0x0000026642e8b510 Uncommon trap: reason=unstable_if action=reinterpret pc=0x0000026639851ae8 method=java.lang.AbstractStringBuilder.isLatin1()Z @ 10 c2
Event: 2.578 Thread 0x0000026642e8b510 DEOPT PACKING pc=0x0000026639851ae8 sp=0x00000094d49fe180
Event: 2.578 Thread 0x0000026642e8b510 DEOPT UNPACKING pc=0x0000026639213aa2 sp=0x00000094d49fe0e8 mode 2
Event: 2.578 Thread 0x0000026642e8b510 Uncommon trap: trap_request=0xffffff45 fr.pc=0x000002663978758c relative=0x000000000000042c
Event: 2.578 Thread 0x0000026642e8b510 Uncommon trap: reason=unstable_if action=reinterpret pc=0x000002663978758c method=java.lang.StringLatin1.canEncode(I)Z @ 4 c2
Event: 2.578 Thread 0x0000026642e8b510 DEOPT PACKING pc=0x000002663978758c sp=0x00000094d49fe1e0
Event: 2.578 Thread 0x0000026642e8b510 DEOPT UNPACKING pc=0x0000026639213aa2 sp=0x00000094d49fe118 mode 2
Event: 2.578 Thread 0x0000026642e8b510 Uncommon trap: trap_request=0xffffff45 fr.pc=0x0000026639786b6c relative=0x000000000000040c
Event: 2.578 Thread 0x0000026642e8b510 Uncommon trap: reason=unstable_if action=reinterpret pc=0x0000026639786b6c method=java.lang.AbstractStringBuilder.isLatin1()Z @ 10 c2
Event: 2.578 Thread 0x0000026642e8b510 DEOPT PACKING pc=0x0000026639786b6c sp=0x00000094d49fe200
Event: 2.578 Thread 0x0000026642e8b510 DEOPT UNPACKING pc=0x0000026639213aa2 sp=0x00000094d49fe190 mode 2
Event: 2.578 Thread 0x0000026642e8b510 Uncommon trap: trap_request=0xffffff45 fr.pc=0x000002663979f08c relative=0x000000000000006c
Event: 2.578 Thread 0x0000026642e8b510 Uncommon trap: reason=unstable_if action=reinterpret pc=0x000002663979f08c method=java.lang.AbstractStringBuilder.isLatin1()Z @ 10 c2
Event: 2.578 Thread 0x0000026642e8b510 DEOPT PACKING pc=0x000002663979f08c sp=0x00000094d49fe200
Event: 2.578 Thread 0x0000026642e8b510 DEOPT UNPACKING pc=0x0000026639213aa2 sp=0x00000094d49fe190 mode 2
Event: 2.602 Thread 0x0000026642e8b510 Uncommon trap: trap_request=0xffffff45 fr.pc=0x0000026639886e30 relative=0x00000000000009b0
Event: 2.602 Thread 0x0000026642e8b510 Uncommon trap: reason=unstable_if action=reinterpret pc=0x0000026639886e30 method=java.util.regex.Pattern$BmpCharPropertyGreedy.match(Ljava/util/regex/Matcher;ILjava/lang/CharSequence;)Z @ 12 c2
Event: 2.602 Thread 0x0000026642e8b510 DEOPT PACKING pc=0x0000026639886e30 sp=0x00000094d49fd5a0
Event: 2.602 Thread 0x0000026642e8b510 DEOPT UNPACKING pc=0x0000026639213aa2 sp=0x00000094d49fd468 mode 2

Classes loaded (20 events):
Event: 2.665 Loading class sun/security/provider/SeedGenerator$1
Event: 2.666 Loading class sun/security/provider/SeedGenerator$1 done
Event: 2.738 Loading class java/net/NetworkInterface$1
Event: 2.738 Loading class java/net/NetworkInterface$1 done
Event: 2.740 Loading class java/nio/file/Files$AcceptAllFilter
Event: 2.740 Loading class java/nio/file/DirectoryStream$Filter
Event: 2.740 Loading class java/nio/file/DirectoryStream$Filter done
Event: 2.741 Loading class java/nio/file/Files$AcceptAllFilter done
Event: 2.741 Loading class sun/nio/fs/WindowsDirectoryStream
Event: 2.741 Loading class java/nio/file/DirectoryStream
Event: 2.741 Loading class java/nio/file/DirectoryStream done
Event: 2.741 Loading class sun/nio/fs/WindowsDirectoryStream done
Event: 2.741 Loading class sun/nio/fs/WindowsDirectoryStream$WindowsDirectoryIterator
Event: 2.741 Loading class sun/nio/fs/WindowsDirectoryStream$WindowsDirectoryIterator done
Event: 2.742 Loading class sun/nio/fs/WindowsPath$WindowsPathWithAttributes
Event: 2.742 Loading class sun/nio/fs/BasicFileAttributesHolder
Event: 2.742 Loading class sun/nio/fs/BasicFileAttributesHolder done
Event: 2.743 Loading class sun/nio/fs/WindowsPath$WindowsPathWithAttributes done
Event: 2.771 Loading class sun/security/provider/AbstractDrbg$NonceProvider
Event: 2.771 Loading class sun/security/provider/AbstractDrbg$NonceProvider done

Classes unloaded (7 events):
Event: 2.552 Thread 0x000002662c77e9f0 Unloading class 0x0000026644182c00 'java/lang/invoke/LambdaForm$MH+0x0000026644182c00'
Event: 2.552 Thread 0x000002662c77e9f0 Unloading class 0x0000026644182800 'java/lang/invoke/LambdaForm$MH+0x0000026644182800'
Event: 2.552 Thread 0x000002662c77e9f0 Unloading class 0x0000026644182400 'java/lang/invoke/LambdaForm$MH+0x0000026644182400'
Event: 2.552 Thread 0x000002662c77e9f0 Unloading class 0x0000026644182000 'java/lang/invoke/LambdaForm$MH+0x0000026644182000'
Event: 2.552 Thread 0x000002662c77e9f0 Unloading class 0x0000026644181c00 'java/lang/invoke/LambdaForm$BMH+0x0000026644181c00'
Event: 2.552 Thread 0x000002662c77e9f0 Unloading class 0x0000026644181800 'java/lang/invoke/LambdaForm$DMH+0x0000026644181800'
Event: 2.552 Thread 0x000002662c77e9f0 Unloading class 0x0000026644180400 'java/lang/invoke/LambdaForm$DMH+0x0000026644180400'

Classes redefined (0 events):
No events

Internal exceptions (20 events):
Event: 1.892 Thread 0x0000026642e8b510 Exception <a 'java/lang/NoSuchMethodError'{0x00000000eb323f88}: 'java.lang.Object java.lang.invoke.Invokers$Holder.linkToTargetMethod(java.lang.Object, java.lang.Object, int, java.lang.Object, java.lang.Object)'> (0x00000000eb323f88) 
thrown [s\src\hotspot\share\interpreter\linkResolver.cpp, line 773]
Event: 1.892 Thread 0x000002668b661950 Exception <a 'java/lang/NoSuchMethodError'{0x00000000eb2ac068}: 'java.lang.Object java.lang.invoke.DirectMethodHandle$Holder.invokeSpecial(java.lang.Object, java.lang.Object, int, java.lang.Object, java.lang.Object)'> (0x00000000eb2ac068) 
thrown [s\src\hotspot\share\interpreter\linkResolver.cpp, line 773]
Event: 1.893 Thread 0x000002668b661950 Exception <a 'java/lang/NoSuchMethodError'{0x00000000eb2b2da0}: 'java.lang.Object java.lang.invoke.DirectMethodHandle$Holder.newInvokeSpecial(java.lang.Object, java.lang.Object, int, java.lang.Object)'> (0x00000000eb2b2da0) 
thrown [s\src\hotspot\share\interpreter\linkResolver.cpp, line 773]
Event: 1.912 Thread 0x0000026642e8b510 Exception <a 'java/lang/NoSuchMethodError'{0x00000000eb45b748}: 'void java.lang.invoke.DirectMethodHandle$Holder.invokeSpecial(java.lang.Object, java.lang.Object, java.lang.Object, java.lang.Object, java.lang.Object)'> (0x00000000eb45b748) 
thrown [s\src\hotspot\share\interpreter\linkResolver.cpp, line 773]
Event: 1.949 Thread 0x0000026642e8b510 Exception <a 'java/lang/NoSuchMethodError'{0x00000000eb67f670}: 'double java.lang.invoke.DirectMethodHandle$Holder.invokeStatic(java.lang.Object, java.lang.Object)'> (0x00000000eb67f670) 
thrown [s\src\hotspot\share\interpreter\linkResolver.cpp, line 773]
Event: 1.949 Thread 0x0000026642e8b510 Exception <a 'java/lang/NoSuchMethodError'{0x00000000eb682d30}: 'double java.lang.invoke.DirectMethodHandle$Holder.invokeStaticInit(java.lang.Object, java.lang.Object)'> (0x00000000eb682d30) 
thrown [s\src\hotspot\share\interpreter\linkResolver.cpp, line 773]
Event: 2.067 Thread 0x0000026642e8b510 Exception <a 'java/io/FileNotFoundException'{0x00000000eadacbf8}> (0x00000000eadacbf8) 
thrown [s\src\hotspot\share\prims\jni.cpp, line 520]
Event: 2.067 Thread 0x0000026642e8b510 Exception <a 'java/io/FileNotFoundException'{0x00000000eadada48}> (0x00000000eadada48) 
thrown [s\src\hotspot\share\prims\jni.cpp, line 520]
Event: 2.067 Thread 0x0000026642e8b510 Exception <a 'java/io/FileNotFoundException'{0x00000000eadae998}> (0x00000000eadae998) 
thrown [s\src\hotspot\share\prims\jni.cpp, line 520]
Event: 2.211 Thread 0x0000026642e8b510 Exception <a 'java/lang/NoSuchMethodError'{0x00000000eb74bf58}: 'int java.lang.invoke.DirectMethodHandle$Holder.invokeStaticInit(java.lang.Object, java.lang.Object, java.lang.Object)'> (0x00000000eb74bf58) 
thrown [s\src\hotspot\share\interpreter\linkResolver.cpp, line 773]
Event: 2.255 Thread 0x0000026642e8b510 Implicit null exception at 0x000002663986f675 to 0x000002663986f750
Event: 2.334 Thread 0x0000026642e8b510 Exception <a 'java/io/FileNotFoundException'{0x00000000eabc4098}> (0x00000000eabc4098) 
thrown [s\src\hotspot\share\prims\jni.cpp, line 520]
Event: 2.335 Thread 0x0000026642e8b510 Exception <a 'java/lang/NoSuchMethodError'{0x00000000eabcb920}: 'java.lang.Object java.lang.invoke.DirectMethodHandle$Holder.newInvokeSpecial(java.lang.Object, int, java.lang.Object, java.lang.Object)'> (0x00000000eabcb920) 
thrown [s\src\hotspot\share\interpreter\linkResolver.cpp, line 773]
Event: 2.379 Thread 0x0000026642e8b510 Exception <a 'java/io/FileNotFoundException'{0x00000000eb600530}> (0x00000000eb600530) 
thrown [s\src\hotspot\share\prims\jni.cpp, line 520]
Event: 2.510 Thread 0x0000026642e8b510 Exception <a 'java/io/FileNotFoundException'{0x00000000ebda0a50}> (0x00000000ebda0a50) 
thrown [s\src\hotspot\share\prims\jni.cpp, line 520]
Event: 2.593 Thread 0x0000026642e8b510 Exception <a 'sun/nio/fs/WindowsException'{0x00000000eab99250}> (0x00000000eab99250) 
thrown [s\src\hotspot\share\prims\jni.cpp, line 520]
Event: 2.593 Thread 0x0000026642e8b510 Exception <a 'sun/nio/fs/WindowsException'{0x00000000eab9ce68}> (0x00000000eab9ce68) 
thrown [s\src\hotspot\share\prims\jni.cpp, line 520]
Event: 2.623 Thread 0x0000026642e8b510 Exception <a 'sun/nio/fs/WindowsException'{0x00000000eac7c7b0}> (0x00000000eac7c7b0) 
thrown [s\src\hotspot\share\prims\jni.cpp, line 520]
Event: 2.654 Thread 0x0000026642e8b510 Exception <a 'java/lang/NoSuchMethodError'{0x00000000ead6d160}: 'java.lang.Object java.lang.invoke.DirectMethodHandle$Holder.invokeStaticInit(java.lang.Object, int, int, int, int)'> (0x00000000ead6d160) 
thrown [s\src\hotspot\share\interpreter\linkResolver.cpp, line 773]
Event: 2.769 Thread 0x0000026642e8b510 Exception <a 'java/lang/NoSuchMethodError'{0x00000000eaeb0ee8}: 'java.lang.Object java.lang.invoke.DirectMethodHandle$Holder.invokeStaticInit(java.lang.Object, java.lang.Object, int, int, int, int)'> (0x00000000eaeb0ee8) 
thrown [s\src\hotspot\share\interpreter\linkResolver.cpp, line 773]

ZGC Phase Switch (0 events):
No events

VM Operations (20 events):
Event: 1.786 Executing VM operation: HandshakeAllThreads (Deoptimize)
Event: 1.786 Executing VM operation: HandshakeAllThreads (Deoptimize) done
Event: 1.803 Executing VM operation: HandshakeAllThreads (Deoptimize)
Event: 1.804 Executing VM operation: HandshakeAllThreads (Deoptimize) done
Event: 2.045 Executing VM operation: ParallelGCFailedAllocation (Allocation Failure)
Event: 2.050 Executing VM operation: ParallelGCFailedAllocation (Allocation Failure) done
Event: 2.330 Executing VM operation: ParallelGCFailedAllocation (Allocation Failure)
Event: 2.333 Executing VM operation: ParallelGCFailedAllocation (Allocation Failure) done
Event: 2.460 Executing VM operation: HandshakeAllThreads (Deoptimize)
Event: 2.460 Executing VM operation: HandshakeAllThreads (Deoptimize) done
Event: 2.543 Executing VM operation: CollectForMetadataAllocation (Metadata GC Threshold)
Event: 2.573 Executing VM operation: CollectForMetadataAllocation (Metadata GC Threshold) done
Event: 2.585 Executing VM operation: HandshakeAllThreads (Deoptimize)
Event: 2.585 Executing VM operation: HandshakeAllThreads (Deoptimize) done
Event: 2.780 Executing VM operation: HandshakeAllThreads (Deoptimize)
Event: 2.781 Executing VM operation: HandshakeAllThreads (Deoptimize) done
Event: 2.781 Executing VM operation: HandshakeAllThreads (Deoptimize)
Event: 2.781 Executing VM operation: HandshakeAllThreads (Deoptimize) done
Event: 3.782 Executing VM operation: Cleanup
Event: 3.782 Executing VM operation: Cleanup done

Memory protections (0 events):
No events

Nmethod flushes (0 events):
No events

Events (20 events):
Event: 0.042 Thread 0x000002662eab60a0 Thread added: 0x0000026642e8c230
Event: 0.042 Thread 0x000002662eab60a0 Thread added: 0x0000026685358bf0
Event: 0.042 Thread 0x000002662eab60a0 Thread added: 0x000002668535c1e0
Event: 0.058 Thread 0x000002662eab60a0 Thread added: 0x0000026642e8a160
Event: 0.076 Thread 0x000002668535c1e0 Thread added: 0x000002668558e400
Event: 0.215 Thread 0x000002662eab60a0 Thread added: 0x0000026642e8a7f0
Event: 0.336 Thread 0x000002668535c1e0 Thread added: 0x00000266862ef200
Event: 0.988 Thread 0x000002662eab60a0 Thread added: 0x0000026642e8cf50
Event: 1.148 Thread 0x000002662eab60a0 Thread added: 0x0000026642e8bba0
Event: 1.153 Thread 0x000002662eab60a0 Thread added: 0x0000026642e8b510
Event: 1.183 Thread 0x0000026642e8b510 Thread added: 0x0000026642e8c8c0
Event: 1.290 Thread 0x0000026642e8b510 Thread added: 0x0000026642e8ae80
Event: 1.564 Thread 0x0000026642e8b510 Thread added: 0x0000026642e89ad0
Event: 1.873 Thread 0x0000026642e8b510 Thread added: 0x000002668b661950
Event: 1.893 Thread 0x0000026642e8b510 Thread added: 0x000002668b662670
Event: 2.171 Thread 0x00000266862ef200 Thread exited: 0x00000266862ef200
Event: 2.494 Thread 0x0000026642e8b510 Thread added: 0x000002668b662d00
Event: 2.495 Thread 0x000002668b662670 Thread added: 0x000002668b661fe0
Event: 2.520 Thread 0x000002668535c1e0 Thread added: 0x000002668c486c80
Event: 2.636 Thread 0x000002668b662d00 Thread exited: 0x000002668b662d00


Dynamic libraries:
0x00007ff6790e0000 - 0x00007ff6790ee000 	c:\Users\Jaywant\.cursor\extensions\redhat.java-1.41.1-win32-x64\jre\21.0.6-win32-x86_64\bin\java.exe
0x00007ff9267c0000 - 0x00007ff926a26000 	C:\WINDOWS\SYSTEM32\ntdll.dll
0x00007ff925210000 - 0x00007ff9252d9000 	C:\WINDOWS\System32\KERNEL32.DLL
0x00007ff924110000 - 0x00007ff9244dc000 	C:\WINDOWS\System32\KERNELBASE.dll
0x00007ff9209a0000 - 0x00007ff920a3e000 	C:\WINDOWS\SYSTEM32\apphelp.dll
0x00007ff923c00000 - 0x00007ff923d4b000 	C:\WINDOWS\System32\ucrtbase.dll
0x00007ff90eee0000 - 0x00007ff90eef8000 	c:\Users\Jaywant\.cursor\extensions\redhat.java-1.41.1-win32-x64\jre\21.0.6-win32-x86_64\bin\jli.dll
0x00007ff90a4a0000 - 0x00007ff90a4be000 	c:\Users\Jaywant\.cursor\extensions\redhat.java-1.41.1-win32-x64\jre\21.0.6-win32-x86_64\bin\VCRUNTIME140.dll
0x00007ff924a00000 - 0x00007ff924bca000 	C:\WINDOWS\System32\USER32.dll
0x00007ff90ccd0000 - 0x00007ff90cf6a000 	C:\WINDOWS\WinSxS\amd64_microsoft.windows.common-controls_6595b64144ccf1df_6.0.26100.3912_none_3e07963ce335137e\COMCTL32.dll
0x00007ff923a00000 - 0x00007ff923a27000 	C:\WINDOWS\System32\win32u.dll
0x00007ff925d70000 - 0x00007ff925d9b000 	C:\WINDOWS\System32\GDI32.dll
0x00007ff923ac0000 - 0x00007ff923bf2000 	C:\WINDOWS\System32\gdi32full.dll
0x00007ff923950000 - 0x00007ff9239f3000 	C:\WINDOWS\System32\msvcp_win.dll
0x00007ff9264f0000 - 0x00007ff926599000 	C:\WINDOWS\System32\msvcrt.dll
0x00007ff924610000 - 0x00007ff924640000 	C:\WINDOWS\System32\IMM32.DLL
0x00007ff911200000 - 0x00007ff91120c000 	c:\Users\Jaywant\.cursor\extensions\redhat.java-1.41.1-win32-x64\jre\21.0.6-win32-x86_64\bin\vcruntime140_1.dll
0x00007ff8f7600000 - 0x00007ff8f768d000 	c:\Users\Jaywant\.cursor\extensions\redhat.java-1.41.1-win32-x64\jre\21.0.6-win32-x86_64\bin\msvcp140.dll
0x00007ff882780000 - 0x00007ff883510000 	c:\Users\Jaywant\.cursor\extensions\redhat.java-1.41.1-win32-x64\jre\21.0.6-win32-x86_64\bin\server\jvm.dll
0x00007ff924bd0000 - 0x00007ff924c82000 	C:\WINDOWS\System32\ADVAPI32.dll
0x00007ff9266c0000 - 0x00007ff926766000 	C:\WINDOWS\System32\sechost.dll
0x00007ff9265a0000 - 0x00007ff9266b6000 	C:\WINDOWS\System32\RPCRT4.dll
0x00007ff924980000 - 0x00007ff9249f4000 	C:\WINDOWS\System32\WS2_32.dll
0x00007ff9237c0000 - 0x00007ff92381e000 	C:\WINDOWS\SYSTEM32\POWRPROF.dll
0x00007ff91aec0000 - 0x00007ff91aef6000 	C:\WINDOWS\SYSTEM32\WINMM.dll
0x00007ff91af00000 - 0x00007ff91af0b000 	C:\WINDOWS\SYSTEM32\VERSION.dll
0x00007ff9237a0000 - 0x00007ff9237b4000 	C:\WINDOWS\SYSTEM32\UMPDC.dll
0x00007ff922710000 - 0x00007ff92272a000 	C:\WINDOWS\SYSTEM32\kernel.appcore.dll
0x00007ff910730000 - 0x00007ff91073a000 	c:\Users\Jaywant\.cursor\extensions\redhat.java-1.41.1-win32-x64\jre\21.0.6-win32-x86_64\bin\jimage.dll
0x00007ff917c80000 - 0x00007ff917ec1000 	C:\WINDOWS\SYSTEM32\DBGHELP.DLL
0x00007ff9259e0000 - 0x00007ff925d64000 	C:\WINDOWS\System32\combase.dll
0x00007ff925790000 - 0x00007ff925870000 	C:\WINDOWS\System32\OLEAUT32.dll
0x00007ff90f0e0000 - 0x00007ff90f119000 	C:\WINDOWS\SYSTEM32\dbgcore.DLL
0x00007ff9244e0000 - 0x00007ff924579000 	C:\WINDOWS\System32\bcryptPrimitives.dll
0x00007ff9103b0000 - 0x00007ff9103bf000 	c:\Users\Jaywant\.cursor\extensions\redhat.java-1.41.1-win32-x64\jre\21.0.6-win32-x86_64\bin\instrument.dll
0x00007ff901490000 - 0x00007ff9014af000 	c:\Users\Jaywant\.cursor\extensions\redhat.java-1.41.1-win32-x64\jre\21.0.6-win32-x86_64\bin\java.dll
0x00007ff925da0000 - 0x00007ff9264cd000 	C:\WINDOWS\System32\SHELL32.dll
0x00007ff923ed0000 - 0x00007ff924044000 	C:\WINDOWS\System32\wintypes.dll
0x00007ff9215b0000 - 0x00007ff921e06000 	C:\WINDOWS\SYSTEM32\windows.storage.dll
0x00007ff925490000 - 0x00007ff92557f000 	C:\WINDOWS\System32\SHCORE.dll
0x00007ff9251a0000 - 0x00007ff925209000 	C:\WINDOWS\System32\shlwapi.dll
0x00007ff923860000 - 0x00007ff92388f000 	C:\WINDOWS\SYSTEM32\profapi.dll
0x00007ff901470000 - 0x00007ff901488000 	c:\Users\Jaywant\.cursor\extensions\redhat.java-1.41.1-win32-x64\jre\21.0.6-win32-x86_64\bin\zip.dll
0x00007ff90edd0000 - 0x00007ff90ede0000 	C:\Users\Jaywant\.cursor\extensions\redhat.java-1.41.1-win32-x64\jre\21.0.6-win32-x86_64\bin\net.dll
0x00007ff91c270000 - 0x00007ff91c38e000 	C:\WINDOWS\SYSTEM32\WINHTTP.dll
0x00007ff922c80000 - 0x00007ff922cea000 	C:\WINDOWS\system32\mswsock.dll
0x00007ff8f8190000 - 0x00007ff8f81a6000 	C:\Users\Jaywant\.cursor\extensions\redhat.java-1.41.1-win32-x64\jre\21.0.6-win32-x86_64\bin\nio.dll
0x00007ff909d40000 - 0x00007ff909d50000 	c:\Users\Jaywant\.cursor\extensions\redhat.java-1.41.1-win32-x64\jre\21.0.6-win32-x86_64\bin\verify.dll
0x00007ff901220000 - 0x00007ff901265000 	C:\Users\Jaywant\AppData\Roaming\Cursor\User\globalStorage\redhat.java\1.41.1\config_ss_win\org.eclipse.equinox.launcher\org.eclipse.equinox.launcher.win32.win32.x86_64_1.2.1300.v20250331-1702\eclipse_11911.dll
0x00007ff9255e0000 - 0x00007ff92577f000 	C:\WINDOWS\System32\ole32.dll
0x00007ff9177c0000 - 0x00007ff9177ca000 	C:\Users\Jaywant\.cursor\extensions\redhat.java-1.41.1-win32-x64\jre\21.0.6-win32-x86_64\bin\management.dll
0x00007ff9177b0000 - 0x00007ff9177bb000 	C:\Users\Jaywant\.cursor\extensions\redhat.java-1.41.1-win32-x64\jre\21.0.6-win32-x86_64\bin\management_ext.dll
0x00007ff925450000 - 0x00007ff925458000 	C:\WINDOWS\System32\PSAPI.DLL
0x00007ff922f20000 - 0x00007ff922f3c000 	C:\WINDOWS\SYSTEM32\CRYPTSP.dll
0x00007ff922650000 - 0x00007ff92268a000 	C:\WINDOWS\system32\rsaenh.dll
0x00007ff922d20000 - 0x00007ff922d4b000 	C:\WINDOWS\SYSTEM32\USERENV.dll
0x00007ff923830000 - 0x00007ff923856000 	C:\WINDOWS\SYSTEM32\bcrypt.dll
0x00007ff922f40000 - 0x00007ff922f4c000 	C:\WINDOWS\SYSTEM32\CRYPTBASE.dll
0x00007ff922100000 - 0x00007ff922133000 	C:\WINDOWS\SYSTEM32\IPHLPAPI.DLL
0x00007ff9264e0000 - 0x00007ff9264ea000 	C:\WINDOWS\System32\NSI.dll

dbghelp: loaded successfully - version: 4.0.5 - missing functions: none
symbol engine: initialized successfully - sym options: 0x614 - pdb path: .;c:\Users\Jaywant\.cursor\extensions\redhat.java-1.41.1-win32-x64\jre\21.0.6-win32-x86_64\bin;C:\WINDOWS\SYSTEM32;C:\WINDOWS\WinSxS\amd64_microsoft.windows.common-controls_6595b64144ccf1df_6.0.26100.3912_none_3e07963ce335137e;c:\Users\Jaywant\.cursor\extensions\redhat.java-1.41.1-win32-x64\jre\21.0.6-win32-x86_64\bin\server;C:\Users\Jaywant\AppData\Roaming\Cursor\User\globalStorage\redhat.java\1.41.1\config_ss_win\org.eclipse.equinox.launcher\org.eclipse.equinox.launcher.win32.win32.x86_64_1.2.1300.v20250331-1702

VM Arguments:
jvm_args: --add-modules=ALL-SYSTEM --add-opens=java.base/java.util=ALL-UNNAMED --add-opens=java.base/java.lang=ALL-UNNAMED --add-opens=java.base/sun.nio.fs=ALL-UNNAMED -Declipse.application=org.eclipse.jdt.ls.core.id1 -Dosgi.bundles.defaultStartLevel=4 -Declipse.product=org.eclipse.jdt.ls.core.product -Djava.import.generatesMetadataFilesAtProjectRoot=false -DDetectVMInstallationsJob.disabled=true -Dfile.encoding=utf8 -XX:+UseParallelGC -XX:GCTimeRatio=4 -XX:AdaptiveSizePolicyWeight=90 -Dsun.zip.disableMemoryMapping=true -Xmx1G -Xms100m -Xlog:disable -javaagent:c:\Users\Jaywant\.cursor\extensions\redhat.java-1.41.1-win32-x64\lombok\lombok-1.18.36.jar 
java_command: c:\Users\Jaywant\.cursor\extensions\redhat.java-1.41.1-win32-x64\server\plugins\org.eclipse.equinox.launcher_1.7.0.v20250331-1702.jar -configuration c:\Users\Jaywant\AppData\Roaming\Cursor\User\globalStorage\redhat.java\1.41.1\config_ss_win -data c:\Users\Jaywant\AppData\Roaming\Cursor\User\workspaceStorage\cc623adeb21d3940532c846187689d28\redhat.java\ss_ws --pipe=\\.\pipe\lsp-9da6c15070e7ac755ee3c5eac9243bf5-sock
java_class_path (initial): c:\Users\Jaywant\.cursor\extensions\redhat.java-1.41.1-win32-x64\server\plugins\org.eclipse.equinox.launcher_1.7.0.v20250331-1702.jar
Launcher Type: SUN_STANDARD

[Global flags]
    uintx AdaptiveSizePolicyWeight                 = 90                                        {product} {command line}
     intx CICompilerCount                          = 4                                         {product} {ergonomic}
    uintx GCTimeRatio                              = 4                                         {product} {command line}
   size_t InitialHeapSize                          = 104857600                                 {product} {command line}
   size_t MaxHeapSize                              = 1073741824                                {product} {command line}
   size_t MaxNewSize                               = 357564416                                 {product} {ergonomic}
   size_t MinHeapDeltaBytes                        = 524288                                    {product} {ergonomic}
   size_t MinHeapSize                              = 104857600                                 {product} {command line}
   size_t NewSize                                  = 34603008                                  {product} {ergonomic}
    uintx NonNMethodCodeHeapSize                   = 5839372                                {pd product} {ergonomic}
    uintx NonProfiledCodeHeapSize                  = 122909434                              {pd product} {ergonomic}
   size_t OldSize                                  = 70254592                                  {product} {ergonomic}
    uintx ProfiledCodeHeapSize                     = 122909434                              {pd product} {ergonomic}
    uintx ReservedCodeCacheSize                    = 251658240                              {pd product} {ergonomic}
     bool SegmentedCodeCache                       = true                                      {product} {ergonomic}
   size_t SoftMaxHeapSize                          = 1073741824                             {manageable} {ergonomic}
     bool UseCompressedOops                        = true                           {product lp64_product} {ergonomic}
     bool UseLargePagesIndividualAllocation        = false                                  {pd product} {ergonomic}
     bool UseParallelGC                            = true                                      {product} {command line}

Logging:
Log output configuration:
 #0: stdout all=off uptime,level,tags foldmultilines=false
 #1: stderr all=off uptime,level,tags foldmultilines=false

Environment Variables:
JAVA_HOME=C:\Program Files\Java\jdk-21\
PATH=c:\Users\Jaywant\AppData\Local\Programs\cursor\resources\app\bin;C:\Program Files\Microsoft\jdk-17.0.14.7-hotspot\bin;C:\Program Files\Common Files\Oracle\Java\javapath;C:\WINDOWS\system32;C:\WINDOWS;C:\WINDOWS\System32\Wbem;C:\WINDOWS\System32\WindowsPowerShell\v1.0\;C:\WINDOWS\System32\OpenSSH\;C:\Program Files\nodejs;C:\Program Files\nodejs\;C:\Program Files\MySQL\MySQL Server 8.0\bin;C:\Program Files\Git\cmd;C:\Program Files\Git\bin;C:\Program Files\apache-maven-3.9.9\bin;C:\Program Files\Java\jdk-17\bin;C:\Program Files\Java\jdk-21\bin;C:\Program Files\Git LFS;C:\ProgramData\chocolatey\bin;C:\Users\Jaywant\AppData\Local\Programs\Python\Python313\Scripts\;C:\Users\Jaywant\AppData\Local\Programs\Python\Python313\;C:\Users\Jaywant\AppData\Local\Programs\Python\Launcher\;C:\Program Files\MySQL\MySQL Shell 8.0\bin\;C:\Users\Jaywant\AppData\Local\Microsoft\WindowsApps;C:\Users\Jaywant\AppData\Roaming\npm;C:\Users\Jaywant\AppData\Local\GitHubDesktop\bin;c:\Users\Jaywant\AppData\Local\Programs\cursor\resources\a;C:\platform-tools;C:\Users\Jaywant\AppData\Local\Android\Sdk\platform-tools;C:\Users\Jaywant\AppData\Local\Android\Sdk\emulator;C:\Program Files\dotnet\;C:\Users\Jaywant\AppData\Local\Android\Sdk\platform-tools;C:\Users\Jaywant\AppData\Local\Android\Sdk\tools;C:\Users\Jaywant\AppData\Local\Android\Sdk\platform-tools;C:\Users\Jaywant\AppData\Local\Android\Sdk\tools;C:\Users\Jaywant\AppData\Local\Programs\Python\Python313\Scripts\;C:\Users\Jaywant\AppData\Local\Programs\Python\Python313\;C:\Users\Jaywant\AppData\Local\Programs\Python\Launcher\;C:\Program Files\MySQL\MySQL Shell 8.0\bin\;C:\Users\Jaywant\AppData\Local\Microsoft\WindowsApps;C:\Users\Jaywant\AppData\Roaming\npm;C:\Users\Jaywant\AppData\Local\Programs\Microsoft VS Code\bin;C:\Users\Jaywant\AppData\Local\GitHubDesktop\bin;C:\Users\Jaywant\AppData\Local\Programs\cursor\resources\app\bin
USERNAME=Jaywant
OS=Windows_NT
PROCESSOR_IDENTIFIER=AMD64 Family 25 Model 80 Stepping 0, AuthenticAMD
TMP=C:\Users\Jaywant\AppData\Local\Temp
TEMP=C:\Users\Jaywant\AppData\Local\Temp




Periodic native trim disabled

---------------  S Y S T E M  ---------------

OS:
 Windows 11 , 64 bit Build 26100 (10.0.26100.3912)
OS uptime: 0 days 1:13 hours
Hyper-V role detected

CPU: total 12 (initial active 12) (12 cores per cpu, 2 threads per core) family 25 model 80 stepping 0 microcode 0xa500011, cx8, cmov, fxsr, ht, mmx, 3dnowpref, sse, sse2, sse3, ssse3, sse4a, sse4.1, sse4.2, popcnt, lzcnt, tsc, tscinvbit, avx, avx2, aes, erms, clmul, bmi1, bmi2, adx, sha, fma, vzeroupper, clflush, clflushopt, hv, rdtscp, rdpid, fsrm, f16c, cet_ss
Processor Information for the first 12 processors :
  Max Mhz: 3301, Current Mhz: 3301, Mhz Limit: 3301

Memory: 4k page, system-wide physical 7521M (728M free)
TotalPageFile size 31073M (AvailPageFile size 24M)
current process WorkingSet (physical memory assigned to process): 154M, peak: 154M
current process commit charge ("private bytes"): 258M, peak: 259M

vm_info: OpenJDK 64-Bit Server VM (21.0.6+7-LTS) for windows-amd64 JRE (21.0.6+7-LTS), built on 2025-01-21T00:00:00Z by "admin" with MS VC++ 17.7 (VS2022)

END.
