#
# There is insufficient memory for the Java Runtime Environment to continue.
# Native memory allocation (malloc) failed to allocate 1175696 bytes. Error detail: Chunk::new
# Possible reasons:
#   The system is out of physical RAM or swap space
#   This process is running with CompressedOops enabled, and the Java Heap may be blocking the growth of the native heap
# Possible solutions:
#   Reduce memory load on the system
#   Increase physical memory or swap space
#   Check if swap backing store is full
#   Decrease Java heap size (-Xmx/-Xms)
#   Decrease number of Java threads
#   Decrease Java thread stack sizes (-Xss)
#   Set larger code cache with -XX:ReservedCodeCacheSize=
#   JVM is running with Unscaled Compressed Oops mode in which the Java heap is
#     placed in the first 4GB address space. The Java Heap base address is the
#     maximum limit for the native heap growth. Please use -XX:HeapBaseMinAddress
#     to set the Java Heap base and to place the Java Heap above 4GB virtual address.
# This output file may be truncated or incomplete.
#
#  Out of Memory Error (arena.cpp:168), pid=13228, tid=12940
#
# JRE version: OpenJDK Runtime Environment Temurin-21.0.6+7 (21.0.6+7) (build 21.0.6+7-LTS)
# Java VM: OpenJDK 64-Bit Server VM Temurin-21.0.6+7 (21.0.6+7-LTS, mixed mode, sharing, tiered, compressed oops, compressed class ptrs, parallel gc, windows-amd64)
# No core dump will be written. Minidumps are not enabled by default on client versions of Windows
#

---------------  S U M M A R Y ------------

Command Line: --add-modules=ALL-SYSTEM --add-opens=java.base/java.util=ALL-UNNAMED --add-opens=java.base/java.lang=ALL-UNNAMED --add-opens=java.base/sun.nio.fs=ALL-UNNAMED -Declipse.application=org.eclipse.jdt.ls.core.id1 -Dosgi.bundles.defaultStartLevel=4 -Declipse.product=org.eclipse.jdt.ls.core.product -Djava.import.generatesMetadataFilesAtProjectRoot=false -DDetectVMInstallationsJob.disabled=true -Dfile.encoding=utf8 -XX:+UseParallelGC -XX:GCTimeRatio=4 -XX:AdaptiveSizePolicyWeight=90 -Dsun.zip.disableMemoryMapping=true -Xmx1G -Xms100m -Xlog:disable -javaagent:c:\Users\Jaywant\.cursor\extensions\redhat.java-1.41.1-win32-x64\lombok\lombok-1.18.36.jar -XX:+HeapDumpOnOutOfMemoryError -XX:HeapDumpPath=c:\Users\Jaywant\AppData\Roaming\Cursor\User\workspaceStorage\cc623adeb21d3940532c846187689d28\redhat.java -Daether.dependencyCollector.impl=bf c:\Users\Jaywant\.cursor\extensions\redhat.java-1.41.1-win32-x64\server\plugins\org.eclipse.equinox.launcher_1.7.0.v20250331-1702.jar -configuration c:\Users\Jaywant\AppData\Roaming\Cursor\User\globalStorage\redhat.java\1.41.1\config_win -data c:\Users\Jaywant\AppData\Roaming\Cursor\User\workspaceStorage\cc623adeb21d3940532c846187689d28\redhat.java\jdt_ws --pipe=\\.\pipe\lsp-2fdc1c5afc7a454e675d8682d4e7c3c1-sock

Host: AMD Ryzen 5 5600H with Radeon Graphics         , 12 cores, 7G,  Windows 11 , 64 bit Build 26100 (10.0.26100.3912)
Time: Wed May  7 13:04:21 2025 India Standard Time elapsed time: 16.901402 seconds (0d 0h 0m 16s)

---------------  T H R E A D  ---------------

Current thread (0x000001e8d7bfb340):  JavaThread "C2 CompilerThread0" daemon [_thread_in_native, id=12940, stack(0x000000a36d000000,0x000000a36d100000) (1024K)]


Current CompileTask:
C2:16901 12098       4       org.lombokweb.asm.SymbolTable::<init> (536 bytes)

Stack: [0x000000a36d000000,0x000000a36d100000]
Native frames: (J=compiled Java code, j=interpreted, Vv=VM code, C=native code)
V  [jvm.dll+0x6cdee9]
V  [jvm.dll+0x8a83d1]
V  [jvm.dll+0x8aa8fe]
V  [jvm.dll+0x8aafe3]
V  [jvm.dll+0x27f706]
V  [jvm.dll+0xc500d]
V  [jvm.dll+0xc5543]
V  [jvm.dll+0x2f2acd]
V  [jvm.dll+0x5f6a2a]
V  [jvm.dll+0x250bb2]
V  [jvm.dll+0x250f6f]
V  [jvm.dll+0x249834]
V  [jvm.dll+0x246ec4]
V  [jvm.dll+0x1c75ee]
V  [jvm.dll+0x25685a]
V  [jvm.dll+0x254dfa]
V  [jvm.dll+0x3f0256]
V  [jvm.dll+0x851f8b]
V  [jvm.dll+0x6cc5ed]
C  [ucrtbase.dll+0x37b0]
C  [KERNEL32.DLL+0x2e8d7]
C  [ntdll.dll+0x9c5dc]


---------------  P R O C E S S  ---------------

Threads class SMR info:
_java_thread_list=0x000001e8eb6c9a70, length=74, elements={
0x000001e8fff30c20, 0x000001e8957293e0, 0x000001e89572b6e0, 0x000001e895732650,
0x000001e8957350b0, 0x000001e895737060, 0x000001e89573d1a0, 0x000001e8d7bfb340,
0x000001e8d7bfcde0, 0x000001e8fff980c0, 0x000001e8d7df5850, 0x000001e8d7ec7020,
0x000001e8ddafa270, 0x000001e8dd27bcd0, 0x000001e8dd2286a0, 0x000001e8dd570d80,
0x000001e8dd988990, 0x000001e8de0640b0, 0x000001e8ddeb34c0, 0x000001e8ddeb41e0,
0x000001e8ddeb4870, 0x000001e8ddeb27a0, 0x000001e8ddeb5590, 0x000001e8ddeb2e30,
0x000001e8ddeb5c20, 0x000001e8dfab1bf0, 0x000001e8deb62080, 0x000001e8deb65500,
0x000001e8deb647e0, 0x000001e8deb64150, 0x000001e8deb64e70, 0x000001e8deb62710,
0x000001e8deb62da0, 0x000001e8deb63ac0, 0x000001e8deb63430, 0x000001e8e0cc4c20,
0x000001e8e0cc3f00, 0x000001e8e0cc3870, 0x000001e8e0cc4590, 0x000001e8e0cc52b0,
0x000001e8e0cc5940, 0x000001e8e0cc2b50, 0x000001e8e0cc24c0, 0x000001e8e0cc5fd0,
0x000001e8e0cc6660, 0x000001e8e0cc7380, 0x000001e8e0cc7a10, 0x000001e8e0cc80a0,
0x000001e8e0cc8730, 0x000001e8e0cc8dc0, 0x000001e8e0cc9450, 0x000001e8e0cc6cf0,
0x000001e8e0cc9ae0, 0x000001e8dfcf8e70, 0x000001e8dfcf59f0, 0x000001e8dfcf7ac0,
0x000001e8dfcf9500, 0x000001e8dfcf87e0, 0x000001e8dfcf8150, 0x000001e8dfcf6080,
0x000001e8dfcf9b90, 0x000001e8dfcf6710, 0x000001e8dfcfc980, 0x000001e8dfcfa220,
0x000001e8dfcfbc60, 0x000001e8dfcfaf40, 0x000001e8dfcfb5d0, 0x000001e8dfcfc2f0,
0x000001e8dfcfa8b0, 0x000001e8ea1ef440, 0x000001e8ea1ee090, 0x000001e8ea1f1510,
0x000001e8ea1f2230, 0x000001e8ea1f0e80
}

Java Threads: ( => current thread )
  0x000001e8fff30c20 JavaThread "main"                              [_thread_blocked, id=12296, stack(0x000000a36c600000,0x000000a36c700000) (1024K)]
  0x000001e8957293e0 JavaThread "Reference Handler"          daemon [_thread_blocked, id=25296, stack(0x000000a36ca00000,0x000000a36cb00000) (1024K)]
  0x000001e89572b6e0 JavaThread "Finalizer"                  daemon [_thread_blocked, id=26432, stack(0x000000a36cb00000,0x000000a36cc00000) (1024K)]
  0x000001e895732650 JavaThread "Signal Dispatcher"          daemon [_thread_blocked, id=25720, stack(0x000000a36cc00000,0x000000a36cd00000) (1024K)]
  0x000001e8957350b0 JavaThread "Attach Listener"            daemon [_thread_blocked, id=23660, stack(0x000000a36cd00000,0x000000a36ce00000) (1024K)]
  0x000001e895737060 JavaThread "Service Thread"             daemon [_thread_blocked, id=16584, stack(0x000000a36ce00000,0x000000a36cf00000) (1024K)]
  0x000001e89573d1a0 JavaThread "Monitor Deflation Thread"   daemon [_thread_blocked, id=20000, stack(0x000000a36cf00000,0x000000a36d000000) (1024K)]
=>0x000001e8d7bfb340 JavaThread "C2 CompilerThread0"         daemon [_thread_in_native, id=12940, stack(0x000000a36d000000,0x000000a36d100000) (1024K)]
  0x000001e8d7bfcde0 JavaThread "C1 CompilerThread0"         daemon [_thread_blocked, id=26080, stack(0x000000a36d100000,0x000000a36d200000) (1024K)]
  0x000001e8fff980c0 JavaThread "Common-Cleaner"             daemon [_thread_blocked, id=19956, stack(0x000000a36d200000,0x000000a36d300000) (1024K)]
  0x000001e8d7df5850 JavaThread "C2 CompilerThread1"         daemon [_thread_in_native, id=5084, stack(0x000000a36d300000,0x000000a36d400000) (1024K)]
  0x000001e8d7ec7020 JavaThread "Notification Thread"        daemon [_thread_blocked, id=26596, stack(0x000000a36d400000,0x000000a36d500000) (1024K)]
  0x000001e8ddafa270 JavaThread "Active Thread: Equinox Container: d8a40903-2b3b-40e8-8f57-404ac1632055"        [_thread_blocked, id=23960, stack(0x000000a36dc00000,0x000000a36dd00000) (1024K)]
  0x000001e8dd27bcd0 JavaThread "Refresh Thread: Equinox Container: d8a40903-2b3b-40e8-8f57-404ac1632055" daemon [_thread_blocked, id=24216, stack(0x000000a36dd00000,0x000000a36de00000) (1024K)]
  0x000001e8dd2286a0 JavaThread "Framework Event Dispatcher: Equinox Container: d8a40903-2b3b-40e8-8f57-404ac1632055" daemon [_thread_blocked, id=20284, stack(0x000000a36df00000,0x000000a36e000000) (1024K)]
  0x000001e8dd570d80 JavaThread "Start Level: Equinox Container: d8a40903-2b3b-40e8-8f57-404ac1632055" daemon [_thread_blocked, id=24784, stack(0x000000a36e000000,0x000000a36e100000) (1024K)]
  0x000001e8dd988990 JavaThread "Bundle File Closer"         daemon [_thread_blocked, id=26172, stack(0x000000a36e100000,0x000000a36e200000) (1024K)]
  0x000001e8de0640b0 JavaThread "SCR Component Actor"        daemon [_thread_blocked, id=24508, stack(0x000000a36e400000,0x000000a36e500000) (1024K)]
  0x000001e8ddeb34c0 JavaThread "Worker-JM"                         [_thread_blocked, id=25748, stack(0x000000a36e500000,0x000000a36e600000) (1024K)]
  0x000001e8ddeb41e0 JavaThread "JNA Cleaner"                daemon [_thread_blocked, id=19844, stack(0x000000a36e600000,0x000000a36e700000) (1024K)]
  0x000001e8ddeb4870 JavaThread "Worker-0"                          [_thread_blocked, id=14128, stack(0x000000a36e700000,0x000000a36e800000) (1024K)]
  0x000001e8ddeb27a0 JavaThread "Worker-1: Initialize workspace"        [_thread_in_Java, id=22344, stack(0x000000a36e800000,0x000000a36e900000) (1024K)]
  0x000001e8ddeb5590 JavaThread "Worker-2"                          [_thread_blocked, id=26500, stack(0x000000a36e900000,0x000000a36ea00000) (1024K)]
  0x000001e8ddeb2e30 JavaThread "Java indexing"              daemon [_thread_in_native, id=20120, stack(0x000000a36ea00000,0x000000a36eb00000) (1024K)]
  0x000001e8ddeb5c20 JavaThread "Worker-3"                          [_thread_blocked, id=10092, stack(0x000000a36eb00000,0x000000a36ec00000) (1024K)]
  0x000001e8dfab1bf0 JavaThread "C2 CompilerThread2"         daemon [_thread_in_native, id=12872, stack(0x000000a36ec00000,0x000000a36ed00000) (1024K)]
  0x000001e8deb62080 JavaThread "Worker-4: Publish Diagnostics"        [_thread_in_native, id=15084, stack(0x000000a36ed00000,0x000000a36ee00000) (1024K)]
  0x000001e8deb65500 JavaThread "Worker-5: Java indexing... "        [_thread_blocked, id=25304, stack(0x000000a36f000000,0x000000a36f100000) (1024K)]
  0x000001e8deb647e0 JavaThread "Worker-6"                          [_thread_blocked, id=15008, stack(0x000000a36f100000,0x000000a36f200000) (1024K)]
  0x000001e8deb64150 JavaThread "Thread-2"                   daemon [_thread_in_native, id=26264, stack(0x000000a36f200000,0x000000a36f300000) (1024K)]
  0x000001e8deb64e70 JavaThread "Thread-3"                   daemon [_thread_in_native, id=19680, stack(0x000000a36f300000,0x000000a36f400000) (1024K)]
  0x000001e8deb62710 JavaThread "Thread-4"                   daemon [_thread_in_native, id=14660, stack(0x000000a36f400000,0x000000a36f500000) (1024K)]
  0x000001e8deb62da0 JavaThread "Thread-5"                   daemon [_thread_in_native, id=14228, stack(0x000000a36f500000,0x000000a36f600000) (1024K)]
  0x000001e8deb63ac0 JavaThread "Thread-6"                   daemon [_thread_in_native, id=20200, stack(0x000000a36f600000,0x000000a36f700000) (1024K)]
  0x000001e8deb63430 JavaThread "Thread-7"                   daemon [_thread_in_native, id=19460, stack(0x000000a36f700000,0x000000a36f800000) (1024K)]
  0x000001e8e0cc4c20 JavaThread "Thread-8"                   daemon [_thread_in_native, id=17776, stack(0x000000a36f800000,0x000000a36f900000) (1024K)]
  0x000001e8e0cc3f00 JavaThread "Thread-9"                   daemon [_thread_in_native, id=26352, stack(0x000000a36f900000,0x000000a36fa00000) (1024K)]
  0x000001e8e0cc3870 JavaThread "Thread-10"                  daemon [_thread_in_native, id=25176, stack(0x000000a36fa00000,0x000000a36fb00000) (1024K)]
  0x000001e8e0cc4590 JavaThread "Thread-11"                  daemon [_thread_in_native, id=19872, stack(0x000000a36fb00000,0x000000a36fc00000) (1024K)]
  0x000001e8e0cc52b0 JavaThread "Thread-12"                  daemon [_thread_in_native, id=7316, stack(0x000000a36fc00000,0x000000a36fd00000) (1024K)]
  0x000001e8e0cc5940 JavaThread "Thread-13"                  daemon [_thread_in_native, id=4788, stack(0x000000a36fd00000,0x000000a36fe00000) (1024K)]
  0x000001e8e0cc2b50 JavaThread "Thread-14"                  daemon [_thread_in_native, id=18940, stack(0x000000a36fe00000,0x000000a36ff00000) (1024K)]
  0x000001e8e0cc24c0 JavaThread "pool-2-thread-1"                   [_thread_blocked, id=26424, stack(0x000000a36ff00000,0x000000a370000000) (1024K)]
  0x000001e8e0cc5fd0 JavaThread "WorkspaceEventsHandler"            [_thread_blocked, id=21372, stack(0x000000a370000000,0x000000a370100000) (1024K)]
  0x000001e8e0cc6660 JavaThread "pool-1-thread-1"                   [_thread_blocked, id=24320, stack(0x000000a370100000,0x000000a370200000) (1024K)]
  0x000001e8e0cc7380 JavaThread "Worker-7"                          [_thread_blocked, id=25000, stack(0x000000a370200000,0x000000a370300000) (1024K)]
  0x000001e8e0cc7a10 JavaThread "LocalFile Deleter"          daemon [_thread_blocked, id=23324, stack(0x000000a370300000,0x000000a370400000) (1024K)]
  0x000001e8e0cc80a0 JavaThread "LocalFile Deleter"          daemon [_thread_blocked, id=20292, stack(0x000000a370400000,0x000000a370500000) (1024K)]
  0x000001e8e0cc8730 JavaThread "Compiler Source File Reader" daemon [_thread_blocked, id=6448, stack(0x000000a370500000,0x000000a370600000) (1024K)]
  0x000001e8e0cc8dc0 JavaThread "Compiler Source File Reader" daemon [_thread_blocked, id=7288, stack(0x000000a370600000,0x000000a370700000) (1024K)]
  0x000001e8e0cc9450 JavaThread "Compiler Source File Reader" daemon [_thread_blocked, id=26084, stack(0x000000a370700000,0x000000a370800000) (1024K)]
  0x000001e8e0cc6cf0 JavaThread "Compiler Source File Reader" daemon [_thread_blocked, id=20476, stack(0x000000a370800000,0x000000a370900000) (1024K)]
  0x000001e8e0cc9ae0 JavaThread "Compiler Source File Reader" daemon [_thread_blocked, id=11952, stack(0x000000a370900000,0x000000a370a00000) (1024K)]
  0x000001e8dfcf8e70 JavaThread "Compiler Source File Reader" daemon [_thread_blocked, id=22476, stack(0x000000a370a00000,0x000000a370b00000) (1024K)]
  0x000001e8dfcf59f0 JavaThread "Compiler Source File Reader" daemon [_thread_blocked, id=24732, stack(0x000000a370b00000,0x000000a370c00000) (1024K)]
  0x000001e8dfcf7ac0 JavaThread "Compiler Source File Reader" daemon [_thread_blocked, id=19224, stack(0x000000a370c00000,0x000000a370d00000) (1024K)]
  0x000001e8dfcf9500 JavaThread "Compiler Source File Reader" daemon [_thread_blocked, id=10636, stack(0x000000a370d00000,0x000000a370e00000) (1024K)]
  0x000001e8dfcf87e0 JavaThread "Compiler Source File Reader" daemon [_thread_blocked, id=20208, stack(0x000000a370e00000,0x000000a370f00000) (1024K)]
  0x000001e8dfcf8150 JavaThread "Compiler Processing Task"   daemon [_thread_blocked, id=24672, stack(0x000000a36d500000,0x000000a36d600000) (1024K)]
  0x000001e8dfcf6080 JavaThread "Compiler Class File Writer" daemon [_thread_blocked, id=20696, stack(0x000000a370f00000,0x000000a371000000) (1024K)]
  0x000001e8dfcf9b90 JavaThread "Compiler Class File Writer" daemon [_thread_blocked, id=9008, stack(0x000000a371000000,0x000000a371100000) (1024K)]
  0x000001e8dfcf6710 JavaThread "Compiler Class File Writer" daemon [_thread_blocked, id=23540, stack(0x000000a371100000,0x000000a371200000) (1024K)]
  0x000001e8dfcfc980 JavaThread "Compiler Class File Writer" daemon [_thread_blocked, id=5212, stack(0x000000a371200000,0x000000a371300000) (1024K)]
  0x000001e8dfcfa220 JavaThread "Compiler Class File Writer" daemon [_thread_blocked, id=10212, stack(0x000000a371300000,0x000000a371400000) (1024K)]
  0x000001e8dfcfbc60 JavaThread "Compiler Class File Writer" daemon [_thread_blocked, id=19976, stack(0x000000a371400000,0x000000a371500000) (1024K)]
  0x000001e8dfcfaf40 JavaThread "Compiler Class File Writer" daemon [_thread_blocked, id=2540, stack(0x000000a371500000,0x000000a371600000) (1024K)]
  0x000001e8dfcfb5d0 JavaThread "Compiler Class File Writer" daemon [_thread_blocked, id=7724, stack(0x000000a371600000,0x000000a371700000) (1024K)]
  0x000001e8dfcfc2f0 JavaThread "Compiler Class File Writer" daemon [_thread_blocked, id=21256, stack(0x000000a371700000,0x000000a371800000) (1024K)]
  0x000001e8dfcfa8b0 JavaThread "Compiler Class File Writer" daemon [_thread_blocked, id=17212, stack(0x000000a371800000,0x000000a371900000) (1024K)]
  0x000001e8ea1ef440 JavaThread "LocalFile Deleter"          daemon [_thread_blocked, id=5672, stack(0x000000a371900000,0x000000a371a00000) (1024K)]
  0x000001e8ea1ee090 JavaThread "ForkJoinPool.commonPool-worker-1" daemon [_thread_in_Java, id=25156, stack(0x000000a371a00000,0x000000a371b00000) (1024K)]
  0x000001e8ea1f1510 JavaThread "ForkJoinPool.commonPool-worker-2" daemon [_thread_blocked, id=26212, stack(0x000000a371b00000,0x000000a371c00000) (1024K)]
  0x000001e8ea1f2230 JavaThread "ForkJoinPool.commonPool-worker-3" daemon [_thread_blocked, id=24428, stack(0x000000a371c00000,0x000000a371d00000) (1024K)]
  0x000001e8ea1f0e80 JavaThread "SCR Component Registry"     daemon [_thread_blocked, id=25648, stack(0x000000a371d00000,0x000000a371e00000) (1024K)]
Total: 74

Other Threads:
  0x000001e8fffc6eb0 VMThread "VM Thread"                           [id=25468, stack(0x000000a36c900000,0x000000a36ca00000) (1024K)] _threads_hazard_ptr=0x000001e8eb6c9a70
  0x000001e89561ca00 WatcherThread "VM Periodic Task Thread"        [id=21368, stack(0x000000a36c800000,0x000000a36c900000) (1024K)]
  0x000001e8fff48280 WorkerThread "GC Thread#0"                     [id=12740, stack(0x000000a36c700000,0x000000a36c800000) (1024K)]
  0x000001e8dd6f8360 WorkerThread "GC Thread#1"                     [id=26400, stack(0x000000a36d600000,0x000000a36d700000) (1024K)]
  0x000001e8dd6f8700 WorkerThread "GC Thread#2"                     [id=13680, stack(0x000000a36d700000,0x000000a36d800000) (1024K)]
  0x000001e8dd509210 WorkerThread "GC Thread#3"                     [id=21352, stack(0x000000a36d800000,0x000000a36d900000) (1024K)]
  0x000001e8dd00e0b0 WorkerThread "GC Thread#4"                     [id=8320, stack(0x000000a36d900000,0x000000a36da00000) (1024K)]
  0x000001e8dd00e450 WorkerThread "GC Thread#5"                     [id=12576, stack(0x000000a36da00000,0x000000a36db00000) (1024K)]
  0x000001e8dd00e7f0 WorkerThread "GC Thread#6"                     [id=17184, stack(0x000000a36db00000,0x000000a36dc00000) (1024K)]
  0x000001e8ddb2a450 WorkerThread "GC Thread#7"                     [id=21028, stack(0x000000a36de00000,0x000000a36df00000) (1024K)]
  0x000001e8de03e9f0 WorkerThread "GC Thread#8"                     [id=13284, stack(0x000000a36e200000,0x000000a36e300000) (1024K)]
  0x000001e8de03ed90 WorkerThread "GC Thread#9"                     [id=7844, stack(0x000000a36e300000,0x000000a36e400000) (1024K)]
Total: 12

Threads with active compile tasks:
C2 CompilerThread0  16945 12098       4       org.lombokweb.asm.SymbolTable::<init> (536 bytes)
C1 CompilerThread0  16945 12299       2       org.eclipse.jdt.internal.core.util.HashtableOfArrayToObject::get (69 bytes)
C2 CompilerThread1  16946 12140   !   4       org.eclipse.jdt.internal.compiler.classfmt.ClassFileReader::<init> (2135 bytes)
C2 CompilerThread2  16946 12283       4       org.eclipse.jdt.internal.core.JarPackageFragmentRoot::initRawPackageInfo (292 bytes)
Total: 4

VM state: synchronizing (normal execution)

VM Mutex/Monitor currently owned by a thread:  ([mutex/lock_event])
[0x00007ff88342e380] Threads_lock - owner thread: 0x000001e8fffc6eb0
[0x00007ff88342e480] Heap_lock - owner thread: 0x000001e8ddeb2e30

Heap address: 0x00000000c0000000, size: 1024 MB, Compressed Oops mode: 32-bit

CDS archive(s) mapped at: [0x000001e896000000-0x000001e896ba0000-0x000001e896ba0000), size 12189696, SharedBaseAddress: 0x000001e896000000, ArchiveRelocationMode: 1.
Compressed class space mapped at: 0x000001e897000000-0x000001e8d7000000, reserved size: 1073741824
Narrow klass base: 0x000001e896000000, Narrow klass shift: 0, Narrow klass range: 0x100000000

GC Precious Log:
 CardTable entry size: 512
 CPUs: 12 total, 12 available
 Memory: 7521M
 Large Page Support: Disabled
 NUMA Support: Disabled
 Compressed Oops: Enabled (32-bit)
 Alignments: Space 512K, Generation 512K, Heap 2M
 Heap Min Capacity: 100M
 Heap Initial Capacity: 100M
 Heap Max Capacity: 1G
 Pre-touch: Disabled
 Parallel Workers: 10

Heap:
 PSYoungGen      total 19968K, used 19909K [0x00000000eab00000, 0x00000000ec180000, 0x0000000100000000)
  eden space 18944K, 100% used [0x00000000eab00000,0x00000000ebd80000,0x00000000ebd80000)
  from space 1024K, 94% used [0x00000000ec080000,0x00000000ec1716a8,0x00000000ec180000)
  to   space 1024K, 0% used [0x00000000ebf80000,0x00000000ebf80000,0x00000000ec080000)
 ParOldGen       total 347136K, used 346881K [0x00000000c0000000, 0x00000000d5300000, 0x00000000eab00000)
  object space 347136K, 99% used [0x00000000c0000000,0x00000000d52c06f8,0x00000000d5300000)
 Metaspace       used 64974K, committed 66432K, reserved 1114112K
  class space    used 6598K, committed 7232K, reserved 1048576K

Card table byte_map: [0x000001e8ff8c0000,0x000001e8ffad0000] _byte_map_base: 0x000001e8ff2c0000

Marking Bits: (ParMarkBitMap*) 0x00007ff883433260
 Begin Bits: [0x000001e893540000, 0x000001e894540000)
 End Bits:   [0x000001e894540000, 0x000001e895540000)

Polling page: 0x000001e8ff1a0000

Metaspace:

Usage:
  Non-class:     57.01 MB used.
      Class:      6.44 MB used.
       Both:     63.45 MB used.

Virtual space:
  Non-class space:       64.00 MB reserved,      57.81 MB ( 90%) committed,  1 nodes.
      Class space:        1.00 GB reserved,       7.06 MB ( <1%) committed,  1 nodes.
             Both:        1.06 GB reserved,      64.88 MB (  6%) committed. 

Chunk freelists:
   Non-Class:  5.61 MB
       Class:  8.76 MB
        Both:  14.37 MB

MaxMetaspaceSize: unlimited
CompressedClassSpaceSize: 1.00 GB
Initial GC threshold: 21.00 MB
Current GC threshold: 97.31 MB
CDS: on
 - commit_granule_bytes: 65536.
 - commit_granule_words: 8192.
 - virtual_space_node_default_size: 8388608.
 - enlarge_chunks_in_place: 1.
 - use_allocation_guard: 0.


Internal statistics:

num_allocs_failed_limit: 19.
num_arena_births: 1256.
num_arena_deaths: 14.
num_vsnodes_births: 2.
num_vsnodes_deaths: 0.
num_space_committed: 1038.
num_space_uncommitted: 0.
num_chunks_returned_to_freelist: 33.
num_chunks_taken_from_freelist: 4367.
num_chunk_merges: 16.
num_chunk_splits: 2674.
num_chunks_enlarged: 1467.
num_inconsistent_stats: 0.

CodeHeap 'non-profiled nmethods': size=120000Kb used=8130Kb max_used=8130Kb free=111869Kb
 bounds [0x000001e88c010000, 0x000001e88c810000, 0x000001e893540000]
CodeHeap 'profiled nmethods': size=120000Kb used=26506Kb max_used=26506Kb free=93493Kb
 bounds [0x000001e884540000, 0x000001e885f30000, 0x000001e88ba70000]
CodeHeap 'non-nmethods': size=5760Kb used=1451Kb max_used=1504Kb free=4308Kb
 bounds [0x000001e88ba70000, 0x000001e88bce0000, 0x000001e88c010000]
 total_blobs=12240 nmethods=11475 adapters=670
 compilation: enabled
              stopped_count=0, restarted_count=0
 full_count=0

Compilation events (20 events):
Event: 15.852 Thread 0x000001e8d7bfcde0 12263       2       org.eclipse.jdt.internal.core.JavaModelManager::getLocalFile (131 bytes)
Event: 15.853 Thread 0x000001e8d7bfcde0 nmethod 12263 0x000001e885f03310 code [0x000001e885f03620, 0x000001e885f04020]
Event: 15.853 Thread 0x000001e8d7bfcde0 12264       3       java.text.MessageFormat::subformat (542 bytes)
Event: 15.857 Thread 0x000001e8d7bfcde0 nmethod 12264 0x000001e885f04810 code [0x000001e885f04e80, 0x000001e885f093b0]
Event: 15.858 Thread 0x000001e8d7bfcde0 12265   !   2       org.eclipse.jdt.internal.core.JavaModelManager::addInvalidArchive (64 bytes)
Event: 15.858 Thread 0x000001e8d7bfcde0 nmethod 12265 0x000001e885f0ac10 code [0x000001e885f0ae20, 0x000001e885f0b2e8]
Event: 15.882 Thread 0x000001e8d7bfcde0 12266       2       java.util.AbstractMap::keySet (25 bytes)
Event: 15.882 Thread 0x000001e8d7bfcde0 nmethod 12266 0x000001e885f0b590 code [0x000001e885f0b720, 0x000001e885f0b8c0]
Event: 15.882 Thread 0x000001e8d7bfcde0 12267       2       java.util.stream.ReferencePipeline::lambda$toArray$0 (5 bytes)
Event: 15.882 Thread 0x000001e8d7bfcde0 nmethod 12267 0x000001e885f0b990 code [0x000001e885f0bb20, 0x000001e885f0bc98]
Event: 15.882 Thread 0x000001e8d7bfcde0 12268       2       java.util.stream.ReferencePipeline$$Lambda/0x000001e897303ea0::apply (5 bytes)
Event: 15.882 Thread 0x000001e8d7bfcde0 nmethod 12268 0x000001e885f0bd10 code [0x000001e885f0bea0, 0x000001e885f0c038]
Event: 15.884 Thread 0x000001e8d7bfcde0 12269   !   3       org.eclipse.jdt.internal.core.JarPackageFragmentRoot::computeChildren (605 bytes)
Event: 15.892 Thread 0x000001e8d7bfcde0 nmethod 12269 0x000001e885f0c110 code [0x000001e885f0cae0, 0x000001e885f13510]
Event: 15.892 Thread 0x000001e8d7bfcde0 12270       2       java.util.HashMap$EntrySet::size (8 bytes)
Event: 15.892 Thread 0x000001e8d7bfcde0 nmethod 12270 0x000001e885f16890 code [0x000001e885f16a20, 0x000001e885f16b30]
Event: 15.893 Thread 0x000001e8d7bfcde0 12271       2       java.util.AbstractMap$1::iterator (9 bytes)
Event: 15.893 Thread 0x000001e8d7bfcde0 nmethod 12271 0x000001e885f16c10 code [0x000001e885f16dc0, 0x000001e885f16fd0]
Event: 15.893 Thread 0x000001e8d7bfcde0 12272       2       java.util.AbstractMap$1$1::<init> (29 bytes)
Event: 15.893 Thread 0x000001e8d7bfcde0 nmethod 12272 0x000001e885f17090 code [0x000001e885f17240, 0x000001e885f173f0]

GC Heap History (20 events):
Event: 15.687 GC heap after
{Heap after GC invocations=373 (full 3):
 PSYoungGen      total 12800K, used 320K [0x00000000eab00000, 0x00000000ebb00000, 0x0000000100000000)
  eden space 12288K, 0% used [0x00000000eab00000,0x00000000eab00000,0x00000000eb700000)
  from space 512K, 62% used [0x00000000eba80000,0x00000000ebad0000,0x00000000ebb00000)
  to   space 512K, 0% used [0x00000000eba00000,0x00000000eba00000,0x00000000eba80000)
 ParOldGen       total 341504K, used 341045K [0x00000000c0000000, 0x00000000d4d80000, 0x00000000eab00000)
  object space 341504K, 99% used [0x00000000c0000000,0x00000000d4d0d5c0,0x00000000d4d80000)
 Metaspace       used 64944K, committed 66368K, reserved 1114112K
  class space    used 6597K, committed 7232K, reserved 1048576K
}
Event: 15.697 GC heap before
{Heap before GC invocations=374 (full 3):
 PSYoungGen      total 12800K, used 12608K [0x00000000eab00000, 0x00000000ebb00000, 0x0000000100000000)
  eden space 12288K, 100% used [0x00000000eab00000,0x00000000eb700000,0x00000000eb700000)
  from space 512K, 62% used [0x00000000eba80000,0x00000000ebad0000,0x00000000ebb00000)
  to   space 512K, 0% used [0x00000000eba00000,0x00000000eba00000,0x00000000eba80000)
 ParOldGen       total 341504K, used 341045K [0x00000000c0000000, 0x00000000d4d80000, 0x00000000eab00000)
  object space 341504K, 99% used [0x00000000c0000000,0x00000000d4d0d5c0,0x00000000d4d80000)
 Metaspace       used 64947K, committed 66368K, reserved 1114112K
  class space    used 6597K, committed 7232K, reserved 1048576K
}
Event: 15.703 GC heap after
{Heap after GC invocations=374 (full 3):
 PSYoungGen      total 15360K, used 501K [0x00000000eab00000, 0x00000000ebc80000, 0x0000000100000000)
  eden space 14848K, 0% used [0x00000000eab00000,0x00000000eab00000,0x00000000eb980000)
  from space 512K, 97% used [0x00000000eba00000,0x00000000eba7d6b0,0x00000000eba80000)
  to   space 1536K, 0% used [0x00000000ebb00000,0x00000000ebb00000,0x00000000ebc80000)
 ParOldGen       total 342016K, used 341639K [0x00000000c0000000, 0x00000000d4e00000, 0x00000000eab00000)
  object space 342016K, 99% used [0x00000000c0000000,0x00000000d4da1e28,0x00000000d4e00000)
 Metaspace       used 64947K, committed 66368K, reserved 1114112K
  class space    used 6597K, committed 7232K, reserved 1048576K
}
Event: 15.714 GC heap before
{Heap before GC invocations=375 (full 3):
 PSYoungGen      total 15360K, used 15349K [0x00000000eab00000, 0x00000000ebc80000, 0x0000000100000000)
  eden space 14848K, 100% used [0x00000000eab00000,0x00000000eb980000,0x00000000eb980000)
  from space 512K, 97% used [0x00000000eba00000,0x00000000eba7d6b0,0x00000000eba80000)
  to   space 1536K, 0% used [0x00000000ebb00000,0x00000000ebb00000,0x00000000ebc80000)
 ParOldGen       total 342016K, used 341639K [0x00000000c0000000, 0x00000000d4e00000, 0x00000000eab00000)
  object space 342016K, 99% used [0x00000000c0000000,0x00000000d4da1e28,0x00000000d4e00000)
 Metaspace       used 64947K, committed 66368K, reserved 1114112K
  class space    used 6597K, committed 7232K, reserved 1048576K
}
Event: 15.716 GC heap after
{Heap after GC invocations=375 (full 3):
 PSYoungGen      total 16896K, used 699K [0x00000000eab00000, 0x00000000ebe80000, 0x0000000100000000)
  eden space 15360K, 0% used [0x00000000eab00000,0x00000000eab00000,0x00000000eba00000)
  from space 1536K, 45% used [0x00000000ebb00000,0x00000000ebbaec08,0x00000000ebc80000)
  to   space 1024K, 0% used [0x00000000eba00000,0x00000000eba00000,0x00000000ebb00000)
 ParOldGen       total 342528K, used 342162K [0x00000000c0000000, 0x00000000d4e80000, 0x00000000eab00000)
  object space 342528K, 99% used [0x00000000c0000000,0x00000000d4e24a20,0x00000000d4e80000)
 Metaspace       used 64947K, committed 66368K, reserved 1114112K
  class space    used 6597K, committed 7232K, reserved 1048576K
}
Event: 15.726 GC heap before
{Heap before GC invocations=376 (full 3):
 PSYoungGen      total 16896K, used 16058K [0x00000000eab00000, 0x00000000ebe80000, 0x0000000100000000)
  eden space 15360K, 99% used [0x00000000eab00000,0x00000000eb9fffb0,0x00000000eba00000)
  from space 1536K, 45% used [0x00000000ebb00000,0x00000000ebbaec08,0x00000000ebc80000)
  to   space 1024K, 0% used [0x00000000eba00000,0x00000000eba00000,0x00000000ebb00000)
 ParOldGen       total 342528K, used 342162K [0x00000000c0000000, 0x00000000d4e80000, 0x00000000eab00000)
  object space 342528K, 99% used [0x00000000c0000000,0x00000000d4e24a20,0x00000000d4e80000)
 Metaspace       used 64947K, committed 66368K, reserved 1114112K
  class space    used 6597K, committed 7232K, reserved 1048576K
}
Event: 15.728 GC heap after
{Heap after GC invocations=376 (full 3):
 PSYoungGen      total 16384K, used 746K [0x00000000eab00000, 0x00000000ebc00000, 0x0000000100000000)
  eden space 15360K, 0% used [0x00000000eab00000,0x00000000eab00000,0x00000000eba00000)
  from space 1024K, 72% used [0x00000000eba00000,0x00000000ebaba910,0x00000000ebb00000)
  to   space 1024K, 0% used [0x00000000ebb00000,0x00000000ebb00000,0x00000000ebc00000)
 ParOldGen       total 343040K, used 342725K [0x00000000c0000000, 0x00000000d4f00000, 0x00000000eab00000)
  object space 343040K, 99% used [0x00000000c0000000,0x00000000d4eb1628,0x00000000d4f00000)
 Metaspace       used 64947K, committed 66368K, reserved 1114112K
  class space    used 6597K, committed 7232K, reserved 1048576K
}
Event: 15.766 GC heap before
{Heap before GC invocations=377 (full 3):
 PSYoungGen      total 16384K, used 16106K [0x00000000eab00000, 0x00000000ebc00000, 0x0000000100000000)
  eden space 15360K, 100% used [0x00000000eab00000,0x00000000eba00000,0x00000000eba00000)
  from space 1024K, 72% used [0x00000000eba00000,0x00000000ebaba910,0x00000000ebb00000)
  to   space 1024K, 0% used [0x00000000ebb00000,0x00000000ebb00000,0x00000000ebc00000)
 ParOldGen       total 343040K, used 342725K [0x00000000c0000000, 0x00000000d4f00000, 0x00000000eab00000)
  object space 343040K, 99% used [0x00000000c0000000,0x00000000d4eb1628,0x00000000d4f00000)
 Metaspace       used 64947K, committed 66368K, reserved 1114112K
  class space    used 6597K, committed 7232K, reserved 1048576K
}
Event: 15.770 GC heap after
{Heap after GC invocations=377 (full 3):
 PSYoungGen      total 16384K, used 576K [0x00000000eab00000, 0x00000000ebc00000, 0x0000000100000000)
  eden space 15360K, 0% used [0x00000000eab00000,0x00000000eab00000,0x00000000eba00000)
  from space 1024K, 56% used [0x00000000ebb00000,0x00000000ebb90000,0x00000000ebc00000)
  to   space 1024K, 0% used [0x00000000eba00000,0x00000000eba00000,0x00000000ebb00000)
 ParOldGen       total 343552K, used 343253K [0x00000000c0000000, 0x00000000d4f80000, 0x00000000eab00000)
  object space 343552K, 99% used [0x00000000c0000000,0x00000000d4f35628,0x00000000d4f80000)
 Metaspace       used 64947K, committed 66368K, reserved 1114112K
  class space    used 6597K, committed 7232K, reserved 1048576K
}
Event: 15.781 GC heap before
{Heap before GC invocations=378 (full 3):
 PSYoungGen      total 16384K, used 15936K [0x00000000eab00000, 0x00000000ebc00000, 0x0000000100000000)
  eden space 15360K, 100% used [0x00000000eab00000,0x00000000eba00000,0x00000000eba00000)
  from space 1024K, 56% used [0x00000000ebb00000,0x00000000ebb90000,0x00000000ebc00000)
  to   space 1024K, 0% used [0x00000000eba00000,0x00000000eba00000,0x00000000ebb00000)
 ParOldGen       total 343552K, used 343253K [0x00000000c0000000, 0x00000000d4f80000, 0x00000000eab00000)
  object space 343552K, 99% used [0x00000000c0000000,0x00000000d4f35628,0x00000000d4f80000)
 Metaspace       used 64947K, committed 66368K, reserved 1114112K
  class space    used 6597K, committed 7232K, reserved 1048576K
}
Event: 15.788 GC heap after
{Heap after GC invocations=378 (full 3):
 PSYoungGen      total 16384K, used 983K [0x00000000eab00000, 0x00000000ec000000, 0x0000000100000000)
  eden space 15360K, 0% used [0x00000000eab00000,0x00000000eab00000,0x00000000eba00000)
  from space 1024K, 96% used [0x00000000eba00000,0x00000000ebaf5cc0,0x00000000ebb00000)
  to   space 1536K, 0% used [0x00000000ebe80000,0x00000000ebe80000,0x00000000ec000000)
 ParOldGen       total 344064K, used 343595K [0x00000000c0000000, 0x00000000d5000000, 0x00000000eab00000)
  object space 344064K, 99% used [0x00000000c0000000,0x00000000d4f8ace0,0x00000000d5000000)
 Metaspace       used 64947K, committed 66368K, reserved 1114112K
  class space    used 6597K, committed 7232K, reserved 1048576K
}
Event: 15.797 GC heap before
{Heap before GC invocations=379 (full 3):
 PSYoungGen      total 16384K, used 16343K [0x00000000eab00000, 0x00000000ec000000, 0x0000000100000000)
  eden space 15360K, 100% used [0x00000000eab00000,0x00000000eba00000,0x00000000eba00000)
  from space 1024K, 96% used [0x00000000eba00000,0x00000000ebaf5cc0,0x00000000ebb00000)
  to   space 1536K, 0% used [0x00000000ebe80000,0x00000000ebe80000,0x00000000ec000000)
 ParOldGen       total 344064K, used 343595K [0x00000000c0000000, 0x00000000d5000000, 0x00000000eab00000)
  object space 344064K, 99% used [0x00000000c0000000,0x00000000d4f8ace0,0x00000000d5000000)
 Metaspace       used 64947K, committed 66368K, reserved 1114112K
  class space    used 6597K, committed 7232K, reserved 1048576K
}
Event: 15.801 GC heap after
{Heap after GC invocations=379 (full 3):
 PSYoungGen      total 19456K, used 778K [0x00000000eab00000, 0x00000000ebf80000, 0x0000000100000000)
  eden space 18432K, 0% used [0x00000000eab00000,0x00000000eab00000,0x00000000ebd00000)
  from space 1024K, 76% used [0x00000000ebe80000,0x00000000ebf42920,0x00000000ebf80000)
  to   space 1024K, 0% used [0x00000000ebd80000,0x00000000ebd80000,0x00000000ebe80000)
 ParOldGen       total 344576K, used 344360K [0x00000000c0000000, 0x00000000d5080000, 0x00000000eab00000)
  object space 344576K, 99% used [0x00000000c0000000,0x00000000d504a050,0x00000000d5080000)
 Metaspace       used 64947K, committed 66368K, reserved 1114112K
  class space    used 6597K, committed 7232K, reserved 1048576K
}
Event: 15.814 GC heap before
{Heap before GC invocations=380 (full 3):
 PSYoungGen      total 19456K, used 19210K [0x00000000eab00000, 0x00000000ebf80000, 0x0000000100000000)
  eden space 18432K, 100% used [0x00000000eab00000,0x00000000ebd00000,0x00000000ebd00000)
  from space 1024K, 76% used [0x00000000ebe80000,0x00000000ebf42920,0x00000000ebf80000)
  to   space 1024K, 0% used [0x00000000ebd80000,0x00000000ebd80000,0x00000000ebe80000)
 ParOldGen       total 344576K, used 344360K [0x00000000c0000000, 0x00000000d5080000, 0x00000000eab00000)
  object space 344576K, 99% used [0x00000000c0000000,0x00000000d504a050,0x00000000d5080000)
 Metaspace       used 64950K, committed 66368K, reserved 1114112K
  class space    used 6597K, committed 7232K, reserved 1048576K
}
Event: 15.817 GC heap after
{Heap after GC invocations=380 (full 3):
 PSYoungGen      total 19968K, used 741K [0x00000000eab00000, 0x00000000ec300000, 0x0000000100000000)
  eden space 18944K, 0% used [0x00000000eab00000,0x00000000eab00000,0x00000000ebd80000)
  from space 1024K, 72% used [0x00000000ebd80000,0x00000000ebe396d0,0x00000000ebe80000)
  to   space 1024K, 0% used [0x00000000ec200000,0x00000000ec200000,0x00000000ec300000)
 ParOldGen       total 345088K, used 344862K [0x00000000c0000000, 0x00000000d5100000, 0x00000000eab00000)
  object space 345088K, 99% used [0x00000000c0000000,0x00000000d50c7858,0x00000000d5100000)
 Metaspace       used 64950K, committed 66368K, reserved 1114112K
  class space    used 6597K, committed 7232K, reserved 1048576K
}
Event: 15.839 GC heap before
{Heap before GC invocations=381 (full 3):
 PSYoungGen      total 19968K, used 19685K [0x00000000eab00000, 0x00000000ec300000, 0x0000000100000000)
  eden space 18944K, 100% used [0x00000000eab00000,0x00000000ebd80000,0x00000000ebd80000)
  from space 1024K, 72% used [0x00000000ebd80000,0x00000000ebe396d0,0x00000000ebe80000)
  to   space 1024K, 0% used [0x00000000ec200000,0x00000000ec200000,0x00000000ec300000)
 ParOldGen       total 345088K, used 344862K [0x00000000c0000000, 0x00000000d5100000, 0x00000000eab00000)
  object space 345088K, 99% used [0x00000000c0000000,0x00000000d50c7858,0x00000000d5100000)
 Metaspace       used 64954K, committed 66432K, reserved 1114112K
  class space    used 6597K, committed 7232K, reserved 1048576K
}
Event: 15.842 GC heap after
{Heap after GC invocations=381 (full 3):
 PSYoungGen      total 19968K, used 1007K [0x00000000eab00000, 0x00000000ec300000, 0x0000000100000000)
  eden space 18944K, 0% used [0x00000000eab00000,0x00000000eab00000,0x00000000ebd80000)
  from space 1024K, 98% used [0x00000000ec200000,0x00000000ec2fbc70,0x00000000ec300000)
  to   space 2048K, 0% used [0x00000000ebf00000,0x00000000ebf00000,0x00000000ec100000)
 ParOldGen       total 345600K, used 345535K [0x00000000c0000000, 0x00000000d5180000, 0x00000000eab00000)
  object space 345600K, 99% used [0x00000000c0000000,0x00000000d516ffb0,0x00000000d5180000)
 Metaspace       used 64954K, committed 66432K, reserved 1114112K
  class space    used 6597K, committed 7232K, reserved 1048576K
}
Event: 15.863 GC heap before
{Heap before GC invocations=382 (full 3):
 PSYoungGen      total 19968K, used 19951K [0x00000000eab00000, 0x00000000ec300000, 0x0000000100000000)
  eden space 18944K, 100% used [0x00000000eab00000,0x00000000ebd80000,0x00000000ebd80000)
  from space 1024K, 98% used [0x00000000ec200000,0x00000000ec2fbc70,0x00000000ec300000)
  to   space 2048K, 0% used [0x00000000ebf00000,0x00000000ebf00000,0x00000000ec100000)
 ParOldGen       total 345600K, used 345535K [0x00000000c0000000, 0x00000000d5180000, 0x00000000eab00000)
  object space 345600K, 99% used [0x00000000c0000000,0x00000000d516ffb0,0x00000000d5180000)
 Metaspace       used 64956K, committed 66432K, reserved 1114112K
  class space    used 6597K, committed 7232K, reserved 1048576K
}
Event: 15.868 GC heap after
{Heap after GC invocations=382 (full 3):
 PSYoungGen      total 20992K, used 738K [0x00000000eab00000, 0x00000000ec280000, 0x0000000100000000)
  eden space 18944K, 0% used [0x00000000eab00000,0x00000000eab00000,0x00000000ebd80000)
  from space 2048K, 36% used [0x00000000ebf00000,0x00000000ebfb8938,0x00000000ec100000)
  to   space 1536K, 0% used [0x00000000ec100000,0x00000000ec100000,0x00000000ec280000)
 ParOldGen       total 346112K, used 345881K [0x00000000c0000000, 0x00000000d5200000, 0x00000000eab00000)
  object space 346112K, 99% used [0x00000000c0000000,0x00000000d51c66f8,0x00000000d5200000)
 Metaspace       used 64956K, committed 66432K, reserved 1114112K
  class space    used 6597K, committed 7232K, reserved 1048576K
}
Event: 16.898 GC heap before
{Heap before GC invocations=383 (full 3):
 PSYoungGen      total 20992K, used 19682K [0x00000000eab00000, 0x00000000ec280000, 0x0000000100000000)
  eden space 18944K, 100% used [0x00000000eab00000,0x00000000ebd80000,0x00000000ebd80000)
  from space 2048K, 36% used [0x00000000ebf00000,0x00000000ebfb8938,0x00000000ec100000)
  to   space 1536K, 0% used [0x00000000ec100000,0x00000000ec100000,0x00000000ec280000)
 ParOldGen       total 346624K, used 346113K [0x00000000c0000000, 0x00000000d5280000, 0x00000000eab00000)
  object space 346624K, 99% used [0x00000000c0000000,0x00000000d5200498,0x00000000d5280000)
 Metaspace       used 64958K, committed 66432K, reserved 1114112K
  class space    used 6597K, committed 7232K, reserved 1048576K
}

Dll operation events (12 events):
Event: 0.017 Loaded shared library c:\Users\Jaywant\.cursor\extensions\redhat.java-1.41.1-win32-x64\jre\21.0.6-win32-x86_64\bin\java.dll
Event: 0.101 Loaded shared library c:\Users\Jaywant\.cursor\extensions\redhat.java-1.41.1-win32-x64\jre\21.0.6-win32-x86_64\bin\zip.dll
Event: 0.127 Loaded shared library C:\Users\Jaywant\.cursor\extensions\redhat.java-1.41.1-win32-x64\jre\21.0.6-win32-x86_64\bin\instrument.dll
Event: 0.134 Loaded shared library C:\Users\Jaywant\.cursor\extensions\redhat.java-1.41.1-win32-x64\jre\21.0.6-win32-x86_64\bin\net.dll
Event: 0.137 Loaded shared library C:\Users\Jaywant\.cursor\extensions\redhat.java-1.41.1-win32-x64\jre\21.0.6-win32-x86_64\bin\nio.dll
Event: 0.141 Loaded shared library C:\Users\Jaywant\.cursor\extensions\redhat.java-1.41.1-win32-x64\jre\21.0.6-win32-x86_64\bin\zip.dll
Event: 0.155 Loaded shared library C:\Users\Jaywant\.cursor\extensions\redhat.java-1.41.1-win32-x64\jre\21.0.6-win32-x86_64\bin\jimage.dll
Event: 0.211 Loaded shared library c:\Users\Jaywant\.cursor\extensions\redhat.java-1.41.1-win32-x64\jre\21.0.6-win32-x86_64\bin\verify.dll
Event: 1.137 Loaded shared library C:\Users\Jaywant\AppData\Roaming\Cursor\User\globalStorage\redhat.java\1.41.1\config_win\org.eclipse.equinox.launcher\org.eclipse.equinox.launcher.win32.win32.x86_64_1.2.1300.v20250331-1702\eclipse_11911.dll
Event: 2.276 Loaded shared library C:\Users\Jaywant\AppData\Local\Temp\jna--151788782\jna4274945016863277680.dll
Event: 3.986 Loaded shared library C:\Users\Jaywant\.cursor\extensions\redhat.java-1.41.1-win32-x64\jre\21.0.6-win32-x86_64\bin\management.dll
Event: 3.990 Loaded shared library C:\Users\Jaywant\.cursor\extensions\redhat.java-1.41.1-win32-x64\jre\21.0.6-win32-x86_64\bin\management_ext.dll

Deoptimization events (20 events):
Event: 15.729 Thread 0x000001e8ea1ee090 Uncommon trap: trap_request=0xffffffcc fr.pc=0x000001e88c7f5ffc relative=0x000000000000013c
Event: 15.729 Thread 0x000001e8deb62080 Uncommon trap: reason=intrinsic_or_type_checked_inlining action=make_not_entrant pc=0x000001e88c7f5ffc method=java.util.ArrayList.toArray([Ljava/lang/Object;)[Ljava/lang/Object; @ 36 c2
Event: 15.729 Thread 0x000001e8ddeb27a0 Uncommon trap: reason=intrinsic_or_type_checked_inlining action=make_not_entrant pc=0x000001e88c7f5ffc method=java.util.ArrayList.toArray([Ljava/lang/Object;)[Ljava/lang/Object; @ 36 c2
Event: 15.729 Thread 0x000001e8ea1ee090 Uncommon trap: reason=intrinsic_or_type_checked_inlining action=make_not_entrant pc=0x000001e88c7f5ffc method=java.util.ArrayList.toArray([Ljava/lang/Object;)[Ljava/lang/Object; @ 36 c2
Event: 15.729 Thread 0x000001e8ddeb27a0 DEOPT PACKING pc=0x000001e88c7f5ffc sp=0x000000a36e8fe8f0
Event: 15.729 Thread 0x000001e8deb62080 DEOPT PACKING pc=0x000001e88c7f5ffc sp=0x000000a36edfe2f0
Event: 15.729 Thread 0x000001e8ddeb27a0 DEOPT UNPACKING pc=0x000001e88bac3aa2 sp=0x000000a36e8fe890 mode 2
Event: 15.729 Thread 0x000001e8ea1ee090 DEOPT PACKING pc=0x000001e88c7f5ffc sp=0x000000a371afdd60
Event: 15.729 Thread 0x000001e8deb62080 DEOPT UNPACKING pc=0x000001e88bac3aa2 sp=0x000000a36edfe290 mode 2
Event: 15.729 Thread 0x000001e8ea1ee090 DEOPT UNPACKING pc=0x000001e88bac3aa2 sp=0x000000a371afdd00 mode 2
Event: 15.732 Thread 0x000001e8ddeb27a0 Uncommon trap: trap_request=0xffffff45 fr.pc=0x000001e88c7ebb94 relative=0x00000000000001d4
Event: 15.732 Thread 0x000001e8ddeb27a0 Uncommon trap: reason=unstable_if action=reinterpret pc=0x000001e88c7ebb94 method=org.eclipse.jdt.internal.compiler.parser.Scanner.scanIdentifierOrKeywordWithBoundCheck()Lorg/eclipse/jdt/internal/compiler/parser/TerminalToken; @ 146 c2
Event: 15.732 Thread 0x000001e8ddeb27a0 DEOPT PACKING pc=0x000001e88c7ebb94 sp=0x000000a36e8fe6e0
Event: 15.732 Thread 0x000001e8ddeb27a0 DEOPT UNPACKING pc=0x000001e88bac3aa2 sp=0x000000a36e8fe660 mode 2
Event: 15.771 Thread 0x000001e8ddeb27a0 DEOPT PACKING pc=0x000001e885e1dfe7 sp=0x000000a36e8fe350
Event: 15.771 Thread 0x000001e8ddeb27a0 DEOPT UNPACKING pc=0x000001e88bac4242 sp=0x000000a36e8fd8c0 mode 0
Event: 15.823 Thread 0x000001e8ea1ee090 DEOPT PACKING pc=0x000001e885e1dfe7 sp=0x000000a371afd7c0
Event: 15.823 Thread 0x000001e8ea1ee090 DEOPT UNPACKING pc=0x000001e88bac4242 sp=0x000000a371afcd30 mode 0
Event: 15.884 Thread 0x000001e8deb62080 DEOPT PACKING pc=0x000001e885edf768 sp=0x000000a36edfe4b0
Event: 15.884 Thread 0x000001e8deb62080 DEOPT UNPACKING pc=0x000001e88bac4242 sp=0x000000a36edfda60 mode 0

Classes loaded (20 events):
Event: 14.365 Loading class java/nio/charset/CharacterCodingException
Event: 14.365 Loading class java/nio/charset/CharacterCodingException done
Event: 14.365 Loading class java/io/SequenceInputStream
Event: 14.365 Loading class java/io/SequenceInputStream done
Event: 14.451 Loading class java/util/concurrent/CompletableFuture$UniApply
Event: 14.451 Loading class java/util/concurrent/CompletableFuture$UniApply done
Event: 14.452 Loading class java/util/concurrent/CompletableFuture$UniExceptionally
Event: 14.452 Loading class java/util/concurrent/CompletableFuture$UniExceptionally done
Event: 14.455 Loading class java/lang/Throwable$WrappedPrintWriter
Event: 14.455 Loading class java/lang/Throwable$PrintStreamOrWriter
Event: 14.455 Loading class java/lang/Throwable$PrintStreamOrWriter done
Event: 14.455 Loading class java/lang/Throwable$WrappedPrintWriter done
Event: 14.496 Loading class java/util/Hashtable$KeySet
Event: 14.496 Loading class java/util/Hashtable$KeySet done
Event: 14.650 Loading class java/lang/invoke/MethodHandleImpl$CountingWrapper$1
Event: 14.650 Loading class java/lang/invoke/MethodHandleImpl$CountingWrapper$1 done
Event: 14.786 Loading class sun/nio/fs/WindowsFileCopy
Event: 14.787 Loading class sun/nio/fs/WindowsFileCopy done
Event: 14.866 Loading class java/lang/UnsupportedClassVersionError
Event: 14.866 Loading class java/lang/UnsupportedClassVersionError done

Classes unloaded (7 events):
Event: 2.899 Thread 0x000001e8fffc6eb0 Unloading class 0x000001e897199c00 'java/lang/invoke/LambdaForm$MH+0x000001e897199c00'
Event: 2.899 Thread 0x000001e8fffc6eb0 Unloading class 0x000001e897199800 'java/lang/invoke/LambdaForm$MH+0x000001e897199800'
Event: 2.899 Thread 0x000001e8fffc6eb0 Unloading class 0x000001e897199400 'java/lang/invoke/LambdaForm$MH+0x000001e897199400'
Event: 2.899 Thread 0x000001e8fffc6eb0 Unloading class 0x000001e897199000 'java/lang/invoke/LambdaForm$MH+0x000001e897199000'
Event: 2.899 Thread 0x000001e8fffc6eb0 Unloading class 0x000001e897198c00 'java/lang/invoke/LambdaForm$BMH+0x000001e897198c00'
Event: 2.899 Thread 0x000001e8fffc6eb0 Unloading class 0x000001e897198800 'java/lang/invoke/LambdaForm$DMH+0x000001e897198800'
Event: 2.899 Thread 0x000001e8fffc6eb0 Unloading class 0x000001e897193400 'java/lang/invoke/LambdaForm$DMH+0x000001e897193400'

Classes redefined (0 events):
No events

Internal exceptions (20 events):
Event: 14.527 Thread 0x000001e8ddeb27a0 Exception <a 'sun/nio/fs/WindowsException'{0x00000000eabd9df0}> (0x00000000eabd9df0) 
thrown [s\src\hotspot\share\prims\jni.cpp, line 520]
Event: 14.540 Thread 0x000001e8ddeb27a0 Exception <a 'sun/nio/fs/WindowsException'{0x00000000ead84720}> (0x00000000ead84720) 
thrown [s\src\hotspot\share\prims\jni.cpp, line 520]
Event: 14.540 Thread 0x000001e8ddeb27a0 Exception <a 'sun/nio/fs/WindowsException'{0x00000000eadca9c8}> (0x00000000eadca9c8) 
thrown [s\src\hotspot\share\prims\jni.cpp, line 520]
Event: 14.787 Thread 0x000001e8ddeb2e30 Exception <a 'sun/nio/fs/WindowsException'{0x00000000eabe9740}> (0x00000000eabe9740) 
thrown [s\src\hotspot\share\prims\jni.cpp, line 520]
Event: 14.799 Thread 0x000001e8ddeb2e30 Exception <a 'sun/nio/fs/WindowsException'{0x00000000eac06768}> (0x00000000eac06768) 
thrown [s\src\hotspot\share\prims\jni.cpp, line 520]
Event: 14.807 Thread 0x000001e8ddeb2e30 Exception <a 'sun/nio/fs/WindowsException'{0x00000000eac3b118}> (0x00000000eac3b118) 
thrown [s\src\hotspot\share\prims\jni.cpp, line 520]
Event: 14.832 Thread 0x000001e8deb62080 Exception <a 'java/lang/NoSuchMethodError'{0x00000000ead88c20}: 'java.lang.Object java.lang.invoke.DirectMethodHandle$Holder.invokeSpecial(java.lang.Object, java.lang.Object, int, long)'> (0x00000000ead88c20) 
thrown [s\src\hotspot\share\interpreter\linkResolver.cpp, line 773]
Event: 14.866 Thread 0x000001e8ea1f2230 Exception <a 'java/lang/ArrayIndexOutOfBoundsException'{0x00000000eafc46a0}> (0x00000000eafc46a0) 
thrown [s\src\hotspot\share\runtime\sharedRuntime.cpp, line 625]
Event: 14.909 Thread 0x000001e8ea1ee090 Exception <a 'java/lang/NoSuchMethodError'{0x00000000eaef0050}: 'int java.lang.invoke.Invokers$Holder.invokeExact_MT(java.lang.Object, java.lang.Object)'> (0x00000000eaef0050) 
thrown [s\src\hotspot\share\interpreter\linkResolver.cpp, line 773]
Event: 14.978 Thread 0x000001e8ddeb2e30 Exception <a 'sun/nio/fs/WindowsException'{0x00000000eace3240}> (0x00000000eace3240) 
thrown [s\src\hotspot\share\prims\jni.cpp, line 520]
Event: 15.154 Thread 0x000001e8ddeb2e30 Exception <a 'sun/nio/fs/WindowsException'{0x00000000eab2c238}> (0x00000000eab2c238) 
thrown [s\src\hotspot\share\prims\jni.cpp, line 520]
Event: 15.195 Thread 0x000001e8ddeb2e30 Exception <a 'sun/nio/fs/WindowsException'{0x00000000eb363a50}> (0x00000000eb363a50) 
thrown [s\src\hotspot\share\prims\jni.cpp, line 520]
Event: 15.220 Thread 0x000001e8ddeb27a0 Implicit null exception at 0x000001e88c1104a6 to 0x000001e88c110a74
Event: 15.361 Thread 0x000001e8ddeb2e30 Exception <a 'sun/nio/fs/WindowsException'{0x00000000eb232248}> (0x00000000eb232248) 
thrown [s\src\hotspot\share\prims\jni.cpp, line 520]
Event: 15.377 Thread 0x000001e8ddeb2e30 Exception <a 'sun/nio/fs/WindowsException'{0x00000000eac44298}> (0x00000000eac44298) 
thrown [s\src\hotspot\share\prims\jni.cpp, line 520]
Event: 15.417 Thread 0x000001e8ddeb2e30 Exception <a 'sun/nio/fs/WindowsException'{0x00000000eab361b8}> (0x00000000eab361b8) 
thrown [s\src\hotspot\share\prims\jni.cpp, line 520]
Event: 15.431 Thread 0x000001e8ddeb27a0 Implicit null exception at 0x000001e88c2a8406 to 0x000001e88c2a8505
Event: 15.558 Thread 0x000001e8ddeb2e30 Exception <a 'sun/nio/fs/WindowsException'{0x00000000eaef4070}> (0x00000000eaef4070) 
thrown [s\src\hotspot\share\prims\jni.cpp, line 520]
Event: 15.573 Thread 0x000001e8ddeb2e30 Exception <a 'sun/nio/fs/WindowsException'{0x00000000eaf3d850}> (0x00000000eaf3d850) 
thrown [s\src\hotspot\share\prims\jni.cpp, line 520]
Event: 15.657 Thread 0x000001e8ddeb2e30 Exception <a 'sun/nio/fs/WindowsException'{0x00000000eb0e5168}> (0x00000000eb0e5168) 
thrown [s\src\hotspot\share\prims\jni.cpp, line 520]

ZGC Phase Switch (0 events):
No events

VM Operations (20 events):
Event: 15.703 Executing VM operation: ParallelGCFailedAllocation (Allocation Failure) done
Event: 15.713 Executing VM operation: ParallelGCFailedAllocation (Allocation Failure)
Event: 15.716 Executing VM operation: ParallelGCFailedAllocation (Allocation Failure) done
Event: 15.726 Executing VM operation: ParallelGCFailedAllocation (Allocation Failure)
Event: 15.728 Executing VM operation: ParallelGCFailedAllocation (Allocation Failure) done
Event: 15.742 Executing VM operation: ParallelGCFailedAllocation (Allocation Failure)
Event: 15.770 Executing VM operation: ParallelGCFailedAllocation (Allocation Failure) done
Event: 15.781 Executing VM operation: ParallelGCFailedAllocation (Allocation Failure)
Event: 15.788 Executing VM operation: ParallelGCFailedAllocation (Allocation Failure) done
Event: 15.797 Executing VM operation: ParallelGCFailedAllocation (Allocation Failure)
Event: 15.801 Executing VM operation: ParallelGCFailedAllocation (Allocation Failure) done
Event: 15.812 Executing VM operation: ParallelGCFailedAllocation (Allocation Failure)
Event: 15.817 Executing VM operation: ParallelGCFailedAllocation (Allocation Failure) done
Event: 15.837 Executing VM operation: ParallelGCFailedAllocation (Allocation Failure)
Event: 15.842 Executing VM operation: ParallelGCFailedAllocation (Allocation Failure) done
Event: 15.862 Executing VM operation: ParallelGCFailedAllocation (Allocation Failure)
Event: 15.868 Executing VM operation: ParallelGCFailedAllocation (Allocation Failure) done
Event: 15.899 Executing VM operation: ParallelGCFailedAllocation (Allocation Failure)
Event: 15.899 Executing VM operation: ParallelGCFailedAllocation (Allocation Failure) done
Event: 16.898 Executing VM operation: ParallelGCSystemGC (GCLocker Initiated GC)

Memory protections (0 events):
No events

Nmethod flushes (20 events):
Event: 11.169 Thread 0x000001e8fffc6eb0 flushing  nmethod 0x000001e884dd7190
Event: 11.169 Thread 0x000001e8fffc6eb0 flushing  nmethod 0x000001e884df1310
Event: 11.169 Thread 0x000001e8fffc6eb0 flushing osr nmethod 0x000001e884e03a90
Event: 11.169 Thread 0x000001e8fffc6eb0 flushing  nmethod 0x000001e884e1a310
Event: 11.169 Thread 0x000001e8fffc6eb0 flushing  nmethod 0x000001e884e20e10
Event: 11.169 Thread 0x000001e8fffc6eb0 flushing  nmethod 0x000001e884e23290
Event: 11.169 Thread 0x000001e8fffc6eb0 flushing  nmethod 0x000001e884e2d990
Event: 11.169 Thread 0x000001e8fffc6eb0 flushing  nmethod 0x000001e884e2e710
Event: 11.169 Thread 0x000001e8fffc6eb0 flushing  nmethod 0x000001e884e2f090
Event: 11.169 Thread 0x000001e8fffc6eb0 flushing  nmethod 0x000001e884e2fe90
Event: 11.169 Thread 0x000001e8fffc6eb0 flushing  nmethod 0x000001e884e73410
Event: 11.169 Thread 0x000001e8fffc6eb0 flushing  nmethod 0x000001e884e90090
Event: 11.169 Thread 0x000001e8fffc6eb0 flushing  nmethod 0x000001e884e93590
Event: 11.169 Thread 0x000001e8fffc6eb0 flushing  nmethod 0x000001e884e94690
Event: 11.169 Thread 0x000001e8fffc6eb0 flushing  nmethod 0x000001e884e94a10
Event: 11.169 Thread 0x000001e8fffc6eb0 flushing  nmethod 0x000001e884e95490
Event: 11.169 Thread 0x000001e8fffc6eb0 flushing  nmethod 0x000001e884e9b310
Event: 11.169 Thread 0x000001e8fffc6eb0 flushing  nmethod 0x000001e884eb6310
Event: 11.169 Thread 0x000001e8fffc6eb0 flushing  nmethod 0x000001e884ec9390
Event: 11.169 Thread 0x000001e8fffc6eb0 flushing  nmethod 0x000001e884eca690

Events (20 events):
Event: 12.609 Thread 0x000001e8ddeb5590 Thread added: 0x000001e8ea1f0e80
Event: 12.935 Thread 0x000001e8ea1f0e80 Thread exited: 0x000001e8ea1f0e80
Event: 12.935 Thread 0x000001e8ea1ee090 Thread exited: 0x000001e8ea1ee090
Event: 12.935 Thread 0x000001e8ea1f0160 Thread exited: 0x000001e8ea1f0160
Event: 12.935 Thread 0x000001e8ea1efad0 Thread exited: 0x000001e8ea1efad0
Event: 12.935 Thread 0x000001e8ea1f07f0 Thread exited: 0x000001e8ea1f07f0
Event: 13.370 Thread 0x000001e8ddeb5590 Thread added: 0x000001e8ea1f0e80
Event: 13.373 Thread 0x000001e8ddeb5590 Thread added: 0x000001e8ea1eda00
Event: 13.373 Thread 0x000001e8ddeb5590 Thread added: 0x000001e8ea1efad0
Event: 13.373 Thread 0x000001e8ddeb5590 Thread added: 0x000001e8ea1f0160
Event: 13.373 Thread 0x000001e8ddeb5590 Thread added: 0x000001e8ea1f1510
Event: 13.409 Thread 0x000001e8ea1eda00 Thread exited: 0x000001e8ea1eda00
Event: 13.409 Thread 0x000001e8ea1f0160 Thread exited: 0x000001e8ea1f0160
Event: 13.409 Thread 0x000001e8ea1f0e80 Thread exited: 0x000001e8ea1f0e80
Event: 13.409 Thread 0x000001e8ea1f1510 Thread exited: 0x000001e8ea1f1510
Event: 13.409 Thread 0x000001e8ea1efad0 Thread exited: 0x000001e8ea1efad0
Event: 14.452 Thread 0x000001e8e0cc6660 Thread added: 0x000001e8ea1ee090
Event: 14.457 Thread 0x000001e8e0cc6660 Thread added: 0x000001e8ea1f1510
Event: 14.462 Thread 0x000001e8e0cc6660 Thread added: 0x000001e8ea1f2230
Event: 14.535 Thread 0x000001e8ddeb27a0 Thread added: 0x000001e8ea1f0e80


Dynamic libraries:
0x00007ff6790e0000 - 0x00007ff6790ee000 	c:\Users\Jaywant\.cursor\extensions\redhat.java-1.41.1-win32-x64\jre\21.0.6-win32-x86_64\bin\java.exe
0x00007ff9267c0000 - 0x00007ff926a26000 	C:\WINDOWS\SYSTEM32\ntdll.dll
0x00007ff925210000 - 0x00007ff9252d9000 	C:\WINDOWS\System32\KERNEL32.DLL
0x00007ff924110000 - 0x00007ff9244dc000 	C:\WINDOWS\System32\KERNELBASE.dll
0x00007ff9209a0000 - 0x00007ff920a3e000 	C:\WINDOWS\SYSTEM32\apphelp.dll
0x00007ff923c00000 - 0x00007ff923d4b000 	C:\WINDOWS\System32\ucrtbase.dll
0x00007ff90eee0000 - 0x00007ff90eef8000 	c:\Users\Jaywant\.cursor\extensions\redhat.java-1.41.1-win32-x64\jre\21.0.6-win32-x86_64\bin\jli.dll
0x00007ff90a4a0000 - 0x00007ff90a4be000 	c:\Users\Jaywant\.cursor\extensions\redhat.java-1.41.1-win32-x64\jre\21.0.6-win32-x86_64\bin\VCRUNTIME140.dll
0x00007ff924a00000 - 0x00007ff924bca000 	C:\WINDOWS\System32\USER32.dll
0x00007ff90ccd0000 - 0x00007ff90cf6a000 	C:\WINDOWS\WinSxS\amd64_microsoft.windows.common-controls_6595b64144ccf1df_6.0.26100.3912_none_3e07963ce335137e\COMCTL32.dll
0x00007ff923a00000 - 0x00007ff923a27000 	C:\WINDOWS\System32\win32u.dll
0x00007ff9264f0000 - 0x00007ff926599000 	C:\WINDOWS\System32\msvcrt.dll
0x00007ff925d70000 - 0x00007ff925d9b000 	C:\WINDOWS\System32\GDI32.dll
0x00007ff923ac0000 - 0x00007ff923bf2000 	C:\WINDOWS\System32\gdi32full.dll
0x00007ff923950000 - 0x00007ff9239f3000 	C:\WINDOWS\System32\msvcp_win.dll
0x00007ff924610000 - 0x00007ff924640000 	C:\WINDOWS\System32\IMM32.DLL
0x00007ff911200000 - 0x00007ff91120c000 	c:\Users\Jaywant\.cursor\extensions\redhat.java-1.41.1-win32-x64\jre\21.0.6-win32-x86_64\bin\vcruntime140_1.dll
0x00007ff8f7600000 - 0x00007ff8f768d000 	c:\Users\Jaywant\.cursor\extensions\redhat.java-1.41.1-win32-x64\jre\21.0.6-win32-x86_64\bin\msvcp140.dll
0x00007ff882780000 - 0x00007ff883510000 	c:\Users\Jaywant\.cursor\extensions\redhat.java-1.41.1-win32-x64\jre\21.0.6-win32-x86_64\bin\server\jvm.dll
0x00007ff924bd0000 - 0x00007ff924c82000 	C:\WINDOWS\System32\ADVAPI32.dll
0x00007ff9266c0000 - 0x00007ff926766000 	C:\WINDOWS\System32\sechost.dll
0x00007ff9265a0000 - 0x00007ff9266b6000 	C:\WINDOWS\System32\RPCRT4.dll
0x00007ff924980000 - 0x00007ff9249f4000 	C:\WINDOWS\System32\WS2_32.dll
0x00007ff9237c0000 - 0x00007ff92381e000 	C:\WINDOWS\SYSTEM32\POWRPROF.dll
0x00007ff91aec0000 - 0x00007ff91aef6000 	C:\WINDOWS\SYSTEM32\WINMM.dll
0x00007ff91af00000 - 0x00007ff91af0b000 	C:\WINDOWS\SYSTEM32\VERSION.dll
0x00007ff9237a0000 - 0x00007ff9237b4000 	C:\WINDOWS\SYSTEM32\UMPDC.dll
0x00007ff922710000 - 0x00007ff92272a000 	C:\WINDOWS\SYSTEM32\kernel.appcore.dll
0x00007ff910730000 - 0x00007ff91073a000 	c:\Users\Jaywant\.cursor\extensions\redhat.java-1.41.1-win32-x64\jre\21.0.6-win32-x86_64\bin\jimage.dll
0x00007ff917c80000 - 0x00007ff917ec1000 	C:\WINDOWS\SYSTEM32\DBGHELP.DLL
0x00007ff9259e0000 - 0x00007ff925d64000 	C:\WINDOWS\System32\combase.dll
0x00007ff925790000 - 0x00007ff925870000 	C:\WINDOWS\System32\OLEAUT32.dll
0x00007ff90f0e0000 - 0x00007ff90f119000 	C:\WINDOWS\SYSTEM32\dbgcore.DLL
0x00007ff9244e0000 - 0x00007ff924579000 	C:\WINDOWS\System32\bcryptPrimitives.dll
0x00007ff9103b0000 - 0x00007ff9103bf000 	c:\Users\Jaywant\.cursor\extensions\redhat.java-1.41.1-win32-x64\jre\21.0.6-win32-x86_64\bin\instrument.dll
0x00007ff901490000 - 0x00007ff9014af000 	c:\Users\Jaywant\.cursor\extensions\redhat.java-1.41.1-win32-x64\jre\21.0.6-win32-x86_64\bin\java.dll
0x00007ff925da0000 - 0x00007ff9264cd000 	C:\WINDOWS\System32\SHELL32.dll
0x00007ff923ed0000 - 0x00007ff924044000 	C:\WINDOWS\System32\wintypes.dll
0x00007ff9215b0000 - 0x00007ff921e06000 	C:\WINDOWS\SYSTEM32\windows.storage.dll
0x00007ff925490000 - 0x00007ff92557f000 	C:\WINDOWS\System32\SHCORE.dll
0x00007ff9251a0000 - 0x00007ff925209000 	C:\WINDOWS\System32\shlwapi.dll
0x00007ff923860000 - 0x00007ff92388f000 	C:\WINDOWS\SYSTEM32\profapi.dll
0x00007ff901470000 - 0x00007ff901488000 	c:\Users\Jaywant\.cursor\extensions\redhat.java-1.41.1-win32-x64\jre\21.0.6-win32-x86_64\bin\zip.dll
0x00007ff90edd0000 - 0x00007ff90ede0000 	C:\Users\Jaywant\.cursor\extensions\redhat.java-1.41.1-win32-x64\jre\21.0.6-win32-x86_64\bin\net.dll
0x00007ff91c270000 - 0x00007ff91c38e000 	C:\WINDOWS\SYSTEM32\WINHTTP.dll
0x00007ff922c80000 - 0x00007ff922cea000 	C:\WINDOWS\system32\mswsock.dll
0x00007ff8f8190000 - 0x00007ff8f81a6000 	C:\Users\Jaywant\.cursor\extensions\redhat.java-1.41.1-win32-x64\jre\21.0.6-win32-x86_64\bin\nio.dll
0x00007ff909d40000 - 0x00007ff909d50000 	c:\Users\Jaywant\.cursor\extensions\redhat.java-1.41.1-win32-x64\jre\21.0.6-win32-x86_64\bin\verify.dll
0x00007ff8f26d0000 - 0x00007ff8f2715000 	C:\Users\Jaywant\AppData\Roaming\Cursor\User\globalStorage\redhat.java\1.41.1\config_win\org.eclipse.equinox.launcher\org.eclipse.equinox.launcher.win32.win32.x86_64_1.2.1300.v20250331-1702\eclipse_11911.dll
0x00007ff9255e0000 - 0x00007ff92577f000 	C:\WINDOWS\System32\ole32.dll
0x00007ff922f20000 - 0x00007ff922f3c000 	C:\WINDOWS\SYSTEM32\CRYPTSP.dll
0x00007ff922650000 - 0x00007ff92268a000 	C:\WINDOWS\system32\rsaenh.dll
0x00007ff922d20000 - 0x00007ff922d4b000 	C:\WINDOWS\SYSTEM32\USERENV.dll
0x00007ff923830000 - 0x00007ff923856000 	C:\WINDOWS\SYSTEM32\bcrypt.dll
0x00007ff922f40000 - 0x00007ff922f4c000 	C:\WINDOWS\SYSTEM32\CRYPTBASE.dll
0x00007ff922100000 - 0x00007ff922133000 	C:\WINDOWS\SYSTEM32\IPHLPAPI.DLL
0x00007ff9264e0000 - 0x00007ff9264ea000 	C:\WINDOWS\System32\NSI.dll
0x00007ff8f6140000 - 0x00007ff8f6189000 	C:\Users\Jaywant\AppData\Local\Temp\jna--151788782\jna4274945016863277680.dll
0x00007ff925450000 - 0x00007ff925458000 	C:\WINDOWS\System32\PSAPI.DLL
0x00007ff9177c0000 - 0x00007ff9177ca000 	C:\Users\Jaywant\.cursor\extensions\redhat.java-1.41.1-win32-x64\jre\21.0.6-win32-x86_64\bin\management.dll
0x00007ff9177b0000 - 0x00007ff9177bb000 	C:\Users\Jaywant\.cursor\extensions\redhat.java-1.41.1-win32-x64\jre\21.0.6-win32-x86_64\bin\management_ext.dll
0x00007ff91b700000 - 0x00007ff91b71f000 	C:\WINDOWS\SYSTEM32\dhcpcsvc6.DLL
0x00007ff91b6d0000 - 0x00007ff91b6f5000 	C:\WINDOWS\SYSTEM32\dhcpcsvc.DLL

dbghelp: loaded successfully - version: 4.0.5 - missing functions: none
symbol engine: initialized successfully - sym options: 0x614 - pdb path: .;c:\Users\Jaywant\.cursor\extensions\redhat.java-1.41.1-win32-x64\jre\21.0.6-win32-x86_64\bin;C:\WINDOWS\SYSTEM32;C:\WINDOWS\WinSxS\amd64_microsoft.windows.common-controls_6595b64144ccf1df_6.0.26100.3912_none_3e07963ce335137e;c:\Users\Jaywant\.cursor\extensions\redhat.java-1.41.1-win32-x64\jre\21.0.6-win32-x86_64\bin\server;C:\Users\Jaywant\AppData\Roaming\Cursor\User\globalStorage\redhat.java\1.41.1\config_win\org.eclipse.equinox.launcher\org.eclipse.equinox.launcher.win32.win32.x86_64_1.2.1300.v20250331-1702;C:\Users\Jaywant\AppData\Local\Temp\jna--151788782

VM Arguments:
jvm_args: --add-modules=ALL-SYSTEM --add-opens=java.base/java.util=ALL-UNNAMED --add-opens=java.base/java.lang=ALL-UNNAMED --add-opens=java.base/sun.nio.fs=ALL-UNNAMED -Declipse.application=org.eclipse.jdt.ls.core.id1 -Dosgi.bundles.defaultStartLevel=4 -Declipse.product=org.eclipse.jdt.ls.core.product -Djava.import.generatesMetadataFilesAtProjectRoot=false -DDetectVMInstallationsJob.disabled=true -Dfile.encoding=utf8 -XX:+UseParallelGC -XX:GCTimeRatio=4 -XX:AdaptiveSizePolicyWeight=90 -Dsun.zip.disableMemoryMapping=true -Xmx1G -Xms100m -Xlog:disable -javaagent:c:\Users\Jaywant\.cursor\extensions\redhat.java-1.41.1-win32-x64\lombok\lombok-1.18.36.jar -XX:+HeapDumpOnOutOfMemoryError -XX:HeapDumpPath=c:\Users\Jaywant\AppData\Roaming\Cursor\User\workspaceStorage\cc623adeb21d3940532c846187689d28\redhat.java -Daether.dependencyCollector.impl=bf 
java_command: c:\Users\Jaywant\.cursor\extensions\redhat.java-1.41.1-win32-x64\server\plugins\org.eclipse.equinox.launcher_1.7.0.v20250331-1702.jar -configuration c:\Users\Jaywant\AppData\Roaming\Cursor\User\globalStorage\redhat.java\1.41.1\config_win -data c:\Users\Jaywant\AppData\Roaming\Cursor\User\workspaceStorage\cc623adeb21d3940532c846187689d28\redhat.java\jdt_ws --pipe=\\.\pipe\lsp-2fdc1c5afc7a454e675d8682d4e7c3c1-sock
java_class_path (initial): c:\Users\Jaywant\.cursor\extensions\redhat.java-1.41.1-win32-x64\server\plugins\org.eclipse.equinox.launcher_1.7.0.v20250331-1702.jar
Launcher Type: SUN_STANDARD

[Global flags]
    uintx AdaptiveSizePolicyWeight                 = 90                                        {product} {command line}
     intx CICompilerCount                          = 4                                         {product} {ergonomic}
    uintx GCTimeRatio                              = 4                                         {product} {command line}
     bool HeapDumpOnOutOfMemoryError               = true                                   {manageable} {command line}
    ccstr HeapDumpPath                             = c:\Users\Jaywant\AppData\Roaming\Cursor\User\workspaceStorage\cc623adeb21d3940532c846187689d28\redhat.java         {manageable} {command line}
   size_t InitialHeapSize                          = 104857600                                 {product} {command line}
   size_t MaxHeapSize                              = 1073741824                                {product} {command line}
   size_t MaxNewSize                               = 357564416                                 {product} {ergonomic}
   size_t MinHeapDeltaBytes                        = 524288                                    {product} {ergonomic}
   size_t MinHeapSize                              = 104857600                                 {product} {command line}
   size_t NewSize                                  = 34603008                                  {product} {ergonomic}
    uintx NonNMethodCodeHeapSize                   = 5839372                                {pd product} {ergonomic}
    uintx NonProfiledCodeHeapSize                  = 122909434                              {pd product} {ergonomic}
   size_t OldSize                                  = 70254592                                  {product} {ergonomic}
    uintx ProfiledCodeHeapSize                     = 122909434                              {pd product} {ergonomic}
    uintx ReservedCodeCacheSize                    = 251658240                              {pd product} {ergonomic}
     bool SegmentedCodeCache                       = true                                      {product} {ergonomic}
   size_t SoftMaxHeapSize                          = 1073741824                             {manageable} {ergonomic}
     bool UseCompressedOops                        = true                           {product lp64_product} {ergonomic}
     bool UseLargePagesIndividualAllocation        = false                                  {pd product} {ergonomic}
     bool UseParallelGC                            = true                                      {product} {command line}

Logging:
Log output configuration:
 #0: stdout all=off uptime,level,tags foldmultilines=false
 #1: stderr all=off uptime,level,tags foldmultilines=false

Environment Variables:
JAVA_HOME=C:\Program Files\Java\jdk-21\
PATH=c:\Users\Jaywant\AppData\Local\Programs\cursor\resources\app\bin;C:\Program Files\Microsoft\jdk-17.0.14.7-hotspot\bin;C:\Program Files\Common Files\Oracle\Java\javapath;C:\WINDOWS\system32;C:\WINDOWS;C:\WINDOWS\System32\Wbem;C:\WINDOWS\System32\WindowsPowerShell\v1.0\;C:\WINDOWS\System32\OpenSSH\;C:\Program Files\nodejs;C:\Program Files\nodejs\;C:\Program Files\MySQL\MySQL Server 8.0\bin;C:\Program Files\Git\cmd;C:\Program Files\Git\bin;C:\Program Files\apache-maven-3.9.9\bin;C:\Program Files\Java\jdk-17\bin;C:\Program Files\Java\jdk-21\bin;C:\Program Files\Git LFS;C:\ProgramData\chocolatey\bin;C:\Users\Jaywant\AppData\Local\Programs\Python\Python313\Scripts\;C:\Users\Jaywant\AppData\Local\Programs\Python\Python313\;C:\Users\Jaywant\AppData\Local\Programs\Python\Launcher\;C:\Program Files\MySQL\MySQL Shell 8.0\bin\;C:\Users\Jaywant\AppData\Local\Microsoft\WindowsApps;C:\Users\Jaywant\AppData\Roaming\npm;C:\Users\Jaywant\AppData\Local\GitHubDesktop\bin;c:\Users\Jaywant\AppData\Local\Programs\cursor\resources\a;C:\platform-tools;C:\Users\Jaywant\AppData\Local\Android\Sdk\platform-tools;C:\Users\Jaywant\AppData\Local\Android\Sdk\emulator;C:\Program Files\dotnet\;C:\Users\Jaywant\AppData\Local\Android\Sdk\platform-tools;C:\Users\Jaywant\AppData\Local\Android\Sdk\tools;C:\Users\Jaywant\AppData\Local\Android\Sdk\platform-tools;C:\Users\Jaywant\AppData\Local\Android\Sdk\tools;C:\Users\Jaywant\AppData\Local\Programs\Python\Python313\Scripts\;C:\Users\Jaywant\AppData\Local\Programs\Python\Python313\;C:\Users\Jaywant\AppData\Local\Programs\Python\Launcher\;C:\Program Files\MySQL\MySQL Shell 8.0\bin\;C:\Users\Jaywant\AppData\Local\Microsoft\WindowsApps;C:\Users\Jaywant\AppData\Roaming\npm;C:\Users\Jaywant\AppData\Local\Programs\Microsoft VS Code\bin;C:\Users\Jaywant\AppData\Local\GitHubDesktop\bin;C:\Users\Jaywant\AppData\Local\Programs\cursor\resources\app\bin
USERNAME=Jaywant
OS=Windows_NT
PROCESSOR_IDENTIFIER=AMD64 Family 25 Model 80 Stepping 0, AuthenticAMD
TMP=C:\Users\Jaywant\AppData\Local\Temp
TEMP=C:\Users\Jaywant\AppData\Local\Temp




Periodic native trim disabled

---------------  S Y S T E M  ---------------

OS:
 Windows 11 , 64 bit Build 26100 (10.0.26100.3912)
OS uptime: 0 days 1:15 hours
Hyper-V role detected

CPU: total 12 (initial active 12) (12 cores per cpu, 2 threads per core) family 25 model 80 stepping 0 microcode 0xa500011, cx8, cmov, fxsr, ht, mmx, 3dnowpref, sse, sse2, sse3, ssse3, sse4a, sse4.1, sse4.2, popcnt, lzcnt, tsc, tscinvbit, avx, avx2, aes, erms, clmul, bmi1, bmi2, adx, sha, fma, vzeroupper, clflush, clflushopt, hv, rdtscp, rdpid, fsrm, f16c, cet_ss
Processor Information for processor 0
  Max Mhz: 3301, Current Mhz: 2965, Mhz Limit: 2970
Processor Information for processor 1
  Max Mhz: 3301, Current Mhz: 2965, Mhz Limit: 2970
Processor Information for processor 2
  Max Mhz: 3301, Current Mhz: 3301, Mhz Limit: 3301
Processor Information for processor 3
  Max Mhz: 3301, Current Mhz: 3301, Mhz Limit: 3301
Processor Information for processor 4
  Max Mhz: 3301, Current Mhz: 3301, Mhz Limit: 3301
Processor Information for processor 5
  Max Mhz: 3301, Current Mhz: 3301, Mhz Limit: 3301
Processor Information for processor 6
  Max Mhz: 3301, Current Mhz: 3301, Mhz Limit: 3301
Processor Information for processor 7
  Max Mhz: 3301, Current Mhz: 3301, Mhz Limit: 3301
Processor Information for processor 8
  Max Mhz: 3301, Current Mhz: 3301, Mhz Limit: 3301
Processor Information for processor 9
  Max Mhz: 3301, Current Mhz: 3301, Mhz Limit: 3301
Processor Information for processor 10
  Max Mhz: 3301, Current Mhz: 3301, Mhz Limit: 3301
Processor Information for processor 11
  Max Mhz: 3301, Current Mhz: 3301, Mhz Limit: 3301

Memory: 4k page, system-wide physical 7521M (877M free)
TotalPageFile size 31073M (AvailPageFile size 5M)
current process WorkingSet (physical memory assigned to process): 698M, peak: 708M
current process commit charge ("private bytes"): 661M, peak: 667M

vm_info: OpenJDK 64-Bit Server VM (21.0.6+7-LTS) for windows-amd64 JRE (21.0.6+7-LTS), built on 2025-01-21T00:00:00Z by "admin" with MS VC++ 17.7 (VS2022)

END.
