#
# There is insufficient memory for the Java Runtime Environment to continue.
# Native memory allocation (malloc) failed to allocate 97744 bytes. Error detail: Chunk::new
# Possible reasons:
#   The system is out of physical RAM or swap space
#   This process is running with CompressedOops enabled, and the Java Heap may be blocking the growth of the native heap
# Possible solutions:
#   Reduce memory load on the system
#   Increase physical memory or swap space
#   Check if swap backing store is full
#   Decrease Java heap size (-Xmx/-Xms)
#   Decrease number of Java threads
#   Decrease Java thread stack sizes (-Xss)
#   Set larger code cache with -XX:ReservedCodeCacheSize=
#   JVM is running with Unscaled Compressed Oops mode in which the Java heap is
#     placed in the first 4GB address space. The Java Heap base address is the
#     maximum limit for the native heap growth. Please use -XX:HeapBaseMinAddress
#     to set the Java Heap base and to place the Java Heap above 4GB virtual address.
# This output file may be truncated or incomplete.
#
#  Out of Memory Error (arena.cpp:168), pid=25840, tid=1540
#
# JRE version: OpenJDK Runtime Environment Temurin-21.0.6+7 (21.0.6+7) (build 21.0.6+7-LTS)
# Java VM: OpenJDK 64-Bit Server VM Temurin-21.0.6+7 (21.0.6+7-LTS, mixed mode, sharing, tiered, compressed oops, compressed class ptrs, parallel gc, windows-amd64)
# No core dump will be written. Minidumps are not enabled by default on client versions of Windows
#

---------------  S U M M A R Y ------------

Command Line: --add-modules=ALL-SYSTEM --add-opens=java.base/java.util=ALL-UNNAMED --add-opens=java.base/java.lang=ALL-UNNAMED --add-opens=java.base/sun.nio.fs=ALL-UNNAMED -Declipse.application=org.eclipse.jdt.ls.core.id1 -Dosgi.bundles.defaultStartLevel=4 -Declipse.product=org.eclipse.jdt.ls.core.product -Djava.import.generatesMetadataFilesAtProjectRoot=false -DDetectVMInstallationsJob.disabled=true -Dfile.encoding=utf8 -XX:+UseParallelGC -XX:GCTimeRatio=4 -XX:AdaptiveSizePolicyWeight=90 -Dsun.zip.disableMemoryMapping=true -Xmx1G -Xms100m -Xlog:disable -javaagent:c:\Users\Jaywant\.vscode\extensions\redhat.java-1.41.1-win32-x64\lombok\lombok-1.18.36.jar -XX:+HeapDumpOnOutOfMemoryError -XX:HeapDumpPath=c:\Users\Jaywant\AppData\Roaming\Code\User\workspaceStorage\cc623adeb21d3940532c846187689d28\redhat.java -Daether.dependencyCollector.impl=bf c:\Users\Jaywant\.vscode\extensions\redhat.java-1.41.1-win32-x64\server\plugins\org.eclipse.equinox.launcher_1.7.0.v20250331-1702.jar -configuration c:\Users\Jaywant\AppData\Roaming\Code\User\globalStorage\redhat.java\1.41.1\config_win -data c:\Users\Jaywant\AppData\Roaming\Code\User\workspaceStorage\cc623adeb21d3940532c846187689d28\redhat.java\jdt_ws --pipe=\\.\pipe\lsp-ce7360ab258a1073e2e289334ddb965a-sock

Host: AMD Ryzen 5 5600H with Radeon Graphics         , 12 cores, 7G,  Windows 11 , 64 bit Build 26100 (10.0.26100.3912)
Time: Wed May  7 13:03:34 2025 India Standard Time elapsed time: 65.604392 seconds (0d 0h 1m 5s)

---------------  T H R E A D  ---------------

Current thread (0x0000022b6a82f060):  JavaThread "C2 CompilerThread0" daemon [_thread_in_native, id=1540, stack(0x00000038b9100000,0x00000038b9200000) (1024K)]


Current CompileTask:
C2:65604 12729       4       org.eclipse.jdt.internal.compiler.parser.Scanner::internalScanIdentifierOrKeyword (5081 bytes)

Stack: [0x00000038b9100000,0x00000038b9200000]
Native frames: (J=compiled Java code, j=interpreted, Vv=VM code, C=native code)
V  [jvm.dll+0x6cdee9]
V  [jvm.dll+0x8a83d1]
V  [jvm.dll+0x8aa8fe]
V  [jvm.dll+0x8aafe3]
V  [jvm.dll+0x27f706]
V  [jvm.dll+0xc500d]
V  [jvm.dll+0xc5543]
V  [jvm.dll+0x13e95f]
V  [jvm.dll+0x657792]
V  [jvm.dll+0x65ba29]
V  [jvm.dll+0x247875]
V  [jvm.dll+0x246fcf]
V  [jvm.dll+0x1c75ee]
V  [jvm.dll+0x25685a]
V  [jvm.dll+0x254dfa]
V  [jvm.dll+0x3f0256]
V  [jvm.dll+0x851f8b]
V  [jvm.dll+0x6cc5ed]
C  [ucrtbase.dll+0x37b0]
C  [KERNEL32.DLL+0x2e8d7]
C  [ntdll.dll+0x9c5dc]


---------------  P R O C E S S  ---------------

Threads class SMR info:
_java_thread_list=0x0000022b475476c0, length=77, elements={
0x0000022b6a784910, 0x0000022b6a8233c0, 0x0000022b6a823f70, 0x0000022b6a8266c0,
0x0000022b6a828770, 0x0000022b6a8293c0, 0x0000022b6a82c220, 0x0000022b6a82f060,
0x0000022b6a83ad90, 0x0000022b6a7f1f40, 0x0000022b413c3d00, 0x0000022b46c03d80,
0x0000022b46add470, 0x0000022b41048630, 0x0000022b462c1d80, 0x0000022b46c703c0,
0x0000022b465c1a10, 0x0000022b410ce4d0, 0x0000022b410cf1f0, 0x0000022b410d0c30,
0x0000022b410d12c0, 0x0000022b410cf880, 0x0000022b410cff10, 0x0000022b410d05a0,
0x0000022b410cde40, 0x0000022b4906a7a0, 0x0000022b4906a110, 0x0000022b49068d60,
0x0000022b49068040, 0x0000022b490686d0, 0x0000022b490693f0, 0x0000022b49069a80,
0x0000022b4906ae30, 0x0000022b490679b0, 0x0000022b4906b4c0, 0x0000022b4906c1e0,
0x0000022b4906cf00, 0x0000022b4906dc20, 0x0000022b4906d590, 0x0000022b4906e2b0,
0x0000022b4906e940, 0x0000022b4906c870, 0x0000022b4906efd0, 0x0000022b4906bb50,
0x0000022b520da6a0, 0x0000022b520db3c0, 0x0000022b520d85d0, 0x0000022b520d7f40,
0x0000022b520d8c60, 0x0000022b520da010, 0x0000022b517e4c60, 0x0000022b517e6010,
0x0000022b517e52f0, 0x0000022b517e3220, 0x0000022b517e3f40, 0x0000022b517e5980,
0x0000022b517e66a0, 0x0000022b517e6d30, 0x0000022b517e38b0, 0x0000022b517e73c0,
0x0000022b517e7a50, 0x0000022b517e45d0, 0x0000022b517e8770, 0x0000022b517e80e0,
0x0000022b517e8e00, 0x0000022b517e9490, 0x0000022b517ea840, 0x0000022b517ea1b0,
0x0000022b4785c420, 0x0000022b4785bd90, 0x0000022b4785cab0, 0x0000022b4785d140,
0x0000022b47859cc0, 0x0000022b4785d7d0, 0x0000022b4785a350, 0x0000022b4785b700,
0x0000022b4785de60
}

Java Threads: ( => current thread )
  0x0000022b6a784910 JavaThread "main"                              [_thread_blocked, id=18124, stack(0x00000038b8700000,0x00000038b8800000) (1024K)]
  0x0000022b6a8233c0 JavaThread "Reference Handler"          daemon [_thread_blocked, id=14228, stack(0x00000038b8b00000,0x00000038b8c00000) (1024K)]
  0x0000022b6a823f70 JavaThread "Finalizer"                  daemon [_thread_blocked, id=10984, stack(0x00000038b8c00000,0x00000038b8d00000) (1024K)]
  0x0000022b6a8266c0 JavaThread "Signal Dispatcher"          daemon [_thread_blocked, id=9228, stack(0x00000038b8d00000,0x00000038b8e00000) (1024K)]
  0x0000022b6a828770 JavaThread "Attach Listener"            daemon [_thread_blocked, id=4332, stack(0x00000038b8e00000,0x00000038b8f00000) (1024K)]
  0x0000022b6a8293c0 JavaThread "Service Thread"             daemon [_thread_blocked, id=2456, stack(0x00000038b8f00000,0x00000038b9000000) (1024K)]
  0x0000022b6a82c220 JavaThread "Monitor Deflation Thread"   daemon [_thread_blocked, id=9372, stack(0x00000038b9000000,0x00000038b9100000) (1024K)]
=>0x0000022b6a82f060 JavaThread "C2 CompilerThread0"         daemon [_thread_in_native, id=1540, stack(0x00000038b9100000,0x00000038b9200000) (1024K)]
  0x0000022b6a83ad90 JavaThread "C1 CompilerThread0"         daemon [_thread_blocked, id=2824, stack(0x00000038b9200000,0x00000038b9300000) (1024K)]
  0x0000022b6a7f1f40 JavaThread "Common-Cleaner"             daemon [_thread_blocked, id=7640, stack(0x00000038b9300000,0x00000038b9400000) (1024K)]
  0x0000022b413c3d00 JavaThread "Notification Thread"        daemon [_thread_blocked, id=7508, stack(0x00000038b9500000,0x00000038b9600000) (1024K)]
  0x0000022b46c03d80 JavaThread "Active Thread: Equinox Container: bfd1aba2-13d9-45cb-92e1-d3d71cadb948"        [_thread_blocked, id=26408, stack(0x00000038b9d00000,0x00000038b9e00000) (1024K)]
  0x0000022b46add470 JavaThread "Refresh Thread: Equinox Container: bfd1aba2-13d9-45cb-92e1-d3d71cadb948" daemon [_thread_blocked, id=25736, stack(0x00000038b9c00000,0x00000038b9d00000) (1024K)]
  0x0000022b41048630 JavaThread "Framework Event Dispatcher: Equinox Container: bfd1aba2-13d9-45cb-92e1-d3d71cadb948" daemon [_thread_blocked, id=23824, stack(0x00000038b9f00000,0x00000038ba000000) (1024K)]
  0x0000022b462c1d80 JavaThread "Start Level: Equinox Container: bfd1aba2-13d9-45cb-92e1-d3d71cadb948" daemon [_thread_blocked, id=2544, stack(0x00000038ba000000,0x00000038ba100000) (1024K)]
  0x0000022b46c703c0 JavaThread "Bundle File Closer"         daemon [_thread_blocked, id=8684, stack(0x00000038ba100000,0x00000038ba200000) (1024K)]
  0x0000022b465c1a10 JavaThread "SCR Component Actor"        daemon [_thread_blocked, id=1552, stack(0x00000038b9400000,0x00000038b9500000) (1024K)]
  0x0000022b410ce4d0 JavaThread "Worker-JM"                         [_thread_blocked, id=21844, stack(0x00000038ba600000,0x00000038ba700000) (1024K)]
  0x0000022b410cf1f0 JavaThread "JNA Cleaner"                daemon [_thread_blocked, id=7284, stack(0x00000038ba500000,0x00000038ba600000) (1024K)]
  0x0000022b410d0c30 JavaThread "Worker-0"                          [_thread_blocked, id=16252, stack(0x00000038ba700000,0x00000038ba800000) (1024K)]
  0x0000022b410d12c0 JavaThread "Worker-1"                          [_thread_blocked, id=26612, stack(0x00000038ba800000,0x00000038ba900000) (1024K)]
  0x0000022b410cf880 JavaThread "Worker-2: Initialize workspace"        [_thread_blocked, id=24976, stack(0x00000038baa00000,0x00000038bab00000) (1024K)]
  0x0000022b410cff10 JavaThread "Java indexing"              daemon [_thread_blocked, id=23540, stack(0x00000038ba900000,0x00000038baa00000) (1024K)]
  0x0000022b410d05a0 JavaThread "Worker-3: Initialize Workspace"        [_thread_blocked, id=17212, stack(0x00000038bab00000,0x00000038bac00000) (1024K)]
  0x0000022b410cde40 JavaThread "Worker-4: Java indexing... "        [_thread_blocked, id=26204, stack(0x00000038ba400000,0x00000038ba500000) (1024K)]
  0x0000022b4906a7a0 JavaThread "Worker-5"                          [_thread_blocked, id=16192, stack(0x00000038bb000000,0x00000038bb100000) (1024K)]
  0x0000022b4906a110 JavaThread "Worker-6"                          [_thread_blocked, id=25408, stack(0x00000038bb100000,0x00000038bb200000) (1024K)]
  0x0000022b49068d60 JavaThread "Thread-2"                   daemon [_thread_in_native, id=7216, stack(0x00000038bb200000,0x00000038bb300000) (1024K)]
  0x0000022b49068040 JavaThread "Thread-3"                   daemon [_thread_in_native, id=23808, stack(0x00000038bb300000,0x00000038bb400000) (1024K)]
  0x0000022b490686d0 JavaThread "Thread-4"                   daemon [_thread_in_native, id=25664, stack(0x00000038bb400000,0x00000038bb500000) (1024K)]
  0x0000022b490693f0 JavaThread "Thread-5"                   daemon [_thread_in_native, id=7232, stack(0x00000038bb500000,0x00000038bb600000) (1024K)]
  0x0000022b49069a80 JavaThread "Thread-6"                   daemon [_thread_in_native, id=10932, stack(0x00000038bb600000,0x00000038bb700000) (1024K)]
  0x0000022b4906ae30 JavaThread "Thread-7"                   daemon [_thread_in_native, id=17628, stack(0x00000038bb700000,0x00000038bb800000) (1024K)]
  0x0000022b490679b0 JavaThread "Thread-8"                   daemon [_thread_in_native, id=25332, stack(0x00000038bb800000,0x00000038bb900000) (1024K)]
  0x0000022b4906b4c0 JavaThread "Thread-9"                   daemon [_thread_in_native, id=3324, stack(0x00000038bb900000,0x00000038bba00000) (1024K)]
  0x0000022b4906c1e0 JavaThread "Thread-10"                  daemon [_thread_in_native, id=20996, stack(0x00000038bba00000,0x00000038bbb00000) (1024K)]
  0x0000022b4906cf00 JavaThread "Thread-11"                  daemon [_thread_in_native, id=7116, stack(0x00000038bbb00000,0x00000038bbc00000) (1024K)]
  0x0000022b4906dc20 JavaThread "Thread-12"                  daemon [_thread_in_native, id=17424, stack(0x00000038bbc00000,0x00000038bbd00000) (1024K)]
  0x0000022b4906d590 JavaThread "Thread-13"                  daemon [_thread_in_native, id=11896, stack(0x00000038bbd00000,0x00000038bbe00000) (1024K)]
  0x0000022b4906e2b0 JavaThread "Thread-14"                  daemon [_thread_in_native, id=24772, stack(0x00000038bbe00000,0x00000038bbf00000) (1024K)]
  0x0000022b4906e940 JavaThread "pool-2-thread-1"                   [_thread_blocked, id=17936, stack(0x00000038bbf00000,0x00000038bc000000) (1024K)]
  0x0000022b4906c870 JavaThread "WorkspaceEventsHandler"            [_thread_blocked, id=23432, stack(0x00000038bc000000,0x00000038bc100000) (1024K)]
  0x0000022b4906efd0 JavaThread "pool-1-thread-1"                   [_thread_blocked, id=25676, stack(0x00000038bc100000,0x00000038bc200000) (1024K)]
  0x0000022b4906bb50 JavaThread "Worker-7"                          [_thread_blocked, id=12088, stack(0x00000038bc200000,0x00000038bc300000) (1024K)]
  0x0000022b520da6a0 JavaThread "LocalFile Deleter"          daemon [_thread_blocked, id=26288, stack(0x00000038bad00000,0x00000038bae00000) (1024K)]
  0x0000022b520db3c0 JavaThread "LocalFile Deleter"          daemon [_thread_blocked, id=24936, stack(0x00000038bc300000,0x00000038bc400000) (1024K)]
  0x0000022b520d85d0 JavaThread "LocalFile Deleter"          daemon [_thread_blocked, id=25704, stack(0x00000038bc400000,0x00000038bc500000) (1024K)]
  0x0000022b520d7f40 JavaThread "LocalFile Deleter"          daemon [_thread_blocked, id=26448, stack(0x00000038bc500000,0x00000038bc600000) (1024K)]
  0x0000022b520d8c60 JavaThread "LocalFile Deleter"          daemon [_thread_blocked, id=11864, stack(0x00000038bc600000,0x00000038bc700000) (1024K)]
  0x0000022b520da010 JavaThread "LocalFile Deleter"          daemon [_thread_blocked, id=26036, stack(0x00000038bc700000,0x00000038bc800000) (1024K)]
  0x0000022b517e4c60 JavaThread "LocalFile Deleter"          daemon [_thread_blocked, id=25672, stack(0x00000038bc800000,0x00000038bc900000) (1024K)]
  0x0000022b517e6010 JavaThread "LocalFile Deleter"          daemon [_thread_blocked, id=7444, stack(0x00000038bc900000,0x00000038bca00000) (1024K)]
  0x0000022b517e52f0 JavaThread "LocalFile Deleter"          daemon [_thread_blocked, id=24872, stack(0x00000038bac00000,0x00000038bad00000) (1024K)]
  0x0000022b517e3220 JavaThread "LocalFile Deleter"          daemon [_thread_blocked, id=6240, stack(0x00000038bca00000,0x00000038bcb00000) (1024K)]
  0x0000022b517e3f40 JavaThread "LocalFile Deleter"          daemon [_thread_blocked, id=19552, stack(0x00000038bcb00000,0x00000038bcc00000) (1024K)]
  0x0000022b517e5980 JavaThread "LocalFile Deleter"          daemon [_thread_blocked, id=5520, stack(0x00000038bcc00000,0x00000038bcd00000) (1024K)]
  0x0000022b517e66a0 JavaThread "Compiler Source File Reader" daemon [_thread_blocked, id=25240, stack(0x00000038bcd00000,0x00000038bce00000) (1024K)]
  0x0000022b517e6d30 JavaThread "Compiler Source File Reader" daemon [_thread_blocked, id=26548, stack(0x00000038bce00000,0x00000038bcf00000) (1024K)]
  0x0000022b517e38b0 JavaThread "Compiler Source File Reader" daemon [_thread_blocked, id=15144, stack(0x00000038bcf00000,0x00000038bd000000) (1024K)]
  0x0000022b517e73c0 JavaThread "Compiler Source File Reader" daemon [_thread_blocked, id=22932, stack(0x00000038bd000000,0x00000038bd100000) (1024K)]
  0x0000022b517e7a50 JavaThread "Compiler Source File Reader" daemon [_thread_blocked, id=25500, stack(0x00000038bd100000,0x00000038bd200000) (1024K)]
  0x0000022b517e45d0 JavaThread "Compiler Source File Reader" daemon [_thread_blocked, id=8088, stack(0x00000038bd200000,0x00000038bd300000) (1024K)]
  0x0000022b517e8770 JavaThread "Compiler Source File Reader" daemon [_thread_blocked, id=7256, stack(0x00000038bd300000,0x00000038bd400000) (1024K)]
  0x0000022b517e80e0 JavaThread "Compiler Source File Reader" daemon [_thread_blocked, id=14288, stack(0x00000038bd400000,0x00000038bd500000) (1024K)]
  0x0000022b517e8e00 JavaThread "Compiler Source File Reader" daemon [_thread_blocked, id=24364, stack(0x00000038bd500000,0x00000038bd600000) (1024K)]
  0x0000022b517e9490 JavaThread "Compiler Source File Reader" daemon [_thread_blocked, id=21408, stack(0x00000038bd600000,0x00000038bd700000) (1024K)]
  0x0000022b517ea840 JavaThread "Compiler Processing Task"   daemon [_thread_blocked, id=26464, stack(0x00000038bd800000,0x00000038bd900000) (1024K)]
  0x0000022b517ea1b0 JavaThread "Compiler Class File Writer" daemon [_thread_blocked, id=7456, stack(0x00000038bd900000,0x00000038bda00000) (1024K)]
  0x0000022b4785c420 JavaThread "Compiler Class File Writer" daemon [_thread_blocked, id=20548, stack(0x00000038bda00000,0x00000038bdb00000) (1024K)]
  0x0000022b4785bd90 JavaThread "Compiler Class File Writer" daemon [_thread_blocked, id=24248, stack(0x00000038bdb00000,0x00000038bdc00000) (1024K)]
  0x0000022b4785cab0 JavaThread "Compiler Class File Writer" daemon [_thread_blocked, id=22392, stack(0x00000038bdc00000,0x00000038bdd00000) (1024K)]
  0x0000022b4785d140 JavaThread "Compiler Class File Writer" daemon [_thread_blocked, id=26400, stack(0x00000038bdd00000,0x00000038bde00000) (1024K)]
  0x0000022b47859cc0 JavaThread "Compiler Class File Writer" daemon [_thread_blocked, id=9740, stack(0x00000038bde00000,0x00000038bdf00000) (1024K)]
  0x0000022b4785d7d0 JavaThread "Compiler Class File Writer" daemon [_thread_blocked, id=18868, stack(0x00000038bdf00000,0x00000038be000000) (1024K)]
  0x0000022b4785a350 JavaThread "Compiler Class File Writer" daemon [_thread_blocked, id=21584, stack(0x00000038be000000,0x00000038be100000) (1024K)]
  0x0000022b4785b700 JavaThread "Compiler Class File Writer" daemon [_thread_blocked, id=26504, stack(0x00000038be100000,0x00000038be200000) (1024K)]
  0x0000022b4785de60 JavaThread "Compiler Class File Writer" daemon [_thread_blocked, id=3588, stack(0x00000038bd700000,0x00000038bd800000) (1024K)]
Total: 77

Other Threads:
  0x0000022b6a81e7b0 VMThread "VM Thread"                           [id=2520, stack(0x00000038b8a00000,0x00000038b8b00000) (1024K)]
  0x0000022b7ea4ca00 WatcherThread "VM Periodic Task Thread"        [id=10132, stack(0x00000038b8900000,0x00000038b8a00000) (1024K)]
  0x0000022b6a7a2be0 WorkerThread "GC Thread#0"                     [id=5212, stack(0x00000038b8800000,0x00000038b8900000) (1024K)]
  0x0000022b460f3050 WorkerThread "GC Thread#1"                     [id=26316, stack(0x00000038b9600000,0x00000038b9700000) (1024K)]
  0x0000022b467bb840 WorkerThread "GC Thread#2"                     [id=14296, stack(0x00000038b9700000,0x00000038b9800000) (1024K)]
  0x0000022b467bbbe0 WorkerThread "GC Thread#3"                     [id=19568, stack(0x00000038b9800000,0x00000038b9900000) (1024K)]
  0x0000022b465762e0 WorkerThread "GC Thread#4"                     [id=25052, stack(0x00000038b9900000,0x00000038b9a00000) (1024K)]
  0x0000022b46576680 WorkerThread "GC Thread#5"                     [id=26352, stack(0x00000038b9a00000,0x00000038b9b00000) (1024K)]
  0x0000022b46576a20 WorkerThread "GC Thread#6"                     [id=20268, stack(0x00000038b9b00000,0x00000038b9c00000) (1024K)]
  0x0000022b41047b60 WorkerThread "GC Thread#7"                     [id=20648, stack(0x00000038b9e00000,0x00000038b9f00000) (1024K)]
  0x0000022b460c31f0 WorkerThread "GC Thread#8"                     [id=24624, stack(0x00000038ba200000,0x00000038ba300000) (1024K)]
  0x0000022b460c2ab0 WorkerThread "GC Thread#9"                     [id=26272, stack(0x00000038ba300000,0x00000038ba400000) (1024K)]
Total: 12

Threads with active compile tasks:
C2 CompilerThread0  65632 12729       4       org.eclipse.jdt.internal.compiler.parser.Scanner::internalScanIdentifierOrKeyword (5081 bytes)
Total: 1

VM state: at safepoint (normal execution)

VM Mutex/Monitor currently owned by a thread:  ([mutex/lock_event])
[0x00007ff8a5d8e380] Threads_lock - owner thread: 0x0000022b6a81e7b0
[0x00007ff8a5d8e480] Heap_lock - owner thread: 0x0000022b410cff10
[0x00007ff8a5d8e900] PSOldGenExpand_lock - owner thread: 0x0000022b467bbbe0

Heap address: 0x00000000c0000000, size: 1024 MB, Compressed Oops mode: 32-bit

CDS archive(s) mapped at: [0x0000022b00000000-0x0000022b00ba0000-0x0000022b00ba0000), size 12189696, SharedBaseAddress: 0x0000022b00000000, ArchiveRelocationMode: 1.
Compressed class space mapped at: 0x0000022b01000000-0x0000022b41000000, reserved size: 1073741824
Narrow klass base: 0x0000022b00000000, Narrow klass shift: 0, Narrow klass range: 0x100000000

GC Precious Log:
 CardTable entry size: 512
 CPUs: 12 total, 12 available
 Memory: 7521M
 Large Page Support: Disabled
 NUMA Support: Disabled
 Compressed Oops: Enabled (32-bit)
 Alignments: Space 512K, Generation 512K, Heap 2M
 Heap Min Capacity: 100M
 Heap Initial Capacity: 100M
 Heap Max Capacity: 1G
 Pre-touch: Disabled
 Parallel Workers: 10

Heap:
 PSYoungGen      total 5120K, used 4512K [0x00000000eab00000, 0x00000000eb080000, 0x0000000100000000)
  eden space 4096K, 100% used [0x00000000eab00000,0x00000000eaf00000,0x00000000eaf00000)
  from space 1024K, 40% used [0x00000000eaf00000,0x00000000eaf68000,0x00000000eb000000)
  to   space 512K, 31% used [0x00000000eb000000,0x00000000eb028000,0x00000000eb080000)
 ParOldGen       total 585728K, used 585721K [0x00000000c0000000, 0x00000000e3c00000, 0x00000000eab00000)
  object space 585728K, 99% used [0x00000000c0000000,0x00000000e3bfe720,0x00000000e3c00000)
 Metaspace       used 62861K, committed 64384K, reserved 1114112K
  class space    used 6328K, committed 6912K, reserved 1048576K

Card table byte_map: [0x0000022b6a120000,0x0000022b6a330000] _byte_map_base: 0x0000022b69b20000

Marking Bits: (ParMarkBitMap*) 0x00007ff8a5d93260
 Begin Bits: [0x0000022b7c970000, 0x0000022b7d970000)
 End Bits:   [0x0000022b7d970000, 0x0000022b7e970000)

Polling page: 0x0000022b683b0000

Metaspace:

Usage:
  Non-class:     55.21 MB used.
      Class:      6.18 MB used.
       Both:     61.39 MB used.

Virtual space:
  Non-class space:       64.00 MB reserved,      56.12 MB ( 88%) committed,  1 nodes.
      Class space:        1.00 GB reserved,       6.75 MB ( <1%) committed,  1 nodes.
             Both:        1.06 GB reserved,      62.88 MB (  6%) committed. 

Chunk freelists:
   Non-Class:  7.55 MB
       Class:  9.27 MB
        Both:  16.81 MB

MaxMetaspaceSize: unlimited
CompressedClassSpaceSize: 1.00 GB
Initial GC threshold: 21.00 MB
Current GC threshold: 97.31 MB
CDS: on
 - commit_granule_bytes: 65536.
 - commit_granule_words: 8192.
 - virtual_space_node_default_size: 8388608.
 - enlarge_chunks_in_place: 1.
 - use_allocation_guard: 0.


Internal statistics:

num_allocs_failed_limit: 9.
num_arena_births: 1216.
num_arena_deaths: 14.
num_vsnodes_births: 2.
num_vsnodes_deaths: 0.
num_space_committed: 1006.
num_space_uncommitted: 0.
num_chunks_returned_to_freelist: 23.
num_chunks_taken_from_freelist: 4235.
num_chunk_merges: 15.
num_chunk_splits: 2576.
num_chunks_enlarged: 1392.
num_inconsistent_stats: 0.

CodeHeap 'non-profiled nmethods': size=120000Kb used=9491Kb max_used=9491Kb free=110508Kb
 bounds [0x0000022b75440000, 0x0000022b75d90000, 0x0000022b7c970000]
CodeHeap 'profiled nmethods': size=120000Kb used=28067Kb max_used=28067Kb free=91932Kb
 bounds [0x0000022b6d970000, 0x0000022b6f4e0000, 0x0000022b74ea0000]
CodeHeap 'non-nmethods': size=5760Kb used=1425Kb max_used=1504Kb free=4334Kb
 bounds [0x0000022b74ea0000, 0x0000022b75110000, 0x0000022b75440000]
 total_blobs=12590 nmethods=11854 adapters=642
 compilation: enabled
              stopped_count=0, restarted_count=0
 full_count=0

Compilation events (20 events):
Event: 61.974 Thread 0x0000022b6a83ad90 nmethod 12719 0x0000022b6f4c7410 code [0x0000022b6f4c75e0, 0x0000022b6f4c7800]
Event: 61.986 Thread 0x0000022b6a83ad90 12720       3       java.io.File::createNewFile (44 bytes)
Event: 61.987 Thread 0x0000022b6a83ad90 nmethod 12720 0x0000022b6f4c7910 code [0x0000022b6f4c7b00, 0x0000022b6f4c7e60]
Event: 62.115 Thread 0x0000022b6a83ad90 12722       3       org.eclipse.jdt.internal.core.index.MemoryIndex::<init> (37 bytes)
Event: 62.115 Thread 0x0000022b6a83ad90 nmethod 12722 0x0000022b6f4c7f90 code [0x0000022b6f4c8160, 0x0000022b6f4c8468]
Event: 62.118 Thread 0x0000022b6a83ad90 12723       3       org.eclipse.jdt.internal.core.index.MemoryIndex::hasChanged (14 bytes)
Event: 62.118 Thread 0x0000022b6a83ad90 nmethod 12723 0x0000022b6f4c8590 code [0x0000022b6f4c8740, 0x0000022b6f4c88b8]
Event: 62.136 Thread 0x0000022b6a83ad90 12724       3       java.util.LinkedList::unlink (91 bytes)
Event: 62.136 Thread 0x0000022b6a83ad90 nmethod 12724 0x0000022b6f4c8990 code [0x0000022b6f4c8b40, 0x0000022b6f4c8db8]
Event: 62.180 Thread 0x0000022b6a83ad90 12725       3       org.eclipse.jdt.internal.compiler.util.HashtableOfIntValues::<init> (48 bytes)
Event: 62.180 Thread 0x0000022b6a83ad90 nmethod 12725 0x0000022b6f4c8e90 code [0x0000022b6f4c9060, 0x0000022b6f4c9390]
Event: 62.226 Thread 0x0000022b6a83ad90 12726       3       org.eclipse.jdt.internal.compiler.parser.Scanner::internalScanIdentifierOrKeyword (5081 bytes)
Event: 62.248 Thread 0x0000022b6a83ad90 nmethod 12726 0x0000022b6f4c9490 code [0x0000022b6f4ca440, 0x0000022b6f4d5868]
Event: 62.395 Thread 0x0000022b6a83ad90 12727  s    3       org.eclipse.jdt.internal.core.search.processing.JobManager::isEnabled (11 bytes)
Event: 62.395 Thread 0x0000022b6a83ad90 nmethod 12727 0x0000022b6f4d7a90 code [0x0000022b6f4d7c40, 0x0000022b6f4d7eb0]
Event: 62.458 Thread 0x0000022b6a83ad90 12728  s    3       org.eclipse.jdt.internal.core.search.processing.JobManager::currentJobForced (28 bytes)
Event: 62.459 Thread 0x0000022b6a83ad90 nmethod 12728 0x0000022b6f4d7f90 code [0x0000022b6f4d8180, 0x0000022b6f4d86a0]
Event: 62.546 Thread 0x0000022b6a82f060 12729       4       org.eclipse.jdt.internal.compiler.parser.Scanner::internalScanIdentifierOrKeyword (5081 bytes)
Event: 62.817 Thread 0x0000022b6a83ad90 12730       3       java.util.concurrent.ThreadPoolExecutor$Worker::unlock (7 bytes)
Event: 62.817 Thread 0x0000022b6a83ad90 nmethod 12730 0x0000022b6f4d8810 code [0x0000022b6f4d89e0, 0x0000022b6f4d8c38]

GC Heap History (20 events):
Event: 62.301 GC heap before
{Heap before GC invocations=737 (full 3):
 PSYoungGen      total 5120K, used 4848K [0x00000000eab00000, 0x00000000eb100000, 0x0000000100000000)
  eden space 4096K, 100% used [0x00000000eab00000,0x00000000eaf00000,0x00000000eaf00000)
  from space 1024K, 73% used [0x00000000eaf00000,0x00000000eafbc150,0x00000000eb000000)
  to   space 1024K, 0% used [0x00000000eb000000,0x00000000eb000000,0x00000000eb100000)
 ParOldGen       total 581120K, used 580726K [0x00000000c0000000, 0x00000000e3780000, 0x00000000eab00000)
  object space 581120K, 99% used [0x00000000c0000000,0x00000000e371dbf8,0x00000000e3780000)
 Metaspace       used 62860K, committed 64384K, reserved 1114112K
  class space    used 6328K, committed 6912K, reserved 1048576K
}
Event: 62.303 GC heap after
{Heap after GC invocations=737 (full 3):
 PSYoungGen      total 5120K, used 768K [0x00000000eab00000, 0x00000000eb100000, 0x0000000100000000)
  eden space 4096K, 0% used [0x00000000eab00000,0x00000000eab00000,0x00000000eaf00000)
  from space 1024K, 75% used [0x00000000eb000000,0x00000000eb0c0000,0x00000000eb100000)
  to   space 1024K, 0% used [0x00000000eaf00000,0x00000000eaf00000,0x00000000eb000000)
 ParOldGen       total 581632K, used 581263K [0x00000000c0000000, 0x00000000e3800000, 0x00000000eab00000)
  object space 581632K, 99% used [0x00000000c0000000,0x00000000e37a3d48,0x00000000e3800000)
 Metaspace       used 62860K, committed 64384K, reserved 1114112K
  class space    used 6328K, committed 6912K, reserved 1048576K
}
Event: 62.350 GC heap before
{Heap before GC invocations=738 (full 3):
 PSYoungGen      total 5120K, used 4864K [0x00000000eab00000, 0x00000000eb100000, 0x0000000100000000)
  eden space 4096K, 100% used [0x00000000eab00000,0x00000000eaf00000,0x00000000eaf00000)
  from space 1024K, 75% used [0x00000000eb000000,0x00000000eb0c0000,0x00000000eb100000)
  to   space 1024K, 0% used [0x00000000eaf00000,0x00000000eaf00000,0x00000000eb000000)
 ParOldGen       total 581632K, used 581263K [0x00000000c0000000, 0x00000000e3800000, 0x00000000eab00000)
  object space 581632K, 99% used [0x00000000c0000000,0x00000000e37a3d48,0x00000000e3800000)
 Metaspace       used 62860K, committed 64384K, reserved 1114112K
  class space    used 6328K, committed 6912K, reserved 1048576K
}
Event: 62.352 GC heap after
{Heap after GC invocations=738 (full 3):
 PSYoungGen      total 5120K, used 640K [0x00000000eab00000, 0x00000000eb100000, 0x0000000100000000)
  eden space 4096K, 0% used [0x00000000eab00000,0x00000000eab00000,0x00000000eaf00000)
  from space 1024K, 62% used [0x00000000eaf00000,0x00000000eafa0000,0x00000000eb000000)
  to   space 1024K, 0% used [0x00000000eb000000,0x00000000eb000000,0x00000000eb100000)
 ParOldGen       total 582144K, used 581818K [0x00000000c0000000, 0x00000000e3880000, 0x00000000eab00000)
  object space 582144K, 99% used [0x00000000c0000000,0x00000000e382e950,0x00000000e3880000)
 Metaspace       used 62860K, committed 64384K, reserved 1114112K
  class space    used 6328K, committed 6912K, reserved 1048576K
}
Event: 62.364 GC heap before
{Heap before GC invocations=739 (full 3):
 PSYoungGen      total 5120K, used 4736K [0x00000000eab00000, 0x00000000eb100000, 0x0000000100000000)
  eden space 4096K, 100% used [0x00000000eab00000,0x00000000eaf00000,0x00000000eaf00000)
  from space 1024K, 62% used [0x00000000eaf00000,0x00000000eafa0000,0x00000000eb000000)
  to   space 1024K, 0% used [0x00000000eb000000,0x00000000eb000000,0x00000000eb100000)
 ParOldGen       total 582144K, used 581818K [0x00000000c0000000, 0x00000000e3880000, 0x00000000eab00000)
  object space 582144K, 99% used [0x00000000c0000000,0x00000000e382e950,0x00000000e3880000)
 Metaspace       used 62860K, committed 64384K, reserved 1114112K
  class space    used 6328K, committed 6912K, reserved 1048576K
}
Event: 62.365 GC heap after
{Heap after GC invocations=739 (full 3):
 PSYoungGen      total 5120K, used 608K [0x00000000eab00000, 0x00000000eb100000, 0x0000000100000000)
  eden space 4096K, 0% used [0x00000000eab00000,0x00000000eab00000,0x00000000eaf00000)
  from space 1024K, 59% used [0x00000000eb000000,0x00000000eb098000,0x00000000eb100000)
  to   space 1024K, 0% used [0x00000000eaf00000,0x00000000eaf00000,0x00000000eb000000)
 ParOldGen       total 582656K, used 582293K [0x00000000c0000000, 0x00000000e3900000, 0x00000000eab00000)
  object space 582656K, 99% used [0x00000000c0000000,0x00000000e38a5760,0x00000000e3900000)
 Metaspace       used 62860K, committed 64384K, reserved 1114112K
  class space    used 6328K, committed 6912K, reserved 1048576K
}
Event: 62.406 GC heap before
{Heap before GC invocations=740 (full 3):
 PSYoungGen      total 5120K, used 4704K [0x00000000eab00000, 0x00000000eb100000, 0x0000000100000000)
  eden space 4096K, 100% used [0x00000000eab00000,0x00000000eaf00000,0x00000000eaf00000)
  from space 1024K, 59% used [0x00000000eb000000,0x00000000eb098000,0x00000000eb100000)
  to   space 1024K, 0% used [0x00000000eaf00000,0x00000000eaf00000,0x00000000eb000000)
 ParOldGen       total 582656K, used 582293K [0x00000000c0000000, 0x00000000e3900000, 0x00000000eab00000)
  object space 582656K, 99% used [0x00000000c0000000,0x00000000e38a5760,0x00000000e3900000)
 Metaspace       used 62860K, committed 64384K, reserved 1114112K
  class space    used 6328K, committed 6912K, reserved 1048576K
}
Event: 62.408 GC heap after
{Heap after GC invocations=740 (full 3):
 PSYoungGen      total 5120K, used 672K [0x00000000eab00000, 0x00000000eb100000, 0x0000000100000000)
  eden space 4096K, 0% used [0x00000000eab00000,0x00000000eab00000,0x00000000eaf00000)
  from space 1024K, 65% used [0x00000000eaf00000,0x00000000eafa8150,0x00000000eb000000)
  to   space 1024K, 0% used [0x00000000eb000000,0x00000000eb000000,0x00000000eb100000)
 ParOldGen       total 583168K, used 582808K [0x00000000c0000000, 0x00000000e3980000, 0x00000000eab00000)
  object space 583168K, 99% used [0x00000000c0000000,0x00000000e3926368,0x00000000e3980000)
 Metaspace       used 62860K, committed 64384K, reserved 1114112K
  class space    used 6328K, committed 6912K, reserved 1048576K
}
Event: 62.419 GC heap before
{Heap before GC invocations=741 (full 3):
 PSYoungGen      total 5120K, used 4768K [0x00000000eab00000, 0x00000000eb100000, 0x0000000100000000)
  eden space 4096K, 100% used [0x00000000eab00000,0x00000000eaf00000,0x00000000eaf00000)
  from space 1024K, 65% used [0x00000000eaf00000,0x00000000eafa8150,0x00000000eb000000)
  to   space 1024K, 0% used [0x00000000eb000000,0x00000000eb000000,0x00000000eb100000)
 ParOldGen       total 583168K, used 582808K [0x00000000c0000000, 0x00000000e3980000, 0x00000000eab00000)
  object space 583168K, 99% used [0x00000000c0000000,0x00000000e3926368,0x00000000e3980000)
 Metaspace       used 62860K, committed 64384K, reserved 1114112K
  class space    used 6328K, committed 6912K, reserved 1048576K
}
Event: 62.422 GC heap after
{Heap after GC invocations=741 (full 3):
 PSYoungGen      total 5120K, used 603K [0x00000000eab00000, 0x00000000eb100000, 0x0000000100000000)
  eden space 4096K, 0% used [0x00000000eab00000,0x00000000eab00000,0x00000000eaf00000)
  from space 1024K, 58% used [0x00000000eb000000,0x00000000eb096c08,0x00000000eb100000)
  to   space 1024K, 0% used [0x00000000eaf00000,0x00000000eaf00000,0x00000000eb000000)
 ParOldGen       total 583680K, used 583344K [0x00000000c0000000, 0x00000000e3a00000, 0x00000000eab00000)
  object space 583680K, 99% used [0x00000000c0000000,0x00000000e39ac310,0x00000000e3a00000)
 Metaspace       used 62860K, committed 64384K, reserved 1114112K
  class space    used 6328K, committed 6912K, reserved 1048576K
}
Event: 62.432 GC heap before
{Heap before GC invocations=742 (full 3):
 PSYoungGen      total 5120K, used 4699K [0x00000000eab00000, 0x00000000eb100000, 0x0000000100000000)
  eden space 4096K, 100% used [0x00000000eab00000,0x00000000eaf00000,0x00000000eaf00000)
  from space 1024K, 58% used [0x00000000eb000000,0x00000000eb096c08,0x00000000eb100000)
  to   space 1024K, 0% used [0x00000000eaf00000,0x00000000eaf00000,0x00000000eb000000)
 ParOldGen       total 583680K, used 583344K [0x00000000c0000000, 0x00000000e3a00000, 0x00000000eab00000)
  object space 583680K, 99% used [0x00000000c0000000,0x00000000e39ac310,0x00000000e3a00000)
 Metaspace       used 62860K, committed 64384K, reserved 1114112K
  class space    used 6328K, committed 6912K, reserved 1048576K
}
Event: 62.434 GC heap after
{Heap after GC invocations=742 (full 3):
 PSYoungGen      total 5120K, used 608K [0x00000000eab00000, 0x00000000eb100000, 0x0000000100000000)
  eden space 4096K, 0% used [0x00000000eab00000,0x00000000eab00000,0x00000000eaf00000)
  from space 1024K, 59% used [0x00000000eaf00000,0x00000000eaf98000,0x00000000eb000000)
  to   space 1024K, 0% used [0x00000000eb000000,0x00000000eb000000,0x00000000eb100000)
 ParOldGen       total 584192K, used 583851K [0x00000000c0000000, 0x00000000e3a80000, 0x00000000eab00000)
  object space 584192K, 99% used [0x00000000c0000000,0x00000000e3a2af18,0x00000000e3a80000)
 Metaspace       used 62860K, committed 64384K, reserved 1114112K
  class space    used 6328K, committed 6912K, reserved 1048576K
}
Event: 62.444 GC heap before
{Heap before GC invocations=743 (full 3):
 PSYoungGen      total 5120K, used 4704K [0x00000000eab00000, 0x00000000eb100000, 0x0000000100000000)
  eden space 4096K, 100% used [0x00000000eab00000,0x00000000eaf00000,0x00000000eaf00000)
  from space 1024K, 59% used [0x00000000eaf00000,0x00000000eaf98000,0x00000000eb000000)
  to   space 1024K, 0% used [0x00000000eb000000,0x00000000eb000000,0x00000000eb100000)
 ParOldGen       total 584192K, used 583851K [0x00000000c0000000, 0x00000000e3a80000, 0x00000000eab00000)
  object space 584192K, 99% used [0x00000000c0000000,0x00000000e3a2af18,0x00000000e3a80000)
 Metaspace       used 62860K, committed 64384K, reserved 1114112K
  class space    used 6328K, committed 6912K, reserved 1048576K
}
Event: 62.447 GC heap after
{Heap after GC invocations=743 (full 3):
 PSYoungGen      total 5120K, used 726K [0x00000000eab00000, 0x00000000eb100000, 0x0000000100000000)
  eden space 4096K, 0% used [0x00000000eab00000,0x00000000eab00000,0x00000000eaf00000)
  from space 1024K, 70% used [0x00000000eb000000,0x00000000eb0b5808,0x00000000eb100000)
  to   space 1024K, 0% used [0x00000000eaf00000,0x00000000eaf00000,0x00000000eb000000)
 ParOldGen       total 584704K, used 584323K [0x00000000c0000000, 0x00000000e3b00000, 0x00000000eab00000)
  object space 584704K, 99% used [0x00000000c0000000,0x00000000e3aa0f18,0x00000000e3b00000)
 Metaspace       used 62860K, committed 64384K, reserved 1114112K
  class space    used 6328K, committed 6912K, reserved 1048576K
}
Event: 62.456 GC heap before
{Heap before GC invocations=744 (full 3):
 PSYoungGen      total 5120K, used 4821K [0x00000000eab00000, 0x00000000eb100000, 0x0000000100000000)
  eden space 4096K, 99% used [0x00000000eab00000,0x00000000eaefff90,0x00000000eaf00000)
  from space 1024K, 70% used [0x00000000eb000000,0x00000000eb0b5808,0x00000000eb100000)
  to   space 1024K, 0% used [0x00000000eaf00000,0x00000000eaf00000,0x00000000eb000000)
 ParOldGen       total 584704K, used 584323K [0x00000000c0000000, 0x00000000e3b00000, 0x00000000eab00000)
  object space 584704K, 99% used [0x00000000c0000000,0x00000000e3aa0f18,0x00000000e3b00000)
 Metaspace       used 62860K, committed 64384K, reserved 1114112K
  class space    used 6328K, committed 6912K, reserved 1048576K
}
Event: 62.458 GC heap after
{Heap after GC invocations=744 (full 3):
 PSYoungGen      total 5120K, used 608K [0x00000000eab00000, 0x00000000eb100000, 0x0000000100000000)
  eden space 4096K, 0% used [0x00000000eab00000,0x00000000eab00000,0x00000000eaf00000)
  from space 1024K, 59% used [0x00000000eaf00000,0x00000000eaf98000,0x00000000eb000000)
  to   space 1024K, 0% used [0x00000000eb000000,0x00000000eb000000,0x00000000eb100000)
 ParOldGen       total 585216K, used 584849K [0x00000000c0000000, 0x00000000e3b80000, 0x00000000eab00000)
  object space 585216K, 99% used [0x00000000c0000000,0x00000000e3b24720,0x00000000e3b80000)
 Metaspace       used 62860K, committed 64384K, reserved 1114112K
  class space    used 6328K, committed 6912K, reserved 1048576K
}
Event: 62.470 GC heap before
{Heap before GC invocations=745 (full 3):
 PSYoungGen      total 5120K, used 4704K [0x00000000eab00000, 0x00000000eb100000, 0x0000000100000000)
  eden space 4096K, 100% used [0x00000000eab00000,0x00000000eaf00000,0x00000000eaf00000)
  from space 1024K, 59% used [0x00000000eaf00000,0x00000000eaf98000,0x00000000eb000000)
  to   space 1024K, 0% used [0x00000000eb000000,0x00000000eb000000,0x00000000eb100000)
 ParOldGen       total 585216K, used 584849K [0x00000000c0000000, 0x00000000e3b80000, 0x00000000eab00000)
  object space 585216K, 99% used [0x00000000c0000000,0x00000000e3b24720,0x00000000e3b80000)
 Metaspace       used 62861K, committed 64384K, reserved 1114112K
  class space    used 6328K, committed 6912K, reserved 1048576K
}
Event: 62.473 GC heap after
{Heap after GC invocations=745 (full 3):
 PSYoungGen      total 5120K, used 512K [0x00000000eab00000, 0x00000000eb100000, 0x0000000100000000)
  eden space 4096K, 0% used [0x00000000eab00000,0x00000000eab00000,0x00000000eaf00000)
  from space 1024K, 50% used [0x00000000eb000000,0x00000000eb080000,0x00000000eb100000)
  to   space 1024K, 0% used [0x00000000eaf00000,0x00000000eaf00000,0x00000000eb000000)
 ParOldGen       total 585728K, used 585273K [0x00000000c0000000, 0x00000000e3c00000, 0x00000000eab00000)
  object space 585728K, 99% used [0x00000000c0000000,0x00000000e3b8e720,0x00000000e3c00000)
 Metaspace       used 62861K, committed 64384K, reserved 1114112K
  class space    used 6328K, committed 6912K, reserved 1048576K
}
Event: 62.533 GC heap before
{Heap before GC invocations=746 (full 3):
 PSYoungGen      total 5120K, used 4608K [0x00000000eab00000, 0x00000000eb100000, 0x0000000100000000)
  eden space 4096K, 100% used [0x00000000eab00000,0x00000000eaf00000,0x00000000eaf00000)
  from space 1024K, 50% used [0x00000000eb000000,0x00000000eb080000,0x00000000eb100000)
  to   space 1024K, 0% used [0x00000000eaf00000,0x00000000eaf00000,0x00000000eb000000)
 ParOldGen       total 585728K, used 585273K [0x00000000c0000000, 0x00000000e3c00000, 0x00000000eab00000)
  object space 585728K, 99% used [0x00000000c0000000,0x00000000e3b8e720,0x00000000e3c00000)
 Metaspace       used 62861K, committed 64384K, reserved 1114112K
  class space    used 6328K, committed 6912K, reserved 1048576K
}
Event: 62.534 GC heap after
{Heap after GC invocations=746 (full 3):
 PSYoungGen      total 5120K, used 416K [0x00000000eab00000, 0x00000000eb080000, 0x0000000100000000)
  eden space 4096K, 0% used [0x00000000eab00000,0x00000000eab00000,0x00000000eaf00000)
  from space 1024K, 40% used [0x00000000eaf00000,0x00000000eaf68000,0x00000000eb000000)
  to   space 512K, 0% used [0x00000000eb000000,0x00000000eb000000,0x00000000eb080000)
 ParOldGen       total 585728K, used 585713K [0x00000000c0000000, 0x00000000e3c00000, 0x00000000eab00000)
  object space 585728K, 99% used [0x00000000c0000000,0x00000000e3bfc720,0x00000000e3c00000)
 Metaspace       used 62861K, committed 64384K, reserved 1114112K
  class space    used 6328K, committed 6912K, reserved 1048576K
}

Dll operation events (10 events):
Event: 0.012 Loaded shared library c:\Users\Jaywant\.vscode\extensions\redhat.java-1.41.1-win32-x64\jre\21.0.6-win32-x86_64\bin\java.dll
Event: 0.096 Loaded shared library c:\Users\Jaywant\.vscode\extensions\redhat.java-1.41.1-win32-x64\jre\21.0.6-win32-x86_64\bin\zip.dll
Event: 0.119 Loaded shared library C:\Users\Jaywant\.vscode\extensions\redhat.java-1.41.1-win32-x64\jre\21.0.6-win32-x86_64\bin\instrument.dll
Event: 0.127 Loaded shared library C:\Users\Jaywant\.vscode\extensions\redhat.java-1.41.1-win32-x64\jre\21.0.6-win32-x86_64\bin\net.dll
Event: 0.130 Loaded shared library C:\Users\Jaywant\.vscode\extensions\redhat.java-1.41.1-win32-x64\jre\21.0.6-win32-x86_64\bin\nio.dll
Event: 0.134 Loaded shared library C:\Users\Jaywant\.vscode\extensions\redhat.java-1.41.1-win32-x64\jre\21.0.6-win32-x86_64\bin\zip.dll
Event: 0.156 Loaded shared library C:\Users\Jaywant\.vscode\extensions\redhat.java-1.41.1-win32-x64\jre\21.0.6-win32-x86_64\bin\jimage.dll
Event: 0.261 Loaded shared library c:\Users\Jaywant\.vscode\extensions\redhat.java-1.41.1-win32-x64\jre\21.0.6-win32-x86_64\bin\verify.dll
Event: 9.919 Loaded shared library C:\Users\Jaywant\AppData\Roaming\Code\User\globalStorage\redhat.java\1.41.1\config_win\org.eclipse.equinox.launcher\org.eclipse.equinox.launcher.win32.win32.x86_64_1.2.1300.v20250331-1702\eclipse_11911.dll
Event: 18.532 Loaded shared library C:\Users\Jaywant\AppData\Local\Temp\jna--151788782\jna13456900714961888922.dll

Deoptimization events (20 events):
Event: 60.701 Thread 0x0000022b410cff10 Uncommon trap: trap_request=0xffffff45 fr.pc=0x0000022b75d31070 relative=0x0000000000001650
Event: 60.701 Thread 0x0000022b410cff10 Uncommon trap: reason=unstable_if action=reinterpret pc=0x0000022b75d31070 method=org.eclipse.jdt.internal.compiler.classfmt.FieldInfo.createField([B[IIJ)Lorg/eclipse/jdt/internal/compiler/classfmt/FieldInfo; @ 120 c2
Event: 60.701 Thread 0x0000022b410cff10 DEOPT PACKING pc=0x0000022b75d31070 sp=0x00000038ba9fec60
Event: 60.701 Thread 0x0000022b410cff10 DEOPT UNPACKING pc=0x0000022b74ef3aa2 sp=0x00000038ba9febe8 mode 2
Event: 60.701 Thread 0x0000022b410cff10 Uncommon trap: trap_request=0xffffff45 fr.pc=0x0000022b75cf7dd4 relative=0x0000000000001a14
Event: 60.701 Thread 0x0000022b410cff10 Uncommon trap: reason=unstable_if action=reinterpret pc=0x0000022b75cf7dd4 method=org.eclipse.jdt.internal.compiler.classfmt.MethodInfo.createMethod([B[IIJ)Lorg/eclipse/jdt/internal/compiler/classfmt/MethodInfo; @ 167 c2
Event: 60.701 Thread 0x0000022b410cff10 DEOPT PACKING pc=0x0000022b75cf7dd4 sp=0x00000038ba9fec50
Event: 60.701 Thread 0x0000022b410cff10 DEOPT UNPACKING pc=0x0000022b74ef3aa2 sp=0x00000038ba9febc0 mode 2
Event: 60.701 Thread 0x0000022b410cff10 Uncommon trap: trap_request=0xffffff45 fr.pc=0x0000022b75867064 relative=0x0000000000000c64
Event: 60.701 Thread 0x0000022b410cff10 Uncommon trap: reason=unstable_if action=reinterpret pc=0x0000022b75867064 method=org.eclipse.jdt.internal.compiler.classfmt.MethodInfo.readModifierRelatedAttributes()V @ 136 c2
Event: 60.701 Thread 0x0000022b410cff10 DEOPT PACKING pc=0x0000022b75867064 sp=0x00000038ba9fed50
Event: 60.701 Thread 0x0000022b410cff10 DEOPT UNPACKING pc=0x0000022b74ef3aa2 sp=0x00000038ba9fed18 mode 2
Event: 61.158 Thread 0x0000022b410cff10 Uncommon trap: trap_request=0xffffff45 fr.pc=0x0000022b75ac55a8 relative=0x0000000000000b48
Event: 61.158 Thread 0x0000022b410cff10 Uncommon trap: reason=unstable_if action=reinterpret pc=0x0000022b75ac55a8 method=org.eclipse.jdt.internal.compiler.classfmt.ClassFileReader.getMemberTypes()[Lorg/eclipse/jdt/internal/compiler/env/IBinaryNestedType; @ 83 c2
Event: 61.158 Thread 0x0000022b410cff10 DEOPT PACKING pc=0x0000022b75ac55a8 sp=0x00000038ba9fed20
Event: 61.158 Thread 0x0000022b410cff10 DEOPT UNPACKING pc=0x0000022b74ef3aa2 sp=0x00000038ba9fed10 mode 2
Event: 62.225 Thread 0x0000022b410cff10 Uncommon trap: trap_request=0xffffff45 fr.pc=0x0000022b75d79e70 relative=0x0000000000001510
Event: 62.225 Thread 0x0000022b410cff10 Uncommon trap: reason=unstable_if action=reinterpret pc=0x0000022b75d79e70 method=org.eclipse.jdt.internal.compiler.parser.Scanner.internalScanIdentifierOrKeyword(II[C)Lorg/eclipse/jdt/internal/compiler/parser/TerminalToken; @ 3400 c2
Event: 62.225 Thread 0x0000022b410cff10 DEOPT PACKING pc=0x0000022b75d79e70 sp=0x00000038ba9feea0
Event: 62.225 Thread 0x0000022b410cff10 DEOPT UNPACKING pc=0x0000022b74ef3aa2 sp=0x00000038ba9fee30 mode 2

Classes loaded (20 events):
Event: 43.330 Loading class java/util/concurrent/CompletionException
Event: 43.330 Loading class java/util/concurrent/CompletionException done
Event: 43.335 Loading class java/nio/file/FileTreeWalker$1
Event: 43.336 Loading class java/nio/file/FileTreeWalker$1 done
Event: 43.336 Loading class sun/nio/fs/Globs
Event: 43.337 Loading class sun/nio/fs/Globs done
Event: 43.337 Loading class java/util/regex/Pattern$SliceU
Event: 43.338 Loading class java/util/regex/Pattern$SliceU done
Event: 43.338 Loading class sun/nio/fs/WindowsFileSystem$2
Event: 43.338 Loading class java/nio/file/PathMatcher
Event: 43.338 Loading class java/nio/file/PathMatcher done
Event: 43.338 Loading class sun/nio/fs/WindowsFileSystem$2 done
Event: 43.566 Loading class java/util/Collections$SynchronizedRandomAccessList
Event: 43.566 Loading class java/util/Collections$SynchronizedList
Event: 43.566 Loading class java/util/Collections$SynchronizedList done
Event: 43.566 Loading class java/util/Collections$SynchronizedRandomAccessList done
Event: 43.578 Loading class java/util/concurrent/CompletableFuture$Signaller
Event: 43.579 Loading class java/util/concurrent/CompletableFuture$Signaller done
Event: 45.329 Loading class sun/nio/fs/WindowsFileCopy
Event: 45.329 Loading class sun/nio/fs/WindowsFileCopy done

Classes unloaded (7 events):
Event: 19.406 Thread 0x0000022b6a81e7b0 Unloading class 0x0000022b0119bc00 'java/lang/invoke/LambdaForm$MH+0x0000022b0119bc00'
Event: 19.406 Thread 0x0000022b6a81e7b0 Unloading class 0x0000022b0119b800 'java/lang/invoke/LambdaForm$MH+0x0000022b0119b800'
Event: 19.406 Thread 0x0000022b6a81e7b0 Unloading class 0x0000022b0119b400 'java/lang/invoke/LambdaForm$MH+0x0000022b0119b400'
Event: 19.406 Thread 0x0000022b6a81e7b0 Unloading class 0x0000022b0119b000 'java/lang/invoke/LambdaForm$MH+0x0000022b0119b000'
Event: 19.406 Thread 0x0000022b6a81e7b0 Unloading class 0x0000022b0119ac00 'java/lang/invoke/LambdaForm$BMH+0x0000022b0119ac00'
Event: 19.406 Thread 0x0000022b6a81e7b0 Unloading class 0x0000022b0119a800 'java/lang/invoke/LambdaForm$DMH+0x0000022b0119a800'
Event: 19.406 Thread 0x0000022b6a81e7b0 Unloading class 0x0000022b01199400 'java/lang/invoke/LambdaForm$DMH+0x0000022b01199400'

Classes redefined (0 events):
No events

Internal exceptions (20 events):
Event: 61.594 Thread 0x0000022b410cff10 Exception <a 'sun/nio/fs/WindowsException'{0x00000000eab5dbd0}> (0x00000000eab5dbd0) 
thrown [s\src\hotspot\share\prims\jni.cpp, line 520]
Event: 61.646 Thread 0x0000022b410cff10 Exception <a 'sun/nio/fs/WindowsException'{0x00000000ead2fda0}> (0x00000000ead2fda0) 
thrown [s\src\hotspot\share\prims\jni.cpp, line 520]
Event: 61.672 Thread 0x0000022b410cff10 Exception <a 'sun/nio/fs/WindowsException'{0x00000000eadaa008}> (0x00000000eadaa008) 
thrown [s\src\hotspot\share\prims\jni.cpp, line 520]
Event: 61.694 Thread 0x0000022b410cff10 Exception <a 'sun/nio/fs/WindowsException'{0x00000000eaba6ce0}> (0x00000000eaba6ce0) 
thrown [s\src\hotspot\share\prims\jni.cpp, line 520]
Event: 61.722 Thread 0x0000022b410cff10 Exception <a 'sun/nio/fs/WindowsException'{0x00000000eabc3d08}> (0x00000000eabc3d08) 
thrown [s\src\hotspot\share\prims\jni.cpp, line 520]
Event: 61.746 Thread 0x0000022b410cff10 Exception <a 'sun/nio/fs/WindowsException'{0x00000000eac837c0}> (0x00000000eac837c0) 
thrown [s\src\hotspot\share\prims\jni.cpp, line 520]
Event: 61.773 Thread 0x0000022b410cff10 Exception <a 'sun/nio/fs/WindowsException'{0x00000000eab97ec8}> (0x00000000eab97ec8) 
thrown [s\src\hotspot\share\prims\jni.cpp, line 520]
Event: 61.970 Thread 0x0000022b410cff10 Exception <a 'sun/nio/fs/WindowsException'{0x00000000eac24510}> (0x00000000eac24510) 
thrown [s\src\hotspot\share\prims\jni.cpp, line 520]
Event: 62.008 Thread 0x0000022b410cff10 Exception <a 'sun/nio/fs/WindowsException'{0x00000000eabbfa38}> (0x00000000eabbfa38) 
thrown [s\src\hotspot\share\prims\jni.cpp, line 520]
Event: 62.042 Thread 0x0000022b410cff10 Exception <a 'sun/nio/fs/WindowsException'{0x00000000eacc6368}> (0x00000000eacc6368) 
thrown [s\src\hotspot\share\prims\jni.cpp, line 520]
Event: 62.048 Thread 0x0000022b410cff10 Exception <a 'sun/nio/fs/WindowsException'{0x00000000eacd7750}> (0x00000000eacd7750) 
thrown [s\src\hotspot\share\prims\jni.cpp, line 520]
Event: 62.113 Thread 0x0000022b410cff10 Exception <a 'sun/nio/fs/WindowsException'{0x00000000eada8a80}> (0x00000000eada8a80) 
thrown [s\src\hotspot\share\prims\jni.cpp, line 520]
Event: 62.133 Thread 0x0000022b410cff10 Exception <a 'sun/nio/fs/WindowsException'{0x00000000eae0c7e8}> (0x00000000eae0c7e8) 
thrown [s\src\hotspot\share\prims\jni.cpp, line 520]
Event: 62.174 Thread 0x0000022b410cff10 Exception <a 'sun/nio/fs/WindowsException'{0x00000000eae7c9e8}> (0x00000000eae7c9e8) 
thrown [s\src\hotspot\share\prims\jni.cpp, line 520]
Event: 62.181 Thread 0x0000022b410cff10 Exception <a 'sun/nio/fs/WindowsException'{0x00000000eaea0aa8}> (0x00000000eaea0aa8) 
thrown [s\src\hotspot\share\prims\jni.cpp, line 520]
Event: 62.276 Thread 0x0000022b410cff10 Exception <a 'sun/nio/fs/WindowsException'{0x00000000eabb2e00}> (0x00000000eabb2e00) 
thrown [s\src\hotspot\share\prims\jni.cpp, line 520]
Event: 62.335 Thread 0x0000022b410cff10 Exception <a 'sun/nio/fs/WindowsException'{0x00000000eacc89e0}> (0x00000000eacc89e0) 
thrown [s\src\hotspot\share\prims\jni.cpp, line 520]
Event: 62.398 Thread 0x0000022b410cff10 Exception <a 'sun/nio/fs/WindowsException'{0x00000000ead8d5f8}> (0x00000000ead8d5f8) 
thrown [s\src\hotspot\share\prims\jni.cpp, line 520]
Event: 62.527 Thread 0x0000022b410cff10 Exception <a 'sun/nio/fs/WindowsException'{0x00000000eaeb2730}> (0x00000000eaeb2730) 
thrown [s\src\hotspot\share\prims\jni.cpp, line 520]
Event: 65.590 Thread 0x0000022b410cff10 Exception <a 'sun/nio/fs/WindowsException'{0x00000000eae43190}> (0x00000000eae43190) 
thrown [s\src\hotspot\share\prims\jni.cpp, line 520]

ZGC Phase Switch (0 events):
No events

VM Operations (20 events):
Event: 62.301 Executing VM operation: ParallelGCFailedAllocation (Allocation Failure)
Event: 62.303 Executing VM operation: ParallelGCFailedAllocation (Allocation Failure) done
Event: 62.350 Executing VM operation: ParallelGCFailedAllocation (Allocation Failure)
Event: 62.352 Executing VM operation: ParallelGCFailedAllocation (Allocation Failure) done
Event: 62.364 Executing VM operation: ParallelGCFailedAllocation (Allocation Failure)
Event: 62.365 Executing VM operation: ParallelGCFailedAllocation (Allocation Failure) done
Event: 62.406 Executing VM operation: ParallelGCFailedAllocation (Allocation Failure)
Event: 62.408 Executing VM operation: ParallelGCFailedAllocation (Allocation Failure) done
Event: 62.419 Executing VM operation: ParallelGCFailedAllocation (Allocation Failure)
Event: 62.422 Executing VM operation: ParallelGCFailedAllocation (Allocation Failure) done
Event: 62.432 Executing VM operation: ParallelGCFailedAllocation (Allocation Failure)
Event: 62.434 Executing VM operation: ParallelGCFailedAllocation (Allocation Failure) done
Event: 62.444 Executing VM operation: ParallelGCFailedAllocation (Allocation Failure)
Event: 62.447 Executing VM operation: ParallelGCFailedAllocation (Allocation Failure) done
Event: 62.456 Executing VM operation: ParallelGCFailedAllocation (Allocation Failure)
Event: 62.458 Executing VM operation: ParallelGCFailedAllocation (Allocation Failure) done
Event: 62.470 Executing VM operation: ParallelGCFailedAllocation (Allocation Failure)
Event: 62.473 Executing VM operation: ParallelGCFailedAllocation (Allocation Failure) done
Event: 62.533 Executing VM operation: ParallelGCFailedAllocation (Allocation Failure)
Event: 62.535 Executing VM operation: ParallelGCFailedAllocation (Allocation Failure) done

Memory protections (0 events):
No events

Nmethod flushes (20 events):
Event: 40.270 Thread 0x0000022b6a81e7b0 flushing  nmethod 0x0000022b6e2bce10
Event: 40.270 Thread 0x0000022b6a81e7b0 flushing  nmethod 0x0000022b6e2bd810
Event: 40.270 Thread 0x0000022b6a81e7b0 flushing  nmethod 0x0000022b6e2c0b10
Event: 40.270 Thread 0x0000022b6a81e7b0 flushing  nmethod 0x0000022b6e2daf90
Event: 40.270 Thread 0x0000022b6a81e7b0 flushing  nmethod 0x0000022b6e2dc590
Event: 40.270 Thread 0x0000022b6a81e7b0 flushing  nmethod 0x0000022b6e2e3f10
Event: 40.270 Thread 0x0000022b6a81e7b0 flushing  nmethod 0x0000022b6e2eac10
Event: 40.270 Thread 0x0000022b6a81e7b0 flushing  nmethod 0x0000022b6e2eb490
Event: 40.270 Thread 0x0000022b6a81e7b0 flushing osr nmethod 0x0000022b6e2ef790
Event: 40.270 Thread 0x0000022b6a81e7b0 flushing osr nmethod 0x0000022b6e2eff10
Event: 40.270 Thread 0x0000022b6a81e7b0 flushing  nmethod 0x0000022b6e2f7010
Event: 40.270 Thread 0x0000022b6a81e7b0 flushing  nmethod 0x0000022b6e2f8c10
Event: 40.270 Thread 0x0000022b6a81e7b0 flushing  nmethod 0x0000022b6e334f90
Event: 40.270 Thread 0x0000022b6a81e7b0 flushing  nmethod 0x0000022b6e345a10
Event: 40.270 Thread 0x0000022b6a81e7b0 flushing  nmethod 0x0000022b6e349c10
Event: 40.270 Thread 0x0000022b6a81e7b0 flushing  nmethod 0x0000022b6e34e590
Event: 40.270 Thread 0x0000022b6a81e7b0 flushing  nmethod 0x0000022b6e395990
Event: 40.270 Thread 0x0000022b6a81e7b0 flushing  nmethod 0x0000022b6e3e2c90
Event: 40.270 Thread 0x0000022b6a81e7b0 flushing  nmethod 0x0000022b6e3e4d10
Event: 40.270 Thread 0x0000022b6a81e7b0 flushing  nmethod 0x0000022b6e40b910

Events (20 events):
Event: 42.583 Thread 0x0000022b4785f210 Thread exited: 0x0000022b4785f210
Event: 42.583 Thread 0x0000022b4785f8a0 Thread exited: 0x0000022b4785f8a0
Event: 42.583 Thread 0x0000022b4785eb80 Thread exited: 0x0000022b4785eb80
Event: 42.584 Thread 0x0000022b478605c0 Thread exited: 0x0000022b478605c0
Event: 42.997 Thread 0x0000022b4906a7a0 Thread added: 0x0000022b4785b070
Event: 42.997 Thread 0x0000022b4906a7a0 Thread added: 0x0000022b4785f8a0
Event: 42.997 Thread 0x0000022b4906a7a0 Thread added: 0x0000022b4785f210
Event: 42.997 Thread 0x0000022b4906a7a0 Thread added: 0x0000022b4785eb80
Event: 42.997 Thread 0x0000022b4906a7a0 Thread added: 0x0000022b4785ff30
Event: 43.022 Thread 0x0000022b4785f210 Thread exited: 0x0000022b4785f210
Event: 43.022 Thread 0x0000022b4785f8a0 Thread exited: 0x0000022b4785f8a0
Event: 43.022 Thread 0x0000022b4785b070 Thread exited: 0x0000022b4785b070
Event: 43.023 Thread 0x0000022b4785eb80 Thread exited: 0x0000022b4785eb80
Event: 43.023 Thread 0x0000022b4785ff30 Thread exited: 0x0000022b4785ff30
Event: 45.098 Thread 0x0000022b4741cd40 Thread exited: 0x0000022b4741cd40
Event: 45.180 Thread 0x0000022b474196c0 Thread exited: 0x0000022b474196c0
Event: 45.360 Thread 0x0000022b6a83ad90 Thread added: 0x0000022b474196c0
Event: 45.360 Thread 0x0000022b6a83ad90 Thread added: 0x0000022b4741c670
Event: 47.365 Thread 0x0000022b4741c670 Thread exited: 0x0000022b4741c670
Event: 47.899 Thread 0x0000022b474196c0 Thread exited: 0x0000022b474196c0


Dynamic libraries:
0x00007ff63dab0000 - 0x00007ff63dabe000 	c:\Users\Jaywant\.vscode\extensions\redhat.java-1.41.1-win32-x64\jre\21.0.6-win32-x86_64\bin\java.exe
0x00007ff9267c0000 - 0x00007ff926a26000 	C:\WINDOWS\SYSTEM32\ntdll.dll
0x00007ff925210000 - 0x00007ff9252d9000 	C:\WINDOWS\System32\KERNEL32.DLL
0x00007ff924110000 - 0x00007ff9244dc000 	C:\WINDOWS\System32\KERNELBASE.dll
0x00007ff923c00000 - 0x00007ff923d4b000 	C:\WINDOWS\System32\ucrtbase.dll
0x00007ff91d060000 - 0x00007ff91d078000 	c:\Users\Jaywant\.vscode\extensions\redhat.java-1.41.1-win32-x64\jre\21.0.6-win32-x86_64\bin\jli.dll
0x00007ff924a00000 - 0x00007ff924bca000 	C:\WINDOWS\System32\USER32.dll
0x00007ff923a00000 - 0x00007ff923a27000 	C:\WINDOWS\System32\win32u.dll
0x00007ff916650000 - 0x00007ff91666e000 	c:\Users\Jaywant\.vscode\extensions\redhat.java-1.41.1-win32-x64\jre\21.0.6-win32-x86_64\bin\VCRUNTIME140.dll
0x00007ff925d70000 - 0x00007ff925d9b000 	C:\WINDOWS\System32\GDI32.dll
0x00007ff923ac0000 - 0x00007ff923bf2000 	C:\WINDOWS\System32\gdi32full.dll
0x00007ff923950000 - 0x00007ff9239f3000 	C:\WINDOWS\System32\msvcp_win.dll
0x00007ff90ccd0000 - 0x00007ff90cf6a000 	C:\WINDOWS\WinSxS\amd64_microsoft.windows.common-controls_6595b64144ccf1df_6.0.26100.3912_none_3e07963ce335137e\COMCTL32.dll
0x00007ff9264f0000 - 0x00007ff926599000 	C:\WINDOWS\System32\msvcrt.dll
0x00007ff924610000 - 0x00007ff924640000 	C:\WINDOWS\System32\IMM32.DLL
0x00007ff920920000 - 0x00007ff92092c000 	c:\Users\Jaywant\.vscode\extensions\redhat.java-1.41.1-win32-x64\jre\21.0.6-win32-x86_64\bin\vcruntime140_1.dll
0x00007ff8f9f30000 - 0x00007ff8f9fbd000 	c:\Users\Jaywant\.vscode\extensions\redhat.java-1.41.1-win32-x64\jre\21.0.6-win32-x86_64\bin\msvcp140.dll
0x00007ff8a50e0000 - 0x00007ff8a5e70000 	c:\Users\Jaywant\.vscode\extensions\redhat.java-1.41.1-win32-x64\jre\21.0.6-win32-x86_64\bin\server\jvm.dll
0x00007ff924bd0000 - 0x00007ff924c82000 	C:\WINDOWS\System32\ADVAPI32.dll
0x00007ff9266c0000 - 0x00007ff926766000 	C:\WINDOWS\System32\sechost.dll
0x00007ff9265a0000 - 0x00007ff9266b6000 	C:\WINDOWS\System32\RPCRT4.dll
0x00007ff924980000 - 0x00007ff9249f4000 	C:\WINDOWS\System32\WS2_32.dll
0x00007ff9237c0000 - 0x00007ff92381e000 	C:\WINDOWS\SYSTEM32\POWRPROF.dll
0x00007ff91aec0000 - 0x00007ff91aef6000 	C:\WINDOWS\SYSTEM32\WINMM.dll
0x00007ff91af00000 - 0x00007ff91af0b000 	C:\WINDOWS\SYSTEM32\VERSION.dll
0x00007ff9237a0000 - 0x00007ff9237b4000 	C:\WINDOWS\SYSTEM32\UMPDC.dll
0x00007ff922710000 - 0x00007ff92272a000 	C:\WINDOWS\SYSTEM32\kernel.appcore.dll
0x00007ff910ee0000 - 0x00007ff910eea000 	c:\Users\Jaywant\.vscode\extensions\redhat.java-1.41.1-win32-x64\jre\21.0.6-win32-x86_64\bin\jimage.dll
0x00007ff917c80000 - 0x00007ff917ec1000 	C:\WINDOWS\SYSTEM32\DBGHELP.DLL
0x00007ff9259e0000 - 0x00007ff925d64000 	C:\WINDOWS\System32\combase.dll
0x00007ff925790000 - 0x00007ff925870000 	C:\WINDOWS\System32\OLEAUT32.dll
0x00007ff90f0e0000 - 0x00007ff90f119000 	C:\WINDOWS\SYSTEM32\dbgcore.DLL
0x00007ff9244e0000 - 0x00007ff924579000 	C:\WINDOWS\System32\bcryptPrimitives.dll
0x00007ff910ed0000 - 0x00007ff910edf000 	c:\Users\Jaywant\.vscode\extensions\redhat.java-1.41.1-win32-x64\jre\21.0.6-win32-x86_64\bin\instrument.dll
0x00007ff8f9f10000 - 0x00007ff8f9f2f000 	c:\Users\Jaywant\.vscode\extensions\redhat.java-1.41.1-win32-x64\jre\21.0.6-win32-x86_64\bin\java.dll
0x00007ff925da0000 - 0x00007ff9264cd000 	C:\WINDOWS\System32\SHELL32.dll
0x00007ff923ed0000 - 0x00007ff924044000 	C:\WINDOWS\System32\wintypes.dll
0x00007ff9215b0000 - 0x00007ff921e06000 	C:\WINDOWS\SYSTEM32\windows.storage.dll
0x00007ff925490000 - 0x00007ff92557f000 	C:\WINDOWS\System32\SHCORE.dll
0x00007ff9251a0000 - 0x00007ff925209000 	C:\WINDOWS\System32\shlwapi.dll
0x00007ff923860000 - 0x00007ff92388f000 	C:\WINDOWS\SYSTEM32\profapi.dll
0x00007ff8f9ef0000 - 0x00007ff8f9f08000 	c:\Users\Jaywant\.vscode\extensions\redhat.java-1.41.1-win32-x64\jre\21.0.6-win32-x86_64\bin\zip.dll
0x00007ff910760000 - 0x00007ff910770000 	C:\Users\Jaywant\.vscode\extensions\redhat.java-1.41.1-win32-x64\jre\21.0.6-win32-x86_64\bin\net.dll
0x00007ff91c270000 - 0x00007ff91c38e000 	C:\WINDOWS\SYSTEM32\WINHTTP.dll
0x00007ff922c80000 - 0x00007ff922cea000 	C:\WINDOWS\system32\mswsock.dll
0x00007ff8f79e0000 - 0x00007ff8f79f6000 	C:\Users\Jaywant\.vscode\extensions\redhat.java-1.41.1-win32-x64\jre\21.0.6-win32-x86_64\bin\nio.dll
0x00007ff910580000 - 0x00007ff910590000 	c:\Users\Jaywant\.vscode\extensions\redhat.java-1.41.1-win32-x64\jre\21.0.6-win32-x86_64\bin\verify.dll
0x00007ff8d9230000 - 0x00007ff8d9275000 	C:\Users\Jaywant\AppData\Roaming\Code\User\globalStorage\redhat.java\1.41.1\config_win\org.eclipse.equinox.launcher\org.eclipse.equinox.launcher.win32.win32.x86_64_1.2.1300.v20250331-1702\eclipse_11911.dll
0x00007ff9255e0000 - 0x00007ff92577f000 	C:\WINDOWS\System32\ole32.dll
0x00007ff922f20000 - 0x00007ff922f3c000 	C:\WINDOWS\SYSTEM32\CRYPTSP.dll
0x00007ff922650000 - 0x00007ff92268a000 	C:\WINDOWS\system32\rsaenh.dll
0x00007ff922d20000 - 0x00007ff922d4b000 	C:\WINDOWS\SYSTEM32\USERENV.dll
0x00007ff923830000 - 0x00007ff923856000 	C:\WINDOWS\SYSTEM32\bcrypt.dll
0x00007ff922f40000 - 0x00007ff922f4c000 	C:\WINDOWS\SYSTEM32\CRYPTBASE.dll
0x00007ff922100000 - 0x00007ff922133000 	C:\WINDOWS\SYSTEM32\IPHLPAPI.DLL
0x00007ff9264e0000 - 0x00007ff9264ea000 	C:\WINDOWS\System32\NSI.dll
0x00007ff8f6140000 - 0x00007ff8f6189000 	C:\Users\Jaywant\AppData\Local\Temp\jna--151788782\jna13456900714961888922.dll
0x00007ff925450000 - 0x00007ff925458000 	C:\WINDOWS\System32\PSAPI.DLL
0x00007ff91b700000 - 0x00007ff91b71f000 	C:\WINDOWS\SYSTEM32\dhcpcsvc6.DLL
0x00007ff91b6d0000 - 0x00007ff91b6f5000 	C:\WINDOWS\SYSTEM32\dhcpcsvc.DLL

dbghelp: loaded successfully - version: 4.0.5 - missing functions: none
symbol engine: initialized successfully - sym options: 0x614 - pdb path: .;c:\Users\Jaywant\.vscode\extensions\redhat.java-1.41.1-win32-x64\jre\21.0.6-win32-x86_64\bin;C:\WINDOWS\SYSTEM32;C:\WINDOWS\WinSxS\amd64_microsoft.windows.common-controls_6595b64144ccf1df_6.0.26100.3912_none_3e07963ce335137e;c:\Users\Jaywant\.vscode\extensions\redhat.java-1.41.1-win32-x64\jre\21.0.6-win32-x86_64\bin\server;C:\Users\Jaywant\AppData\Roaming\Code\User\globalStorage\redhat.java\1.41.1\config_win\org.eclipse.equinox.launcher\org.eclipse.equinox.launcher.win32.win32.x86_64_1.2.1300.v20250331-1702;C:\Users\Jaywant\AppData\Local\Temp\jna--151788782

VM Arguments:
jvm_args: --add-modules=ALL-SYSTEM --add-opens=java.base/java.util=ALL-UNNAMED --add-opens=java.base/java.lang=ALL-UNNAMED --add-opens=java.base/sun.nio.fs=ALL-UNNAMED -Declipse.application=org.eclipse.jdt.ls.core.id1 -Dosgi.bundles.defaultStartLevel=4 -Declipse.product=org.eclipse.jdt.ls.core.product -Djava.import.generatesMetadataFilesAtProjectRoot=false -DDetectVMInstallationsJob.disabled=true -Dfile.encoding=utf8 -XX:+UseParallelGC -XX:GCTimeRatio=4 -XX:AdaptiveSizePolicyWeight=90 -Dsun.zip.disableMemoryMapping=true -Xmx1G -Xms100m -Xlog:disable -javaagent:c:\Users\Jaywant\.vscode\extensions\redhat.java-1.41.1-win32-x64\lombok\lombok-1.18.36.jar -XX:+HeapDumpOnOutOfMemoryError -XX:HeapDumpPath=c:\Users\Jaywant\AppData\Roaming\Code\User\workspaceStorage\cc623adeb21d3940532c846187689d28\redhat.java -Daether.dependencyCollector.impl=bf 
java_command: c:\Users\Jaywant\.vscode\extensions\redhat.java-1.41.1-win32-x64\server\plugins\org.eclipse.equinox.launcher_1.7.0.v20250331-1702.jar -configuration c:\Users\Jaywant\AppData\Roaming\Code\User\globalStorage\redhat.java\1.41.1\config_win -data c:\Users\Jaywant\AppData\Roaming\Code\User\workspaceStorage\cc623adeb21d3940532c846187689d28\redhat.java\jdt_ws --pipe=\\.\pipe\lsp-ce7360ab258a1073e2e289334ddb965a-sock
java_class_path (initial): c:\Users\Jaywant\.vscode\extensions\redhat.java-1.41.1-win32-x64\server\plugins\org.eclipse.equinox.launcher_1.7.0.v20250331-1702.jar
Launcher Type: SUN_STANDARD

[Global flags]
    uintx AdaptiveSizePolicyWeight                 = 90                                        {product} {command line}
     intx CICompilerCount                          = 4                                         {product} {ergonomic}
    uintx GCTimeRatio                              = 4                                         {product} {command line}
     bool HeapDumpOnOutOfMemoryError               = true                                   {manageable} {command line}
    ccstr HeapDumpPath                             = c:\Users\Jaywant\AppData\Roaming\Code\User\workspaceStorage\cc623adeb21d3940532c846187689d28\redhat.java         {manageable} {command line}
   size_t InitialHeapSize                          = 104857600                                 {product} {command line}
   size_t MaxHeapSize                              = 1073741824                                {product} {command line}
   size_t MaxNewSize                               = 357564416                                 {product} {ergonomic}
   size_t MinHeapDeltaBytes                        = 524288                                    {product} {ergonomic}
   size_t MinHeapSize                              = 104857600                                 {product} {command line}
   size_t NewSize                                  = 34603008                                  {product} {ergonomic}
    uintx NonNMethodCodeHeapSize                   = 5839372                                {pd product} {ergonomic}
    uintx NonProfiledCodeHeapSize                  = 122909434                              {pd product} {ergonomic}
   size_t OldSize                                  = 70254592                                  {product} {ergonomic}
    uintx ProfiledCodeHeapSize                     = 122909434                              {pd product} {ergonomic}
    uintx ReservedCodeCacheSize                    = 251658240                              {pd product} {ergonomic}
     bool SegmentedCodeCache                       = true                                      {product} {ergonomic}
   size_t SoftMaxHeapSize                          = 1073741824                             {manageable} {ergonomic}
     bool UseCompressedOops                        = true                           {product lp64_product} {ergonomic}
     bool UseLargePagesIndividualAllocation        = false                                  {pd product} {ergonomic}
     bool UseParallelGC                            = true                                      {product} {command line}

Logging:
Log output configuration:
 #0: stdout all=off uptime,level,tags foldmultilines=false
 #1: stderr all=off uptime,level,tags foldmultilines=false

Environment Variables:
JAVA_HOME=C:\Program Files\Java\jdk-21\
PATH=c:\Users\Jaywant\AppData\Local\Programs\cursor\resources\app\bin;C:\Program Files\Microsoft\jdk-17.0.14.7-hotspot\bin;C:\Program Files\Common Files\Oracle\Java\javapath;C:\WINDOWS\system32;C:\WINDOWS;C:\WINDOWS\System32\Wbem;C:\WINDOWS\System32\WindowsPowerShell\v1.0\;C:\WINDOWS\System32\OpenSSH\;C:\Program Files\nodejs;C:\Program Files\nodejs\;C:\Program Files\MySQL\MySQL Server 8.0\bin;C:\Program Files\Git\cmd;C:\Program Files\Git\bin;C:\Program Files\apache-maven-3.9.9\bin;C:\Program Files\Java\jdk-17\bin;C:\Program Files\Java\jdk-21\bin;C:\Program Files\Git LFS;C:\ProgramData\chocolatey\bin;C:\Users\Jaywant\AppData\Local\Programs\Python\Python313\Scripts\;C:\Users\Jaywant\AppData\Local\Programs\Python\Python313\;C:\Users\Jaywant\AppData\Local\Programs\Python\Launcher\;C:\Program Files\MySQL\MySQL Shell 8.0\bin\;C:\Users\Jaywant\AppData\Local\Microsoft\WindowsApps;C:\Users\Jaywant\AppData\Roaming\npm;C:\Users\Jaywant\AppData\Local\GitHubDesktop\bin;c:\Users\Jaywant\AppData\Local\Programs\cursor\resources\a;C:\platform-tools;C:\Users\Jaywant\AppData\Local\Android\Sdk\platform-tools;C:\Users\Jaywant\AppData\Local\Android\Sdk\emulator;C:\Program Files\dotnet\;C:\Users\Jaywant\AppData\Local\Android\Sdk\platform-tools;C:\Users\Jaywant\AppData\Local\Android\Sdk\tools;C:\Users\Jaywant\AppData\Local\Android\Sdk\platform-tools;C:\Users\Jaywant\AppData\Local\Android\Sdk\tools;C:\Users\Jaywant\AppData\Local\Programs\Python\Python313\Scripts\;C:\Users\Jaywant\AppData\Local\Programs\Python\Python313\;C:\Users\Jaywant\AppData\Local\Programs\Python\Launcher\;C:\Program Files\MySQL\MySQL Shell 8.0\bin\;C:\Users\Jaywant\AppData\Local\Microsoft\WindowsApps;C:\Users\Jaywant\AppData\Roaming\npm;C:\Users\Jaywant\AppData\Local\Programs\Microsoft VS Code\bin;C:\Users\Jaywant\AppData\Local\GitHubDesktop\bin;C:\Users\Jaywant\AppData\Local\Programs\cursor\resources\app\bin
USERNAME=Jaywant
OS=Windows_NT
PROCESSOR_IDENTIFIER=AMD64 Family 25 Model 80 Stepping 0, AuthenticAMD
TMP=C:\Users\Jaywant\AppData\Local\Temp
TEMP=C:\Users\Jaywant\AppData\Local\Temp




Periodic native trim disabled

---------------  S Y S T E M  ---------------

OS:
 Windows 11 , 64 bit Build 26100 (10.0.26100.3912)
OS uptime: 0 days 1:14 hours
Hyper-V role detected

CPU: total 12 (initial active 12) (12 cores per cpu, 2 threads per core) family 25 model 80 stepping 0 microcode 0xa500011, cx8, cmov, fxsr, ht, mmx, 3dnowpref, sse, sse2, sse3, ssse3, sse4a, sse4.1, sse4.2, popcnt, lzcnt, tsc, tscinvbit, avx, avx2, aes, erms, clmul, bmi1, bmi2, adx, sha, fma, vzeroupper, clflush, clflushopt, hv, rdtscp, rdpid, fsrm, f16c, cet_ss
Processor Information for processor 0
  Max Mhz: 3301, Current Mhz: 2630, Mhz Limit: 2871
Processor Information for processor 1
  Max Mhz: 3301, Current Mhz: 2630, Mhz Limit: 2871
Processor Information for processor 2
  Max Mhz: 3301, Current Mhz: 2630, Mhz Limit: 3301
Processor Information for processor 3
  Max Mhz: 3301, Current Mhz: 2630, Mhz Limit: 3301
Processor Information for processor 4
  Max Mhz: 3301, Current Mhz: 2630, Mhz Limit: 3301
Processor Information for processor 5
  Max Mhz: 3301, Current Mhz: 3301, Mhz Limit: 3301
Processor Information for processor 6
  Max Mhz: 3301, Current Mhz: 2630, Mhz Limit: 3301
Processor Information for processor 7
  Max Mhz: 3301, Current Mhz: 2630, Mhz Limit: 3301
Processor Information for processor 8
  Max Mhz: 3301, Current Mhz: 2630, Mhz Limit: 3301
Processor Information for processor 9
  Max Mhz: 3301, Current Mhz: 2630, Mhz Limit: 3301
Processor Information for processor 10
  Max Mhz: 3301, Current Mhz: 2630, Mhz Limit: 3301
Processor Information for processor 11
  Max Mhz: 3301, Current Mhz: 2630, Mhz Limit: 3301

Memory: 4k page, system-wide physical 7521M (678M free)
TotalPageFile size 31073M (AvailPageFile size 0M)
current process WorkingSet (physical memory assigned to process): 566M, peak: 721M
current process commit charge ("private bytes"): 828M, peak: 834M

vm_info: OpenJDK 64-Bit Server VM (21.0.6+7-LTS) for windows-amd64 JRE (21.0.6+7-LTS), built on 2025-01-21T00:00:00Z by "admin" with MS VC++ 17.7 (VS2022)

END.
