#
# There is insufficient memory for the Java Runtime Environment to continue.
# Native memory allocation (malloc) failed to allocate 2033296 bytes. Error detail: Chunk::new
# Possible reasons:
#   The system is out of physical RAM or swap space
#   This process is running with CompressedOops enabled, and the Java Heap may be blocking the growth of the native heap
# Possible solutions:
#   Reduce memory load on the system
#   Increase physical memory or swap space
#   Check if swap backing store is full
#   Decrease Java heap size (-Xmx/-Xms)
#   Decrease number of Java threads
#   Decrease Java thread stack sizes (-Xss)
#   Set larger code cache with -XX:ReservedCodeCacheSize=
#   JVM is running with Unscaled Compressed Oops mode in which the Java heap is
#     placed in the first 4GB address space. The Java Heap base address is the
#     maximum limit for the native heap growth. Please use -XX:HeapBaseMinAddress
#     to set the Java Heap base and to place the Java Heap above 4GB virtual address.
# This output file may be truncated or incomplete.
#
#  Out of Memory Error (arena.cpp:168), pid=24120, tid=7584
#
# JRE version: OpenJDK Runtime Environment Temurin-21.0.6+7 (21.0.6+7) (build 21.0.6+7-LTS)
# Java VM: OpenJDK 64-Bit Server VM Temurin-21.0.6+7 (21.0.6+7-LTS, mixed mode, sharing, tiered, compressed oops, compressed class ptrs, parallel gc, windows-amd64)
# No core dump will be written. Minidumps are not enabled by default on client versions of Windows
#

---------------  S U M M A R Y ------------

Command Line: --add-modules=ALL-SYSTEM --add-opens=java.base/java.util=ALL-UNNAMED --add-opens=java.base/java.lang=ALL-UNNAMED --add-opens=java.base/sun.nio.fs=ALL-UNNAMED -Declipse.application=org.eclipse.jdt.ls.core.id1 -Dosgi.bundles.defaultStartLevel=4 -Declipse.product=org.eclipse.jdt.ls.core.product -Djava.import.generatesMetadataFilesAtProjectRoot=false -DDetectVMInstallationsJob.disabled=true -Dfile.encoding=utf8 -XX:+UseParallelGC -XX:GCTimeRatio=4 -XX:AdaptiveSizePolicyWeight=90 -Dsun.zip.disableMemoryMapping=true -Xmx1G -Xms100m -Xlog:disable -javaagent:c:\Users\Jaywant\.cursor\extensions\redhat.java-1.41.1-win32-x64\lombok\lombok-1.18.36.jar -XX:+HeapDumpOnOutOfMemoryError -XX:HeapDumpPath=c:\Users\Jaywant\AppData\Roaming\Cursor\User\workspaceStorage\cc623adeb21d3940532c846187689d28\redhat.java -Daether.dependencyCollector.impl=bf c:\Users\Jaywant\.cursor\extensions\redhat.java-1.41.1-win32-x64\server\plugins\org.eclipse.equinox.launcher_1.7.0.v20250331-1702.jar -configuration c:\Users\Jaywant\AppData\Roaming\Cursor\User\globalStorage\redhat.java\1.41.1\config_win -data c:\Users\Jaywant\AppData\Roaming\Cursor\User\workspaceStorage\cc623adeb21d3940532c846187689d28\redhat.java\jdt_ws --pipe=\\.\pipe\lsp-9d20e0e07a81fa8bcf957788601871de-sock

Host: AMD Ryzen 5 5600H with Radeon Graphics         , 12 cores, 7G,  Windows 11 , 64 bit Build 26100 (10.0.26100.3912)
Time: Wed May  7 13:04:04 2025 India Standard Time elapsed time: 37.279177 seconds (0d 0h 0m 37s)

---------------  T H R E A D  ---------------

Current thread (0x000002012d8ddf20):  JavaThread "C2 CompilerThread0" daemon [_thread_in_native, id=7584, stack(0x000000ba58d00000,0x000000ba58e00000) (1024K)]


Current CompileTask:
C2:37279 14062       4       org.eclipse.jdt.internal.compiler.classfmt.ModuleInfo::readModuleAttribute (1166 bytes)

Stack: [0x000000ba58d00000,0x000000ba58e00000]
Native frames: (J=compiled Java code, j=interpreted, Vv=VM code, C=native code)
V  [jvm.dll+0x6cdee9]
V  [jvm.dll+0x8a83d1]
V  [jvm.dll+0x8aa8fe]
V  [jvm.dll+0x8aafe3]
V  [jvm.dll+0x27f706]
V  [jvm.dll+0xc500d]
V  [jvm.dll+0xc5543]
V  [jvm.dll+0x3b6752]
V  [jvm.dll+0x382935]
V  [jvm.dll+0x381d9a]
V  [jvm.dll+0x2479f0]
V  [jvm.dll+0x246fcf]
V  [jvm.dll+0x1c75ee]
V  [jvm.dll+0x25685a]
V  [jvm.dll+0x254dfa]
V  [jvm.dll+0x3f0256]
V  [jvm.dll+0x851f8b]
V  [jvm.dll+0x6cc5ed]
C  [ucrtbase.dll+0x37b0]
C  [KERNEL32.DLL+0x2e8d7]
C  [ntdll.dll+0x9c5dc]


---------------  P R O C E S S  ---------------

Threads class SMR info:
_java_thread_list=0x000002017a8d9de0, length=79, elements={
0x00000201195014d0, 0x000002012d8cafd0, 0x000002012d8cdf90, 0x000002012d8d24e0,
0x000002012d8d71f0, 0x000002012d8d9550, 0x000002012d8dc0e0, 0x000002012d8ddf20,
0x000002016fdf1fd0, 0x000002016fecee50, 0x0000020170152230, 0x00000201753ae400,
0x000002017500eaf0, 0x0000020175971a40, 0x00000201759ea110, 0x0000020175d4dfb0,
0x0000020175f8aaa0, 0x0000020176337aa0, 0x0000020176337410, 0x00000201763387c0,
0x0000020176338e50, 0x00000201763359d0, 0x0000020176336060, 0x00000201763366f0,
0x00000201779fb4e0, 0x00000201779f8d80, 0x00000201779f9410, 0x00000201779fae50,
0x00000201779fa7c0, 0x00000201779f9aa0, 0x00000201779fa130, 0x00000201779f8060,
0x00000201779fbb70, 0x00000201779f86f0, 0x00000201779fe2d0, 0x00000201779fcf20,
0x00000201779fe960, 0x00000201779fd5b0, 0x00000201779feff0, 0x00000201779fdc40,
0x00000201779ff680, 0x00000201779fc200, 0x00000201779fc890, 0x0000020176336d80,
0x0000020177d43030, 0x0000020177d41c80, 0x0000020177d43d50, 0x0000020177d443e0,
0x0000020177d42310, 0x0000020177d40f60, 0x0000020177d44a70, 0x0000020177d415f0,
0x0000020177d45e20, 0x0000020177d45100, 0x0000020177d45790, 0x0000020177d429a0,
0x0000020177d464b0, 0x0000020177d47860, 0x0000020177d46b40, 0x0000020177d471d0,
0x0000020177d47ef0, 0x0000020177d48580, 0x0000020178bc1bd0, 0x0000020178bc2260,
0x0000020178bc28f0, 0x0000020178bc1540, 0x0000020178bc3610, 0x0000020178bc0190,
0x0000020178bc0820, 0x0000020178bc4330, 0x0000020178bc0eb0, 0x0000020178bc5050,
0x0000020178bc56e0, 0x0000020178bc6400, 0x0000020178bc49c0, 0x0000020178bc6a90,
0x000002017a590290, 0x000002017a590920, 0x000002017a590fb0
}

Java Threads: ( => current thread )
  0x00000201195014d0 JavaThread "main"                              [_thread_blocked, id=21156, stack(0x000000ba58300000,0x000000ba58400000) (1024K)]
  0x000002012d8cafd0 JavaThread "Reference Handler"          daemon [_thread_blocked, id=24524, stack(0x000000ba58700000,0x000000ba58800000) (1024K)]
  0x000002012d8cdf90 JavaThread "Finalizer"                  daemon [_thread_blocked, id=24136, stack(0x000000ba58800000,0x000000ba58900000) (1024K)]
  0x000002012d8d24e0 JavaThread "Signal Dispatcher"          daemon [_thread_blocked, id=25488, stack(0x000000ba58900000,0x000000ba58a00000) (1024K)]
  0x000002012d8d71f0 JavaThread "Attach Listener"            daemon [_thread_blocked, id=20432, stack(0x000000ba58a00000,0x000000ba58b00000) (1024K)]
  0x000002012d8d9550 JavaThread "Service Thread"             daemon [_thread_blocked, id=12192, stack(0x000000ba58b00000,0x000000ba58c00000) (1024K)]
  0x000002012d8dc0e0 JavaThread "Monitor Deflation Thread"   daemon [_thread_blocked, id=25908, stack(0x000000ba58c00000,0x000000ba58d00000) (1024K)]
=>0x000002012d8ddf20 JavaThread "C2 CompilerThread0"         daemon [_thread_in_native, id=7584, stack(0x000000ba58d00000,0x000000ba58e00000) (1024K)]
  0x000002016fdf1fd0 JavaThread "C1 CompilerThread0"         daemon [_thread_blocked, id=17180, stack(0x000000ba58e00000,0x000000ba58f00000) (1024K)]
  0x000002016fecee50 JavaThread "Common-Cleaner"             daemon [_thread_blocked, id=11916, stack(0x000000ba58f00000,0x000000ba59000000) (1024K)]
  0x0000020170152230 JavaThread "Notification Thread"        daemon [_thread_blocked, id=18516, stack(0x000000ba59100000,0x000000ba59200000) (1024K)]
  0x00000201753ae400 JavaThread "Active Thread: Equinox Container: 927aacb8-e5fd-4219-bb55-effb026af035"        [_thread_blocked, id=24916, stack(0x000000ba59900000,0x000000ba59a00000) (1024K)]
  0x000002017500eaf0 JavaThread "Refresh Thread: Equinox Container: 927aacb8-e5fd-4219-bb55-effb026af035" daemon [_thread_blocked, id=18156, stack(0x000000ba59a00000,0x000000ba59b00000) (1024K)]
  0x0000020175971a40 JavaThread "Framework Event Dispatcher: Equinox Container: 927aacb8-e5fd-4219-bb55-effb026af035" daemon [_thread_blocked, id=22792, stack(0x000000ba59c00000,0x000000ba59d00000) (1024K)]
  0x00000201759ea110 JavaThread "Start Level: Equinox Container: 927aacb8-e5fd-4219-bb55-effb026af035" daemon [_thread_blocked, id=22320, stack(0x000000ba59d00000,0x000000ba59e00000) (1024K)]
  0x0000020175d4dfb0 JavaThread "Bundle File Closer"         daemon [_thread_blocked, id=7404, stack(0x000000ba59e00000,0x000000ba59f00000) (1024K)]
  0x0000020175f8aaa0 JavaThread "SCR Component Actor"        daemon [_thread_blocked, id=15456, stack(0x000000ba5a100000,0x000000ba5a200000) (1024K)]
  0x0000020176337aa0 JavaThread "Worker-JM"                         [_thread_blocked, id=21040, stack(0x000000ba5a200000,0x000000ba5a300000) (1024K)]
  0x0000020176337410 JavaThread "JNA Cleaner"                daemon [_thread_blocked, id=20332, stack(0x000000ba5a300000,0x000000ba5a400000) (1024K)]
  0x00000201763387c0 JavaThread "Worker-0"                          [_thread_blocked, id=24844, stack(0x000000ba5a400000,0x000000ba5a500000) (1024K)]
  0x0000020176338e50 JavaThread "Worker-1"                          [_thread_blocked, id=14068, stack(0x000000ba5a500000,0x000000ba5a600000) (1024K)]
  0x00000201763359d0 JavaThread "Worker-2"                          [_thread_blocked, id=19580, stack(0x000000ba5a600000,0x000000ba5a700000) (1024K)]
  0x0000020176336060 JavaThread "Java indexing"              daemon [_thread_blocked, id=26248, stack(0x000000ba5a700000,0x000000ba5a800000) (1024K)]
  0x00000201763366f0 JavaThread "Worker-3"                          [_thread_blocked, id=14572, stack(0x000000ba5a800000,0x000000ba5a900000) (1024K)]
  0x00000201779fb4e0 JavaThread "Worker-4: Check JDK Index"         [_thread_blocked, id=26148, stack(0x000000ba5ab00000,0x000000ba5ac00000) (1024K)]
  0x00000201779f8d80 JavaThread "Worker-5"                          [_thread_blocked, id=6988, stack(0x000000ba5ac00000,0x000000ba5ad00000) (1024K)]
  0x00000201779f9410 JavaThread "Thread-2"                   daemon [_thread_in_native, id=15876, stack(0x000000ba5ad00000,0x000000ba5ae00000) (1024K)]
  0x00000201779fae50 JavaThread "Thread-3"                   daemon [_thread_in_native, id=21692, stack(0x000000ba5ae00000,0x000000ba5af00000) (1024K)]
  0x00000201779fa7c0 JavaThread "Thread-4"                   daemon [_thread_in_native, id=24864, stack(0x000000ba5af00000,0x000000ba5b000000) (1024K)]
  0x00000201779f9aa0 JavaThread "Thread-5"                   daemon [_thread_in_native, id=9736, stack(0x000000ba5b000000,0x000000ba5b100000) (1024K)]
  0x00000201779fa130 JavaThread "Thread-6"                   daemon [_thread_in_native, id=7320, stack(0x000000ba5b100000,0x000000ba5b200000) (1024K)]
  0x00000201779f8060 JavaThread "Thread-7"                   daemon [_thread_in_native, id=9668, stack(0x000000ba5b200000,0x000000ba5b300000) (1024K)]
  0x00000201779fbb70 JavaThread "Thread-8"                   daemon [_thread_in_native, id=25544, stack(0x000000ba5b300000,0x000000ba5b400000) (1024K)]
  0x00000201779f86f0 JavaThread "Thread-9"                   daemon [_thread_in_native, id=24304, stack(0x000000ba5b400000,0x000000ba5b500000) (1024K)]
  0x00000201779fe2d0 JavaThread "Thread-10"                  daemon [_thread_in_native, id=26136, stack(0x000000ba5b500000,0x000000ba5b600000) (1024K)]
  0x00000201779fcf20 JavaThread "Thread-11"                  daemon [_thread_in_native, id=14056, stack(0x000000ba5b600000,0x000000ba5b700000) (1024K)]
  0x00000201779fe960 JavaThread "Thread-12"                  daemon [_thread_in_native, id=25144, stack(0x000000ba5b700000,0x000000ba5b800000) (1024K)]
  0x00000201779fd5b0 JavaThread "Thread-13"                  daemon [_thread_in_native, id=24340, stack(0x000000ba5b800000,0x000000ba5b900000) (1024K)]
  0x00000201779feff0 JavaThread "Thread-14"                  daemon [_thread_in_native, id=12704, stack(0x000000ba5b900000,0x000000ba5ba00000) (1024K)]
  0x00000201779fdc40 JavaThread "pool-2-thread-1"                   [_thread_blocked, id=14648, stack(0x000000ba5ba00000,0x000000ba5bb00000) (1024K)]
  0x00000201779ff680 JavaThread "WorkspaceEventsHandler"            [_thread_blocked, id=8364, stack(0x000000ba5bb00000,0x000000ba5bc00000) (1024K)]
  0x00000201779fc200 JavaThread "pool-1-thread-1"                   [_thread_blocked, id=7236, stack(0x000000ba5bc00000,0x000000ba5bd00000) (1024K)]
  0x00000201779fc890 JavaThread "Worker-6"                          [_thread_blocked, id=23320, stack(0x000000ba5bd00000,0x000000ba5be00000) (1024K)]
  0x0000020176336d80 JavaThread "Worker-7"                          [_thread_blocked, id=7428, stack(0x000000ba5be00000,0x000000ba5bf00000) (1024K)]
  0x0000020177d43030 JavaThread "Worker-8: Java indexing... "        [_thread_blocked, id=6036, stack(0x000000ba5bf00000,0x000000ba5c000000) (1024K)]
  0x0000020177d41c80 JavaThread "LocalFile Deleter"          daemon [_thread_blocked, id=14996, stack(0x000000ba5c000000,0x000000ba5c100000) (1024K)]
  0x0000020177d43d50 JavaThread "LocalFile Deleter"          daemon [_thread_blocked, id=22168, stack(0x000000ba5c100000,0x000000ba5c200000) (1024K)]
  0x0000020177d443e0 JavaThread "LocalFile Deleter"          daemon [_thread_blocked, id=21116, stack(0x000000ba5c200000,0x000000ba5c300000) (1024K)]
  0x0000020177d42310 JavaThread "LocalFile Deleter"          daemon [_thread_blocked, id=19928, stack(0x000000ba5c300000,0x000000ba5c400000) (1024K)]
  0x0000020177d40f60 JavaThread "LocalFile Deleter"          daemon [_thread_blocked, id=11108, stack(0x000000ba5c400000,0x000000ba5c500000) (1024K)]
  0x0000020177d44a70 JavaThread "LocalFile Deleter"          daemon [_thread_blocked, id=2736, stack(0x000000ba5c500000,0x000000ba5c600000) (1024K)]
  0x0000020177d415f0 JavaThread "LocalFile Deleter"          daemon [_thread_blocked, id=25624, stack(0x000000ba5c600000,0x000000ba5c700000) (1024K)]
  0x0000020177d45e20 JavaThread "LocalFile Deleter"          daemon [_thread_blocked, id=19856, stack(0x000000ba5c700000,0x000000ba5c800000) (1024K)]
  0x0000020177d45100 JavaThread "LocalFile Deleter"          daemon [_thread_blocked, id=24740, stack(0x000000ba5c800000,0x000000ba5c900000) (1024K)]
  0x0000020177d45790 JavaThread "LocalFile Deleter"          daemon [_thread_blocked, id=25000, stack(0x000000ba5c900000,0x000000ba5ca00000) (1024K)]
  0x0000020177d429a0 JavaThread "Compiler Source File Reader" daemon [_thread_blocked, id=13056, stack(0x000000ba5ca00000,0x000000ba5cb00000) (1024K)]
  0x0000020177d464b0 JavaThread "Compiler Source File Reader" daemon [_thread_blocked, id=20884, stack(0x000000ba5cb00000,0x000000ba5cc00000) (1024K)]
  0x0000020177d47860 JavaThread "Compiler Source File Reader" daemon [_thread_blocked, id=22060, stack(0x000000ba5cc00000,0x000000ba5cd00000) (1024K)]
  0x0000020177d46b40 JavaThread "Compiler Source File Reader" daemon [_thread_blocked, id=21632, stack(0x000000ba5cd00000,0x000000ba5ce00000) (1024K)]
  0x0000020177d471d0 JavaThread "Compiler Source File Reader" daemon [_thread_blocked, id=21500, stack(0x000000ba5ce00000,0x000000ba5cf00000) (1024K)]
  0x0000020177d47ef0 JavaThread "Compiler Source File Reader" daemon [_thread_blocked, id=21828, stack(0x000000ba5cf00000,0x000000ba5d000000) (1024K)]
  0x0000020177d48580 JavaThread "Compiler Source File Reader" daemon [_thread_blocked, id=24052, stack(0x000000ba5d000000,0x000000ba5d100000) (1024K)]
  0x0000020178bc1bd0 JavaThread "Compiler Source File Reader" daemon [_thread_blocked, id=17100, stack(0x000000ba5d100000,0x000000ba5d200000) (1024K)]
  0x0000020178bc2260 JavaThread "Compiler Source File Reader" daemon [_thread_blocked, id=26256, stack(0x000000ba5d200000,0x000000ba5d300000) (1024K)]
  0x0000020178bc28f0 JavaThread "Compiler Source File Reader" daemon [_thread_blocked, id=17204, stack(0x000000ba5d300000,0x000000ba5d400000) (1024K)]
  0x0000020178bc1540 JavaThread "Compiler Processing Task"   daemon [_thread_blocked, id=12084, stack(0x000000ba5d400000,0x000000ba5d500000) (1024K)]
  0x0000020178bc3610 JavaThread "Compiler Class File Writer" daemon [_thread_blocked, id=26128, stack(0x000000ba5d500000,0x000000ba5d600000) (1024K)]
  0x0000020178bc0190 JavaThread "Compiler Class File Writer" daemon [_thread_blocked, id=19832, stack(0x000000ba5d600000,0x000000ba5d700000) (1024K)]
  0x0000020178bc0820 JavaThread "Compiler Class File Writer" daemon [_thread_blocked, id=10488, stack(0x000000ba5d700000,0x000000ba5d800000) (1024K)]
  0x0000020178bc4330 JavaThread "Compiler Class File Writer" daemon [_thread_blocked, id=23864, stack(0x000000ba5d800000,0x000000ba5d900000) (1024K)]
  0x0000020178bc0eb0 JavaThread "Compiler Class File Writer" daemon [_thread_blocked, id=23860, stack(0x000000ba5d900000,0x000000ba5da00000) (1024K)]
  0x0000020178bc5050 JavaThread "Compiler Class File Writer" daemon [_thread_blocked, id=20288, stack(0x000000ba5da00000,0x000000ba5db00000) (1024K)]
  0x0000020178bc56e0 JavaThread "Compiler Class File Writer" daemon [_thread_blocked, id=26600, stack(0x000000ba5db00000,0x000000ba5dc00000) (1024K)]
  0x0000020178bc6400 JavaThread "Compiler Class File Writer" daemon [_thread_blocked, id=20472, stack(0x000000ba5dc00000,0x000000ba5dd00000) (1024K)]
  0x0000020178bc49c0 JavaThread "Compiler Class File Writer" daemon [_thread_blocked, id=17236, stack(0x000000ba5dd00000,0x000000ba5de00000) (1024K)]
  0x0000020178bc6a90 JavaThread "Compiler Class File Writer" daemon [_thread_blocked, id=26112, stack(0x000000ba5de00000,0x000000ba5df00000) (1024K)]
  0x000002017a590290 JavaThread "ForkJoinPool.commonPool-worker-1" daemon [_thread_blocked, id=24228, stack(0x000000ba5df00000,0x000000ba5e000000) (1024K)]
  0x000002017a590920 JavaThread "ForkJoinPool.commonPool-worker-2" daemon [_thread_blocked, id=25016, stack(0x000000ba5e000000,0x000000ba5e100000) (1024K)]
  0x000002017a590fb0 JavaThread "ForkJoinPool.commonPool-worker-3" daemon [_thread_blocked, id=23676, stack(0x000000ba5e100000,0x000000ba5e200000) (1024K)]
Total: 79

Other Threads:
  0x00000201195992e0 VMThread "VM Thread"                           [id=23804, stack(0x000000ba58600000,0x000000ba58700000) (1024K)]
  0x000002012d7bca00 WatcherThread "VM Periodic Task Thread"        [id=13324, stack(0x000000ba58500000,0x000000ba58600000) (1024K)]
  0x00000201195186a0 WorkerThread "GC Thread#0"                     [id=11720, stack(0x000000ba58400000,0x000000ba58500000) (1024K)]
  0x000002017013f0e0 WorkerThread "GC Thread#1"                     [id=9388, stack(0x000000ba59300000,0x000000ba59400000) (1024K)]
  0x00000201753d6480 WorkerThread "GC Thread#2"                     [id=15604, stack(0x000000ba59400000,0x000000ba59500000) (1024K)]
  0x00000201753d6820 WorkerThread "GC Thread#3"                     [id=22068, stack(0x000000ba59500000,0x000000ba59600000) (1024K)]
  0x000002017539b7c0 WorkerThread "GC Thread#4"                     [id=21016, stack(0x000000ba59600000,0x000000ba59700000) (1024K)]
  0x000002017539bb60 WorkerThread "GC Thread#5"                     [id=25972, stack(0x000000ba59700000,0x000000ba59800000) (1024K)]
  0x000002017539bf00 WorkerThread "GC Thread#6"                     [id=24988, stack(0x000000ba59800000,0x000000ba59900000) (1024K)]
  0x0000020175bc5910 WorkerThread "GC Thread#7"                     [id=24212, stack(0x000000ba59b00000,0x000000ba59c00000) (1024K)]
  0x0000020175a20980 WorkerThread "GC Thread#8"                     [id=25996, stack(0x000000ba59f00000,0x000000ba5a000000) (1024K)]
  0x0000020175a1f760 WorkerThread "GC Thread#9"                     [id=2652, stack(0x000000ba5a000000,0x000000ba5a100000) (1024K)]
Total: 12

Threads with active compile tasks:
C2 CompilerThread0  37304 14062       4       org.eclipse.jdt.internal.compiler.classfmt.ModuleInfo::readModuleAttribute (1166 bytes)
Total: 1

VM state: at safepoint (normal execution)

VM Mutex/Monitor currently owned by a thread:  ([mutex/lock_event])
[0x00007ff88342e380] Threads_lock - owner thread: 0x00000201195992e0
[0x00007ff88342e480] Heap_lock - owner thread: 0x0000020176336060

Heap address: 0x00000000c0000000, size: 1024 MB, Compressed Oops mode: 32-bit

CDS archive(s) mapped at: [0x000002012e000000-0x000002012eba0000-0x000002012eba0000), size 12189696, SharedBaseAddress: 0x000002012e000000, ArchiveRelocationMode: 1.
Compressed class space mapped at: 0x000002012f000000-0x000002016f000000, reserved size: 1073741824
Narrow klass base: 0x000002012e000000, Narrow klass shift: 0, Narrow klass range: 0x100000000

GC Precious Log:
 CardTable entry size: 512
 CPUs: 12 total, 12 available
 Memory: 7521M
 Large Page Support: Disabled
 NUMA Support: Disabled
 Compressed Oops: Enabled (32-bit)
 Alignments: Space 512K, Generation 512K, Heap 2M
 Heap Min Capacity: 100M
 Heap Initial Capacity: 100M
 Heap Max Capacity: 1G
 Pre-touch: Disabled
 Parallel Workers: 10

Heap:
 PSYoungGen      total 10240K, used 1536K [0x00000000eab00000, 0x00000000eb700000, 0x0000000100000000)
  eden space 8704K, 0% used [0x00000000eab00000,0x00000000eab00000,0x00000000eb380000)
  from space 1536K, 100% used [0x00000000eb400000,0x00000000eb580000,0x00000000eb580000)
  to   space 1536K, 0% used [0x00000000eb580000,0x00000000eb580000,0x00000000eb700000)
 ParOldGen       total 699392K, used 592248K [0x00000000c0000000, 0x00000000eab00000, 0x00000000eab00000)
  object space 699392K, 84% used [0x00000000c0000000,0x00000000e425e2d8,0x00000000eab00000)
 Metaspace       used 66956K, committed 68544K, reserved 1114112K
  class space    used 6744K, committed 7424K, reserved 1048576K

Card table byte_map: [0x0000020118e90000,0x00000201190a0000] _byte_map_base: 0x0000020118890000

Marking Bits: (ParMarkBitMap*) 0x00007ff883433260
 Begin Bits: [0x000002012b6e0000, 0x000002012c6e0000)
 End Bits:   [0x000002012c6e0000, 0x000002012d6e0000)

Polling page: 0x00000201174f0000

Metaspace:

Usage:
  Non-class:     58.80 MB used.
      Class:      6.59 MB used.
       Both:     65.39 MB used.

Virtual space:
  Non-class space:       64.00 MB reserved,      59.69 MB ( 93%) committed,  1 nodes.
      Class space:        1.00 GB reserved,       7.25 MB ( <1%) committed,  1 nodes.
             Both:        1.06 GB reserved,      66.94 MB (  6%) committed. 

Chunk freelists:
   Non-Class:  4.14 MB
       Class:  8.57 MB
        Both:  12.71 MB

MaxMetaspaceSize: unlimited
CompressedClassSpaceSize: 1.00 GB
Initial GC threshold: 21.00 MB
Current GC threshold: 97.31 MB
CDS: on
 - commit_granule_bytes: 65536.
 - commit_granule_words: 8192.
 - virtual_space_node_default_size: 8388608.
 - enlarge_chunks_in_place: 1.
 - use_allocation_guard: 0.


Internal statistics:

num_allocs_failed_limit: 9.
num_arena_births: 1318.
num_arena_deaths: 14.
num_vsnodes_births: 2.
num_vsnodes_deaths: 0.
num_space_committed: 1071.
num_space_uncommitted: 0.
num_chunks_returned_to_freelist: 23.
num_chunks_taken_from_freelist: 4614.
num_chunk_merges: 12.
num_chunk_splits: 2753.
num_chunks_enlarged: 1446.
num_inconsistent_stats: 0.

CodeHeap 'non-profiled nmethods': size=120000Kb used=9255Kb max_used=9255Kb free=110745Kb
 bounds [0x00000201241b0000, 0x0000020124ac0000, 0x000002012b6e0000]
CodeHeap 'profiled nmethods': size=120000Kb used=30188Kb max_used=30188Kb free=89811Kb
 bounds [0x000002011c6e0000, 0x000002011e460000, 0x0000020123c10000]
CodeHeap 'non-nmethods': size=5760Kb used=1452Kb max_used=1544Kb free=4307Kb
 bounds [0x0000020123c10000, 0x0000020123e80000, 0x00000201241b0000]
 total_blobs=14049 nmethods=13282 adapters=672
 compilation: enabled
              stopped_count=0, restarted_count=0
 full_count=0

Compilation events (20 events):
Event: 35.834 Thread 0x000002016fdf1fd0 14056       3       org.eclipse.jdt.internal.core.search.indexing.AbstractIndexer::addClassDeclaration (129 bytes)
Event: 35.835 Thread 0x000002012d8ddf20 nmethod 14054 0x0000020124aaea90 code [0x0000020124aaec80, 0x0000020124aaf3a0]
Event: 35.835 Thread 0x000002016fdf1fd0 nmethod 14056 0x000002011e455c90 code [0x000002011e456080, 0x000002011e457d18]
Event: 35.835 Thread 0x000002012d8ddf20 14055       4       sun.nio.fs.WindowsPath::equals (28 bytes)
Event: 35.838 Thread 0x000002012d8ddf20 nmethod 14055 0x0000020124aaf890 code [0x0000020124aafa80, 0x0000020124aaff80]
Event: 35.838 Thread 0x000002012d8ddf20 14051       4       org.eclipse.jdt.internal.core.search.JavaSearchParticipant::indexDocument (89 bytes)
Event: 35.852 Thread 0x000002012d8ddf20 nmethod 14051 0x0000020124ab0410 code [0x0000020124ab06e0, 0x0000020124ab17b8]
Event: 35.853 Thread 0x000002012d8ddf20 14057       4       org.eclipse.jdt.internal.compiler.classfmt.MethodInfo::decodeMethodAnnotations (177 bytes)
Event: 35.854 Thread 0x000002016fdf1fd0 14058       3       org.eclipse.jdt.internal.compiler.classfmt.AnnotationInfo::scanAnnotation (330 bytes)
Event: 35.854 Thread 0x000002016fdf1fd0 nmethod 14058 0x000002011e458990 code [0x000002011e458ca0, 0x000002011e459d28]
Event: 35.859 Thread 0x000002012d8ddf20 nmethod 14057 0x0000020124ab2590 code [0x0000020124ab2760, 0x0000020124ab2ec8]
Event: 35.871 Thread 0x000002012d8ddf20 14059   !   4       org.eclipse.jdt.internal.core.search.indexing.AddJrtToIndex$JrtIndexer::visitFile (133 bytes)
Event: 35.911 Thread 0x000002012d8ddf20 nmethod 14059 0x0000020124ab3290 code [0x0000020124ab3740, 0x0000020124ab60f8]
Event: 36.002 Thread 0x000002012d8ddf20 14060       4       org.eclipse.jdt.internal.core.search.indexing.BinaryIndexer::removeFirstSyntheticParameter (73 bytes)
Event: 36.009 Thread 0x000002012d8ddf20 nmethod 14060 0x0000020124ab8790 code [0x0000020124ab89a0, 0x0000020124ab91c8]
Event: 36.009 Thread 0x000002012d8ddf20 14061       4       jdk.internal.jrtfs.JrtPath::equals (30 bytes)
Event: 36.010 Thread 0x000002012d8ddf20 nmethod 14061 0x0000020124ab9710 code [0x0000020124ab98a0, 0x0000020124ab9ac0]
Event: 36.091 Thread 0x000002012d8ddf20 14062       4       org.eclipse.jdt.internal.compiler.classfmt.ModuleInfo::readModuleAttribute (1166 bytes)
Event: 36.091 Thread 0x000002016fdf1fd0 14063       3       org.eclipse.jdt.internal.core.search.indexing.BinaryIndexer::indexPackageVisibilityDirective (115 bytes)
Event: 36.091 Thread 0x000002016fdf1fd0 nmethod 14063 0x000002011e45a310 code [0x000002011e45a540, 0x000002011e45af78]

GC Heap History (20 events):
Event: 36.112 GC heap after
{Heap after GC invocations=634 (full 3):
 PSYoungGen      total 12288K, used 1920K [0x00000000eab00000, 0x00000000eba80000, 0x0000000100000000)
  eden space 10240K, 0% used [0x00000000eab00000,0x00000000eab00000,0x00000000eb500000)
  from space 2048K, 93% used [0x00000000eb680000,0x00000000eb860000,0x00000000eb880000)
  to   space 2048K, 0% used [0x00000000eb880000,0x00000000eb880000,0x00000000eba80000)
 ParOldGen       total 699392K, used 575067K [0x00000000c0000000, 0x00000000eab00000, 0x00000000eab00000)
  object space 699392K, 82% used [0x00000000c0000000,0x00000000e3196eb0,0x00000000eab00000)
 Metaspace       used 66956K, committed 68544K, reserved 1114112K
  class space    used 6744K, committed 7424K, reserved 1048576K
}
Event: 36.136 GC heap before
{Heap before GC invocations=635 (full 3):
 PSYoungGen      total 12288K, used 12160K [0x00000000eab00000, 0x00000000eba80000, 0x0000000100000000)
  eden space 10240K, 100% used [0x00000000eab00000,0x00000000eb500000,0x00000000eb500000)
  from space 2048K, 93% used [0x00000000eb680000,0x00000000eb860000,0x00000000eb880000)
  to   space 2048K, 0% used [0x00000000eb880000,0x00000000eb880000,0x00000000eba80000)
 ParOldGen       total 699392K, used 575067K [0x00000000c0000000, 0x00000000eab00000, 0x00000000eab00000)
  object space 699392K, 82% used [0x00000000c0000000,0x00000000e3196eb0,0x00000000eab00000)
 Metaspace       used 66956K, committed 68544K, reserved 1114112K
  class space    used 6744K, committed 7424K, reserved 1048576K
}
Event: 36.138 GC heap after
{Heap after GC invocations=635 (full 3):
 PSYoungGen      total 12288K, used 2028K [0x00000000eab00000, 0x00000000eba80000, 0x0000000100000000)
  eden space 10240K, 0% used [0x00000000eab00000,0x00000000eab00000,0x00000000eb500000)
  from space 2048K, 99% used [0x00000000eb880000,0x00000000eba7b010,0x00000000eba80000)
  to   space 2560K, 0% used [0x00000000eb580000,0x00000000eb580000,0x00000000eb800000)
 ParOldGen       total 699392K, used 576771K [0x00000000c0000000, 0x00000000eab00000, 0x00000000eab00000)
  object space 699392K, 82% used [0x00000000c0000000,0x00000000e3340eb0,0x00000000eab00000)
 Metaspace       used 66956K, committed 68544K, reserved 1114112K
  class space    used 6744K, committed 7424K, reserved 1048576K
}
Event: 36.159 GC heap before
{Heap before GC invocations=636 (full 3):
 PSYoungGen      total 12288K, used 12268K [0x00000000eab00000, 0x00000000eba80000, 0x0000000100000000)
  eden space 10240K, 100% used [0x00000000eab00000,0x00000000eb500000,0x00000000eb500000)
  from space 2048K, 99% used [0x00000000eb880000,0x00000000eba7b010,0x00000000eba80000)
  to   space 2560K, 0% used [0x00000000eb580000,0x00000000eb580000,0x00000000eb800000)
 ParOldGen       total 699392K, used 576771K [0x00000000c0000000, 0x00000000eab00000, 0x00000000eab00000)
  object space 699392K, 82% used [0x00000000c0000000,0x00000000e3340eb0,0x00000000eab00000)
 Metaspace       used 66956K, committed 68544K, reserved 1114112K
  class space    used 6744K, committed 7424K, reserved 1048576K
}
Event: 36.161 GC heap after
{Heap after GC invocations=636 (full 3):
 PSYoungGen      total 12288K, used 1824K [0x00000000eab00000, 0x00000000eb900000, 0x0000000100000000)
  eden space 10240K, 0% used [0x00000000eab00000,0x00000000eab00000,0x00000000eb500000)
  from space 2048K, 89% used [0x00000000eb580000,0x00000000eb748000,0x00000000eb780000)
  to   space 1536K, 0% used [0x00000000eb780000,0x00000000eb780000,0x00000000eb900000)
 ParOldGen       total 699392K, used 578535K [0x00000000c0000000, 0x00000000eab00000, 0x00000000eab00000)
  object space 699392K, 82% used [0x00000000c0000000,0x00000000e34f9ec0,0x00000000eab00000)
 Metaspace       used 66956K, committed 68544K, reserved 1114112K
  class space    used 6744K, committed 7424K, reserved 1048576K
}
Event: 36.182 GC heap before
{Heap before GC invocations=637 (full 3):
 PSYoungGen      total 12288K, used 12064K [0x00000000eab00000, 0x00000000eb900000, 0x0000000100000000)
  eden space 10240K, 100% used [0x00000000eab00000,0x00000000eb500000,0x00000000eb500000)
  from space 2048K, 89% used [0x00000000eb580000,0x00000000eb748000,0x00000000eb780000)
  to   space 1536K, 0% used [0x00000000eb780000,0x00000000eb780000,0x00000000eb900000)
 ParOldGen       total 699392K, used 578535K [0x00000000c0000000, 0x00000000eab00000, 0x00000000eab00000)
  object space 699392K, 82% used [0x00000000c0000000,0x00000000e34f9ec0,0x00000000eab00000)
 Metaspace       used 66956K, committed 68544K, reserved 1114112K
  class space    used 6744K, committed 7424K, reserved 1048576K
}
Event: 36.185 GC heap after
{Heap after GC invocations=637 (full 3):
 PSYoungGen      total 10240K, used 1536K [0x00000000eab00000, 0x00000000ebd00000, 0x0000000100000000)
  eden space 8704K, 0% used [0x00000000eab00000,0x00000000eab00000,0x00000000eb380000)
  from space 1536K, 100% used [0x00000000eb780000,0x00000000eb900000,0x00000000eb900000)
  to   space 4096K, 0% used [0x00000000eb380000,0x00000000eb380000,0x00000000eb780000)
 ParOldGen       total 699392K, used 580327K [0x00000000c0000000, 0x00000000eab00000, 0x00000000eab00000)
  object space 699392K, 82% used [0x00000000c0000000,0x00000000e36b9ec0,0x00000000eab00000)
 Metaspace       used 66956K, committed 68544K, reserved 1114112K
  class space    used 6744K, committed 7424K, reserved 1048576K
}
Event: 36.203 GC heap before
{Heap before GC invocations=638 (full 3):
 PSYoungGen      total 10240K, used 10240K [0x00000000eab00000, 0x00000000ebd00000, 0x0000000100000000)
  eden space 8704K, 100% used [0x00000000eab00000,0x00000000eb380000,0x00000000eb380000)
  from space 1536K, 100% used [0x00000000eb780000,0x00000000eb900000,0x00000000eb900000)
  to   space 4096K, 0% used [0x00000000eb380000,0x00000000eb380000,0x00000000eb780000)
 ParOldGen       total 699392K, used 580327K [0x00000000c0000000, 0x00000000eab00000, 0x00000000eab00000)
  object space 699392K, 82% used [0x00000000c0000000,0x00000000e36b9ec0,0x00000000eab00000)
 Metaspace       used 66956K, committed 68544K, reserved 1114112K
  class space    used 6744K, committed 7424K, reserved 1048576K
}
Event: 36.206 GC heap after
{Heap after GC invocations=638 (full 3):
 PSYoungGen      total 10752K, used 1568K [0x00000000eab00000, 0x00000000eb880000, 0x0000000100000000)
  eden space 8704K, 0% used [0x00000000eab00000,0x00000000eab00000,0x00000000eb380000)
  from space 2048K, 76% used [0x00000000eb380000,0x00000000eb508000,0x00000000eb580000)
  to   space 2560K, 0% used [0x00000000eb600000,0x00000000eb600000,0x00000000eb880000)
 ParOldGen       total 699392K, used 581796K [0x00000000c0000000, 0x00000000eab00000, 0x00000000eab00000)
  object space 699392K, 83% used [0x00000000c0000000,0x00000000e38290c8,0x00000000eab00000)
 Metaspace       used 66956K, committed 68544K, reserved 1114112K
  class space    used 6744K, committed 7424K, reserved 1048576K
}
Event: 36.227 GC heap before
{Heap before GC invocations=639 (full 3):
 PSYoungGen      total 10752K, used 10272K [0x00000000eab00000, 0x00000000eb880000, 0x0000000100000000)
  eden space 8704K, 100% used [0x00000000eab00000,0x00000000eb380000,0x00000000eb380000)
  from space 2048K, 76% used [0x00000000eb380000,0x00000000eb508000,0x00000000eb580000)
  to   space 2560K, 0% used [0x00000000eb600000,0x00000000eb600000,0x00000000eb880000)
 ParOldGen       total 699392K, used 581796K [0x00000000c0000000, 0x00000000eab00000, 0x00000000eab00000)
  object space 699392K, 83% used [0x00000000c0000000,0x00000000e38290c8,0x00000000eab00000)
 Metaspace       used 66956K, committed 68544K, reserved 1114112K
  class space    used 6744K, committed 7424K, reserved 1048576K
}
Event: 36.229 GC heap after
{Heap after GC invocations=639 (full 3):
 PSYoungGen      total 10752K, used 1664K [0x00000000eab00000, 0x00000000eb800000, 0x0000000100000000)
  eden space 8704K, 0% used [0x00000000eab00000,0x00000000eab00000,0x00000000eb380000)
  from space 2048K, 81% used [0x00000000eb600000,0x00000000eb7a0000,0x00000000eb800000)
  to   space 2048K, 0% used [0x00000000eb380000,0x00000000eb380000,0x00000000eb580000)
 ParOldGen       total 699392K, used 583164K [0x00000000c0000000, 0x00000000eab00000, 0x00000000eab00000)
  object space 699392K, 83% used [0x00000000c0000000,0x00000000e397f0c8,0x00000000eab00000)
 Metaspace       used 66956K, committed 68544K, reserved 1114112K
  class space    used 6744K, committed 7424K, reserved 1048576K
}
Event: 36.247 GC heap before
{Heap before GC invocations=640 (full 3):
 PSYoungGen      total 10752K, used 10368K [0x00000000eab00000, 0x00000000eb800000, 0x0000000100000000)
  eden space 8704K, 100% used [0x00000000eab00000,0x00000000eb380000,0x00000000eb380000)
  from space 2048K, 81% used [0x00000000eb600000,0x00000000eb7a0000,0x00000000eb800000)
  to   space 2048K, 0% used [0x00000000eb380000,0x00000000eb380000,0x00000000eb580000)
 ParOldGen       total 699392K, used 583164K [0x00000000c0000000, 0x00000000eab00000, 0x00000000eab00000)
  object space 699392K, 83% used [0x00000000c0000000,0x00000000e397f0c8,0x00000000eab00000)
 Metaspace       used 66956K, committed 68544K, reserved 1114112K
  class space    used 6744K, committed 7424K, reserved 1048576K
}
Event: 36.249 GC heap after
{Heap after GC invocations=640 (full 3):
 PSYoungGen      total 10752K, used 1728K [0x00000000eab00000, 0x00000000eb780000, 0x0000000100000000)
  eden space 8704K, 0% used [0x00000000eab00000,0x00000000eab00000,0x00000000eb380000)
  from space 2048K, 84% used [0x00000000eb380000,0x00000000eb530000,0x00000000eb580000)
  to   space 2048K, 0% used [0x00000000eb580000,0x00000000eb580000,0x00000000eb780000)
 ParOldGen       total 699392K, used 584604K [0x00000000c0000000, 0x00000000eab00000, 0x00000000eab00000)
  object space 699392K, 83% used [0x00000000c0000000,0x00000000e3ae70c8,0x00000000eab00000)
 Metaspace       used 66956K, committed 68544K, reserved 1114112K
  class space    used 6744K, committed 7424K, reserved 1048576K
}
Event: 36.266 GC heap before
{Heap before GC invocations=641 (full 3):
 PSYoungGen      total 10752K, used 10432K [0x00000000eab00000, 0x00000000eb780000, 0x0000000100000000)
  eden space 8704K, 100% used [0x00000000eab00000,0x00000000eb380000,0x00000000eb380000)
  from space 2048K, 84% used [0x00000000eb380000,0x00000000eb530000,0x00000000eb580000)
  to   space 2048K, 0% used [0x00000000eb580000,0x00000000eb580000,0x00000000eb780000)
 ParOldGen       total 699392K, used 584604K [0x00000000c0000000, 0x00000000eab00000, 0x00000000eab00000)
  object space 699392K, 83% used [0x00000000c0000000,0x00000000e3ae70c8,0x00000000eab00000)
 Metaspace       used 66956K, committed 68544K, reserved 1114112K
  class space    used 6744K, committed 7424K, reserved 1048576K
}
Event: 36.269 GC heap after
{Heap after GC invocations=641 (full 3):
 PSYoungGen      total 10752K, used 1728K [0x00000000eab00000, 0x00000000eb780000, 0x0000000100000000)
  eden space 8704K, 0% used [0x00000000eab00000,0x00000000eab00000,0x00000000eb380000)
  from space 2048K, 84% used [0x00000000eb580000,0x00000000eb730000,0x00000000eb780000)
  to   space 2048K, 0% used [0x00000000eb380000,0x00000000eb380000,0x00000000eb580000)
 ParOldGen       total 699392K, used 586148K [0x00000000c0000000, 0x00000000eab00000, 0x00000000eab00000)
  object space 699392K, 83% used [0x00000000c0000000,0x00000000e3c690c8,0x00000000eab00000)
 Metaspace       used 66956K, committed 68544K, reserved 1114112K
  class space    used 6744K, committed 7424K, reserved 1048576K
}
Event: 36.288 GC heap before
{Heap before GC invocations=642 (full 3):
 PSYoungGen      total 10752K, used 10432K [0x00000000eab00000, 0x00000000eb780000, 0x0000000100000000)
  eden space 8704K, 100% used [0x00000000eab00000,0x00000000eb380000,0x00000000eb380000)
  from space 2048K, 84% used [0x00000000eb580000,0x00000000eb730000,0x00000000eb780000)
  to   space 2048K, 0% used [0x00000000eb380000,0x00000000eb380000,0x00000000eb580000)
 ParOldGen       total 699392K, used 586148K [0x00000000c0000000, 0x00000000eab00000, 0x00000000eab00000)
  object space 699392K, 83% used [0x00000000c0000000,0x00000000e3c690c8,0x00000000eab00000)
 Metaspace       used 66956K, committed 68544K, reserved 1114112K
  class space    used 6744K, committed 7424K, reserved 1048576K
}
Event: 36.290 GC heap after
{Heap after GC invocations=642 (full 3):
 PSYoungGen      total 10752K, used 1760K [0x00000000eab00000, 0x00000000eb780000, 0x0000000100000000)
  eden space 8704K, 0% used [0x00000000eab00000,0x00000000eab00000,0x00000000eb380000)
  from space 2048K, 85% used [0x00000000eb380000,0x00000000eb538000,0x00000000eb580000)
  to   space 2048K, 0% used [0x00000000eb580000,0x00000000eb580000,0x00000000eb780000)
 ParOldGen       total 699392K, used 587708K [0x00000000c0000000, 0x00000000eab00000, 0x00000000eab00000)
  object space 699392K, 84% used [0x00000000c0000000,0x00000000e3def0c8,0x00000000eab00000)
 Metaspace       used 66956K, committed 68544K, reserved 1114112K
  class space    used 6744K, committed 7424K, reserved 1048576K
}
Event: 36.322 GC heap before
{Heap before GC invocations=643 (full 3):
 PSYoungGen      total 10752K, used 10464K [0x00000000eab00000, 0x00000000eb780000, 0x0000000100000000)
  eden space 8704K, 100% used [0x00000000eab00000,0x00000000eb380000,0x00000000eb380000)
  from space 2048K, 85% used [0x00000000eb380000,0x00000000eb538000,0x00000000eb580000)
  to   space 2048K, 0% used [0x00000000eb580000,0x00000000eb580000,0x00000000eb780000)
 ParOldGen       total 699392K, used 587708K [0x00000000c0000000, 0x00000000eab00000, 0x00000000eab00000)
  object space 699392K, 84% used [0x00000000c0000000,0x00000000e3def0c8,0x00000000eab00000)
 Metaspace       used 66956K, committed 68544K, reserved 1114112K
  class space    used 6744K, committed 7424K, reserved 1048576K
}
Event: 36.325 GC heap after
{Heap after GC invocations=643 (full 3):
 PSYoungGen      total 10240K, used 1376K [0x00000000eab00000, 0x00000000eb700000, 0x0000000100000000)
  eden space 8704K, 0% used [0x00000000eab00000,0x00000000eab00000,0x00000000eb380000)
  from space 1536K, 89% used [0x00000000eb580000,0x00000000eb6d8000,0x00000000eb700000)
  to   space 1536K, 0% used [0x00000000eb400000,0x00000000eb400000,0x00000000eb580000)
 ParOldGen       total 699392K, used 590952K [0x00000000c0000000, 0x00000000eab00000, 0x00000000eab00000)
  object space 699392K, 84% used [0x00000000c0000000,0x00000000e411a2d8,0x00000000eab00000)
 Metaspace       used 66956K, committed 68544K, reserved 1114112K
  class space    used 6744K, committed 7424K, reserved 1048576K
}
Event: 36.339 GC heap before
{Heap before GC invocations=644 (full 3):
 PSYoungGen      total 10240K, used 10080K [0x00000000eab00000, 0x00000000eb700000, 0x0000000100000000)
  eden space 8704K, 100% used [0x00000000eab00000,0x00000000eb380000,0x00000000eb380000)
  from space 1536K, 89% used [0x00000000eb580000,0x00000000eb6d8000,0x00000000eb700000)
  to   space 1536K, 0% used [0x00000000eb400000,0x00000000eb400000,0x00000000eb580000)
 ParOldGen       total 699392K, used 590952K [0x00000000c0000000, 0x00000000eab00000, 0x00000000eab00000)
  object space 699392K, 84% used [0x00000000c0000000,0x00000000e411a2d8,0x00000000eab00000)
 Metaspace       used 66956K, committed 68544K, reserved 1114112K
  class space    used 6744K, committed 7424K, reserved 1048576K
}

Dll operation events (12 events):
Event: 0.013 Loaded shared library c:\Users\Jaywant\.cursor\extensions\redhat.java-1.41.1-win32-x64\jre\21.0.6-win32-x86_64\bin\java.dll
Event: 0.102 Loaded shared library c:\Users\Jaywant\.cursor\extensions\redhat.java-1.41.1-win32-x64\jre\21.0.6-win32-x86_64\bin\zip.dll
Event: 0.123 Loaded shared library C:\Users\Jaywant\.cursor\extensions\redhat.java-1.41.1-win32-x64\jre\21.0.6-win32-x86_64\bin\instrument.dll
Event: 0.128 Loaded shared library C:\Users\Jaywant\.cursor\extensions\redhat.java-1.41.1-win32-x64\jre\21.0.6-win32-x86_64\bin\net.dll
Event: 0.131 Loaded shared library C:\Users\Jaywant\.cursor\extensions\redhat.java-1.41.1-win32-x64\jre\21.0.6-win32-x86_64\bin\nio.dll
Event: 0.136 Loaded shared library C:\Users\Jaywant\.cursor\extensions\redhat.java-1.41.1-win32-x64\jre\21.0.6-win32-x86_64\bin\zip.dll
Event: 0.156 Loaded shared library C:\Users\Jaywant\.cursor\extensions\redhat.java-1.41.1-win32-x64\jre\21.0.6-win32-x86_64\bin\jimage.dll
Event: 0.226 Loaded shared library c:\Users\Jaywant\.cursor\extensions\redhat.java-1.41.1-win32-x64\jre\21.0.6-win32-x86_64\bin\verify.dll
Event: 1.154 Loaded shared library C:\Users\Jaywant\AppData\Roaming\Cursor\User\globalStorage\redhat.java\1.41.1\config_win\org.eclipse.equinox.launcher\org.eclipse.equinox.launcher.win32.win32.x86_64_1.2.1300.v20250331-1702\eclipse_11911.dll
Event: 2.501 Loaded shared library C:\Users\Jaywant\AppData\Local\Temp\jna--151788782\jna9425567582421023237.dll
Event: 3.648 Loaded shared library C:\Users\Jaywant\.cursor\extensions\redhat.java-1.41.1-win32-x64\jre\21.0.6-win32-x86_64\bin\management.dll
Event: 3.652 Loaded shared library C:\Users\Jaywant\.cursor\extensions\redhat.java-1.41.1-win32-x64\jre\21.0.6-win32-x86_64\bin\management_ext.dll

Deoptimization events (20 events):
Event: 33.532 Thread 0x0000020176336060 Uncommon trap: trap_request=0xffffff45 fr.pc=0x00000201246d35cc relative=0x0000000000000fac
Event: 33.532 Thread 0x0000020176336060 Uncommon trap: reason=unstable_if action=reinterpret pc=0x00000201246d35cc method=org.eclipse.jdt.internal.compiler.classfmt.ClassFileReader.getMemberTypes()[Lorg/eclipse/jdt/internal/compiler/env/IBinaryNestedType; @ 83 c2
Event: 33.532 Thread 0x0000020176336060 DEOPT PACKING pc=0x00000201246d35cc sp=0x000000ba5a7fed60
Event: 33.532 Thread 0x0000020176336060 DEOPT UNPACKING pc=0x0000020123c63aa2 sp=0x000000ba5a7fecb8 mode 2
Event: 33.534 Thread 0x0000020176336060 Uncommon trap: trap_request=0xffffff45 fr.pc=0x00000201246c20d0 relative=0x0000000000000bf0
Event: 33.534 Thread 0x0000020176336060 Uncommon trap: reason=unstable_if action=reinterpret pc=0x00000201246c20d0 method=org.eclipse.jdt.internal.compiler.classfmt.ClassFileReader.getMemberTypes()[Lorg/eclipse/jdt/internal/compiler/env/IBinaryNestedType; @ 83 c2
Event: 33.534 Thread 0x0000020176336060 DEOPT PACKING pc=0x00000201246c20d0 sp=0x000000ba5a7fecc0
Event: 33.534 Thread 0x0000020176336060 DEOPT UNPACKING pc=0x0000020123c63aa2 sp=0x000000ba5a7feca8 mode 2
Event: 35.825 Thread 0x0000020176336060 Uncommon trap: trap_request=0xffffff45 fr.pc=0x0000020124948d0c relative=0x0000000000002fac
Event: 35.825 Thread 0x0000020176336060 Uncommon trap: reason=unstable_if action=reinterpret pc=0x0000020124948d0c method=org.eclipse.jdt.internal.core.search.indexing.AbstractIndexer.addClassDeclaration(I[C[C[[C[C[[C[[CZ)V @ 13 c2
Event: 35.825 Thread 0x0000020176336060 DEOPT PACKING pc=0x0000020124948d0c sp=0x000000ba5a7fe740
Event: 35.825 Thread 0x0000020176336060 DEOPT UNPACKING pc=0x0000020123c63aa2 sp=0x000000ba5a7fe730 mode 2
Event: 35.825 Thread 0x0000020176336060 Uncommon trap: trap_request=0xffffff45 fr.pc=0x000002012461f598 relative=0x0000000000002d38
Event: 35.825 Thread 0x0000020176336060 Uncommon trap: reason=unstable_if action=reinterpret pc=0x000002012461f598 method=org.eclipse.jdt.internal.core.search.matching.SuperTypeReferencePattern.createIndexKey(I[C[C[[C[[CC[CC)[C @ 2 c2
Event: 35.825 Thread 0x0000020176336060 DEOPT PACKING pc=0x000002012461f598 sp=0x000000ba5a7fe610
Event: 35.825 Thread 0x0000020176336060 DEOPT UNPACKING pc=0x0000020123c63aa2 sp=0x000000ba5a7fe600 mode 2
Event: 35.849 Thread 0x0000020176336060 Uncommon trap: trap_request=0xffffff45 fr.pc=0x0000020124a54fa4 relative=0x00000000000007e4
Event: 35.849 Thread 0x0000020176336060 Uncommon trap: reason=unstable_if action=reinterpret pc=0x0000020124a54fa4 method=org.eclipse.jdt.internal.compiler.classfmt.AnnotationInfo.scanAnnotation(IZZ)I @ 282 c2
Event: 35.849 Thread 0x0000020176336060 DEOPT PACKING pc=0x0000020124a54fa4 sp=0x000000ba5a7fe530
Event: 35.849 Thread 0x0000020176336060 DEOPT UNPACKING pc=0x0000020123c63aa2 sp=0x000000ba5a7fe4e8 mode 2

Classes loaded (20 events):
Event: 16.994 Loading class java/lang/UnsupportedClassVersionError
Event: 16.994 Loading class java/lang/UnsupportedClassVersionError done
Event: 18.949 Loading class sun/nio/fs/WindowsFileCopy
Event: 18.949 Loading class sun/nio/fs/WindowsFileCopy done
Event: 19.897 Loading class java/util/stream/ReduceOps$5
Event: 19.897 Loading class java/util/stream/ReduceOps$5 done
Event: 19.897 Loading class java/util/stream/ReduceOps$CountingSink$OfRef
Event: 19.898 Loading class java/util/stream/ReduceOps$CountingSink
Event: 19.898 Loading class java/util/stream/ReduceOps$CountingSink done
Event: 19.898 Loading class java/util/stream/ReduceOps$CountingSink$OfRef done
Event: 19.996 Loading class java/util/stream/ReduceOps$1
Event: 19.996 Loading class java/util/stream/ReduceOps$1 done
Event: 19.996 Loading class java/util/stream/ReduceOps$1ReducingSink
Event: 19.996 Loading class java/util/stream/ReduceOps$1ReducingSink done
Event: 32.093 Loading class sun/nio/cs/ISO_8859_1$Encoder
Event: 32.093 Loading class sun/nio/cs/ISO_8859_1$Encoder done
Event: 32.093 Loading class sun/nio/cs/Surrogate$Parser
Event: 32.093 Loading class sun/nio/cs/Surrogate$Parser done
Event: 32.093 Loading class sun/nio/cs/Surrogate
Event: 32.093 Loading class sun/nio/cs/Surrogate done

Classes unloaded (7 events):
Event: 3.017 Thread 0x00000201195992e0 Unloading class 0x000002012f199c00 'java/lang/invoke/LambdaForm$MH+0x000002012f199c00'
Event: 3.017 Thread 0x00000201195992e0 Unloading class 0x000002012f199800 'java/lang/invoke/LambdaForm$MH+0x000002012f199800'
Event: 3.017 Thread 0x00000201195992e0 Unloading class 0x000002012f199400 'java/lang/invoke/LambdaForm$MH+0x000002012f199400'
Event: 3.017 Thread 0x00000201195992e0 Unloading class 0x000002012f199000 'java/lang/invoke/LambdaForm$MH+0x000002012f199000'
Event: 3.017 Thread 0x00000201195992e0 Unloading class 0x000002012f198c00 'java/lang/invoke/LambdaForm$BMH+0x000002012f198c00'
Event: 3.017 Thread 0x00000201195992e0 Unloading class 0x000002012f198800 'java/lang/invoke/LambdaForm$DMH+0x000002012f198800'
Event: 3.017 Thread 0x00000201195992e0 Unloading class 0x000002012f197400 'java/lang/invoke/LambdaForm$DMH+0x000002012f197400'

Classes redefined (0 events):
No events

Internal exceptions (20 events):
Event: 35.165 Thread 0x0000020176336060 Exception <a 'sun/nio/fs/WindowsException'{0x00000000eacad038}> (0x00000000eacad038) 
thrown [s\src\hotspot\share\prims\jni.cpp, line 520]
Event: 35.204 Thread 0x0000020176336060 Exception <a 'sun/nio/fs/WindowsException'{0x00000000eb5719a8}> (0x00000000eb5719a8) 
thrown [s\src\hotspot\share\prims\jni.cpp, line 520]
Event: 35.219 Thread 0x0000020176336060 Exception <a 'sun/nio/fs/WindowsException'{0x00000000eb5d5488}> (0x00000000eb5d5488) 
thrown [s\src\hotspot\share\prims\jni.cpp, line 520]
Event: 35.243 Thread 0x0000020176336060 Exception <a 'sun/nio/fs/WindowsException'{0x00000000eabbef68}> (0x00000000eabbef68) 
thrown [s\src\hotspot\share\prims\jni.cpp, line 520]
Event: 35.247 Thread 0x0000020176336060 Exception <a 'sun/nio/fs/WindowsException'{0x00000000eabe3080}> (0x00000000eabe3080) 
thrown [s\src\hotspot\share\prims\jni.cpp, line 520]
Event: 35.299 Thread 0x0000020176336060 Exception <a 'sun/nio/fs/WindowsException'{0x00000000eb25dc70}> (0x00000000eb25dc70) 
thrown [s\src\hotspot\share\prims\jni.cpp, line 520]
Event: 35.334 Thread 0x0000020176336060 Exception <a 'sun/nio/fs/WindowsException'{0x00000000eacee7a0}> (0x00000000eacee7a0) 
thrown [s\src\hotspot\share\prims\jni.cpp, line 520]
Event: 35.371 Thread 0x0000020176336060 Exception <a 'sun/nio/fs/WindowsException'{0x00000000eb5a8ec0}> (0x00000000eb5a8ec0) 
thrown [s\src\hotspot\share\prims\jni.cpp, line 520]
Event: 35.431 Thread 0x0000020176336060 Exception <a 'sun/nio/fs/WindowsException'{0x00000000eb1b1828}> (0x00000000eb1b1828) 
thrown [s\src\hotspot\share\prims\jni.cpp, line 520]
Event: 35.455 Thread 0x0000020176336060 Exception <a 'sun/nio/fs/WindowsException'{0x00000000eb53f508}> (0x00000000eb53f508) 
thrown [s\src\hotspot\share\prims\jni.cpp, line 520]
Event: 35.472 Thread 0x0000020176336060 Exception <a 'sun/nio/fs/WindowsException'{0x00000000eb6f02a8}> (0x00000000eb6f02a8) 
thrown [s\src\hotspot\share\prims\jni.cpp, line 520]
Event: 35.490 Thread 0x0000020176336060 Exception <a 'sun/nio/fs/WindowsException'{0x00000000eb743b40}> (0x00000000eb743b40) 
thrown [s\src\hotspot\share\prims\jni.cpp, line 520]
Event: 35.509 Thread 0x0000020176336060 Exception <a 'sun/nio/fs/WindowsException'{0x00000000eab03fc8}> (0x00000000eab03fc8) 
thrown [s\src\hotspot\share\prims\jni.cpp, line 520]
Event: 35.523 Thread 0x0000020176336060 Exception <a 'sun/nio/fs/WindowsException'{0x00000000eab9e138}> (0x00000000eab9e138) 
thrown [s\src\hotspot\share\prims\jni.cpp, line 520]
Event: 35.668 Thread 0x0000020176336060 Exception <a 'sun/nio/fs/WindowsException'{0x00000000eab29040}> (0x00000000eab29040) 
thrown [s\src\hotspot\share\prims\jni.cpp, line 520]
Event: 35.682 Thread 0x0000020176336060 Exception <a 'sun/nio/fs/WindowsException'{0x00000000eabf3390}> (0x00000000eabf3390) 
thrown [s\src\hotspot\share\prims\jni.cpp, line 520]
Event: 35.758 Thread 0x0000020176336060 Exception <a 'sun/nio/fs/WindowsException'{0x00000000eaffa240}> (0x00000000eaffa240) 
thrown [s\src\hotspot\share\prims\jni.cpp, line 520]
Event: 35.791 Thread 0x0000020176336060 Exception <a 'sun/nio/fs/WindowsException'{0x00000000eac5a2d0}> (0x00000000eac5a2d0) 
thrown [s\src\hotspot\share\prims\jni.cpp, line 520]
Event: 35.825 Thread 0x0000020176336060 Implicit null exception at 0x0000020124946b61 to 0x0000020124948cec
Event: 35.825 Thread 0x0000020176336060 Implicit null exception at 0x000002012461c8a2 to 0x000002012461f580

ZGC Phase Switch (0 events):
No events

VM Operations (20 events):
Event: 36.112 Executing VM operation: ParallelGCFailedAllocation (Allocation Failure) done
Event: 36.136 Executing VM operation: ParallelGCFailedAllocation (Allocation Failure)
Event: 36.138 Executing VM operation: ParallelGCFailedAllocation (Allocation Failure) done
Event: 36.159 Executing VM operation: ParallelGCFailedAllocation (Allocation Failure)
Event: 36.161 Executing VM operation: ParallelGCFailedAllocation (Allocation Failure) done
Event: 36.182 Executing VM operation: ParallelGCFailedAllocation (Allocation Failure)
Event: 36.185 Executing VM operation: ParallelGCFailedAllocation (Allocation Failure) done
Event: 36.203 Executing VM operation: ParallelGCFailedAllocation (Allocation Failure)
Event: 36.206 Executing VM operation: ParallelGCFailedAllocation (Allocation Failure) done
Event: 36.227 Executing VM operation: ParallelGCFailedAllocation (Allocation Failure)
Event: 36.229 Executing VM operation: ParallelGCFailedAllocation (Allocation Failure) done
Event: 36.247 Executing VM operation: ParallelGCFailedAllocation (Allocation Failure)
Event: 36.249 Executing VM operation: ParallelGCFailedAllocation (Allocation Failure) done
Event: 36.266 Executing VM operation: ParallelGCFailedAllocation (Allocation Failure)
Event: 36.269 Executing VM operation: ParallelGCFailedAllocation (Allocation Failure) done
Event: 36.288 Executing VM operation: ParallelGCFailedAllocation (Allocation Failure)
Event: 36.290 Executing VM operation: ParallelGCFailedAllocation (Allocation Failure) done
Event: 36.322 Executing VM operation: ParallelGCFailedAllocation (Allocation Failure)
Event: 36.325 Executing VM operation: ParallelGCFailedAllocation (Allocation Failure) done
Event: 36.339 Executing VM operation: ParallelGCFailedAllocation (Allocation Failure)

Memory protections (0 events):
No events

Nmethod flushes (20 events):
Event: 12.276 Thread 0x00000201195992e0 flushing  nmethod 0x000002011d028410
Event: 12.276 Thread 0x00000201195992e0 flushing  nmethod 0x000002011d02b910
Event: 12.276 Thread 0x00000201195992e0 flushing  nmethod 0x000002011d02c410
Event: 12.276 Thread 0x00000201195992e0 flushing  nmethod 0x000002011d02cc90
Event: 12.276 Thread 0x00000201195992e0 flushing  nmethod 0x000002011d02d010
Event: 12.276 Thread 0x00000201195992e0 flushing  nmethod 0x000002011d02f310
Event: 12.276 Thread 0x00000201195992e0 flushing  nmethod 0x000002011d041d90
Event: 12.276 Thread 0x00000201195992e0 flushing  nmethod 0x000002011d063090
Event: 12.276 Thread 0x00000201195992e0 flushing  nmethod 0x000002011d08ec90
Event: 12.276 Thread 0x00000201195992e0 flushing  nmethod 0x000002011d11e710
Event: 12.276 Thread 0x00000201195992e0 flushing  nmethod 0x000002011d120090
Event: 12.276 Thread 0x00000201195992e0 flushing  nmethod 0x000002011d120690
Event: 12.276 Thread 0x00000201195992e0 flushing  nmethod 0x000002011d120a10
Event: 12.276 Thread 0x00000201195992e0 flushing  nmethod 0x000002011d120d90
Event: 12.276 Thread 0x00000201195992e0 flushing  nmethod 0x000002011d121310
Event: 12.276 Thread 0x00000201195992e0 flushing  nmethod 0x000002011d124a10
Event: 12.276 Thread 0x00000201195992e0 flushing  nmethod 0x000002011d12a310
Event: 12.276 Thread 0x00000201195992e0 flushing  nmethod 0x000002011d12b390
Event: 12.276 Thread 0x00000201195992e0 flushing  nmethod 0x000002011d12bc90
Event: 12.276 Thread 0x00000201195992e0 flushing  nmethod 0x000002011d12ff90

Events (20 events):
Event: 14.389 Thread 0x00000201763366f0 Thread added: 0x000002017a592360
Event: 14.389 Thread 0x00000201763366f0 Thread added: 0x000002017a5929f0
Event: 14.389 Thread 0x00000201763366f0 Thread added: 0x000002017a58f570
Event: 14.389 Thread 0x00000201763366f0 Thread added: 0x000002017a590290
Event: 14.481 Thread 0x000002017a58f570 Thread exited: 0x000002017a58f570
Event: 14.481 Thread 0x000002017a590290 Thread exited: 0x000002017a590290
Event: 14.482 Thread 0x000002017a592360 Thread exited: 0x000002017a592360
Event: 14.482 Thread 0x000002017a5929f0 Thread exited: 0x000002017a5929f0
Event: 14.482 Thread 0x000002017a591cd0 Thread exited: 0x000002017a591cd0
Event: 16.572 Thread 0x00000201779fc200 Thread added: 0x000002017a590290
Event: 16.595 Thread 0x00000201779fc200 Thread added: 0x000002017a590920
Event: 16.621 Thread 0x00000201779fc200 Thread added: 0x000002017a590fb0
Event: 16.700 Thread 0x00000201779fc890 Thread added: 0x000002017a591cd0
Event: 21.701 Thread 0x000002017a591cd0 Thread exited: 0x000002017a591cd0
Event: 21.806 Thread 0x0000020170138ee0 Thread exited: 0x0000020170138ee0
Event: 22.797 Thread 0x00000201775d5990 Thread exited: 0x00000201775d5990
Event: 32.046 Thread 0x000002016fdf1fd0 Thread added: 0x000002017c671800
Event: 32.084 Thread 0x000002016fdf1fd0 Thread added: 0x000002017c6725a0
Event: 32.290 Thread 0x000002017c6725a0 Thread exited: 0x000002017c6725a0
Event: 32.418 Thread 0x000002017c671800 Thread exited: 0x000002017c671800


Dynamic libraries:
0x00007ff6790e0000 - 0x00007ff6790ee000 	c:\Users\Jaywant\.cursor\extensions\redhat.java-1.41.1-win32-x64\jre\21.0.6-win32-x86_64\bin\java.exe
0x00007ff9267c0000 - 0x00007ff926a26000 	C:\WINDOWS\SYSTEM32\ntdll.dll
0x00007ff925210000 - 0x00007ff9252d9000 	C:\WINDOWS\System32\KERNEL32.DLL
0x00007ff924110000 - 0x00007ff9244dc000 	C:\WINDOWS\System32\KERNELBASE.dll
0x00007ff9209a0000 - 0x00007ff920a3e000 	C:\WINDOWS\SYSTEM32\apphelp.dll
0x00007ff923c00000 - 0x00007ff923d4b000 	C:\WINDOWS\System32\ucrtbase.dll
0x00007ff90eee0000 - 0x00007ff90eef8000 	c:\Users\Jaywant\.cursor\extensions\redhat.java-1.41.1-win32-x64\jre\21.0.6-win32-x86_64\bin\jli.dll
0x00007ff90a4a0000 - 0x00007ff90a4be000 	c:\Users\Jaywant\.cursor\extensions\redhat.java-1.41.1-win32-x64\jre\21.0.6-win32-x86_64\bin\VCRUNTIME140.dll
0x00007ff924a00000 - 0x00007ff924bca000 	C:\WINDOWS\System32\USER32.dll
0x00007ff923a00000 - 0x00007ff923a27000 	C:\WINDOWS\System32\win32u.dll
0x00007ff90ccd0000 - 0x00007ff90cf6a000 	C:\WINDOWS\WinSxS\amd64_microsoft.windows.common-controls_6595b64144ccf1df_6.0.26100.3912_none_3e07963ce335137e\COMCTL32.dll
0x00007ff9264f0000 - 0x00007ff926599000 	C:\WINDOWS\System32\msvcrt.dll
0x00007ff925d70000 - 0x00007ff925d9b000 	C:\WINDOWS\System32\GDI32.dll
0x00007ff923ac0000 - 0x00007ff923bf2000 	C:\WINDOWS\System32\gdi32full.dll
0x00007ff923950000 - 0x00007ff9239f3000 	C:\WINDOWS\System32\msvcp_win.dll
0x00007ff924610000 - 0x00007ff924640000 	C:\WINDOWS\System32\IMM32.DLL
0x00007ff911200000 - 0x00007ff91120c000 	c:\Users\Jaywant\.cursor\extensions\redhat.java-1.41.1-win32-x64\jre\21.0.6-win32-x86_64\bin\vcruntime140_1.dll
0x00007ff8f7600000 - 0x00007ff8f768d000 	c:\Users\Jaywant\.cursor\extensions\redhat.java-1.41.1-win32-x64\jre\21.0.6-win32-x86_64\bin\msvcp140.dll
0x00007ff882780000 - 0x00007ff883510000 	c:\Users\Jaywant\.cursor\extensions\redhat.java-1.41.1-win32-x64\jre\21.0.6-win32-x86_64\bin\server\jvm.dll
0x00007ff924bd0000 - 0x00007ff924c82000 	C:\WINDOWS\System32\ADVAPI32.dll
0x00007ff9266c0000 - 0x00007ff926766000 	C:\WINDOWS\System32\sechost.dll
0x00007ff9265a0000 - 0x00007ff9266b6000 	C:\WINDOWS\System32\RPCRT4.dll
0x00007ff924980000 - 0x00007ff9249f4000 	C:\WINDOWS\System32\WS2_32.dll
0x00007ff9237c0000 - 0x00007ff92381e000 	C:\WINDOWS\SYSTEM32\POWRPROF.dll
0x00007ff91aec0000 - 0x00007ff91aef6000 	C:\WINDOWS\SYSTEM32\WINMM.dll
0x00007ff91af00000 - 0x00007ff91af0b000 	C:\WINDOWS\SYSTEM32\VERSION.dll
0x00007ff9237a0000 - 0x00007ff9237b4000 	C:\WINDOWS\SYSTEM32\UMPDC.dll
0x00007ff922710000 - 0x00007ff92272a000 	C:\WINDOWS\SYSTEM32\kernel.appcore.dll
0x00007ff910730000 - 0x00007ff91073a000 	c:\Users\Jaywant\.cursor\extensions\redhat.java-1.41.1-win32-x64\jre\21.0.6-win32-x86_64\bin\jimage.dll
0x00007ff917c80000 - 0x00007ff917ec1000 	C:\WINDOWS\SYSTEM32\DBGHELP.DLL
0x00007ff9259e0000 - 0x00007ff925d64000 	C:\WINDOWS\System32\combase.dll
0x00007ff925790000 - 0x00007ff925870000 	C:\WINDOWS\System32\OLEAUT32.dll
0x00007ff90f0e0000 - 0x00007ff90f119000 	C:\WINDOWS\SYSTEM32\dbgcore.DLL
0x00007ff9244e0000 - 0x00007ff924579000 	C:\WINDOWS\System32\bcryptPrimitives.dll
0x00007ff9103b0000 - 0x00007ff9103bf000 	c:\Users\Jaywant\.cursor\extensions\redhat.java-1.41.1-win32-x64\jre\21.0.6-win32-x86_64\bin\instrument.dll
0x00007ff901490000 - 0x00007ff9014af000 	c:\Users\Jaywant\.cursor\extensions\redhat.java-1.41.1-win32-x64\jre\21.0.6-win32-x86_64\bin\java.dll
0x00007ff925da0000 - 0x00007ff9264cd000 	C:\WINDOWS\System32\SHELL32.dll
0x00007ff923ed0000 - 0x00007ff924044000 	C:\WINDOWS\System32\wintypes.dll
0x00007ff9215b0000 - 0x00007ff921e06000 	C:\WINDOWS\SYSTEM32\windows.storage.dll
0x00007ff925490000 - 0x00007ff92557f000 	C:\WINDOWS\System32\SHCORE.dll
0x00007ff9251a0000 - 0x00007ff925209000 	C:\WINDOWS\System32\shlwapi.dll
0x00007ff923860000 - 0x00007ff92388f000 	C:\WINDOWS\SYSTEM32\profapi.dll
0x00007ff901470000 - 0x00007ff901488000 	c:\Users\Jaywant\.cursor\extensions\redhat.java-1.41.1-win32-x64\jre\21.0.6-win32-x86_64\bin\zip.dll
0x00007ff90edd0000 - 0x00007ff90ede0000 	C:\Users\Jaywant\.cursor\extensions\redhat.java-1.41.1-win32-x64\jre\21.0.6-win32-x86_64\bin\net.dll
0x00007ff91c270000 - 0x00007ff91c38e000 	C:\WINDOWS\SYSTEM32\WINHTTP.dll
0x00007ff922c80000 - 0x00007ff922cea000 	C:\WINDOWS\system32\mswsock.dll
0x00007ff8f8190000 - 0x00007ff8f81a6000 	C:\Users\Jaywant\.cursor\extensions\redhat.java-1.41.1-win32-x64\jre\21.0.6-win32-x86_64\bin\nio.dll
0x00007ff909d40000 - 0x00007ff909d50000 	c:\Users\Jaywant\.cursor\extensions\redhat.java-1.41.1-win32-x64\jre\21.0.6-win32-x86_64\bin\verify.dll
0x00007ff8f26d0000 - 0x00007ff8f2715000 	C:\Users\Jaywant\AppData\Roaming\Cursor\User\globalStorage\redhat.java\1.41.1\config_win\org.eclipse.equinox.launcher\org.eclipse.equinox.launcher.win32.win32.x86_64_1.2.1300.v20250331-1702\eclipse_11911.dll
0x00007ff9255e0000 - 0x00007ff92577f000 	C:\WINDOWS\System32\ole32.dll
0x00007ff922f20000 - 0x00007ff922f3c000 	C:\WINDOWS\SYSTEM32\CRYPTSP.dll
0x00007ff922650000 - 0x00007ff92268a000 	C:\WINDOWS\system32\rsaenh.dll
0x00007ff922d20000 - 0x00007ff922d4b000 	C:\WINDOWS\SYSTEM32\USERENV.dll
0x00007ff923830000 - 0x00007ff923856000 	C:\WINDOWS\SYSTEM32\bcrypt.dll
0x00007ff922f40000 - 0x00007ff922f4c000 	C:\WINDOWS\SYSTEM32\CRYPTBASE.dll
0x00007ff922100000 - 0x00007ff922133000 	C:\WINDOWS\SYSTEM32\IPHLPAPI.DLL
0x00007ff9264e0000 - 0x00007ff9264ea000 	C:\WINDOWS\System32\NSI.dll
0x00007ff903a60000 - 0x00007ff903aa9000 	C:\Users\Jaywant\AppData\Local\Temp\jna--151788782\jna9425567582421023237.dll
0x00007ff925450000 - 0x00007ff925458000 	C:\WINDOWS\System32\PSAPI.DLL
0x00007ff9177c0000 - 0x00007ff9177ca000 	C:\Users\Jaywant\.cursor\extensions\redhat.java-1.41.1-win32-x64\jre\21.0.6-win32-x86_64\bin\management.dll
0x00007ff9177b0000 - 0x00007ff9177bb000 	C:\Users\Jaywant\.cursor\extensions\redhat.java-1.41.1-win32-x64\jre\21.0.6-win32-x86_64\bin\management_ext.dll
0x00007ff91b700000 - 0x00007ff91b71f000 	C:\WINDOWS\SYSTEM32\dhcpcsvc6.DLL
0x00007ff91b6d0000 - 0x00007ff91b6f5000 	C:\WINDOWS\SYSTEM32\dhcpcsvc.DLL

dbghelp: loaded successfully - version: 4.0.5 - missing functions: none
symbol engine: initialized successfully - sym options: 0x614 - pdb path: .;c:\Users\Jaywant\.cursor\extensions\redhat.java-1.41.1-win32-x64\jre\21.0.6-win32-x86_64\bin;C:\WINDOWS\SYSTEM32;C:\WINDOWS\WinSxS\amd64_microsoft.windows.common-controls_6595b64144ccf1df_6.0.26100.3912_none_3e07963ce335137e;c:\Users\Jaywant\.cursor\extensions\redhat.java-1.41.1-win32-x64\jre\21.0.6-win32-x86_64\bin\server;C:\Users\Jaywant\AppData\Roaming\Cursor\User\globalStorage\redhat.java\1.41.1\config_win\org.eclipse.equinox.launcher\org.eclipse.equinox.launcher.win32.win32.x86_64_1.2.1300.v20250331-1702;C:\Users\Jaywant\AppData\Local\Temp\jna--151788782

VM Arguments:
jvm_args: --add-modules=ALL-SYSTEM --add-opens=java.base/java.util=ALL-UNNAMED --add-opens=java.base/java.lang=ALL-UNNAMED --add-opens=java.base/sun.nio.fs=ALL-UNNAMED -Declipse.application=org.eclipse.jdt.ls.core.id1 -Dosgi.bundles.defaultStartLevel=4 -Declipse.product=org.eclipse.jdt.ls.core.product -Djava.import.generatesMetadataFilesAtProjectRoot=false -DDetectVMInstallationsJob.disabled=true -Dfile.encoding=utf8 -XX:+UseParallelGC -XX:GCTimeRatio=4 -XX:AdaptiveSizePolicyWeight=90 -Dsun.zip.disableMemoryMapping=true -Xmx1G -Xms100m -Xlog:disable -javaagent:c:\Users\Jaywant\.cursor\extensions\redhat.java-1.41.1-win32-x64\lombok\lombok-1.18.36.jar -XX:+HeapDumpOnOutOfMemoryError -XX:HeapDumpPath=c:\Users\Jaywant\AppData\Roaming\Cursor\User\workspaceStorage\cc623adeb21d3940532c846187689d28\redhat.java -Daether.dependencyCollector.impl=bf 
java_command: c:\Users\Jaywant\.cursor\extensions\redhat.java-1.41.1-win32-x64\server\plugins\org.eclipse.equinox.launcher_1.7.0.v20250331-1702.jar -configuration c:\Users\Jaywant\AppData\Roaming\Cursor\User\globalStorage\redhat.java\1.41.1\config_win -data c:\Users\Jaywant\AppData\Roaming\Cursor\User\workspaceStorage\cc623adeb21d3940532c846187689d28\redhat.java\jdt_ws --pipe=\\.\pipe\lsp-9d20e0e07a81fa8bcf957788601871de-sock
java_class_path (initial): c:\Users\Jaywant\.cursor\extensions\redhat.java-1.41.1-win32-x64\server\plugins\org.eclipse.equinox.launcher_1.7.0.v20250331-1702.jar
Launcher Type: SUN_STANDARD

[Global flags]
    uintx AdaptiveSizePolicyWeight                 = 90                                        {product} {command line}
     intx CICompilerCount                          = 4                                         {product} {ergonomic}
    uintx GCTimeRatio                              = 4                                         {product} {command line}
     bool HeapDumpOnOutOfMemoryError               = true                                   {manageable} {command line}
    ccstr HeapDumpPath                             = c:\Users\Jaywant\AppData\Roaming\Cursor\User\workspaceStorage\cc623adeb21d3940532c846187689d28\redhat.java         {manageable} {command line}
   size_t InitialHeapSize                          = 104857600                                 {product} {command line}
   size_t MaxHeapSize                              = 1073741824                                {product} {command line}
   size_t MaxNewSize                               = 357564416                                 {product} {ergonomic}
   size_t MinHeapDeltaBytes                        = 524288                                    {product} {ergonomic}
   size_t MinHeapSize                              = 104857600                                 {product} {command line}
   size_t NewSize                                  = 34603008                                  {product} {ergonomic}
    uintx NonNMethodCodeHeapSize                   = 5839372                                {pd product} {ergonomic}
    uintx NonProfiledCodeHeapSize                  = 122909434                              {pd product} {ergonomic}
   size_t OldSize                                  = 70254592                                  {product} {ergonomic}
    uintx ProfiledCodeHeapSize                     = 122909434                              {pd product} {ergonomic}
    uintx ReservedCodeCacheSize                    = 251658240                              {pd product} {ergonomic}
     bool SegmentedCodeCache                       = true                                      {product} {ergonomic}
   size_t SoftMaxHeapSize                          = 1073741824                             {manageable} {ergonomic}
     bool UseCompressedOops                        = true                           {product lp64_product} {ergonomic}
     bool UseLargePagesIndividualAllocation        = false                                  {pd product} {ergonomic}
     bool UseParallelGC                            = true                                      {product} {command line}

Logging:
Log output configuration:
 #0: stdout all=off uptime,level,tags foldmultilines=false
 #1: stderr all=off uptime,level,tags foldmultilines=false

Environment Variables:
JAVA_HOME=C:\Program Files\Java\jdk-21\
PATH=c:\Users\Jaywant\AppData\Local\Programs\cursor\resources\app\bin;C:\Program Files\Microsoft\jdk-17.0.14.7-hotspot\bin;C:\Program Files\Common Files\Oracle\Java\javapath;C:\WINDOWS\system32;C:\WINDOWS;C:\WINDOWS\System32\Wbem;C:\WINDOWS\System32\WindowsPowerShell\v1.0\;C:\WINDOWS\System32\OpenSSH\;C:\Program Files\nodejs;C:\Program Files\nodejs\;C:\Program Files\MySQL\MySQL Server 8.0\bin;C:\Program Files\Git\cmd;C:\Program Files\Git\bin;C:\Program Files\apache-maven-3.9.9\bin;C:\Program Files\Java\jdk-17\bin;C:\Program Files\Java\jdk-21\bin;C:\Program Files\Git LFS;C:\ProgramData\chocolatey\bin;C:\Users\Jaywant\AppData\Local\Programs\Python\Python313\Scripts\;C:\Users\Jaywant\AppData\Local\Programs\Python\Python313\;C:\Users\Jaywant\AppData\Local\Programs\Python\Launcher\;C:\Program Files\MySQL\MySQL Shell 8.0\bin\;C:\Users\Jaywant\AppData\Local\Microsoft\WindowsApps;C:\Users\Jaywant\AppData\Roaming\npm;C:\Users\Jaywant\AppData\Local\GitHubDesktop\bin;c:\Users\Jaywant\AppData\Local\Programs\cursor\resources\a;C:\platform-tools;C:\Users\Jaywant\AppData\Local\Android\Sdk\platform-tools;C:\Users\Jaywant\AppData\Local\Android\Sdk\emulator;C:\Program Files\dotnet\;C:\Users\Jaywant\AppData\Local\Android\Sdk\platform-tools;C:\Users\Jaywant\AppData\Local\Android\Sdk\tools;C:\Users\Jaywant\AppData\Local\Android\Sdk\platform-tools;C:\Users\Jaywant\AppData\Local\Android\Sdk\tools;C:\Users\Jaywant\AppData\Local\Programs\Python\Python313\Scripts\;C:\Users\Jaywant\AppData\Local\Programs\Python\Python313\;C:\Users\Jaywant\AppData\Local\Programs\Python\Launcher\;C:\Program Files\MySQL\MySQL Shell 8.0\bin\;C:\Users\Jaywant\AppData\Local\Microsoft\WindowsApps;C:\Users\Jaywant\AppData\Roaming\npm;C:\Users\Jaywant\AppData\Local\Programs\Microsoft VS Code\bin;C:\Users\Jaywant\AppData\Local\GitHubDesktop\bin;C:\Users\Jaywant\AppData\Local\Programs\cursor\resources\app\bin
USERNAME=Jaywant
OS=Windows_NT
PROCESSOR_IDENTIFIER=AMD64 Family 25 Model 80 Stepping 0, AuthenticAMD
TMP=C:\Users\Jaywant\AppData\Local\Temp
TEMP=C:\Users\Jaywant\AppData\Local\Temp




Periodic native trim disabled

---------------  S Y S T E M  ---------------

OS:
 Windows 11 , 64 bit Build 26100 (10.0.26100.3912)
OS uptime: 0 days 1:15 hours
Hyper-V role detected

CPU: total 12 (initial active 12) (12 cores per cpu, 2 threads per core) family 25 model 80 stepping 0 microcode 0xa500011, cx8, cmov, fxsr, ht, mmx, 3dnowpref, sse, sse2, sse3, ssse3, sse4a, sse4.1, sse4.2, popcnt, lzcnt, tsc, tscinvbit, avx, avx2, aes, erms, clmul, bmi1, bmi2, adx, sha, fma, vzeroupper, clflush, clflushopt, hv, rdtscp, rdpid, fsrm, f16c, cet_ss
Processor Information for processor 0
  Max Mhz: 3301, Current Mhz: 2630, Mhz Limit: 2640
Processor Information for processor 1
  Max Mhz: 3301, Current Mhz: 2630, Mhz Limit: 2640
Processor Information for processor 2
  Max Mhz: 3301, Current Mhz: 3301, Mhz Limit: 3301
Processor Information for processor 3
  Max Mhz: 3301, Current Mhz: 3301, Mhz Limit: 3301
Processor Information for processor 4
  Max Mhz: 3301, Current Mhz: 3301, Mhz Limit: 3301
Processor Information for processor 5
  Max Mhz: 3301, Current Mhz: 3301, Mhz Limit: 3301
Processor Information for processor 6
  Max Mhz: 3301, Current Mhz: 3301, Mhz Limit: 3301
Processor Information for processor 7
  Max Mhz: 3301, Current Mhz: 2630, Mhz Limit: 3301
Processor Information for processor 8
  Max Mhz: 3301, Current Mhz: 3301, Mhz Limit: 3301
Processor Information for processor 9
  Max Mhz: 3301, Current Mhz: 3301, Mhz Limit: 3301
Processor Information for processor 10
  Max Mhz: 3301, Current Mhz: 3301, Mhz Limit: 3301
Processor Information for processor 11
  Max Mhz: 3301, Current Mhz: 2630, Mhz Limit: 3301

Memory: 4k page, system-wide physical 7521M (557M free)
TotalPageFile size 31073M (AvailPageFile size 18M)
current process WorkingSet (physical memory assigned to process): 868M, peak: 868M
current process commit charge ("private bytes"): 985M, peak: 987M

vm_info: OpenJDK 64-Bit Server VM (21.0.6+7-LTS) for windows-amd64 JRE (21.0.6+7-LTS), built on 2025-01-21T00:00:00Z by "admin" with MS VC++ 17.7 (VS2022)

END.
