#
# There is insufficient memory for the Java Runtime Environment to continue.
# Native memory allocation (malloc) failed to allocate 1166896 bytes. Error detail: Chunk::new
# Possible reasons:
#   The system is out of physical RAM or swap space
#   This process is running with CompressedOops enabled, and the Java Heap may be blocking the growth of the native heap
# Possible solutions:
#   Reduce memory load on the system
#   Increase physical memory or swap space
#   Check if swap backing store is full
#   Decrease Java heap size (-Xmx/-Xms)
#   Decrease number of Java threads
#   Decrease Java thread stack sizes (-Xss)
#   Set larger code cache with -XX:ReservedCodeCacheSize=
#   JVM is running with Unscaled Compressed Oops mode in which the Java heap is
#     placed in the first 4GB address space. The Java Heap base address is the
#     maximum limit for the native heap growth. Please use -XX:HeapBaseMinAddress
#     to set the Java Heap base and to place the Java Heap above 4GB virtual address.
# This output file may be truncated or incomplete.
#
#  Out of Memory Error (arena.cpp:168), pid=17440, tid=18512
#
# JRE version: OpenJDK Runtime Environment Temurin-21.0.6+7 (21.0.6+7) (build 21.0.6+7-LTS)
# Java VM: OpenJDK 64-Bit Server VM Temurin-21.0.6+7 (21.0.6+7-LTS, mixed mode, sharing, tiered, compressed oops, compressed class ptrs, parallel gc, windows-amd64)
# No core dump will be written. Minidumps are not enabled by default on client versions of Windows
#

---------------  S U M M A R Y ------------

Command Line: --add-modules=ALL-SYSTEM --add-opens=java.base/java.util=ALL-UNNAMED --add-opens=java.base/java.lang=ALL-UNNAMED --add-opens=java.base/sun.nio.fs=ALL-UNNAMED -Declipse.application=org.eclipse.jdt.ls.core.id1 -Dosgi.bundles.defaultStartLevel=4 -Declipse.product=org.eclipse.jdt.ls.core.product -Djava.import.generatesMetadataFilesAtProjectRoot=false -DDetectVMInstallationsJob.disabled=true -Dfile.encoding=utf8 -XX:+UseParallelGC -XX:GCTimeRatio=4 -XX:AdaptiveSizePolicyWeight=90 -Dsun.zip.disableMemoryMapping=true -Xmx1G -Xms100m -Xlog:disable -javaagent:c:\Users\Jaywant\.vscode\extensions\redhat.java-1.41.1-win32-x64\lombok\lombok-1.18.36.jar -XX:+HeapDumpOnOutOfMemoryError -XX:HeapDumpPath=c:\Users\Jaywant\AppData\Roaming\Code\User\workspaceStorage\cc623adeb21d3940532c846187689d28\redhat.java -Daether.dependencyCollector.impl=bf c:\Users\Jaywant\.vscode\extensions\redhat.java-1.41.1-win32-x64\server\plugins\org.eclipse.equinox.launcher_1.7.0.v20250331-1702.jar -configuration c:\Users\Jaywant\AppData\Roaming\Code\User\globalStorage\redhat.java\1.41.1\config_win -data c:\Users\Jaywant\AppData\Roaming\Code\User\workspaceStorage\cc623adeb21d3940532c846187689d28\redhat.java\jdt_ws --pipe=\\.\pipe\lsp-0f630f2b89aa001cc3a59e18e429d1d9-sock

Host: AMD Ryzen 5 5600H with Radeon Graphics         , 12 cores, 7G,  Windows 11 , 64 bit Build 26100 (10.0.26100.3912)
Time: Wed May  7 13:04:24 2025 India Standard Time elapsed time: 22.685075 seconds (0d 0h 0m 22s)

---------------  T H R E A D  ---------------

Current thread (0x000001a5dda1a130):  JavaThread "C2 CompilerThread1" daemon [_thread_in_native, id=18512, stack(0x0000001c66e00000,0x0000001c66f00000) (1024K)]


Current CompileTask:
C2:22685 11560   !   4       org.eclipse.osgi.internal.loader.classpath.ClasspathManager::defineClass (636 bytes)

Stack: [0x0000001c66e00000,0x0000001c66f00000]
Native frames: (J=compiled Java code, j=interpreted, Vv=VM code, C=native code)
V  [jvm.dll+0x6cdee9]
V  [jvm.dll+0x8a83d1]
V  [jvm.dll+0x8aa8fe]
V  [jvm.dll+0x8aafe3]
V  [jvm.dll+0x27f706]
V  [jvm.dll+0xc500d]
V  [jvm.dll+0xc5543]
V  [jvm.dll+0x3b678c]
V  [jvm.dll+0x1e0009]
V  [jvm.dll+0x247b42]
V  [jvm.dll+0x246fcf]
V  [jvm.dll+0x1c75ee]
V  [jvm.dll+0x25685a]
V  [jvm.dll+0x254dfa]
V  [jvm.dll+0x3f0256]
V  [jvm.dll+0x851f8b]
V  [jvm.dll+0x6cc5ed]
C  [ucrtbase.dll+0x37b0]
C  [KERNEL32.DLL+0x2e8d7]
C  [ntdll.dll+0x9c5dc]


---------------  P R O C E S S  ---------------

Threads class SMR info:
_java_thread_list=0x000001a5e55cc640, length=71, elements={
0x000001a585eada50, 0x000001a585f533a0, 0x000001a59a29e100, 0x000001a585f55f00,
0x000001a585f59a00, 0x000001a585f5c580, 0x000001a585f617a0, 0x000001a5dc7a5fb0,
0x000001a5dc7c7670, 0x000001a5dc891bd0, 0x000001a5dca3dc40, 0x000001a5dcb2e5e0,
0x000001a5ddd525c0, 0x000001a5e22ae4d0, 0x000001a5e2152ca0, 0x000001a5dde16900,
0x000001a5ddae0560, 0x000001a5e27984c0, 0x000001a5e2796a80, 0x000001a5e2797110,
0x000001a5e2797e30, 0x000001a5e27956d0, 0x000001a5e2795d60, 0x000001a5e27977a0,
0x000001a5e4e9a640, 0x000001a5e4e9c080, 0x000001a5e4e9c710, 0x000001a5e4e9cda0,
0x000001a5e4e9d430, 0x000001a5e4e9b9f0, 0x000001a5e4e9b360, 0x000001a5e4e9dac0,
0x000001a5e4e9e150, 0x000001a5e4e9acd0, 0x000001a5e4ea08b0, 0x000001a5e4ea15d0,
0x000001a5e4ea1c60, 0x000001a5e4e9f500, 0x000001a5e4e9e7e0, 0x000001a5e4ea0f40,
0x000001a5e4e9ee70, 0x000001a5e4e9fb90, 0x000001a5e4ea0220, 0x000001a5e2a91a30,
0x000001a5e2a920c0, 0x000001a5e2a94190, 0x000001a5e2a90d10, 0x000001a5e2a92de0,
0x000001a5e2a93470, 0x000001a5e2a93b00, 0x000001a5e2a94820, 0x000001a5e2a95540,
0x000001a5e2a94eb0, 0x000001a5e2a95bd0, 0x000001a5e2a92750, 0x000001a5e2a96260,
0x000001a5e2a968f0, 0x000001a5e2a96f80, 0x000001a5e2a97610, 0x000001a5e2a98330,
0x000001a5e27963f0, 0x000001a5e5697c90, 0x000001a5e5698320, 0x000001a5e56989b0,
0x000001a5e5699040, 0x000001a5e56996d0, 0x000001a5e56968e0, 0x000001a5e5699d60,
0x000001a5e569a3f0, 0x000001a5e569be30, 0x000001a5dda1a130
}

Java Threads: ( => current thread )
  0x000001a585eada50 JavaThread "main"                              [_thread_blocked, id=26244, stack(0x0000001c66100000,0x0000001c66200000) (1024K)]
  0x000001a585f533a0 JavaThread "Reference Handler"          daemon [_thread_blocked, id=23544, stack(0x0000001c66500000,0x0000001c66600000) (1024K)]
  0x000001a59a29e100 JavaThread "Finalizer"                  daemon [_thread_blocked, id=13924, stack(0x0000001c66600000,0x0000001c66700000) (1024K)]
  0x000001a585f55f00 JavaThread "Signal Dispatcher"          daemon [_thread_blocked, id=26292, stack(0x0000001c66700000,0x0000001c66800000) (1024K)]
  0x000001a585f59a00 JavaThread "Attach Listener"            daemon [_thread_blocked, id=26340, stack(0x0000001c66800000,0x0000001c66900000) (1024K)]
  0x000001a585f5c580 JavaThread "Service Thread"             daemon [_thread_blocked, id=26048, stack(0x0000001c66900000,0x0000001c66a00000) (1024K)]
  0x000001a585f617a0 JavaThread "Monitor Deflation Thread"   daemon [_thread_blocked, id=21944, stack(0x0000001c66a00000,0x0000001c66b00000) (1024K)]
  0x000001a5dc7a5fb0 JavaThread "C2 CompilerThread0"         daemon [_thread_blocked, id=19596, stack(0x0000001c66b00000,0x0000001c66c00000) (1024K)]
  0x000001a5dc7c7670 JavaThread "C1 CompilerThread0"         daemon [_thread_blocked, id=24420, stack(0x0000001c66c00000,0x0000001c66d00000) (1024K)]
  0x000001a5dc891bd0 JavaThread "Common-Cleaner"             daemon [_thread_blocked, id=26492, stack(0x0000001c66d00000,0x0000001c66e00000) (1024K)]
  0x000001a5dca3dc40 JavaThread "Notification Thread"        daemon [_thread_blocked, id=25644, stack(0x0000001c66f00000,0x0000001c67000000) (1024K)]
  0x000001a5dcb2e5e0 JavaThread "Active Thread: Equinox Container: f2cb8bba-44bd-4a4f-b613-e92ff0b6e2c8"        [_thread_blocked, id=18044, stack(0x0000001c67700000,0x0000001c67800000) (1024K)]
  0x000001a5ddd525c0 JavaThread "Refresh Thread: Equinox Container: f2cb8bba-44bd-4a4f-b613-e92ff0b6e2c8" daemon [_thread_blocked, id=25540, stack(0x0000001c67800000,0x0000001c67900000) (1024K)]
  0x000001a5e22ae4d0 JavaThread "Framework Event Dispatcher: Equinox Container: f2cb8bba-44bd-4a4f-b613-e92ff0b6e2c8" daemon [_thread_blocked, id=23020, stack(0x0000001c67a00000,0x0000001c67b00000) (1024K)]
  0x000001a5e2152ca0 JavaThread "Start Level: Equinox Container: f2cb8bba-44bd-4a4f-b613-e92ff0b6e2c8" daemon [_thread_blocked, id=19816, stack(0x0000001c67b00000,0x0000001c67c00000) (1024K)]
  0x000001a5dde16900 JavaThread "Bundle File Closer"         daemon [_thread_blocked, id=25500, stack(0x0000001c67c00000,0x0000001c67d00000) (1024K)]
  0x000001a5ddae0560 JavaThread "SCR Component Actor"        daemon [_thread_blocked, id=25036, stack(0x0000001c67f00000,0x0000001c68000000) (1024K)]
  0x000001a5e27984c0 JavaThread "Worker-JM"                         [_thread_blocked, id=24772, stack(0x0000001c68100000,0x0000001c68200000) (1024K)]
  0x000001a5e2796a80 JavaThread "JNA Cleaner"                daemon [_thread_blocked, id=24188, stack(0x0000001c68200000,0x0000001c68300000) (1024K)]
  0x000001a5e2797110 JavaThread "Worker-0"                          [_thread_blocked, id=6224, stack(0x0000001c68300000,0x0000001c68400000) (1024K)]
  0x000001a5e2797e30 JavaThread "Worker-1"                          [_thread_blocked, id=23572, stack(0x0000001c68400000,0x0000001c68500000) (1024K)]
  0x000001a5e27956d0 JavaThread "Worker-2"                          [_thread_blocked, id=25704, stack(0x0000001c68500000,0x0000001c68600000) (1024K)]
  0x000001a5e2795d60 JavaThread "Java indexing"              daemon [_thread_blocked, id=26108, stack(0x0000001c68600000,0x0000001c68700000) (1024K)]
  0x000001a5e27977a0 JavaThread "Worker-3"                          [_thread_blocked, id=19064, stack(0x0000001c68700000,0x0000001c68800000) (1024K)]
  0x000001a5e4e9a640 JavaThread "Worker-4: Building"                [_thread_in_vm, id=8684, stack(0x0000001c68a00000,0x0000001c68b00000) (1024K)]
  0x000001a5e4e9c080 JavaThread "Worker-5: Java indexing... "        [_thread_blocked, id=17416, stack(0x0000001c68b00000,0x0000001c68c00000) (1024K)]
  0x000001a5e4e9c710 JavaThread "Thread-2"                   daemon [_thread_in_native, id=26592, stack(0x0000001c68c00000,0x0000001c68d00000) (1024K)]
  0x000001a5e4e9cda0 JavaThread "Thread-3"                   daemon [_thread_in_native, id=24924, stack(0x0000001c68d00000,0x0000001c68e00000) (1024K)]
  0x000001a5e4e9d430 JavaThread "Thread-4"                   daemon [_thread_in_native, id=24396, stack(0x0000001c68e00000,0x0000001c68f00000) (1024K)]
  0x000001a5e4e9b9f0 JavaThread "Thread-5"                   daemon [_thread_in_native, id=12372, stack(0x0000001c68f00000,0x0000001c69000000) (1024K)]
  0x000001a5e4e9b360 JavaThread "Thread-6"                   daemon [_thread_in_native, id=21856, stack(0x0000001c69000000,0x0000001c69100000) (1024K)]
  0x000001a5e4e9dac0 JavaThread "Thread-7"                   daemon [_thread_in_native, id=7980, stack(0x0000001c69100000,0x0000001c69200000) (1024K)]
  0x000001a5e4e9e150 JavaThread "Thread-8"                   daemon [_thread_in_native, id=14568, stack(0x0000001c69200000,0x0000001c69300000) (1024K)]
  0x000001a5e4e9acd0 JavaThread "Thread-9"                   daemon [_thread_in_native, id=25028, stack(0x0000001c69300000,0x0000001c69400000) (1024K)]
  0x000001a5e4ea08b0 JavaThread "Thread-10"                  daemon [_thread_in_native, id=14124, stack(0x0000001c69400000,0x0000001c69500000) (1024K)]
  0x000001a5e4ea15d0 JavaThread "Thread-11"                  daemon [_thread_in_native, id=2764, stack(0x0000001c69500000,0x0000001c69600000) (1024K)]
  0x000001a5e4ea1c60 JavaThread "Thread-12"                  daemon [_thread_in_native, id=23432, stack(0x0000001c69600000,0x0000001c69700000) (1024K)]
  0x000001a5e4e9f500 JavaThread "Thread-13"                  daemon [_thread_in_native, id=26288, stack(0x0000001c69700000,0x0000001c69800000) (1024K)]
  0x000001a5e4e9e7e0 JavaThread "Thread-14"                  daemon [_thread_in_native, id=21748, stack(0x0000001c69800000,0x0000001c69900000) (1024K)]
  0x000001a5e4ea0f40 JavaThread "pool-2-thread-1"                   [_thread_blocked, id=24748, stack(0x0000001c69900000,0x0000001c69a00000) (1024K)]
  0x000001a5e4e9ee70 JavaThread "WorkspaceEventsHandler"            [_thread_blocked, id=7252, stack(0x0000001c69a00000,0x0000001c69b00000) (1024K)]
  0x000001a5e4e9fb90 JavaThread "pool-1-thread-1"                   [_thread_blocked, id=19900, stack(0x0000001c69b00000,0x0000001c69c00000) (1024K)]
  0x000001a5e4ea0220 JavaThread "Worker-6"                          [_thread_blocked, id=17068, stack(0x0000001c69c00000,0x0000001c69d00000) (1024K)]
  0x000001a5e2a91a30 JavaThread "Worker-7"                          [_thread_blocked, id=21468, stack(0x0000001c69d00000,0x0000001c69e00000) (1024K)]
  0x000001a5e2a920c0 JavaThread "Worker-8"                          [_thread_blocked, id=25864, stack(0x0000001c69e00000,0x0000001c69f00000) (1024K)]
  0x000001a5e2a94190 JavaThread "LocalFile Deleter"          daemon [_thread_blocked, id=24908, stack(0x0000001c69f00000,0x0000001c6a000000) (1024K)]
  0x000001a5e2a90d10 JavaThread "LocalFile Deleter"          daemon [_thread_blocked, id=26228, stack(0x0000001c6a000000,0x0000001c6a100000) (1024K)]
  0x000001a5e2a92de0 JavaThread "LocalFile Deleter"          daemon [_thread_blocked, id=12176, stack(0x0000001c6a100000,0x0000001c6a200000) (1024K)]
  0x000001a5e2a93470 JavaThread "Compiler Source File Reader" daemon [_thread_blocked, id=25100, stack(0x0000001c6a200000,0x0000001c6a300000) (1024K)]
  0x000001a5e2a93b00 JavaThread "Compiler Source File Reader" daemon [_thread_blocked, id=25896, stack(0x0000001c6a300000,0x0000001c6a400000) (1024K)]
  0x000001a5e2a94820 JavaThread "Compiler Source File Reader" daemon [_thread_blocked, id=7124, stack(0x0000001c6a400000,0x0000001c6a500000) (1024K)]
  0x000001a5e2a95540 JavaThread "Compiler Source File Reader" daemon [_thread_blocked, id=13552, stack(0x0000001c6a500000,0x0000001c6a600000) (1024K)]
  0x000001a5e2a94eb0 JavaThread "Compiler Source File Reader" daemon [_thread_blocked, id=17240, stack(0x0000001c6a600000,0x0000001c6a700000) (1024K)]
  0x000001a5e2a95bd0 JavaThread "Compiler Source File Reader" daemon [_thread_blocked, id=3480, stack(0x0000001c6a700000,0x0000001c6a800000) (1024K)]
  0x000001a5e2a92750 JavaThread "Compiler Source File Reader" daemon [_thread_blocked, id=24960, stack(0x0000001c6a800000,0x0000001c6a900000) (1024K)]
  0x000001a5e2a96260 JavaThread "Compiler Source File Reader" daemon [_thread_blocked, id=23328, stack(0x0000001c6a900000,0x0000001c6aa00000) (1024K)]
  0x000001a5e2a968f0 JavaThread "Compiler Source File Reader" daemon [_thread_blocked, id=25072, stack(0x0000001c6aa00000,0x0000001c6ab00000) (1024K)]
  0x000001a5e2a96f80 JavaThread "Compiler Source File Reader" daemon [_thread_blocked, id=3032, stack(0x0000001c6ab00000,0x0000001c6ac00000) (1024K)]
  0x000001a5e2a97610 JavaThread "Compiler Processing Task"   daemon [_thread_blocked, id=20896, stack(0x0000001c67600000,0x0000001c67700000) (1024K)]
  0x000001a5e2a98330 JavaThread "Compiler Class File Writer" daemon [_thread_blocked, id=24424, stack(0x0000001c68000000,0x0000001c68100000) (1024K)]
  0x000001a5e27963f0 JavaThread "Compiler Class File Writer" daemon [_thread_blocked, id=26056, stack(0x0000001c6ac00000,0x0000001c6ad00000) (1024K)]
  0x000001a5e5697c90 JavaThread "Compiler Class File Writer" daemon [_thread_blocked, id=23344, stack(0x0000001c6ad00000,0x0000001c6ae00000) (1024K)]
  0x000001a5e5698320 JavaThread "Compiler Class File Writer" daemon [_thread_blocked, id=25768, stack(0x0000001c6ae00000,0x0000001c6af00000) (1024K)]
  0x000001a5e56989b0 JavaThread "Compiler Class File Writer" daemon [_thread_blocked, id=23152, stack(0x0000001c6af00000,0x0000001c6b000000) (1024K)]
  0x000001a5e5699040 JavaThread "Compiler Class File Writer" daemon [_thread_blocked, id=21140, stack(0x0000001c6b000000,0x0000001c6b100000) (1024K)]
  0x000001a5e56996d0 JavaThread "Compiler Class File Writer" daemon [_thread_blocked, id=13988, stack(0x0000001c6b200000,0x0000001c6b300000) (1024K)]
  0x000001a5e56968e0 JavaThread "Compiler Class File Writer" daemon [_thread_blocked, id=2576, stack(0x0000001c6b300000,0x0000001c6b400000) (1024K)]
  0x000001a5e5699d60 JavaThread "Compiler Class File Writer" daemon [_thread_blocked, id=25004, stack(0x0000001c6b400000,0x0000001c6b500000) (1024K)]
  0x000001a5e569a3f0 JavaThread "Compiler Class File Writer" daemon [_thread_blocked, id=16280, stack(0x0000001c6b500000,0x0000001c6b600000) (1024K)]
  0x000001a5e569be30 JavaThread "LocalFile Deleter"          daemon [_thread_blocked, id=24676, stack(0x0000001c6b600000,0x0000001c6b700000) (1024K)]
=>0x000001a5dda1a130 JavaThread "C2 CompilerThread1"         daemon [_thread_in_native, id=18512, stack(0x0000001c66e00000,0x0000001c66f00000) (1024K)]
Total: 71

Other Threads:
  0x000001a59a2849c0 VMThread "VM Thread"                           [id=22508, stack(0x0000001c66400000,0x0000001c66500000) (1024K)] _threads_hazard_ptr=0x000001a5e55cc640
  0x000001a59a17cb20 WatcherThread "VM Periodic Task Thread"        [id=23988, stack(0x0000001c66300000,0x0000001c66400000) (1024K)]
  0x000001a585ecbc20 WorkerThread "GC Thread#0"                     [id=26216, stack(0x0000001c66200000,0x0000001c66300000) (1024K)]
  0x000001a5ddaeb4e0 WorkerThread "GC Thread#1"                     [id=24316, stack(0x0000001c67000000,0x0000001c67100000) (1024K)]
  0x000001a5dddce770 WorkerThread "GC Thread#2"                     [id=25208, stack(0x0000001c67100000,0x0000001c67200000) (1024K)]
  0x000001a5dddceb10 WorkerThread "GC Thread#3"                     [id=7640, stack(0x0000001c67200000,0x0000001c67300000) (1024K)]
  0x000001a5dda17760 WorkerThread "GC Thread#4"                     [id=16924, stack(0x0000001c67300000,0x0000001c67400000) (1024K)]
  0x000001a5dda17b00 WorkerThread "GC Thread#5"                     [id=20560, stack(0x0000001c67400000,0x0000001c67500000) (1024K)]
  0x000001a5ddb95390 WorkerThread "GC Thread#6"                     [id=16604, stack(0x0000001c67500000,0x0000001c67600000) (1024K)]
  0x000001a5ddb95ad0 WorkerThread "GC Thread#7"                     [id=26140, stack(0x0000001c67900000,0x0000001c67a00000) (1024K)]
  0x000001a5ddb95730 WorkerThread "GC Thread#8"                     [id=16676, stack(0x0000001c67d00000,0x0000001c67e00000) (1024K)]
  0x000001a5ddb94510 WorkerThread "GC Thread#9"                     [id=26452, stack(0x0000001c67e00000,0x0000001c67f00000) (1024K)]
Total: 12

Threads with active compile tasks:
C2 CompilerThread1  22726 11560   !   4       org.eclipse.osgi.internal.loader.classpath.ClasspathManager::defineClass (636 bytes)
Total: 1

VM state: synchronizing (normal execution)

VM Mutex/Monitor currently owned by a thread:  ([mutex/lock_event])
[0x00007ff8a5d8e380] Threads_lock - owner thread: 0x000001a59a2849c0
[0x00007ff8a5d8e480] Heap_lock - owner thread: 0x000001a5e4e9a640
[0x00007ff8a5d8e900] PSOldGenExpand_lock - owner thread: 0x000001a5e4e9a640

Heap address: 0x00000000c0000000, size: 1024 MB, Compressed Oops mode: 32-bit

CDS archive(s) mapped at: [0x000001a59b000000-0x000001a59bba0000-0x000001a59bba0000), size 12189696, SharedBaseAddress: 0x000001a59b000000, ArchiveRelocationMode: 1.
Compressed class space mapped at: 0x000001a59c000000-0x000001a5dc000000, reserved size: 1073741824
Narrow klass base: 0x000001a59b000000, Narrow klass shift: 0, Narrow klass range: 0x100000000

GC Precious Log:
 CardTable entry size: 512
 CPUs: 12 total, 12 available
 Memory: 7521M
 Large Page Support: Disabled
 NUMA Support: Disabled
 Compressed Oops: Enabled (32-bit)
 Alignments: Space 512K, Generation 512K, Heap 2M
 Heap Min Capacity: 100M
 Heap Initial Capacity: 100M
 Heap Max Capacity: 1G
 Pre-touch: Disabled
 Parallel Workers: 10

Heap:
 PSYoungGen      total 6144K, used 5650K [0x00000000eab00000, 0x00000000eb280000, 0x0000000100000000)
  eden space 4608K, 100% used [0x00000000eab00000,0x00000000eaf80000,0x00000000eaf80000)
  from space 1536K, 67% used [0x00000000eb100000,0x00000000eb204ab0,0x00000000eb280000)
  to   space 1536K, 0% used [0x00000000eaf80000,0x00000000eaf80000,0x00000000eb100000)
 ParOldGen       total 201216K, used 200651K [0x00000000c0000000, 0x00000000cc480000, 0x00000000eab00000)
  object space 201216K, 99% used [0x00000000c0000000,0x00000000cc3f2c30,0x00000000cc480000)
 Metaspace       used 61176K, committed 62720K, reserved 1114112K
  class space    used 6209K, committed 6848K, reserved 1048576K

Card table byte_map: [0x000001a585850000,0x000001a585a60000] _byte_map_base: 0x000001a585250000

Marking Bits: (ParMarkBitMap*) 0x00007ff8a5d93260
 Begin Bits: [0x000001a5980a0000, 0x000001a5990a0000)
 End Bits:   [0x000001a5990a0000, 0x000001a59a0a0000)

Polling page: 0x000001a583bd0000

Metaspace:

Usage:
  Non-class:     53.68 MB used.
      Class:      6.06 MB used.
       Both:     59.74 MB used.

Virtual space:
  Non-class space:       64.00 MB reserved,      54.56 MB ( 85%) committed,  1 nodes.
      Class space:        1.00 GB reserved,       6.69 MB ( <1%) committed,  1 nodes.
             Both:        1.06 GB reserved,      61.25 MB (  6%) committed. 

Chunk freelists:
   Non-Class:  8.67 MB
       Class:  9.34 MB
        Both:  18.02 MB

MaxMetaspaceSize: unlimited
CompressedClassSpaceSize: 1.00 GB
Initial GC threshold: 21.00 MB
Current GC threshold: 97.31 MB
CDS: on
 - commit_granule_bytes: 65536.
 - commit_granule_words: 8192.
 - virtual_space_node_default_size: 8388608.
 - enlarge_chunks_in_place: 1.
 - use_allocation_guard: 0.


Internal statistics:

num_allocs_failed_limit: 9.
num_arena_births: 1194.
num_arena_deaths: 14.
num_vsnodes_births: 2.
num_vsnodes_deaths: 0.
num_space_committed: 980.
num_space_uncommitted: 0.
num_chunks_returned_to_freelist: 23.
num_chunks_taken_from_freelist: 4148.
num_chunk_merges: 15.
num_chunk_splits: 2513.
num_chunks_enlarged: 1354.
num_inconsistent_stats: 0.

CodeHeap 'non-profiled nmethods': size=120000Kb used=7439Kb max_used=7439Kb free=112560Kb
 bounds [0x000001a590b70000, 0x000001a5912c0000, 0x000001a5980a0000]
CodeHeap 'profiled nmethods': size=120000Kb used=24970Kb max_used=24970Kb free=95029Kb
 bounds [0x000001a5890a0000, 0x000001a58a910000, 0x000001a5905d0000]
CodeHeap 'non-nmethods': size=5760Kb used=1429Kb max_used=1504Kb free=4331Kb
 bounds [0x000001a5905d0000, 0x000001a590840000, 0x000001a590b70000]
 total_blobs=11503 nmethods=10769 adapters=639
 compilation: enabled
              stopped_count=0, restarted_count=0
 full_count=0

Compilation events (20 events):
Event: 21.605 Thread 0x000001a5dc7c7670 nmethod 11593 0x000001a58a8fca90 code [0x000001a58a8fce60, 0x000001a58a8fe720]
Event: 21.605 Thread 0x000001a5dc7c7670 11568   !   3       org.eclipse.core.internal.jobs.JobManager::sleepHint (67 bytes)
Event: 21.606 Thread 0x000001a5dc7a5fb0 nmethod 11588 0x000001a5912b0f90 code [0x000001a5912b1140, 0x000001a5912b1490]
Event: 21.606 Thread 0x000001a5dc7a5fb0 11572       4       org.eclipse.core.internal.resources.ResourceInfo::isSet (14 bytes)
Event: 21.607 Thread 0x000001a5dc7c7670 nmethod 11568 0x000001a58a8fef10 code [0x000001a58a8ff180, 0x000001a58a8ffc38]
Event: 21.607 Thread 0x000001a5dc7a5fb0 nmethod 11572 0x000001a5912b1810 code [0x000001a5912b19a0, 0x000001a5912b1a40]
Event: 21.607 Thread 0x000001a5dc7c7670 11569       3       org.eclipse.core.internal.jobs.JobQueue::isEmpty (18 bytes)
Event: 21.607 Thread 0x000001a5dc7a5fb0 11584       4       org.eclipse.core.runtime.Assert::isNotNull (19 bytes)
Event: 21.607 Thread 0x000001a5dc7c7670 nmethod 11569 0x000001a58a900110 code [0x000001a58a9002c0, 0x000001a58a900450]
Event: 21.607 Thread 0x000001a5dc7c7670 11570       3       org.eclipse.core.internal.jobs.DeadlockDetector::indexOf (43 bytes)
Event: 21.607 Thread 0x000001a5dc7a5fb0 nmethod 11584 0x000001a5912b1b10 code [0x000001a5912b1ca0, 0x000001a5912b1d28]
Event: 21.607 Thread 0x000001a5dc7c7670 nmethod 11570 0x000001a58a900510 code [0x000001a58a900700, 0x000001a58a900eb8]
Event: 21.608 Thread 0x000001a5dc7c7670 11598       3       org.codehaus.plexus.classworlds.realm.ClassRealm::getImportClassLoader (47 bytes)
Event: 21.608 Thread 0x000001a5dc7c7670 nmethod 11598 0x000001a58a901190 code [0x000001a58a9013a0, 0x000001a58a901990]
Event: 21.608 Thread 0x000001a5dc7a5fb0 11599       4       java.util.TreeMap$KeyIterator::next (8 bytes)
Event: 21.609 Thread 0x000001a5dc7c7670 11600       3       org.codehaus.plexus.classworlds.realm.ClassRealm::toString (43 bytes)
Event: 21.610 Thread 0x000001a5dc7c7670 nmethod 11600 0x000001a58a901b90 code [0x000001a58a901e20, 0x000001a58a9027e8]
Event: 21.610 Thread 0x000001a5dc7a5fb0 nmethod 11599 0x000001a5912b1e10 code [0x000001a5912b1fa0, 0x000001a5912b2130]
Event: 21.614 Thread 0x000001a5dc7a5fb0 11601   !   4       java.util.concurrent.ConcurrentHashMap::computeIfAbsent (576 bytes)
Event: 21.626 Thread 0x000001a5dc7a5fb0 nmethod 11601 0x000001a5912b2290 code [0x000001a5912b24c0, 0x000001a5912b3488]

GC Heap History (20 events):
Event: 17.396 GC heap before
{Heap before GC invocations=118 (full 3):
 PSYoungGen      total 5632K, used 5504K [0x00000000eab00000, 0x00000000eb200000, 0x0000000100000000)
  eden space 4608K, 100% used [0x00000000eab00000,0x00000000eaf80000,0x00000000eaf80000)
  from space 1024K, 87% used [0x00000000eb100000,0x00000000eb1e0000,0x00000000eb200000)
  to   space 1024K, 0% used [0x00000000eb000000,0x00000000eb000000,0x00000000eb100000)
 ParOldGen       total 185856K, used 185742K [0x00000000c0000000, 0x00000000cb580000, 0x00000000eab00000)
  object space 185856K, 99% used [0x00000000c0000000,0x00000000cb5638c0,0x00000000cb580000)
 Metaspace       used 60238K, committed 61632K, reserved 1114112K
  class space    used 6105K, committed 6720K, reserved 1048576K
}
Event: 17.398 GC heap after
{Heap after GC invocations=118 (full 3):
 PSYoungGen      total 5632K, used 704K [0x00000000eab00000, 0x00000000eb180000, 0x0000000100000000)
  eden space 4608K, 0% used [0x00000000eab00000,0x00000000eab00000,0x00000000eaf80000)
  from space 1024K, 68% used [0x00000000eb000000,0x00000000eb0b0000,0x00000000eb100000)
  to   space 512K, 0% used [0x00000000eb100000,0x00000000eb100000,0x00000000eb180000)
 ParOldGen       total 186880K, used 186478K [0x00000000c0000000, 0x00000000cb680000, 0x00000000eab00000)
  object space 186880K, 99% used [0x00000000c0000000,0x00000000cb61bba8,0x00000000cb680000)
 Metaspace       used 60238K, committed 61632K, reserved 1114112K
  class space    used 6105K, committed 6720K, reserved 1048576K
}
Event: 17.763 GC heap before
{Heap before GC invocations=119 (full 3):
 PSYoungGen      total 5632K, used 5312K [0x00000000eab00000, 0x00000000eb180000, 0x0000000100000000)
  eden space 4608K, 100% used [0x00000000eab00000,0x00000000eaf80000,0x00000000eaf80000)
  from space 1024K, 68% used [0x00000000eb000000,0x00000000eb0b0000,0x00000000eb100000)
  to   space 512K, 0% used [0x00000000eb100000,0x00000000eb100000,0x00000000eb180000)
 ParOldGen       total 186880K, used 186478K [0x00000000c0000000, 0x00000000cb680000, 0x00000000eab00000)
  object space 186880K, 99% used [0x00000000c0000000,0x00000000cb61bba8,0x00000000cb680000)
 Metaspace       used 60298K, committed 61696K, reserved 1114112K
  class space    used 6111K, committed 6720K, reserved 1048576K
}
Event: 17.765 GC heap after
{Heap after GC invocations=119 (full 3):
 PSYoungGen      total 5120K, used 512K [0x00000000eab00000, 0x00000000eb280000, 0x0000000100000000)
  eden space 4608K, 0% used [0x00000000eab00000,0x00000000eab00000,0x00000000eaf80000)
  from space 512K, 100% used [0x00000000eb100000,0x00000000eb180000,0x00000000eb180000)
  to   space 1536K, 0% used [0x00000000eaf80000,0x00000000eaf80000,0x00000000eb100000)
 ParOldGen       total 187392K, used 187219K [0x00000000c0000000, 0x00000000cb700000, 0x00000000eab00000)
  object space 187392K, 99% used [0x00000000c0000000,0x00000000cb6d4eb0,0x00000000cb700000)
 Metaspace       used 60298K, committed 61696K, reserved 1114112K
  class space    used 6111K, committed 6720K, reserved 1048576K
}
Event: 17.890 GC heap before
{Heap before GC invocations=120 (full 3):
 PSYoungGen      total 5120K, used 5120K [0x00000000eab00000, 0x00000000eb280000, 0x0000000100000000)
  eden space 4608K, 100% used [0x00000000eab00000,0x00000000eaf80000,0x00000000eaf80000)
  from space 512K, 100% used [0x00000000eb100000,0x00000000eb180000,0x00000000eb180000)
  to   space 1536K, 0% used [0x00000000eaf80000,0x00000000eaf80000,0x00000000eb100000)
 ParOldGen       total 187392K, used 187219K [0x00000000c0000000, 0x00000000cb700000, 0x00000000eab00000)
  object space 187392K, 99% used [0x00000000c0000000,0x00000000cb6d4eb0,0x00000000cb700000)
 Metaspace       used 60476K, committed 61888K, reserved 1114112K
  class space    used 6139K, committed 6784K, reserved 1048576K
}
Event: 17.892 GC heap after
{Heap after GC invocations=120 (full 3):
 PSYoungGen      total 6144K, used 1013K [0x00000000eab00000, 0x00000000eb280000, 0x0000000100000000)
  eden space 4608K, 0% used [0x00000000eab00000,0x00000000eab00000,0x00000000eaf80000)
  from space 1536K, 65% used [0x00000000eaf80000,0x00000000eb07d6f0,0x00000000eb100000)
  to   space 1536K, 0% used [0x00000000eb100000,0x00000000eb100000,0x00000000eb280000)
 ParOldGen       total 187904K, used 187757K [0x00000000c0000000, 0x00000000cb780000, 0x00000000eab00000)
  object space 187904K, 99% used [0x00000000c0000000,0x00000000cb75b618,0x00000000cb780000)
 Metaspace       used 60476K, committed 61888K, reserved 1114112K
  class space    used 6139K, committed 6784K, reserved 1048576K
}
Event: 17.910 GC heap before
{Heap before GC invocations=121 (full 3):
 PSYoungGen      total 6144K, used 5621K [0x00000000eab00000, 0x00000000eb280000, 0x0000000100000000)
  eden space 4608K, 100% used [0x00000000eab00000,0x00000000eaf80000,0x00000000eaf80000)
  from space 1536K, 65% used [0x00000000eaf80000,0x00000000eb07d6f0,0x00000000eb100000)
  to   space 1536K, 0% used [0x00000000eb100000,0x00000000eb100000,0x00000000eb280000)
 ParOldGen       total 187904K, used 187757K [0x00000000c0000000, 0x00000000cb780000, 0x00000000eab00000)
  object space 187904K, 99% used [0x00000000c0000000,0x00000000cb75b618,0x00000000cb780000)
 Metaspace       used 60508K, committed 61952K, reserved 1114112K
  class space    used 6139K, committed 6784K, reserved 1048576K
}
Event: 17.912 GC heap after
{Heap after GC invocations=121 (full 3):
 PSYoungGen      total 6144K, used 1120K [0x00000000eab00000, 0x00000000eb280000, 0x0000000100000000)
  eden space 4608K, 0% used [0x00000000eab00000,0x00000000eab00000,0x00000000eaf80000)
  from space 1536K, 72% used [0x00000000eb100000,0x00000000eb2180a0,0x00000000eb280000)
  to   space 1536K, 0% used [0x00000000eaf80000,0x00000000eaf80000,0x00000000eb100000)
 ParOldGen       total 188928K, used 188580K [0x00000000c0000000, 0x00000000cb880000, 0x00000000eab00000)
  object space 188928K, 99% used [0x00000000c0000000,0x00000000cb8292e8,0x00000000cb880000)
 Metaspace       used 60508K, committed 61952K, reserved 1114112K
  class space    used 6139K, committed 6784K, reserved 1048576K
}
Event: 17.999 GC heap before
{Heap before GC invocations=122 (full 3):
 PSYoungGen      total 6144K, used 5728K [0x00000000eab00000, 0x00000000eb280000, 0x0000000100000000)
  eden space 4608K, 100% used [0x00000000eab00000,0x00000000eaf80000,0x00000000eaf80000)
  from space 1536K, 72% used [0x00000000eb100000,0x00000000eb2180a0,0x00000000eb280000)
  to   space 1536K, 0% used [0x00000000eaf80000,0x00000000eaf80000,0x00000000eb100000)
 ParOldGen       total 188928K, used 188580K [0x00000000c0000000, 0x00000000cb880000, 0x00000000eab00000)
  object space 188928K, 99% used [0x00000000c0000000,0x00000000cb8292e8,0x00000000cb880000)
 Metaspace       used 60533K, committed 61952K, reserved 1114112K
  class space    used 6139K, committed 6784K, reserved 1048576K
}
Event: 18.001 GC heap after
{Heap after GC invocations=122 (full 3):
 PSYoungGen      total 6144K, used 1117K [0x00000000eab00000, 0x00000000eb280000, 0x0000000100000000)
  eden space 4608K, 0% used [0x00000000eab00000,0x00000000eab00000,0x00000000eaf80000)
  from space 1536K, 72% used [0x00000000eaf80000,0x00000000eb097560,0x00000000eb100000)
  to   space 1536K, 0% used [0x00000000eb100000,0x00000000eb100000,0x00000000eb280000)
 ParOldGen       total 189440K, used 189039K [0x00000000c0000000, 0x00000000cb900000, 0x00000000eab00000)
  object space 189440K, 99% used [0x00000000c0000000,0x00000000cb89bc08,0x00000000cb900000)
 Metaspace       used 60533K, committed 61952K, reserved 1114112K
  class space    used 6139K, committed 6784K, reserved 1048576K
}
Event: 18.136 GC heap before
{Heap before GC invocations=123 (full 3):
 PSYoungGen      total 6144K, used 5721K [0x00000000eab00000, 0x00000000eb280000, 0x0000000100000000)
  eden space 4608K, 99% used [0x00000000eab00000,0x00000000eaf7f020,0x00000000eaf80000)
  from space 1536K, 72% used [0x00000000eaf80000,0x00000000eb097560,0x00000000eb100000)
  to   space 1536K, 0% used [0x00000000eb100000,0x00000000eb100000,0x00000000eb280000)
 ParOldGen       total 189440K, used 189039K [0x00000000c0000000, 0x00000000cb900000, 0x00000000eab00000)
  object space 189440K, 99% used [0x00000000c0000000,0x00000000cb89bc08,0x00000000cb900000)
 Metaspace       used 60566K, committed 62016K, reserved 1114112K
  class space    used 6140K, committed 6784K, reserved 1048576K
}
Event: 18.138 GC heap after
{Heap after GC invocations=123 (full 3):
 PSYoungGen      total 5632K, used 920K [0x00000000eab00000, 0x00000000eb200000, 0x0000000100000000)
  eden space 4608K, 0% used [0x00000000eab00000,0x00000000eab00000,0x00000000eaf80000)
  from space 1024K, 89% used [0x00000000eb100000,0x00000000eb1e60c8,0x00000000eb200000)
  to   space 1024K, 0% used [0x00000000eb000000,0x00000000eb000000,0x00000000eb100000)
 ParOldGen       total 190464K, used 189985K [0x00000000c0000000, 0x00000000cba00000, 0x00000000eab00000)
  object space 190464K, 99% used [0x00000000c0000000,0x00000000cb9885b8,0x00000000cba00000)
 Metaspace       used 60566K, committed 62016K, reserved 1114112K
  class space    used 6140K, committed 6784K, reserved 1048576K
}
Event: 18.327 GC heap before
{Heap before GC invocations=124 (full 3):
 PSYoungGen      total 5632K, used 5528K [0x00000000eab00000, 0x00000000eb200000, 0x0000000100000000)
  eden space 4608K, 100% used [0x00000000eab00000,0x00000000eaf80000,0x00000000eaf80000)
  from space 1024K, 89% used [0x00000000eb100000,0x00000000eb1e60c8,0x00000000eb200000)
  to   space 1024K, 0% used [0x00000000eb000000,0x00000000eb000000,0x00000000eb100000)
 ParOldGen       total 190464K, used 189985K [0x00000000c0000000, 0x00000000cba00000, 0x00000000eab00000)
  object space 190464K, 99% used [0x00000000c0000000,0x00000000cb9885b8,0x00000000cba00000)
 Metaspace       used 60665K, committed 62144K, reserved 1114112K
  class space    used 6156K, committed 6784K, reserved 1048576K
}
Event: 18.329 GC heap after
{Heap after GC invocations=124 (full 3):
 PSYoungGen      total 5632K, used 906K [0x00000000eab00000, 0x00000000eb180000, 0x0000000100000000)
  eden space 4608K, 0% used [0x00000000eab00000,0x00000000eab00000,0x00000000eaf80000)
  from space 1024K, 88% used [0x00000000eb000000,0x00000000eb0e2a18,0x00000000eb100000)
  to   space 512K, 0% used [0x00000000eb100000,0x00000000eb100000,0x00000000eb180000)
 ParOldGen       total 190976K, used 190717K [0x00000000c0000000, 0x00000000cba80000, 0x00000000eab00000)
  object space 190976K, 99% used [0x00000000c0000000,0x00000000cba3f7e8,0x00000000cba80000)
 Metaspace       used 60665K, committed 62144K, reserved 1114112K
  class space    used 6156K, committed 6784K, reserved 1048576K
}
Event: 18.551 GC heap before
{Heap before GC invocations=125 (full 3):
 PSYoungGen      total 5632K, used 5514K [0x00000000eab00000, 0x00000000eb180000, 0x0000000100000000)
  eden space 4608K, 100% used [0x00000000eab00000,0x00000000eaf80000,0x00000000eaf80000)
  from space 1024K, 88% used [0x00000000eb000000,0x00000000eb0e2a18,0x00000000eb100000)
  to   space 512K, 0% used [0x00000000eb100000,0x00000000eb100000,0x00000000eb180000)
 ParOldGen       total 190976K, used 190717K [0x00000000c0000000, 0x00000000cba80000, 0x00000000eab00000)
  object space 190976K, 99% used [0x00000000c0000000,0x00000000cba3f7e8,0x00000000cba80000)
 Metaspace       used 60986K, committed 62464K, reserved 1114112K
  class space    used 6188K, committed 6848K, reserved 1048576K
}
Event: 21.591 GC heap after
{Heap after GC invocations=125 (full 3):
 PSYoungGen      total 5120K, used 512K [0x00000000eab00000, 0x00000000eb180000, 0x0000000100000000)
  eden space 4608K, 0% used [0x00000000eab00000,0x00000000eab00000,0x00000000eaf80000)
  from space 512K, 100% used [0x00000000eb100000,0x00000000eb180000,0x00000000eb180000)
  to   space 1024K, 0% used [0x00000000eb000000,0x00000000eb000000,0x00000000eb100000)
 ParOldGen       total 192000K, used 191646K [0x00000000c0000000, 0x00000000cbb80000, 0x00000000eab00000)
  object space 192000K, 99% used [0x00000000c0000000,0x00000000cbb279a0,0x00000000cbb80000)
 Metaspace       used 60986K, committed 62464K, reserved 1114112K
  class space    used 6188K, committed 6848K, reserved 1048576K
}
Event: 21.601 GC heap before
{Heap before GC invocations=126 (full 3):
 PSYoungGen      total 5120K, used 5120K [0x00000000eab00000, 0x00000000eb180000, 0x0000000100000000)
  eden space 4608K, 100% used [0x00000000eab00000,0x00000000eaf80000,0x00000000eaf80000)
  from space 512K, 100% used [0x00000000eb100000,0x00000000eb180000,0x00000000eb180000)
  to   space 1024K, 0% used [0x00000000eb000000,0x00000000eb000000,0x00000000eb100000)
 ParOldGen       total 192000K, used 191646K [0x00000000c0000000, 0x00000000cbb80000, 0x00000000eab00000)
  object space 192000K, 99% used [0x00000000c0000000,0x00000000cbb279a0,0x00000000cbb80000)
 Metaspace       used 61085K, committed 62592K, reserved 1114112K
  class space    used 6199K, committed 6848K, reserved 1048576K
}
Event: 21.602 GC heap after
{Heap after GC invocations=126 (full 3):
 PSYoungGen      total 5632K, used 1014K [0x00000000eab00000, 0x00000000eb280000, 0x0000000100000000)
  eden space 4608K, 0% used [0x00000000eab00000,0x00000000eab00000,0x00000000eaf80000)
  from space 1024K, 99% used [0x00000000eb000000,0x00000000eb0fda08,0x00000000eb100000)
  to   space 1536K, 0% used [0x00000000eb100000,0x00000000eb100000,0x00000000eb280000)
 ParOldGen       total 192512K, used 192092K [0x00000000c0000000, 0x00000000cbc00000, 0x00000000eab00000)
  object space 192512K, 99% used [0x00000000c0000000,0x00000000cbb97180,0x00000000cbc00000)
 Metaspace       used 61085K, committed 62592K, reserved 1114112K
  class space    used 6199K, committed 6848K, reserved 1048576K
}
Event: 21.610 GC heap before
{Heap before GC invocations=127 (full 3):
 PSYoungGen      total 5632K, used 5622K [0x00000000eab00000, 0x00000000eb280000, 0x0000000100000000)
  eden space 4608K, 100% used [0x00000000eab00000,0x00000000eaf80000,0x00000000eaf80000)
  from space 1024K, 99% used [0x00000000eb000000,0x00000000eb0fda08,0x00000000eb100000)
  to   space 1536K, 0% used [0x00000000eb100000,0x00000000eb100000,0x00000000eb280000)
 ParOldGen       total 192512K, used 192092K [0x00000000c0000000, 0x00000000cbc00000, 0x00000000eab00000)
  object space 192512K, 99% used [0x00000000c0000000,0x00000000cbb97180,0x00000000cbc00000)
 Metaspace       used 61163K, committed 62656K, reserved 1114112K
  class space    used 6207K, committed 6848K, reserved 1048576K
}
Event: 21.611 GC heap after
{Heap after GC invocations=127 (full 3):
 PSYoungGen      total 6144K, used 1042K [0x00000000eab00000, 0x00000000eb280000, 0x0000000100000000)
  eden space 4608K, 0% used [0x00000000eab00000,0x00000000eab00000,0x00000000eaf80000)
  from space 1536K, 67% used [0x00000000eb100000,0x00000000eb204ab0,0x00000000eb280000)
  to   space 1536K, 0% used [0x00000000eaf80000,0x00000000eaf80000,0x00000000eb100000)
 ParOldGen       total 193024K, used 192971K [0x00000000c0000000, 0x00000000cbc80000, 0x00000000eab00000)
  object space 193024K, 99% used [0x00000000c0000000,0x00000000cbc72c20,0x00000000cbc80000)
 Metaspace       used 61163K, committed 62656K, reserved 1114112K
  class space    used 6207K, committed 6848K, reserved 1048576K
}

Dll operation events (10 events):
Event: 0.009 Loaded shared library c:\Users\Jaywant\.vscode\extensions\redhat.java-1.41.1-win32-x64\jre\21.0.6-win32-x86_64\bin\java.dll
Event: 1.070 Loaded shared library c:\Users\Jaywant\.vscode\extensions\redhat.java-1.41.1-win32-x64\jre\21.0.6-win32-x86_64\bin\zip.dll
Event: 1.086 Loaded shared library C:\Users\Jaywant\.vscode\extensions\redhat.java-1.41.1-win32-x64\jre\21.0.6-win32-x86_64\bin\instrument.dll
Event: 1.090 Loaded shared library C:\Users\Jaywant\.vscode\extensions\redhat.java-1.41.1-win32-x64\jre\21.0.6-win32-x86_64\bin\net.dll
Event: 1.092 Loaded shared library C:\Users\Jaywant\.vscode\extensions\redhat.java-1.41.1-win32-x64\jre\21.0.6-win32-x86_64\bin\nio.dll
Event: 1.095 Loaded shared library C:\Users\Jaywant\.vscode\extensions\redhat.java-1.41.1-win32-x64\jre\21.0.6-win32-x86_64\bin\zip.dll
Event: 1.109 Loaded shared library C:\Users\Jaywant\.vscode\extensions\redhat.java-1.41.1-win32-x64\jre\21.0.6-win32-x86_64\bin\jimage.dll
Event: 1.156 Loaded shared library c:\Users\Jaywant\.vscode\extensions\redhat.java-1.41.1-win32-x64\jre\21.0.6-win32-x86_64\bin\verify.dll
Event: 2.925 Loaded shared library C:\Users\Jaywant\AppData\Roaming\Code\User\globalStorage\redhat.java\1.41.1\config_win\org.eclipse.equinox.launcher\org.eclipse.equinox.launcher.win32.win32.x86_64_1.2.1300.v20250331-1702\eclipse_11911.dll
Event: 4.235 Loaded shared library C:\Users\Jaywant\AppData\Local\Temp\jna--151788782\jna877311190453326575.dll

Deoptimization events (20 events):
Event: 18.190 Thread 0x000001a5e4e9a640 Uncommon trap: trap_request=0xffffff45 fr.pc=0x000001a590d7e568 relative=0x0000000000000288
Event: 18.190 Thread 0x000001a5e4e9a640 Uncommon trap: reason=unstable_if action=reinterpret pc=0x000001a590d7e568 method=sun.nio.fs.WindowsPath.compareTo(Ljava/nio/file/Path;)I @ 76 c2
Event: 18.190 Thread 0x000001a5e4e9a640 DEOPT PACKING pc=0x000001a590d7e568 sp=0x0000001c68afc8e0
Event: 18.190 Thread 0x000001a5e4e9a640 DEOPT UNPACKING pc=0x000001a590623aa2 sp=0x0000001c68afc7e8 mode 2
Event: 18.256 Thread 0x000001a5e4e9a640 DEOPT PACKING pc=0x000001a589fe3955 sp=0x0000001c68afb6f0
Event: 18.256 Thread 0x000001a5e4e9a640 DEOPT UNPACKING pc=0x000001a590624242 sp=0x0000001c68afabf8 mode 0
Event: 18.298 Thread 0x000001a5e4e9a640 DEOPT PACKING pc=0x000001a589946c7b sp=0x0000001c68afc830
Event: 18.298 Thread 0x000001a5e4e9a640 DEOPT UNPACKING pc=0x000001a590624242 sp=0x0000001c68afbca0 mode 0
Event: 18.310 Thread 0x000001a5e4e9a640 Uncommon trap: trap_request=0xffffff45 fr.pc=0x000001a590fa974c relative=0x000000000000026c
Event: 18.310 Thread 0x000001a5e4e9a640 Uncommon trap: reason=unstable_if action=reinterpret pc=0x000001a590fa974c method=sun.nio.fs.WindowsPath.compareTo(Ljava/nio/file/Path;)I @ 76 c2
Event: 18.310 Thread 0x000001a5e4e9a640 DEOPT PACKING pc=0x000001a590fa974c sp=0x0000001c68afbbb0
Event: 18.310 Thread 0x000001a5e4e9a640 DEOPT UNPACKING pc=0x000001a590623aa2 sp=0x0000001c68afbb28 mode 2
Event: 21.603 Thread 0x000001a5e4e9a640 Uncommon trap: trap_request=0xffffff45 fr.pc=0x000001a590e15028 relative=0x0000000000000f48
Event: 21.603 Thread 0x000001a5e4e9a640 Uncommon trap: reason=unstable_if action=reinterpret pc=0x000001a590e15028 method=org.eclipse.core.runtime.Path.toOSString()Ljava/lang/String; @ 6 c2
Event: 21.603 Thread 0x000001a5e4e9a640 DEOPT PACKING pc=0x000001a590e15028 sp=0x0000001c68afd2b0
Event: 21.603 Thread 0x000001a5e4e9a640 DEOPT UNPACKING pc=0x000001a590623aa2 sp=0x0000001c68afd270 mode 2
Event: 21.603 Thread 0x000001a5e4e9a640 Uncommon trap: trap_request=0xffffff45 fr.pc=0x000001a590f81760 relative=0x0000000000000280
Event: 21.603 Thread 0x000001a5e4e9a640 Uncommon trap: reason=unstable_if action=reinterpret pc=0x000001a590f81760 method=java.io.WinNTFileSystem.prefixLength(Ljava/lang/String;)I @ 11 c2
Event: 21.603 Thread 0x000001a5e4e9a640 DEOPT PACKING pc=0x000001a590f81760 sp=0x0000001c68afd950
Event: 21.603 Thread 0x000001a5e4e9a640 DEOPT UNPACKING pc=0x000001a590623aa2 sp=0x0000001c68afd8e0 mode 2

Classes loaded (20 events):
Event: 13.801 Loading class java/lang/ProcessEnvironment$CheckedKeySet
Event: 13.802 Loading class java/lang/ProcessEnvironment$CheckedKeySet done
Event: 14.195 Loading class java/util/regex/Pattern$Pos
Event: 14.195 Loading class java/util/regex/Pattern$Pos done
Event: 14.225 Loading class sun/security/provider/MD5
Event: 14.229 Loading class sun/security/provider/MD5 done
Event: 14.230 Loading class sun/security/provider/ByteArrayAccess$LE
Event: 14.230 Loading class sun/security/provider/ByteArrayAccess$LE done
Event: 14.907 Loading class java/util/stream/IntPipeline$Head
Event: 14.907 Loading class java/util/stream/IntPipeline$Head done
Event: 15.176 Loading class java/util/stream/Streams$RangeIntSpliterator
Event: 15.178 Loading class java/util/stream/Streams$RangeIntSpliterator done
Event: 16.456 Loading class sun/nio/cs/ISO_8859_1$Decoder
Event: 16.457 Loading class sun/nio/cs/ISO_8859_1$Decoder done
Event: 17.118 Loading class java/util/stream/DistinctOps
Event: 17.118 Loading class java/util/stream/DistinctOps done
Event: 17.118 Loading class java/util/stream/DistinctOps$1
Event: 17.119 Loading class java/util/stream/DistinctOps$1 done
Event: 17.122 Loading class java/util/stream/DistinctOps$1$2
Event: 17.122 Loading class java/util/stream/DistinctOps$1$2 done

Classes unloaded (7 events):
Event: 4.695 Thread 0x000001a59a2849c0 Unloading class 0x000001a59c199c00 'java/lang/invoke/LambdaForm$MH+0x000001a59c199c00'
Event: 4.695 Thread 0x000001a59a2849c0 Unloading class 0x000001a59c199800 'java/lang/invoke/LambdaForm$MH+0x000001a59c199800'
Event: 4.695 Thread 0x000001a59a2849c0 Unloading class 0x000001a59c199400 'java/lang/invoke/LambdaForm$MH+0x000001a59c199400'
Event: 4.695 Thread 0x000001a59a2849c0 Unloading class 0x000001a59c199000 'java/lang/invoke/LambdaForm$MH+0x000001a59c199000'
Event: 4.695 Thread 0x000001a59a2849c0 Unloading class 0x000001a59c198c00 'java/lang/invoke/LambdaForm$BMH+0x000001a59c198c00'
Event: 4.695 Thread 0x000001a59a2849c0 Unloading class 0x000001a59c198800 'java/lang/invoke/LambdaForm$DMH+0x000001a59c198800'
Event: 4.695 Thread 0x000001a59a2849c0 Unloading class 0x000001a59c197400 'java/lang/invoke/LambdaForm$DMH+0x000001a59c197400'

Classes redefined (0 events):
No events

Internal exceptions (20 events):
Event: 14.459 Thread 0x000001a5e4e9a640 Exception <a 'sun/nio/fs/WindowsException'{0x00000000ead890e0}> (0x00000000ead890e0) 
thrown [s\src\hotspot\share\prims\jni.cpp, line 520]
Event: 14.460 Thread 0x000001a5e2a92de0 Exception <a 'sun/nio/fs/WindowsException'{0x00000000eadb3730}> (0x00000000eadb3730) 
thrown [s\src\hotspot\share\prims\jni.cpp, line 520]
Event: 14.460 Thread 0x000001a5e2a90d10 Exception <a 'sun/nio/fs/WindowsException'{0x00000000eaddf3c8}> (0x00000000eaddf3c8) 
thrown [s\src\hotspot\share\prims\jni.cpp, line 520]
Event: 14.542 Thread 0x000001a5e4e9a640 Exception <a 'sun/nio/fs/WindowsException'{0x00000000eab25198}> (0x00000000eab25198) 
thrown [s\src\hotspot\share\prims\jni.cpp, line 520]
Event: 14.542 Thread 0x000001a5e4e9a640 Exception <a 'sun/nio/fs/WindowsException'{0x00000000eab257c8}> (0x00000000eab257c8) 
thrown [s\src\hotspot\share\prims\jni.cpp, line 520]
Event: 14.908 Thread 0x000001a5e4e9a640 Exception <a 'java/lang/NoSuchMethodError'{0x00000000eaff9948}: 'void java.lang.invoke.DirectMethodHandle$Holder.invokeStatic(java.lang.Object, java.lang.Object, java.lang.Object, int)'> (0x00000000eaff9948) 
thrown [s\src\hotspot\share\interpreter\linkResolver.cpp, line 773]
Event: 15.083 Thread 0x000001a5e4e9a640 Exception <a 'java/lang/NoSuchMethodError'{0x00000000eabe8f38}: 'void java.lang.invoke.DirectMethodHandle$Holder.invokeVirtual(java.lang.Object, java.lang.Object, int)'> (0x00000000eabe8f38) 
thrown [s\src\hotspot\share\interpreter\linkResolver.cpp, line 773]
Event: 16.423 Thread 0x000001a5e4e9a640 Exception <a 'java/lang/NoSuchMethodError'{0x00000000eace47f0}: 'void java.lang.invoke.DirectMethodHandle$Holder.invokeInterface(java.lang.Object, java.lang.Object)'> (0x00000000eace47f0) 
thrown [s\src\hotspot\share\interpreter\linkResolver.cpp, line 773]
Event: 16.441 Thread 0x000001a5e569b110 Exception <a 'java/lang/NoSuchMethodError'{0x00000000eb002888}: 'void java.lang.invoke.DirectMethodHandle$Holder.invokeSpecial(java.lang.Object, java.lang.Object, java.lang.Object, java.lang.Object, java.lang.Object, java.lang.Object, java.lang.Object, java.lang.Object)'> (0x00000000eb002888) 
thrown [s\src\hotspot\share\interpreter\linkResolver.cpp, line 773]
Event: 16.477 Thread 0x000001a5e62c0400 Implicit null exception at 0x000001a5911a716b to 0x000001a5911a7590
Event: 17.128 Thread 0x000001a5e4e9a640 Exception <a 'java/lang/NoSuchMethodError'{0x00000000eaba0e78}: 'java.lang.Object java.lang.invoke.DirectMethodHandle$Holder.newInvokeSpecial(java.lang.Object, java.lang.Object, int, java.lang.Object, java.lang.Object)'> (0x00000000eaba0e78) 
thrown [s\src\hotspot\share\interpreter\linkResolver.cpp, line 773]
Event: 17.144 Thread 0x000001a5e4e9a640 Exception <a 'java/lang/NoSuchMethodError'{0x00000000eaca9f60}: 'java.lang.Object java.lang.invoke.DirectMethodHandle$Holder.invokeSpecial(java.lang.Object, java.lang.Object, java.lang.Object, int, java.lang.Object, java.lang.Object, java.lang.Object)'> (0x00000000eaca9f60) 
thrown [s\src\hotspot\share\interpreter\linkResolver.cpp, line 773]
Event: 17.229 Thread 0x000001a5e4e9a640 Exception <a 'java/lang/NoSuchMethodError'{0x00000000eac714b8}: 'java.lang.Object java.lang.invoke.DirectMethodHandle$Holder.invokeStatic(java.lang.Object, java.lang.Object, int, java.lang.Object, java.lang.Object)'> (0x00000000eac714b8) 
thrown [s\src\hotspot\share\interpreter\linkResolver.cpp, line 773]
Event: 17.230 Thread 0x000001a5e4e9a640 Exception <a 'java/lang/NoSuchMethodError'{0x00000000eac89960}: 'java.lang.Object java.lang.invoke.DirectMethodHandle$Holder.newInvokeSpecial(java.lang.Object, java.lang.Object, int)'> (0x00000000eac89960) 
thrown [s\src\hotspot\share\interpreter\linkResolver.cpp, line 773]
Event: 17.261 Thread 0x000001a5e4e9a640 Exception <a 'java/lang/NoSuchMethodError'{0x00000000ead0d7f8}: 'void java.lang.invoke.DirectMethodHandle$Holder.invokeStatic(java.lang.Object, int)'> (0x00000000ead0d7f8) 
thrown [s\src\hotspot\share\interpreter\linkResolver.cpp, line 773]
Event: 17.790 Thread 0x000001a5e4e9a640 Exception <a 'java/io/FileNotFoundException'{0x00000000eac21f98}> (0x00000000eac21f98) 
thrown [s\src\hotspot\share\prims\jni.cpp, line 520]
Event: 17.791 Thread 0x000001a5e4e9a640 Exception <a 'java/io/FileNotFoundException'{0x00000000eac23240}> (0x00000000eac23240) 
thrown [s\src\hotspot\share\prims\jni.cpp, line 520]
Event: 17.791 Thread 0x000001a5e4e9a640 Exception <a 'java/io/FileNotFoundException'{0x00000000eac24248}> (0x00000000eac24248) 
thrown [s\src\hotspot\share\prims\jni.cpp, line 520]
Event: 21.595 Thread 0x000001a5e2797110 Exception <a 'sun/nio/fs/WindowsException'{0x00000000eacc5ad8}> (0x00000000eacc5ad8) 
thrown [s\src\hotspot\share\prims\jni.cpp, line 520]
Event: 21.595 Thread 0x000001a5e2797110 Exception <a 'sun/nio/fs/WindowsException'{0x00000000eacc63b8}> (0x00000000eacc63b8) 
thrown [s\src\hotspot\share\prims\jni.cpp, line 520]

ZGC Phase Switch (0 events):
No events

VM Operations (20 events):
Event: 17.398 Executing VM operation: ParallelGCFailedAllocation (Allocation Failure) done
Event: 17.619 Executing VM operation: ParallelGCFailedAllocation (Allocation Failure)
Event: 17.765 Executing VM operation: ParallelGCFailedAllocation (Allocation Failure) done
Event: 17.872 Executing VM operation: ParallelGCFailedAllocation (Allocation Failure)
Event: 17.893 Executing VM operation: ParallelGCFailedAllocation (Allocation Failure) done
Event: 17.910 Executing VM operation: ParallelGCFailedAllocation (Allocation Failure)
Event: 17.912 Executing VM operation: ParallelGCFailedAllocation (Allocation Failure) done
Event: 17.982 Executing VM operation: ParallelGCFailedAllocation (Allocation Failure)
Event: 18.001 Executing VM operation: ParallelGCFailedAllocation (Allocation Failure) done
Event: 18.135 Executing VM operation: ParallelGCFailedAllocation (Allocation Failure)
Event: 18.138 Executing VM operation: ParallelGCFailedAllocation (Allocation Failure) done
Event: 18.326 Executing VM operation: ParallelGCFailedAllocation (Allocation Failure)
Event: 18.329 Executing VM operation: ParallelGCFailedAllocation (Allocation Failure) done
Event: 18.551 Executing VM operation: ParallelGCFailedAllocation (Allocation Failure)
Event: 21.591 Executing VM operation: ParallelGCFailedAllocation (Allocation Failure) done
Event: 21.601 Executing VM operation: ParallelGCFailedAllocation (Allocation Failure)
Event: 21.602 Executing VM operation: ParallelGCFailedAllocation (Allocation Failure) done
Event: 21.610 Executing VM operation: ParallelGCFailedAllocation (Allocation Failure)
Event: 21.611 Executing VM operation: ParallelGCFailedAllocation (Allocation Failure) done
Event: 22.618 Executing VM operation: Cleanup

Memory protections (0 events):
No events

Nmethod flushes (20 events):
Event: 14.970 Thread 0x000001a59a2849c0 flushing  nmethod 0x000001a5899d7390
Event: 14.970 Thread 0x000001a59a2849c0 flushing  nmethod 0x000001a5899dae90
Event: 14.970 Thread 0x000001a59a2849c0 flushing  nmethod 0x000001a5899db590
Event: 14.970 Thread 0x000001a59a2849c0 flushing  nmethod 0x000001a5899dc310
Event: 14.970 Thread 0x000001a59a2849c0 flushing  nmethod 0x000001a5899dde10
Event: 14.970 Thread 0x000001a59a2849c0 flushing  nmethod 0x000001a5899e9a10
Event: 14.970 Thread 0x000001a59a2849c0 flushing  nmethod 0x000001a589a11a90
Event: 14.970 Thread 0x000001a59a2849c0 flushing  nmethod 0x000001a589a2ed90
Event: 14.970 Thread 0x000001a59a2849c0 flushing  nmethod 0x000001a589a30910
Event: 14.970 Thread 0x000001a59a2849c0 flushing  nmethod 0x000001a589ae1210
Event: 14.970 Thread 0x000001a59a2849c0 flushing  nmethod 0x000001a589ae2190
Event: 14.970 Thread 0x000001a59a2849c0 flushing  nmethod 0x000001a589ae3390
Event: 14.970 Thread 0x000001a59a2849c0 flushing  nmethod 0x000001a589ae4c10
Event: 14.970 Thread 0x000001a59a2849c0 flushing  nmethod 0x000001a589ae8b10
Event: 14.970 Thread 0x000001a59a2849c0 flushing  nmethod 0x000001a589aea610
Event: 14.970 Thread 0x000001a59a2849c0 flushing  nmethod 0x000001a589aeb690
Event: 14.970 Thread 0x000001a59a2849c0 flushing  nmethod 0x000001a589aebf90
Event: 14.970 Thread 0x000001a59a2849c0 flushing  nmethod 0x000001a589afa210
Event: 14.970 Thread 0x000001a59a2849c0 flushing  nmethod 0x000001a589afa590
Event: 14.970 Thread 0x000001a59a2849c0 flushing  nmethod 0x000001a589afa910

Events (20 events):
Event: 16.439 Thread 0x000001a5e4e9a640 Thread added: 0x000001a5e62c31f0
Event: 16.439 Thread 0x000001a5e4e9a640 Thread added: 0x000001a5e62c0400
Event: 16.929 Thread 0x000001a5e62c24d0 Thread exited: 0x000001a5e62c24d0
Event: 16.929 Thread 0x000001a5e569b110 Thread exited: 0x000001a5e569b110
Event: 16.931 Thread 0x000001a5e62c31f0 Thread exited: 0x000001a5e62c31f0
Event: 16.931 Thread 0x000001a5e62c0400 Thread exited: 0x000001a5e62c0400
Event: 16.932 Thread 0x000001a5e569df00 Thread exited: 0x000001a5e569df00
Event: 17.765 Thread 0x000001a5e41e4540 Thread exited: 0x000001a5e41e4540
Event: 17.765 Thread 0x000001a5dc9e5150 Thread exited: 0x000001a5dc9e5150
Event: 17.852 Thread 0x000001a5dc7c7670 Thread added: 0x000001a5dda1a130
Event: 17.861 Thread 0x000001a5e4e9a640 Thread added: 0x000001a5e62c0a90
Event: 17.861 Thread 0x000001a5e4e9a640 Thread added: 0x000001a5e62c0400
Event: 17.862 Thread 0x000001a5e4e9a640 Thread added: 0x000001a5e62c31f0
Event: 17.862 Thread 0x000001a5e4e9a640 Thread added: 0x000001a5e62c2b60
Event: 17.867 Thread 0x000001a5e4e9a640 Thread added: 0x000001a5e62c24d0
Event: 18.110 Thread 0x000001a5e62c2b60 Thread exited: 0x000001a5e62c2b60
Event: 18.110 Thread 0x000001a5e62c0400 Thread exited: 0x000001a5e62c0400
Event: 18.110 Thread 0x000001a5e62c31f0 Thread exited: 0x000001a5e62c31f0
Event: 18.110 Thread 0x000001a5e62c24d0 Thread exited: 0x000001a5e62c24d0
Event: 18.117 Thread 0x000001a5e62c0a90 Thread exited: 0x000001a5e62c0a90


Dynamic libraries:
0x00007ff63dab0000 - 0x00007ff63dabe000 	c:\Users\Jaywant\.vscode\extensions\redhat.java-1.41.1-win32-x64\jre\21.0.6-win32-x86_64\bin\java.exe
0x00007ff9267c0000 - 0x00007ff926a26000 	C:\WINDOWS\SYSTEM32\ntdll.dll
0x00007ff925210000 - 0x00007ff9252d9000 	C:\WINDOWS\System32\KERNEL32.DLL
0x00007ff924110000 - 0x00007ff9244dc000 	C:\WINDOWS\System32\KERNELBASE.dll
0x00007ff923c00000 - 0x00007ff923d4b000 	C:\WINDOWS\System32\ucrtbase.dll
0x00007ff916650000 - 0x00007ff91666e000 	c:\Users\Jaywant\.vscode\extensions\redhat.java-1.41.1-win32-x64\jre\21.0.6-win32-x86_64\bin\VCRUNTIME140.dll
0x00007ff91d060000 - 0x00007ff91d078000 	c:\Users\Jaywant\.vscode\extensions\redhat.java-1.41.1-win32-x64\jre\21.0.6-win32-x86_64\bin\jli.dll
0x00007ff924a00000 - 0x00007ff924bca000 	C:\WINDOWS\System32\USER32.dll
0x00007ff90ccd0000 - 0x00007ff90cf6a000 	C:\WINDOWS\WinSxS\amd64_microsoft.windows.common-controls_6595b64144ccf1df_6.0.26100.3912_none_3e07963ce335137e\COMCTL32.dll
0x00007ff923a00000 - 0x00007ff923a27000 	C:\WINDOWS\System32\win32u.dll
0x00007ff9264f0000 - 0x00007ff926599000 	C:\WINDOWS\System32\msvcrt.dll
0x00007ff925d70000 - 0x00007ff925d9b000 	C:\WINDOWS\System32\GDI32.dll
0x00007ff923ac0000 - 0x00007ff923bf2000 	C:\WINDOWS\System32\gdi32full.dll
0x00007ff923950000 - 0x00007ff9239f3000 	C:\WINDOWS\System32\msvcp_win.dll
0x00007ff924610000 - 0x00007ff924640000 	C:\WINDOWS\System32\IMM32.DLL
0x00007ff920920000 - 0x00007ff92092c000 	c:\Users\Jaywant\.vscode\extensions\redhat.java-1.41.1-win32-x64\jre\21.0.6-win32-x86_64\bin\vcruntime140_1.dll
0x00007ff8f9f30000 - 0x00007ff8f9fbd000 	c:\Users\Jaywant\.vscode\extensions\redhat.java-1.41.1-win32-x64\jre\21.0.6-win32-x86_64\bin\msvcp140.dll
0x00007ff8a50e0000 - 0x00007ff8a5e70000 	c:\Users\Jaywant\.vscode\extensions\redhat.java-1.41.1-win32-x64\jre\21.0.6-win32-x86_64\bin\server\jvm.dll
0x00007ff924bd0000 - 0x00007ff924c82000 	C:\WINDOWS\System32\ADVAPI32.dll
0x00007ff9266c0000 - 0x00007ff926766000 	C:\WINDOWS\System32\sechost.dll
0x00007ff9265a0000 - 0x00007ff9266b6000 	C:\WINDOWS\System32\RPCRT4.dll
0x00007ff924980000 - 0x00007ff9249f4000 	C:\WINDOWS\System32\WS2_32.dll
0x00007ff9237c0000 - 0x00007ff92381e000 	C:\WINDOWS\SYSTEM32\POWRPROF.dll
0x00007ff91aec0000 - 0x00007ff91aef6000 	C:\WINDOWS\SYSTEM32\WINMM.dll
0x00007ff91af00000 - 0x00007ff91af0b000 	C:\WINDOWS\SYSTEM32\VERSION.dll
0x00007ff9237a0000 - 0x00007ff9237b4000 	C:\WINDOWS\SYSTEM32\UMPDC.dll
0x00007ff922710000 - 0x00007ff92272a000 	C:\WINDOWS\SYSTEM32\kernel.appcore.dll
0x00007ff910ee0000 - 0x00007ff910eea000 	c:\Users\Jaywant\.vscode\extensions\redhat.java-1.41.1-win32-x64\jre\21.0.6-win32-x86_64\bin\jimage.dll
0x00007ff917c80000 - 0x00007ff917ec1000 	C:\WINDOWS\SYSTEM32\DBGHELP.DLL
0x00007ff9259e0000 - 0x00007ff925d64000 	C:\WINDOWS\System32\combase.dll
0x00007ff925790000 - 0x00007ff925870000 	C:\WINDOWS\System32\OLEAUT32.dll
0x00007ff90f0e0000 - 0x00007ff90f119000 	C:\WINDOWS\SYSTEM32\dbgcore.DLL
0x00007ff9244e0000 - 0x00007ff924579000 	C:\WINDOWS\System32\bcryptPrimitives.dll
0x00007ff910ed0000 - 0x00007ff910edf000 	c:\Users\Jaywant\.vscode\extensions\redhat.java-1.41.1-win32-x64\jre\21.0.6-win32-x86_64\bin\instrument.dll
0x00007ff8f9f10000 - 0x00007ff8f9f2f000 	c:\Users\Jaywant\.vscode\extensions\redhat.java-1.41.1-win32-x64\jre\21.0.6-win32-x86_64\bin\java.dll
0x00007ff925da0000 - 0x00007ff9264cd000 	C:\WINDOWS\System32\SHELL32.dll
0x00007ff923ed0000 - 0x00007ff924044000 	C:\WINDOWS\System32\wintypes.dll
0x00007ff9215b0000 - 0x00007ff921e06000 	C:\WINDOWS\SYSTEM32\windows.storage.dll
0x00007ff925490000 - 0x00007ff92557f000 	C:\WINDOWS\System32\SHCORE.dll
0x00007ff9251a0000 - 0x00007ff925209000 	C:\WINDOWS\System32\shlwapi.dll
0x00007ff923860000 - 0x00007ff92388f000 	C:\WINDOWS\SYSTEM32\profapi.dll
0x00007ff8f9ef0000 - 0x00007ff8f9f08000 	c:\Users\Jaywant\.vscode\extensions\redhat.java-1.41.1-win32-x64\jre\21.0.6-win32-x86_64\bin\zip.dll
0x00007ff910760000 - 0x00007ff910770000 	C:\Users\Jaywant\.vscode\extensions\redhat.java-1.41.1-win32-x64\jre\21.0.6-win32-x86_64\bin\net.dll
0x00007ff91c270000 - 0x00007ff91c38e000 	C:\WINDOWS\SYSTEM32\WINHTTP.dll
0x00007ff922c80000 - 0x00007ff922cea000 	C:\WINDOWS\system32\mswsock.dll
0x00007ff8f79e0000 - 0x00007ff8f79f6000 	C:\Users\Jaywant\.vscode\extensions\redhat.java-1.41.1-win32-x64\jre\21.0.6-win32-x86_64\bin\nio.dll
0x00007ff910580000 - 0x00007ff910590000 	c:\Users\Jaywant\.vscode\extensions\redhat.java-1.41.1-win32-x64\jre\21.0.6-win32-x86_64\bin\verify.dll
0x00007ff8d9230000 - 0x00007ff8d9275000 	C:\Users\Jaywant\AppData\Roaming\Code\User\globalStorage\redhat.java\1.41.1\config_win\org.eclipse.equinox.launcher\org.eclipse.equinox.launcher.win32.win32.x86_64_1.2.1300.v20250331-1702\eclipse_11911.dll
0x00007ff9255e0000 - 0x00007ff92577f000 	C:\WINDOWS\System32\ole32.dll
0x00007ff922f20000 - 0x00007ff922f3c000 	C:\WINDOWS\SYSTEM32\CRYPTSP.dll
0x00007ff922650000 - 0x00007ff92268a000 	C:\WINDOWS\system32\rsaenh.dll
0x00007ff922d20000 - 0x00007ff922d4b000 	C:\WINDOWS\SYSTEM32\USERENV.dll
0x00007ff923830000 - 0x00007ff923856000 	C:\WINDOWS\SYSTEM32\bcrypt.dll
0x00007ff922f40000 - 0x00007ff922f4c000 	C:\WINDOWS\SYSTEM32\CRYPTBASE.dll
0x00007ff922100000 - 0x00007ff922133000 	C:\WINDOWS\SYSTEM32\IPHLPAPI.DLL
0x00007ff9264e0000 - 0x00007ff9264ea000 	C:\WINDOWS\System32\NSI.dll
0x00007ff903a60000 - 0x00007ff903aa9000 	C:\Users\Jaywant\AppData\Local\Temp\jna--151788782\jna877311190453326575.dll
0x00007ff925450000 - 0x00007ff925458000 	C:\WINDOWS\System32\PSAPI.DLL
0x00007ff91b700000 - 0x00007ff91b71f000 	C:\WINDOWS\SYSTEM32\dhcpcsvc6.DLL
0x00007ff91b6d0000 - 0x00007ff91b6f5000 	C:\WINDOWS\SYSTEM32\dhcpcsvc.DLL

dbghelp: loaded successfully - version: 4.0.5 - missing functions: none
symbol engine: initialized successfully - sym options: 0x614 - pdb path: .;c:\Users\Jaywant\.vscode\extensions\redhat.java-1.41.1-win32-x64\jre\21.0.6-win32-x86_64\bin;C:\WINDOWS\SYSTEM32;C:\WINDOWS\WinSxS\amd64_microsoft.windows.common-controls_6595b64144ccf1df_6.0.26100.3912_none_3e07963ce335137e;c:\Users\Jaywant\.vscode\extensions\redhat.java-1.41.1-win32-x64\jre\21.0.6-win32-x86_64\bin\server;C:\Users\Jaywant\AppData\Roaming\Code\User\globalStorage\redhat.java\1.41.1\config_win\org.eclipse.equinox.launcher\org.eclipse.equinox.launcher.win32.win32.x86_64_1.2.1300.v20250331-1702;C:\Users\Jaywant\AppData\Local\Temp\jna--151788782

VM Arguments:
jvm_args: --add-modules=ALL-SYSTEM --add-opens=java.base/java.util=ALL-UNNAMED --add-opens=java.base/java.lang=ALL-UNNAMED --add-opens=java.base/sun.nio.fs=ALL-UNNAMED -Declipse.application=org.eclipse.jdt.ls.core.id1 -Dosgi.bundles.defaultStartLevel=4 -Declipse.product=org.eclipse.jdt.ls.core.product -Djava.import.generatesMetadataFilesAtProjectRoot=false -DDetectVMInstallationsJob.disabled=true -Dfile.encoding=utf8 -XX:+UseParallelGC -XX:GCTimeRatio=4 -XX:AdaptiveSizePolicyWeight=90 -Dsun.zip.disableMemoryMapping=true -Xmx1G -Xms100m -Xlog:disable -javaagent:c:\Users\Jaywant\.vscode\extensions\redhat.java-1.41.1-win32-x64\lombok\lombok-1.18.36.jar -XX:+HeapDumpOnOutOfMemoryError -XX:HeapDumpPath=c:\Users\Jaywant\AppData\Roaming\Code\User\workspaceStorage\cc623adeb21d3940532c846187689d28\redhat.java -Daether.dependencyCollector.impl=bf 
java_command: c:\Users\Jaywant\.vscode\extensions\redhat.java-1.41.1-win32-x64\server\plugins\org.eclipse.equinox.launcher_1.7.0.v20250331-1702.jar -configuration c:\Users\Jaywant\AppData\Roaming\Code\User\globalStorage\redhat.java\1.41.1\config_win -data c:\Users\Jaywant\AppData\Roaming\Code\User\workspaceStorage\cc623adeb21d3940532c846187689d28\redhat.java\jdt_ws --pipe=\\.\pipe\lsp-0f630f2b89aa001cc3a59e18e429d1d9-sock
java_class_path (initial): c:\Users\Jaywant\.vscode\extensions\redhat.java-1.41.1-win32-x64\server\plugins\org.eclipse.equinox.launcher_1.7.0.v20250331-1702.jar
Launcher Type: SUN_STANDARD

[Global flags]
    uintx AdaptiveSizePolicyWeight                 = 90                                        {product} {command line}
     intx CICompilerCount                          = 4                                         {product} {ergonomic}
    uintx GCTimeRatio                              = 4                                         {product} {command line}
     bool HeapDumpOnOutOfMemoryError               = true                                   {manageable} {command line}
    ccstr HeapDumpPath                             = c:\Users\Jaywant\AppData\Roaming\Code\User\workspaceStorage\cc623adeb21d3940532c846187689d28\redhat.java         {manageable} {command line}
   size_t InitialHeapSize                          = 104857600                                 {product} {command line}
   size_t MaxHeapSize                              = 1073741824                                {product} {command line}
   size_t MaxNewSize                               = 357564416                                 {product} {ergonomic}
   size_t MinHeapDeltaBytes                        = 524288                                    {product} {ergonomic}
   size_t MinHeapSize                              = 104857600                                 {product} {command line}
   size_t NewSize                                  = 34603008                                  {product} {ergonomic}
    uintx NonNMethodCodeHeapSize                   = 5839372                                {pd product} {ergonomic}
    uintx NonProfiledCodeHeapSize                  = 122909434                              {pd product} {ergonomic}
   size_t OldSize                                  = 70254592                                  {product} {ergonomic}
    uintx ProfiledCodeHeapSize                     = 122909434                              {pd product} {ergonomic}
    uintx ReservedCodeCacheSize                    = 251658240                              {pd product} {ergonomic}
     bool SegmentedCodeCache                       = true                                      {product} {ergonomic}
   size_t SoftMaxHeapSize                          = 1073741824                             {manageable} {ergonomic}
     bool UseCompressedOops                        = true                           {product lp64_product} {ergonomic}
     bool UseLargePagesIndividualAllocation        = false                                  {pd product} {ergonomic}
     bool UseParallelGC                            = true                                      {product} {command line}

Logging:
Log output configuration:
 #0: stdout all=off uptime,level,tags foldmultilines=false
 #1: stderr all=off uptime,level,tags foldmultilines=false

Environment Variables:
JAVA_HOME=C:\Program Files\Java\jdk-21\
PATH=c:\Users\Jaywant\AppData\Local\Programs\cursor\resources\app\bin;C:\Program Files\Microsoft\jdk-17.0.14.7-hotspot\bin;C:\Program Files\Common Files\Oracle\Java\javapath;C:\WINDOWS\system32;C:\WINDOWS;C:\WINDOWS\System32\Wbem;C:\WINDOWS\System32\WindowsPowerShell\v1.0\;C:\WINDOWS\System32\OpenSSH\;C:\Program Files\nodejs;C:\Program Files\nodejs\;C:\Program Files\MySQL\MySQL Server 8.0\bin;C:\Program Files\Git\cmd;C:\Program Files\Git\bin;C:\Program Files\apache-maven-3.9.9\bin;C:\Program Files\Java\jdk-17\bin;C:\Program Files\Java\jdk-21\bin;C:\Program Files\Git LFS;C:\ProgramData\chocolatey\bin;C:\Users\Jaywant\AppData\Local\Programs\Python\Python313\Scripts\;C:\Users\Jaywant\AppData\Local\Programs\Python\Python313\;C:\Users\Jaywant\AppData\Local\Programs\Python\Launcher\;C:\Program Files\MySQL\MySQL Shell 8.0\bin\;C:\Users\Jaywant\AppData\Local\Microsoft\WindowsApps;C:\Users\Jaywant\AppData\Roaming\npm;C:\Users\Jaywant\AppData\Local\GitHubDesktop\bin;c:\Users\Jaywant\AppData\Local\Programs\cursor\resources\a;C:\platform-tools;C:\Users\Jaywant\AppData\Local\Android\Sdk\platform-tools;C:\Users\Jaywant\AppData\Local\Android\Sdk\emulator;C:\Program Files\dotnet\;C:\Users\Jaywant\AppData\Local\Android\Sdk\platform-tools;C:\Users\Jaywant\AppData\Local\Android\Sdk\tools;C:\Users\Jaywant\AppData\Local\Android\Sdk\platform-tools;C:\Users\Jaywant\AppData\Local\Android\Sdk\tools;C:\Users\Jaywant\AppData\Local\Programs\Python\Python313\Scripts\;C:\Users\Jaywant\AppData\Local\Programs\Python\Python313\;C:\Users\Jaywant\AppData\Local\Programs\Python\Launcher\;C:\Program Files\MySQL\MySQL Shell 8.0\bin\;C:\Users\Jaywant\AppData\Local\Microsoft\WindowsApps;C:\Users\Jaywant\AppData\Roaming\npm;C:\Users\Jaywant\AppData\Local\Programs\Microsoft VS Code\bin;C:\Users\Jaywant\AppData\Local\GitHubDesktop\bin;C:\Users\Jaywant\AppData\Local\Programs\cursor\resources\app\bin
USERNAME=Jaywant
OS=Windows_NT
PROCESSOR_IDENTIFIER=AMD64 Family 25 Model 80 Stepping 0, AuthenticAMD
TMP=C:\Users\Jaywant\AppData\Local\Temp
TEMP=C:\Users\Jaywant\AppData\Local\Temp




Periodic native trim disabled

---------------  S Y S T E M  ---------------

OS:
 Windows 11 , 64 bit Build 26100 (10.0.26100.3912)
OS uptime: 0 days 1:15 hours
Hyper-V role detected

CPU: total 12 (initial active 12) (12 cores per cpu, 2 threads per core) family 25 model 80 stepping 0 microcode 0xa500011, cx8, cmov, fxsr, ht, mmx, 3dnowpref, sse, sse2, sse3, ssse3, sse4a, sse4.1, sse4.2, popcnt, lzcnt, tsc, tscinvbit, avx, avx2, aes, erms, clmul, bmi1, bmi2, adx, sha, fma, vzeroupper, clflush, clflushopt, hv, rdtscp, rdpid, fsrm, f16c, cet_ss
Processor Information for processor 0
  Max Mhz: 3301, Current Mhz: 2785, Mhz Limit: 2772
Processor Information for processor 1
  Max Mhz: 3301, Current Mhz: 2785, Mhz Limit: 2772
Processor Information for processor 2
  Max Mhz: 3301, Current Mhz: 3301, Mhz Limit: 3301
Processor Information for processor 3
  Max Mhz: 3301, Current Mhz: 2630, Mhz Limit: 3301
Processor Information for processor 4
  Max Mhz: 3301, Current Mhz: 3301, Mhz Limit: 3301
Processor Information for processor 5
  Max Mhz: 3301, Current Mhz: 3301, Mhz Limit: 3301
Processor Information for processor 6
  Max Mhz: 3301, Current Mhz: 2630, Mhz Limit: 3301
Processor Information for processor 7
  Max Mhz: 3301, Current Mhz: 3301, Mhz Limit: 3301
Processor Information for processor 8
  Max Mhz: 3301, Current Mhz: 3301, Mhz Limit: 3301
Processor Information for processor 9
  Max Mhz: 3301, Current Mhz: 2630, Mhz Limit: 3301
Processor Information for processor 10
  Max Mhz: 3301, Current Mhz: 3301, Mhz Limit: 3301
Processor Information for processor 11
  Max Mhz: 3301, Current Mhz: 2630, Mhz Limit: 3301

Memory: 4k page, system-wide physical 7521M (818M free)
TotalPageFile size 31073M (AvailPageFile size 1M)
current process WorkingSet (physical memory assigned to process): 461M, peak: 476M
current process commit charge ("private bytes"): 464M, peak: 465M

vm_info: OpenJDK 64-Bit Server VM (21.0.6+7-LTS) for windows-amd64 JRE (21.0.6+7-LTS), built on 2025-01-21T00:00:00Z by "admin" with MS VC++ 17.7 (VS2022)

END.
