#
# There is insufficient memory for the Java Runtime Environment to continue.
# Native memory allocation (malloc) failed to allocate 1221984 bytes. Error detail: Chunk::new
# Possible reasons:
#   The system is out of physical RAM or swap space
#   This process is running with CompressedOops enabled, and the Java Heap may be blocking the growth of the native heap
# Possible solutions:
#   Reduce memory load on the system
#   Increase physical memory or swap space
#   Check if swap backing store is full
#   Decrease Java heap size (-Xmx/-Xms)
#   Decrease number of Java threads
#   Decrease Java thread stack sizes (-Xss)
#   Set larger code cache with -XX:ReservedCodeCacheSize=
#   JVM is running with Unscaled Compressed Oops mode in which the Java heap is
#     placed in the first 4GB address space. The Java Heap base address is the
#     maximum limit for the native heap growth. Please use -XX:HeapBaseMinAddress
#     to set the Java Heap base and to place the Java Heap above 4GB virtual address.
# This output file may be truncated or incomplete.
#
#  Out of Memory Error (arena.cpp:168), pid=26276, tid=21384
#
# JRE version: OpenJDK Runtime Environment Temurin-21.0.6+7 (21.0.6+7) (build 21.0.6+7-LTS)
# Java VM: OpenJDK 64-Bit Server VM Temurin-21.0.6+7 (21.0.6+7-LTS, mixed mode, sharing, tiered, compressed oops, compressed class ptrs, parallel gc, windows-amd64)
# No core dump will be written. Minidumps are not enabled by default on client versions of Windows
#

---------------  S U M M A R Y ------------

Command Line: --add-modules=ALL-SYSTEM --add-opens=java.base/java.util=ALL-UNNAMED --add-opens=java.base/java.lang=ALL-UNNAMED --add-opens=java.base/sun.nio.fs=ALL-UNNAMED -Declipse.application=org.eclipse.jdt.ls.core.id1 -Dosgi.bundles.defaultStartLevel=4 -Declipse.product=org.eclipse.jdt.ls.core.product -Djava.import.generatesMetadataFilesAtProjectRoot=false -DDetectVMInstallationsJob.disabled=true -Dfile.encoding=utf8 -XX:+UseParallelGC -XX:GCTimeRatio=4 -XX:AdaptiveSizePolicyWeight=90 -Dsun.zip.disableMemoryMapping=true -Xmx1G -Xms100m -Xlog:disable -javaagent:c:\Users\Jaywant\.cursor\extensions\redhat.java-1.41.1-win32-x64\lombok\lombok-1.18.36.jar -XX:+HeapDumpOnOutOfMemoryError -XX:HeapDumpPath=c:\Users\Jaywant\AppData\Roaming\Cursor\User\workspaceStorage\cc623adeb21d3940532c846187689d28\redhat.java -Daether.dependencyCollector.impl=bf c:\Users\Jaywant\.cursor\extensions\redhat.java-1.41.1-win32-x64\server\plugins\org.eclipse.equinox.launcher_1.7.0.v20250331-1702.jar -configuration c:\Users\Jaywant\AppData\Roaming\Cursor\User\globalStorage\redhat.java\1.41.1\config_win -data c:\Users\Jaywant\AppData\Roaming\Cursor\User\workspaceStorage\cc623adeb21d3940532c846187689d28\redhat.java\jdt_ws --pipe=\\.\pipe\lsp-b8e0527fdbb352c68b79866d9a2efefd-sock

Host: AMD Ryzen 5 5600H with Radeon Graphics         , 12 cores, 7G,  Windows 11 , 64 bit Build 26100 (10.0.26100.3912)
Time: Wed May  7 13:02:44 2025 India Standard Time elapsed time: 9.421473 seconds (0d 0h 0m 9s)

---------------  T H R E A D  ---------------

Current thread (0x00000228d68bbf40):  JavaThread "C2 CompilerThread0" daemon [_thread_in_native, id=21384, stack(0x0000002bb2b00000,0x0000002bb2c00000) (1024K)]


Current CompileTask:
C2:9421 7213   !   4       org.eclipse.osgi.internal.loader.BundleLoader::findLocalClass (166 bytes)

Stack: [0x0000002bb2b00000,0x0000002bb2c00000]
Native frames: (J=compiled Java code, j=interpreted, Vv=VM code, C=native code)
V  [jvm.dll+0x6cdee9]
V  [jvm.dll+0x8a83d1]
V  [jvm.dll+0x8aa8fe]
V  [jvm.dll+0x8aafe3]
V  [jvm.dll+0x27f706]
V  [jvm.dll+0xc500d]
V  [jvm.dll+0xc5543]
V  [jvm.dll+0x3b678c]
V  [jvm.dll+0x382935]
V  [jvm.dll+0x381d9a]
V  [jvm.dll+0x2479f0]
V  [jvm.dll+0x246fcf]
V  [jvm.dll+0x1c75ee]
V  [jvm.dll+0x25685a]
V  [jvm.dll+0x254dfa]
V  [jvm.dll+0x3f0256]
V  [jvm.dll+0x851f8b]
V  [jvm.dll+0x6cc5ed]
C  [ucrtbase.dll+0x37b0]
C  [KERNEL32.DLL+0x2e8d7]
C  [ntdll.dll+0x9c5dc]


---------------  P R O C E S S  ---------------

Threads class SMR info:
_java_thread_list=0x00000228de613330, length=45, elements={
0x00000228fe1f1b80, 0x00000228943197b0, 0x00000228fe29dee0, 0x00000228d68b4dc0,
0x00000228d68b5450, 0x00000228d68b2cf0, 0x00000228d68b3380, 0x00000228d68bbf40,
0x00000228d68c76a0, 0x00000228d68b2660, 0x00000228d68b3a10, 0x00000228d68b1fd0,
0x00000228d68b40a0, 0x00000228dc89cde0, 0x00000228dc89c750, 0x00000228dc89d470,
0x00000228dc89db00, 0x00000228dc89ad10, 0x00000228dc89e820, 0x00000228dc89e190,
0x00000228dc89c0c0, 0x00000228dd9fb5b0, 0x00000228dc89b3a0, 0x00000228dc89ba30,
0x00000228dc89fbd0, 0x00000228dc8a1610, 0x00000228dc89f540, 0x00000228dc8a0260,
0x00000228dc8a08f0, 0x00000228dc8a0f80, 0x00000228dc8a1ca0, 0x00000228dc8a2330,
0x00000228ddf254c0, 0x00000228ddf23a80, 0x00000228ddf233f0, 0x00000228ddf22040,
0x00000228ddf24110, 0x00000228ddf247a0, 0x00000228ddf226d0, 0x00000228ddf22d60,
0x00000228ddf24e30, 0x00000228dee32d00, 0x00000228dee33a20, 0x00000228dee33390,
0x00000228dee34dd0
}

Java Threads: ( => current thread )
  0x00000228fe1f1b80 JavaThread "main"                              [_thread_blocked, id=26340, stack(0x0000002bb2100000,0x0000002bb2200000) (1024K)]
  0x00000228943197b0 JavaThread "Reference Handler"          daemon [_thread_blocked, id=22132, stack(0x0000002bb2500000,0x0000002bb2600000) (1024K)]
  0x00000228fe29dee0 JavaThread "Finalizer"                  daemon [_thread_blocked, id=11720, stack(0x0000002bb2600000,0x0000002bb2700000) (1024K)]
  0x00000228d68b4dc0 JavaThread "Signal Dispatcher"          daemon [_thread_blocked, id=23632, stack(0x0000002bb2700000,0x0000002bb2800000) (1024K)]
  0x00000228d68b5450 JavaThread "Attach Listener"            daemon [_thread_blocked, id=26400, stack(0x0000002bb2800000,0x0000002bb2900000) (1024K)]
  0x00000228d68b2cf0 JavaThread "Service Thread"             daemon [_thread_blocked, id=26416, stack(0x0000002bb2900000,0x0000002bb2a00000) (1024K)]
  0x00000228d68b3380 JavaThread "Monitor Deflation Thread"   daemon [_thread_blocked, id=24796, stack(0x0000002bb2a00000,0x0000002bb2b00000) (1024K)]
=>0x00000228d68bbf40 JavaThread "C2 CompilerThread0"         daemon [_thread_in_native, id=21384, stack(0x0000002bb2b00000,0x0000002bb2c00000) (1024K)]
  0x00000228d68c76a0 JavaThread "C1 CompilerThread0"         daemon [_thread_in_native, id=11864, stack(0x0000002bb2c00000,0x0000002bb2d00000) (1024K)]
  0x00000228d68b2660 JavaThread "Common-Cleaner"             daemon [_thread_blocked, id=10904, stack(0x0000002bb2d00000,0x0000002bb2e00000) (1024K)]
  0x00000228d68b3a10 JavaThread "Notification Thread"        daemon [_thread_blocked, id=26248, stack(0x0000002bb3000000,0x0000002bb3100000) (1024K)]
  0x00000228d68b1fd0 JavaThread "Active Thread: Equinox Container: b43cdf1a-e5f5-4312-87f8-1454a065eacd"        [_thread_blocked, id=25980, stack(0x0000002bb3700000,0x0000002bb3800000) (1024K)]
  0x00000228d68b40a0 JavaThread "Refresh Thread: Equinox Container: b43cdf1a-e5f5-4312-87f8-1454a065eacd" daemon [_thread_blocked, id=7412, stack(0x0000002bb3800000,0x0000002bb3900000) (1024K)]
  0x00000228dc89cde0 JavaThread "Framework Event Dispatcher: Equinox Container: b43cdf1a-e5f5-4312-87f8-1454a065eacd" daemon [_thread_blocked, id=13284, stack(0x0000002bb3a00000,0x0000002bb3b00000) (1024K)]
  0x00000228dc89c750 JavaThread "Start Level: Equinox Container: b43cdf1a-e5f5-4312-87f8-1454a065eacd" daemon [_thread_blocked, id=7436, stack(0x0000002bb3b00000,0x0000002bb3c00000) (1024K)]
  0x00000228dc89d470 JavaThread "Bundle File Closer"         daemon [_thread_blocked, id=25972, stack(0x0000002bb3c00000,0x0000002bb3d00000) (1024K)]
  0x00000228dc89db00 JavaThread "SCR Component Actor"        daemon [_thread_blocked, id=11288, stack(0x0000002bb3f00000,0x0000002bb4000000) (1024K)]
  0x00000228dc89ad10 JavaThread "SCR Component Registry"     daemon [_thread_blocked, id=11960, stack(0x0000002bb2f00000,0x0000002bb3000000) (1024K)]
  0x00000228dc89e820 JavaThread "Worker-JM"                         [_thread_blocked, id=19944, stack(0x0000002bb4000000,0x0000002bb4100000) (1024K)]
  0x00000228dc89e190 JavaThread "Worker-0"                          [_thread_blocked, id=19700, stack(0x0000002bb4100000,0x0000002bb4200000) (1024K)]
  0x00000228dc89c0c0 JavaThread "Worker-1"                          [_thread_blocked, id=26120, stack(0x0000002bb4200000,0x0000002bb4300000) (1024K)]
  0x00000228dd9fb5b0 JavaThread "C2 CompilerThread1"         daemon [_thread_in_native, id=12112, stack(0x0000002bb2e00000,0x0000002bb2f00000) (1024K)]
  0x00000228dc89b3a0 JavaThread "Java indexing"              daemon [_thread_blocked, id=5408, stack(0x0000002bb4300000,0x0000002bb4400000) (1024K)]
  0x00000228dc89ba30 JavaThread "Worker-2"                          [_thread_blocked, id=8088, stack(0x0000002bb4400000,0x0000002bb4500000) (1024K)]
  0x00000228dc89fbd0 JavaThread "JNA Cleaner"                daemon [_thread_blocked, id=19844, stack(0x0000002bb4500000,0x0000002bb4600000) (1024K)]
  0x00000228dc8a1610 JavaThread "Worker-3: Initialize Workspace"        [_thread_in_Java, id=21584, stack(0x0000002bb4800000,0x0000002bb4900000) (1024K)]
  0x00000228dc89f540 JavaThread "Worker-4"                          [_thread_blocked, id=22020, stack(0x0000002bb4900000,0x0000002bb4a00000) (1024K)]
  0x00000228dc8a0260 JavaThread "Worker-5"                          [_thread_blocked, id=24908, stack(0x0000002bb4a00000,0x0000002bb4b00000) (1024K)]
  0x00000228dc8a08f0 JavaThread "Thread-2"                   daemon [_thread_in_native, id=23952, stack(0x0000002bb4b00000,0x0000002bb4c00000) (1024K)]
  0x00000228dc8a0f80 JavaThread "Thread-3"                   daemon [_thread_in_native, id=6272, stack(0x0000002bb4c00000,0x0000002bb4d00000) (1024K)]
  0x00000228dc8a1ca0 JavaThread "Thread-4"                   daemon [_thread_in_native, id=7256, stack(0x0000002bb4d00000,0x0000002bb4e00000) (1024K)]
  0x00000228dc8a2330 JavaThread "Thread-5"                   daemon [_thread_in_native, id=14288, stack(0x0000002bb4e00000,0x0000002bb4f00000) (1024K)]
  0x00000228ddf254c0 JavaThread "Thread-6"                   daemon [_thread_in_native, id=25100, stack(0x0000002bb4f00000,0x0000002bb5000000) (1024K)]
  0x00000228ddf23a80 JavaThread "Thread-7"                   daemon [_thread_in_native, id=23564, stack(0x0000002bb5000000,0x0000002bb5100000) (1024K)]
  0x00000228ddf233f0 JavaThread "Thread-8"                   daemon [_thread_in_native, id=26212, stack(0x0000002bb5100000,0x0000002bb5200000) (1024K)]
  0x00000228ddf22040 JavaThread "Thread-9"                   daemon [_thread_in_native, id=15088, stack(0x0000002bb5200000,0x0000002bb5300000) (1024K)]
  0x00000228ddf24110 JavaThread "Thread-10"                  daemon [_thread_in_native, id=26452, stack(0x0000002bb5300000,0x0000002bb5400000) (1024K)]
  0x00000228ddf247a0 JavaThread "Thread-11"                  daemon [_thread_in_native, id=23248, stack(0x0000002bb5400000,0x0000002bb5500000) (1024K)]
  0x00000228ddf226d0 JavaThread "Thread-12"                  daemon [_thread_in_native, id=17476, stack(0x0000002bb5500000,0x0000002bb5600000) (1024K)]
  0x00000228ddf22d60 JavaThread "Thread-13"                  daemon [_thread_in_native, id=18708, stack(0x0000002bb5600000,0x0000002bb5700000) (1024K)]
  0x00000228ddf24e30 JavaThread "Thread-14"                  daemon [_thread_in_native, id=22256, stack(0x0000002bb5700000,0x0000002bb5800000) (1024K)]
  0x00000228dee32d00 JavaThread "pool-2-thread-1"                   [_thread_blocked, id=19268, stack(0x0000002bb5800000,0x0000002bb5900000) (1024K)]
  0x00000228dee33a20 JavaThread "WorkspaceEventsHandler"            [_thread_blocked, id=26288, stack(0x0000002bb5a00000,0x0000002bb5b00000) (1024K)]
  0x00000228dee33390 JavaThread "pool-1-thread-1"                   [_thread_blocked, id=23124, stack(0x0000002bb5b00000,0x0000002bb5c00000) (1024K)]
  0x00000228dee34dd0 JavaThread "Keep-Alive-Timer"           daemon [_thread_blocked, id=7220, stack(0x0000002bb5c00000,0x0000002bb5d00000) (1024K)]
Total: 45

Other Threads:
  0x00000228fbcbe0a0 VMThread "VM Thread"                           [id=3772, stack(0x0000002bb2400000,0x0000002bb2500000) (1024K)]
  0x000002289420ca00 WatcherThread "VM Periodic Task Thread"        [id=16124, stack(0x0000002bb2300000,0x0000002bb2400000) (1024K)]
  0x00000228fbcbe440 WorkerThread "GC Thread#0"                     [id=26516, stack(0x0000002bb2200000,0x0000002bb2300000) (1024K)]
  0x00000228dc5b98a0 WorkerThread "GC Thread#1"                     [id=22216, stack(0x0000002bb3100000,0x0000002bb3200000) (1024K)]
  0x00000228dc5b7ba0 WorkerThread "GC Thread#2"                     [id=21924, stack(0x0000002bb3200000,0x0000002bb3300000) (1024K)]
  0x00000228dc5b7800 WorkerThread "GC Thread#3"                     [id=24292, stack(0x0000002bb3300000,0x0000002bb3400000) (1024K)]
  0x00000228dc5b7f40 WorkerThread "GC Thread#4"                     [id=5560, stack(0x0000002bb3400000,0x0000002bb3500000) (1024K)]
  0x00000228dc5b82e0 WorkerThread "GC Thread#5"                     [id=25708, stack(0x0000002bb3500000,0x0000002bb3600000) (1024K)]
  0x00000228dc5b6980 WorkerThread "GC Thread#6"                     [id=21776, stack(0x0000002bb3600000,0x0000002bb3700000) (1024K)]
  0x00000228dc5b8dc0 WorkerThread "GC Thread#7"                     [id=7404, stack(0x0000002bb3900000,0x0000002bb3a00000) (1024K)]
  0x00000228dc5b9c40 WorkerThread "GC Thread#8"                     [id=25948, stack(0x0000002bb3d00000,0x0000002bb3e00000) (1024K)]
  0x00000228dc5b65e0 WorkerThread "GC Thread#9"                     [id=8712, stack(0x0000002bb3e00000,0x0000002bb3f00000) (1024K)]
Total: 12

Threads with active compile tasks:
C2 CompilerThread0  9450 7213   !   4       org.eclipse.osgi.internal.loader.BundleLoader::findLocalClass (166 bytes)
C2 CompilerThread1  9451 7346       4       org.apache.maven.model.io.xpp3.MavenXpp3ReaderEx::checkFieldWithDuplicate (75 bytes)
Total: 2

VM state: not at safepoint (normal execution)

VM Mutex/Monitor currently owned by a thread: None

Heap address: 0x00000000c0000000, size: 1024 MB, Compressed Oops mode: 32-bit

CDS archive(s) mapped at: [0x0000022895000000-0x0000022895ba0000-0x0000022895ba0000), size 12189696, SharedBaseAddress: 0x0000022895000000, ArchiveRelocationMode: 1.
Compressed class space mapped at: 0x0000022896000000-0x00000228d6000000, reserved size: 1073741824
Narrow klass base: 0x0000022895000000, Narrow klass shift: 0, Narrow klass range: 0x100000000

GC Precious Log:
 CardTable entry size: 512
 CPUs: 12 total, 12 available
 Memory: 7521M
 Large Page Support: Disabled
 NUMA Support: Disabled
 Compressed Oops: Enabled (32-bit)
 Alignments: Space 512K, Generation 512K, Heap 2M
 Heap Min Capacity: 100M
 Heap Initial Capacity: 100M
 Heap Max Capacity: 1G
 Pre-touch: Disabled
 Parallel Workers: 10

Heap:
 PSYoungGen      total 23040K, used 19480K [0x00000000eab00000, 0x00000000ec400000, 0x0000000100000000)
  eden space 22016K, 83% used [0x00000000eab00000,0x00000000ebd0e0a8,0x00000000ec080000)
  from space 1024K, 96% used [0x00000000ec300000,0x00000000ec3f8000,0x00000000ec400000)
  to   space 1536K, 0% used [0x00000000ec100000,0x00000000ec100000,0x00000000ec280000)
 ParOldGen       total 68608K, used 25061K [0x00000000c0000000, 0x00000000c4300000, 0x00000000eab00000)
  object space 68608K, 36% used [0x00000000c0000000,0x00000000c18796a0,0x00000000c4300000)
 Metaspace       used 51990K, committed 53184K, reserved 1114112K
  class space    used 5559K, committed 6080K, reserved 1048576K

Card table byte_map: [0x00000228fdb80000,0x00000228fdd90000] _byte_map_base: 0x00000228fd580000

Marking Bits: (ParMarkBitMap*) 0x00007ff883433260
 Begin Bits: [0x0000022892130000, 0x0000022893130000)
 End Bits:   [0x0000022893130000, 0x0000022894130000)

Polling page: 0x00000228fd8b0000

Metaspace:

Usage:
  Non-class:     45.34 MB used.
      Class:      5.43 MB used.
       Both:     50.77 MB used.

Virtual space:
  Non-class space:       64.00 MB reserved,      46.00 MB ( 72%) committed,  1 nodes.
      Class space:        1.00 GB reserved,       5.94 MB ( <1%) committed,  1 nodes.
             Both:        1.06 GB reserved,      51.94 MB (  5%) committed. 

Chunk freelists:
   Non-Class:  1.39 MB
       Class:  9.94 MB
        Both:  11.33 MB

MaxMetaspaceSize: unlimited
CompressedClassSpaceSize: 1.00 GB
Initial GC threshold: 21.00 MB
Current GC threshold: 58.38 MB
CDS: on
 - commit_granule_bytes: 65536.
 - commit_granule_words: 8192.
 - virtual_space_node_default_size: 8388608.
 - enlarge_chunks_in_place: 1.
 - use_allocation_guard: 0.


Internal statistics:

num_allocs_failed_limit: 6.
num_arena_births: 790.
num_arena_deaths: 14.
num_vsnodes_births: 2.
num_vsnodes_deaths: 0.
num_space_committed: 831.
num_space_uncommitted: 0.
num_chunks_returned_to_freelist: 20.
num_chunks_taken_from_freelist: 2904.
num_chunk_merges: 12.
num_chunk_splits: 1822.
num_chunks_enlarged: 1071.
num_inconsistent_stats: 0.

CodeHeap 'non-profiled nmethods': size=120000Kb used=3148Kb max_used=3148Kb free=116851Kb
 bounds [0x000002288ac00000, 0x000002288af20000, 0x0000022892130000]
CodeHeap 'profiled nmethods': size=120000Kb used=14401Kb max_used=14401Kb free=105598Kb
 bounds [0x0000022883130000, 0x0000022883f50000, 0x000002288a660000]
CodeHeap 'non-nmethods': size=5760Kb used=1403Kb max_used=1466Kb free=4357Kb
 bounds [0x000002288a660000, 0x000002288a8d0000, 0x000002288ac00000]
 total_blobs=7507 nmethods=6803 adapters=610
 compilation: enabled
              stopped_count=0, restarted_count=0
 full_count=0

Compilation events (20 events):
Event: 8.414 Thread 0x00000228d68c76a0 nmethod 7339 0x0000022883f17c10 code [0x0000022883f17dc0, 0x0000022883f17f98]
Event: 8.414 Thread 0x00000228d68c76a0 7340       1       org.apache.maven.model.Profile::getActivation (5 bytes)
Event: 8.414 Thread 0x00000228d68c76a0 nmethod 7340 0x000002288af0f990 code [0x000002288af0fb20, 0x000002288af0fbe8]
Event: 8.414 Thread 0x00000228d68c76a0 7341       3       java.util.TreeMap$KeySet::iterator (32 bytes)
Event: 8.414 Thread 0x00000228d68c76a0 nmethod 7341 0x0000022883f18090 code [0x0000022883f182a0, 0x0000022883f18a00]
Event: 8.414 Thread 0x00000228d68c76a0 7343       3       org.eclipse.sisu.inject.LocatedBeans$Itr::<init> (57 bytes)
Event: 8.415 Thread 0x00000228d68c76a0 nmethod 7343 0x0000022883f18c10 code [0x0000022883f18e00, 0x0000022883f193d0]
Event: 8.415 Thread 0x00000228d68c76a0 7342       3       java.util.TreeMap::keyIterator (13 bytes)
Event: 8.415 Thread 0x00000228d68c76a0 nmethod 7342 0x0000022883f19690 code [0x0000022883f19860, 0x0000022883f19c60]
Event: 8.417 Thread 0x00000228dd9fb5b0 nmethod 7221 0x000002288af0fc90 code [0x000002288af0fe40, 0x000002288af10160]
Event: 8.417 Thread 0x00000228dd9fb5b0 7224       4       java.lang.ClassLoader::getDefinedPackage (36 bytes)
Event: 8.417 Thread 0x00000228d68c76a0 7344       3       java.io.File::getName (42 bytes)
Event: 8.417 Thread 0x00000228d68c76a0 nmethod 7344 0x0000022883f19e10 code [0x0000022883f1a060, 0x0000022883f1a870]
Event: 8.417 Thread 0x00000228d68c76a0 7345       3       org.eclipse.m2e.core.internal.embedder.FilterRepositorySystemSession::getSession (5 bytes)
Event: 8.417 Thread 0x00000228d68c76a0 nmethod 7345 0x0000022883f1ac10 code [0x0000022883f1ada0, 0x0000022883f1aed8]
Event: 8.418 Thread 0x00000228d68c76a0 7347       3       org.apache.maven.model.ModelBase::addProperty (11 bytes)
Event: 8.418 Thread 0x00000228d68c76a0 nmethod 7347 0x0000022883f1af90 code [0x0000022883f1b160, 0x0000022883f1b5a0]
Event: 8.419 Thread 0x00000228d68c76a0 7349       3       org.apache.maven.model.ConfigurationContainer::<init> (10 bytes)
Event: 8.419 Thread 0x00000228d68c76a0 nmethod 7349 0x0000022883f1b710 code [0x0000022883f1b8c0, 0x0000022883f1ba28]
Event: 8.419 Thread 0x00000228d68c76a0 7351   !   3       org.codehaus.plexus.util.xml.pull.MXParser::parseComment (590 bytes)

GC Heap History (20 events):
Event: 5.797 GC heap before
{Heap before GC invocations=13 (full 1):
 PSYoungGen      total 24576K, used 24107K [0x00000000eab00000, 0x00000000ec700000, 0x0000000100000000)
  eden space 22528K, 99% used [0x00000000eab00000,0x00000000ec0ea490,0x00000000ec100000)
  from space 2048K, 81% used [0x00000000ec380000,0x00000000ec5209e0,0x00000000ec580000)
  to   space 1536K, 0% used [0x00000000ec580000,0x00000000ec580000,0x00000000ec700000)
 ParOldGen       total 68608K, used 15690K [0x00000000c0000000, 0x00000000c4300000, 0x00000000eab00000)
  object space 68608K, 22% used [0x00000000c0000000,0x00000000c0f52928,0x00000000c4300000)
 Metaspace       used 33107K, committed 34112K, reserved 1114112K
  class space    used 3266K, committed 3712K, reserved 1048576K
}
Event: 5.799 GC heap after
{Heap after GC invocations=13 (full 1):
 PSYoungGen      total 23552K, used 1529K [0x00000000eab00000, 0x00000000ec780000, 0x0000000100000000)
  eden space 22016K, 0% used [0x00000000eab00000,0x00000000eab00000,0x00000000ec080000)
  from space 1536K, 99% used [0x00000000ec580000,0x00000000ec6fe598,0x00000000ec700000)
  to   space 3584K, 0% used [0x00000000ec080000,0x00000000ec080000,0x00000000ec400000)
 ParOldGen       total 68608K, used 17224K [0x00000000c0000000, 0x00000000c4300000, 0x00000000eab00000)
  object space 68608K, 25% used [0x00000000c0000000,0x00000000c10d2330,0x00000000c4300000)
 Metaspace       used 33107K, committed 34112K, reserved 1114112K
  class space    used 3266K, committed 3712K, reserved 1048576K
}
Event: 5.923 GC heap before
{Heap before GC invocations=14 (full 1):
 PSYoungGen      total 23552K, used 18515K [0x00000000eab00000, 0x00000000ec780000, 0x0000000100000000)
  eden space 22016K, 77% used [0x00000000eab00000,0x00000000ebb966b8,0x00000000ec080000)
  from space 1536K, 99% used [0x00000000ec580000,0x00000000ec6fe598,0x00000000ec700000)
  to   space 3584K, 0% used [0x00000000ec080000,0x00000000ec080000,0x00000000ec400000)
 ParOldGen       total 68608K, used 17224K [0x00000000c0000000, 0x00000000c4300000, 0x00000000eab00000)
  object space 68608K, 25% used [0x00000000c0000000,0x00000000c10d2330,0x00000000c4300000)
 Metaspace       used 34899K, committed 35840K, reserved 1114112K
  class space    used 3481K, committed 3840K, reserved 1048576K
}
Event: 5.925 GC heap after
{Heap after GC invocations=14 (full 1):
 PSYoungGen      total 24064K, used 1568K [0x00000000eab00000, 0x00000000ec600000, 0x0000000100000000)
  eden space 22016K, 0% used [0x00000000eab00000,0x00000000eab00000,0x00000000ec080000)
  from space 2048K, 76% used [0x00000000ec080000,0x00000000ec208000,0x00000000ec280000)
  to   space 2560K, 0% used [0x00000000ec380000,0x00000000ec380000,0x00000000ec600000)
 ParOldGen       total 68608K, used 18490K [0x00000000c0000000, 0x00000000c4300000, 0x00000000eab00000)
  object space 68608K, 26% used [0x00000000c0000000,0x00000000c120eb80,0x00000000c4300000)
 Metaspace       used 34899K, committed 35840K, reserved 1114112K
  class space    used 3481K, committed 3840K, reserved 1048576K
}
Event: 5.925 GC heap before
{Heap before GC invocations=15 (full 2):
 PSYoungGen      total 24064K, used 1568K [0x00000000eab00000, 0x00000000ec600000, 0x0000000100000000)
  eden space 22016K, 0% used [0x00000000eab00000,0x00000000eab00000,0x00000000ec080000)
  from space 2048K, 76% used [0x00000000ec080000,0x00000000ec208000,0x00000000ec280000)
  to   space 2560K, 0% used [0x00000000ec380000,0x00000000ec380000,0x00000000ec600000)
 ParOldGen       total 68608K, used 18490K [0x00000000c0000000, 0x00000000c4300000, 0x00000000eab00000)
  object space 68608K, 26% used [0x00000000c0000000,0x00000000c120eb80,0x00000000c4300000)
 Metaspace       used 34899K, committed 35840K, reserved 1114112K
  class space    used 3481K, committed 3840K, reserved 1048576K
}
Event: 5.955 GC heap after
{Heap after GC invocations=15 (full 2):
 PSYoungGen      total 24064K, used 0K [0x00000000eab00000, 0x00000000ec600000, 0x0000000100000000)
  eden space 22016K, 0% used [0x00000000eab00000,0x00000000eab00000,0x00000000ec080000)
  from space 2048K, 0% used [0x00000000ec080000,0x00000000ec080000,0x00000000ec280000)
  to   space 2560K, 0% used [0x00000000ec380000,0x00000000ec380000,0x00000000ec600000)
 ParOldGen       total 68608K, used 18749K [0x00000000c0000000, 0x00000000c4300000, 0x00000000eab00000)
  object space 68608K, 27% used [0x00000000c0000000,0x00000000c124f500,0x00000000c4300000)
 Metaspace       used 34899K, committed 35840K, reserved 1114112K
  class space    used 3481K, committed 3840K, reserved 1048576K
}
Event: 6.095 GC heap before
{Heap before GC invocations=16 (full 2):
 PSYoungGen      total 24064K, used 22016K [0x00000000eab00000, 0x00000000ec600000, 0x0000000100000000)
  eden space 22016K, 100% used [0x00000000eab00000,0x00000000ec080000,0x00000000ec080000)
  from space 2048K, 0% used [0x00000000ec080000,0x00000000ec080000,0x00000000ec280000)
  to   space 2560K, 0% used [0x00000000ec380000,0x00000000ec380000,0x00000000ec600000)
 ParOldGen       total 68608K, used 18749K [0x00000000c0000000, 0x00000000c4300000, 0x00000000eab00000)
  object space 68608K, 27% used [0x00000000c0000000,0x00000000c124f500,0x00000000c4300000)
 Metaspace       used 37039K, committed 38080K, reserved 1114112K
  class space    used 3755K, committed 4224K, reserved 1048576K
}
Event: 6.096 GC heap after
{Heap after GC invocations=16 (full 2):
 PSYoungGen      total 23040K, used 864K [0x00000000eab00000, 0x00000000ec480000, 0x0000000100000000)
  eden space 22016K, 0% used [0x00000000eab00000,0x00000000eab00000,0x00000000ec080000)
  from space 1024K, 84% used [0x00000000ec380000,0x00000000ec458000,0x00000000ec480000)
  to   space 1536K, 0% used [0x00000000ec180000,0x00000000ec180000,0x00000000ec300000)
 ParOldGen       total 68608K, used 18757K [0x00000000c0000000, 0x00000000c4300000, 0x00000000eab00000)
  object space 68608K, 27% used [0x00000000c0000000,0x00000000c1251500,0x00000000c4300000)
 Metaspace       used 37039K, committed 38080K, reserved 1114112K
  class space    used 3755K, committed 4224K, reserved 1048576K
}
Event: 6.225 GC heap before
{Heap before GC invocations=17 (full 2):
 PSYoungGen      total 23040K, used 22880K [0x00000000eab00000, 0x00000000ec480000, 0x0000000100000000)
  eden space 22016K, 100% used [0x00000000eab00000,0x00000000ec080000,0x00000000ec080000)
  from space 1024K, 84% used [0x00000000ec380000,0x00000000ec458000,0x00000000ec480000)
  to   space 1536K, 0% used [0x00000000ec180000,0x00000000ec180000,0x00000000ec300000)
 ParOldGen       total 68608K, used 18757K [0x00000000c0000000, 0x00000000c4300000, 0x00000000eab00000)
  object space 68608K, 27% used [0x00000000c0000000,0x00000000c1251500,0x00000000c4300000)
 Metaspace       used 39512K, committed 40640K, reserved 1114112K
  class space    used 4092K, committed 4608K, reserved 1048576K
}
Event: 6.227 GC heap after
{Heap after GC invocations=17 (full 2):
 PSYoungGen      total 23552K, used 1030K [0x00000000eab00000, 0x00000000ec400000, 0x0000000100000000)
  eden space 22016K, 0% used [0x00000000eab00000,0x00000000eab00000,0x00000000ec080000)
  from space 1536K, 67% used [0x00000000ec180000,0x00000000ec2818f8,0x00000000ec300000)
  to   space 1024K, 0% used [0x00000000ec300000,0x00000000ec300000,0x00000000ec400000)
 ParOldGen       total 68608K, used 19413K [0x00000000c0000000, 0x00000000c4300000, 0x00000000eab00000)
  object space 68608K, 28% used [0x00000000c0000000,0x00000000c12f5500,0x00000000c4300000)
 Metaspace       used 39512K, committed 40640K, reserved 1114112K
  class space    used 4092K, committed 4608K, reserved 1048576K
}
Event: 6.418 GC heap before
{Heap before GC invocations=18 (full 2):
 PSYoungGen      total 23552K, used 23046K [0x00000000eab00000, 0x00000000ec400000, 0x0000000100000000)
  eden space 22016K, 100% used [0x00000000eab00000,0x00000000ec080000,0x00000000ec080000)
  from space 1536K, 67% used [0x00000000ec180000,0x00000000ec2818f8,0x00000000ec300000)
  to   space 1024K, 0% used [0x00000000ec300000,0x00000000ec300000,0x00000000ec400000)
 ParOldGen       total 68608K, used 19413K [0x00000000c0000000, 0x00000000c4300000, 0x00000000eab00000)
  object space 68608K, 28% used [0x00000000c0000000,0x00000000c12f5500,0x00000000c4300000)
 Metaspace       used 41828K, committed 42944K, reserved 1114112K
  class space    used 4373K, committed 4864K, reserved 1048576K
}
Event: 6.420 GC heap after
{Heap after GC invocations=18 (full 2):
 PSYoungGen      total 23040K, used 928K [0x00000000eab00000, 0x00000000ec400000, 0x0000000100000000)
  eden space 22016K, 0% used [0x00000000eab00000,0x00000000eab00000,0x00000000ec080000)
  from space 1024K, 90% used [0x00000000ec300000,0x00000000ec3e8000,0x00000000ec400000)
  to   space 1024K, 0% used [0x00000000ec200000,0x00000000ec200000,0x00000000ec300000)
 ParOldGen       total 68608K, used 20160K [0x00000000c0000000, 0x00000000c4300000, 0x00000000eab00000)
  object space 68608K, 29% used [0x00000000c0000000,0x00000000c13b0048,0x00000000c4300000)
 Metaspace       used 41828K, committed 42944K, reserved 1114112K
  class space    used 4373K, committed 4864K, reserved 1048576K
}
Event: 6.693 GC heap before
{Heap before GC invocations=19 (full 2):
 PSYoungGen      total 23040K, used 22944K [0x00000000eab00000, 0x00000000ec400000, 0x0000000100000000)
  eden space 22016K, 100% used [0x00000000eab00000,0x00000000ec080000,0x00000000ec080000)
  from space 1024K, 90% used [0x00000000ec300000,0x00000000ec3e8000,0x00000000ec400000)
  to   space 1024K, 0% used [0x00000000ec200000,0x00000000ec200000,0x00000000ec300000)
 ParOldGen       total 68608K, used 20160K [0x00000000c0000000, 0x00000000c4300000, 0x00000000eab00000)
  object space 68608K, 29% used [0x00000000c0000000,0x00000000c13b0048,0x00000000c4300000)
 Metaspace       used 44307K, committed 45376K, reserved 1114112K
  class space    used 4693K, committed 5184K, reserved 1048576K
}
Event: 6.696 GC heap after
{Heap after GC invocations=19 (full 2):
 PSYoungGen      total 23040K, used 993K [0x00000000eab00000, 0x00000000ec680000, 0x0000000100000000)
  eden space 22016K, 0% used [0x00000000eab00000,0x00000000eab00000,0x00000000ec080000)
  from space 1024K, 97% used [0x00000000ec200000,0x00000000ec2f8538,0x00000000ec300000)
  to   space 3072K, 0% used [0x00000000ec380000,0x00000000ec380000,0x00000000ec680000)
 ParOldGen       total 68608K, used 21696K [0x00000000c0000000, 0x00000000c4300000, 0x00000000eab00000)
  object space 68608K, 31% used [0x00000000c0000000,0x00000000c1530078,0x00000000c4300000)
 Metaspace       used 44307K, committed 45376K, reserved 1114112K
  class space    used 4693K, committed 5184K, reserved 1048576K
}
Event: 7.175 GC heap before
{Heap before GC invocations=20 (full 2):
 PSYoungGen      total 23040K, used 23009K [0x00000000eab00000, 0x00000000ec680000, 0x0000000100000000)
  eden space 22016K, 100% used [0x00000000eab00000,0x00000000ec080000,0x00000000ec080000)
  from space 1024K, 97% used [0x00000000ec200000,0x00000000ec2f8538,0x00000000ec300000)
  to   space 3072K, 0% used [0x00000000ec380000,0x00000000ec380000,0x00000000ec680000)
 ParOldGen       total 68608K, used 21696K [0x00000000c0000000, 0x00000000c4300000, 0x00000000eab00000)
  object space 68608K, 31% used [0x00000000c0000000,0x00000000c1530078,0x00000000c4300000)
 Metaspace       used 46811K, committed 47872K, reserved 1114112K
  class space    used 5028K, committed 5504K, reserved 1048576K
}
Event: 7.178 GC heap after
{Heap after GC invocations=20 (full 2):
 PSYoungGen      total 24064K, used 1600K [0x00000000eab00000, 0x00000000ec580000, 0x0000000100000000)
  eden space 22016K, 0% used [0x00000000eab00000,0x00000000eab00000,0x00000000ec080000)
  from space 2048K, 78% used [0x00000000ec380000,0x00000000ec510000,0x00000000ec580000)
  to   space 2048K, 0% used [0x00000000ec180000,0x00000000ec180000,0x00000000ec380000)
 ParOldGen       total 68608K, used 22684K [0x00000000c0000000, 0x00000000c4300000, 0x00000000eab00000)
  object space 68608K, 33% used [0x00000000c0000000,0x00000000c1627088,0x00000000c4300000)
 Metaspace       used 46811K, committed 47872K, reserved 1114112K
  class space    used 5028K, committed 5504K, reserved 1048576K
}
Event: 7.592 GC heap before
{Heap before GC invocations=21 (full 2):
 PSYoungGen      total 24064K, used 23616K [0x00000000eab00000, 0x00000000ec580000, 0x0000000100000000)
  eden space 22016K, 100% used [0x00000000eab00000,0x00000000ec080000,0x00000000ec080000)
  from space 2048K, 78% used [0x00000000ec380000,0x00000000ec510000,0x00000000ec580000)
  to   space 2048K, 0% used [0x00000000ec180000,0x00000000ec180000,0x00000000ec380000)
 ParOldGen       total 68608K, used 22684K [0x00000000c0000000, 0x00000000c4300000, 0x00000000eab00000)
  object space 68608K, 33% used [0x00000000c0000000,0x00000000c1627088,0x00000000c4300000)
 Metaspace       used 49192K, committed 50240K, reserved 1114112K
  class space    used 5283K, committed 5760K, reserved 1048576K
}
Event: 7.596 GC heap after
{Heap after GC invocations=21 (full 2):
 PSYoungGen      total 23552K, used 1241K [0x00000000eab00000, 0x00000000ec400000, 0x0000000100000000)
  eden space 22016K, 0% used [0x00000000eab00000,0x00000000eab00000,0x00000000ec080000)
  from space 1536K, 80% used [0x00000000ec180000,0x00000000ec2b6580,0x00000000ec300000)
  to   space 1024K, 0% used [0x00000000ec300000,0x00000000ec300000,0x00000000ec400000)
 ParOldGen       total 68608K, used 24020K [0x00000000c0000000, 0x00000000c4300000, 0x00000000eab00000)
  object space 68608K, 35% used [0x00000000c0000000,0x00000000c17752b8,0x00000000c4300000)
 Metaspace       used 49192K, committed 50240K, reserved 1114112K
  class space    used 5283K, committed 5760K, reserved 1048576K
}
Event: 7.991 GC heap before
{Heap before GC invocations=22 (full 2):
 PSYoungGen      total 23552K, used 23257K [0x00000000eab00000, 0x00000000ec400000, 0x0000000100000000)
  eden space 22016K, 100% used [0x00000000eab00000,0x00000000ec080000,0x00000000ec080000)
  from space 1536K, 80% used [0x00000000ec180000,0x00000000ec2b6580,0x00000000ec300000)
  to   space 1024K, 0% used [0x00000000ec300000,0x00000000ec300000,0x00000000ec400000)
 ParOldGen       total 68608K, used 24020K [0x00000000c0000000, 0x00000000c4300000, 0x00000000eab00000)
  object space 68608K, 35% used [0x00000000c0000000,0x00000000c17752b8,0x00000000c4300000)
 Metaspace       used 49977K, committed 51136K, reserved 1114112K
  class space    used 5363K, committed 5888K, reserved 1048576K
}
Event: 7.994 GC heap after
{Heap after GC invocations=22 (full 2):
 PSYoungGen      total 23040K, used 992K [0x00000000eab00000, 0x00000000ec400000, 0x0000000100000000)
  eden space 22016K, 0% used [0x00000000eab00000,0x00000000eab00000,0x00000000ec080000)
  from space 1024K, 96% used [0x00000000ec300000,0x00000000ec3f8000,0x00000000ec400000)
  to   space 1536K, 0% used [0x00000000ec100000,0x00000000ec100000,0x00000000ec280000)
 ParOldGen       total 68608K, used 25061K [0x00000000c0000000, 0x00000000c4300000, 0x00000000eab00000)
  object space 68608K, 36% used [0x00000000c0000000,0x00000000c18796a0,0x00000000c4300000)
 Metaspace       used 49977K, committed 51136K, reserved 1114112K
  class space    used 5363K, committed 5888K, reserved 1048576K
}

Dll operation events (14 events):
Event: 0.016 Loaded shared library c:\Users\Jaywant\.cursor\extensions\redhat.java-1.41.1-win32-x64\jre\21.0.6-win32-x86_64\bin\java.dll
Event: 0.105 Loaded shared library c:\Users\Jaywant\.cursor\extensions\redhat.java-1.41.1-win32-x64\jre\21.0.6-win32-x86_64\bin\zip.dll
Event: 0.133 Loaded shared library C:\Users\Jaywant\.cursor\extensions\redhat.java-1.41.1-win32-x64\jre\21.0.6-win32-x86_64\bin\instrument.dll
Event: 0.140 Loaded shared library C:\Users\Jaywant\.cursor\extensions\redhat.java-1.41.1-win32-x64\jre\21.0.6-win32-x86_64\bin\net.dll
Event: 0.143 Loaded shared library C:\Users\Jaywant\.cursor\extensions\redhat.java-1.41.1-win32-x64\jre\21.0.6-win32-x86_64\bin\nio.dll
Event: 0.147 Loaded shared library C:\Users\Jaywant\.cursor\extensions\redhat.java-1.41.1-win32-x64\jre\21.0.6-win32-x86_64\bin\zip.dll
Event: 0.167 Loaded shared library C:\Users\Jaywant\.cursor\extensions\redhat.java-1.41.1-win32-x64\jre\21.0.6-win32-x86_64\bin\jimage.dll
Event: 0.242 Loaded shared library c:\Users\Jaywant\.cursor\extensions\redhat.java-1.41.1-win32-x64\jre\21.0.6-win32-x86_64\bin\verify.dll
Event: 1.303 Loaded shared library C:\Users\Jaywant\AppData\Roaming\Cursor\User\globalStorage\redhat.java\1.41.1\config_win\org.eclipse.equinox.launcher\org.eclipse.equinox.launcher.win32.win32.x86_64_1.2.1300.v20250331-1702\eclipse_11911.dll
Event: 3.885 Loaded shared library C:\Users\Jaywant\.cursor\extensions\redhat.java-1.41.1-win32-x64\jre\21.0.6-win32-x86_64\bin\management.dll
Event: 3.890 Loaded shared library C:\Users\Jaywant\.cursor\extensions\redhat.java-1.41.1-win32-x64\jre\21.0.6-win32-x86_64\bin\management_ext.dll
Event: 5.583 Loaded shared library C:\Users\Jaywant\AppData\Local\Temp\jna--151788782\jna13094232909762994868.dll
Event: 5.984 Loaded shared library C:\Users\Jaywant\.cursor\extensions\redhat.java-1.41.1-win32-x64\jre\21.0.6-win32-x86_64\bin\sunmscapi.dll
Event: 6.080 Loaded shared library C:\Users\Jaywant\.cursor\extensions\redhat.java-1.41.1-win32-x64\jre\21.0.6-win32-x86_64\bin\extnet.dll

Deoptimization events (20 events):
Event: 8.403 Thread 0x00000228dc8a1610 DEOPT PACKING pc=0x00000228839e65c8 sp=0x0000002bb48fd4f0
Event: 8.403 Thread 0x00000228dc8a1610 DEOPT UNPACKING pc=0x000002288a6b4242 sp=0x0000002bb48fca38 mode 0
Event: 8.413 Thread 0x00000228dc8a1610 Uncommon trap: trap_request=0xffffffde fr.pc=0x000002288adb4d48 relative=0x00000000000000a8
Event: 8.413 Thread 0x00000228dc8a1610 Uncommon trap: reason=class_check action=maybe_recompile pc=0x000002288adb4d48 method=java.util.regex.Pattern.lambda$negate$7(Ljava/util/regex/Pattern$CharPredicate;I)Z @ 2 c2
Event: 8.413 Thread 0x00000228dc8a1610 DEOPT PACKING pc=0x000002288adb4d48 sp=0x0000002bb48fd6d0
Event: 8.413 Thread 0x00000228dc8a1610 DEOPT UNPACKING pc=0x000002288a6b3aa2 sp=0x0000002bb48fd5f0 mode 2
Event: 8.413 Thread 0x00000228dc8a1610 Uncommon trap: trap_request=0xffffffde fr.pc=0x000002288adb4d48 relative=0x00000000000000a8
Event: 8.413 Thread 0x00000228dc8a1610 Uncommon trap: reason=class_check action=maybe_recompile pc=0x000002288adb4d48 method=java.util.regex.Pattern.lambda$negate$7(Ljava/util/regex/Pattern$CharPredicate;I)Z @ 2 c2
Event: 8.413 Thread 0x00000228dc8a1610 DEOPT PACKING pc=0x000002288adb4d48 sp=0x0000002bb48fd6d0
Event: 8.413 Thread 0x00000228dc8a1610 DEOPT UNPACKING pc=0x000002288a6b3aa2 sp=0x0000002bb48fd5f0 mode 2
Event: 8.413 Thread 0x00000228dc8a1610 Uncommon trap: trap_request=0xffffffde fr.pc=0x000002288adb4d48 relative=0x00000000000000a8
Event: 8.413 Thread 0x00000228dc8a1610 Uncommon trap: reason=class_check action=maybe_recompile pc=0x000002288adb4d48 method=java.util.regex.Pattern.lambda$negate$7(Ljava/util/regex/Pattern$CharPredicate;I)Z @ 2 c2
Event: 8.413 Thread 0x00000228dc8a1610 DEOPT PACKING pc=0x000002288adb4d48 sp=0x0000002bb48fd6d0
Event: 8.413 Thread 0x00000228dc8a1610 DEOPT UNPACKING pc=0x000002288a6b3aa2 sp=0x0000002bb48fd5f0 mode 2
Event: 8.413 Thread 0x00000228dc8a1610 Uncommon trap: trap_request=0xffffffde fr.pc=0x000002288adb4d48 relative=0x00000000000000a8
Event: 8.413 Thread 0x00000228dc8a1610 Uncommon trap: reason=class_check action=maybe_recompile pc=0x000002288adb4d48 method=java.util.regex.Pattern.lambda$negate$7(Ljava/util/regex/Pattern$CharPredicate;I)Z @ 2 c2
Event: 8.413 Thread 0x00000228dc8a1610 DEOPT PACKING pc=0x000002288adb4d48 sp=0x0000002bb48fd6d0
Event: 8.413 Thread 0x00000228dc8a1610 DEOPT UNPACKING pc=0x000002288a6b3aa2 sp=0x0000002bb48fd5f0 mode 2
Event: 8.420 Thread 0x00000228dc8a1610 DEOPT PACKING pc=0x0000022883c682b5 sp=0x0000002bb48fd720
Event: 8.420 Thread 0x00000228dc8a1610 DEOPT UNPACKING pc=0x000002288a6b4242 sp=0x0000002bb48fcc48 mode 0

Classes loaded (20 events):
Event: 8.117 Loading class java/util/AbstractList$RandomAccessSubList
Event: 8.118 Loading class java/util/AbstractList$SubList
Event: 8.118 Loading class java/util/AbstractList$SubList done
Event: 8.119 Loading class java/util/AbstractList$RandomAccessSubList done
Event: 8.119 Loading class java/util/AbstractList$SubList$1
Event: 8.119 Loading class java/util/AbstractList$SubList$1 done
Event: 8.119 Loading class java/util/AbstractList$ListItr
Event: 8.119 Loading class java/util/AbstractList$ListItr done
Event: 8.157 Loading class java/util/ImmutableCollections$SubList
Event: 8.157 Loading class java/util/ImmutableCollections$SubList done
Event: 8.250 Loading class java/util/stream/DistinctOps
Event: 8.250 Loading class java/util/stream/DistinctOps done
Event: 8.250 Loading class java/util/stream/DistinctOps$1
Event: 8.251 Loading class java/util/stream/DistinctOps$1 done
Event: 8.252 Loading class java/util/stream/DistinctOps$1$2
Event: 8.253 Loading class java/util/stream/DistinctOps$1$2 done
Event: 8.364 Loading class java/util/stream/IntPipeline$Head
Event: 8.365 Loading class java/util/stream/IntPipeline
Event: 8.365 Loading class java/util/stream/IntPipeline done
Event: 8.365 Loading class java/util/stream/IntPipeline$Head done

Classes unloaded (7 events):
Event: 4.722 Thread 0x00000228fbcbe0a0 Unloading class 0x0000022896199c00 'java/lang/invoke/LambdaForm$MH+0x0000022896199c00'
Event: 4.722 Thread 0x00000228fbcbe0a0 Unloading class 0x0000022896199800 'java/lang/invoke/LambdaForm$MH+0x0000022896199800'
Event: 4.722 Thread 0x00000228fbcbe0a0 Unloading class 0x0000022896199400 'java/lang/invoke/LambdaForm$MH+0x0000022896199400'
Event: 4.722 Thread 0x00000228fbcbe0a0 Unloading class 0x0000022896199000 'java/lang/invoke/LambdaForm$MH+0x0000022896199000'
Event: 4.722 Thread 0x00000228fbcbe0a0 Unloading class 0x0000022896198c00 'java/lang/invoke/LambdaForm$BMH+0x0000022896198c00'
Event: 4.722 Thread 0x00000228fbcbe0a0 Unloading class 0x0000022896198800 'java/lang/invoke/LambdaForm$DMH+0x0000022896198800'
Event: 4.722 Thread 0x00000228fbcbe0a0 Unloading class 0x0000022896193400 'java/lang/invoke/LambdaForm$DMH+0x0000022896193400'

Classes redefined (0 events):
No events

Internal exceptions (20 events):
Event: 7.782 Thread 0x00000228dc8a1610 Exception <a 'sun/nio/fs/WindowsException'{0x00000000eb121c60}> (0x00000000eb121c60) 
thrown [s\src\hotspot\share\prims\jni.cpp, line 520]
Event: 7.782 Thread 0x00000228dc8a1610 Exception <a 'sun/nio/fs/WindowsException'{0x00000000eb122290}> (0x00000000eb122290) 
thrown [s\src\hotspot\share\prims\jni.cpp, line 520]
Event: 7.782 Thread 0x00000228dc8a1610 Exception <a 'sun/nio/fs/WindowsException'{0x00000000eb1228c0}> (0x00000000eb1228c0) 
thrown [s\src\hotspot\share\prims\jni.cpp, line 520]
Event: 7.782 Thread 0x00000228dc8a1610 Exception <a 'sun/nio/fs/WindowsException'{0x00000000eb122f10}> (0x00000000eb122f10) 
thrown [s\src\hotspot\share\prims\jni.cpp, line 520]
Event: 7.783 Thread 0x00000228dc8a1610 Exception <a 'sun/nio/fs/WindowsException'{0x00000000eb126600}> (0x00000000eb126600) 
thrown [s\src\hotspot\share\prims\jni.cpp, line 520]
Event: 7.783 Thread 0x00000228dc8a1610 Exception <a 'sun/nio/fs/WindowsException'{0x00000000eb126c60}> (0x00000000eb126c60) 
thrown [s\src\hotspot\share\prims\jni.cpp, line 520]
Event: 7.783 Thread 0x00000228dc8a1610 Exception <a 'sun/nio/fs/WindowsException'{0x00000000eb1272c0}> (0x00000000eb1272c0) 
thrown [s\src\hotspot\share\prims\jni.cpp, line 520]
Event: 7.783 Thread 0x00000228dc8a1610 Exception <a 'sun/nio/fs/WindowsException'{0x00000000eb127940}> (0x00000000eb127940) 
thrown [s\src\hotspot\share\prims\jni.cpp, line 520]
Event: 7.794 Thread 0x00000228dc8a1610 Exception <a 'sun/nio/fs/WindowsException'{0x00000000eb179d58}> (0x00000000eb179d58) 
thrown [s\src\hotspot\share\prims\jni.cpp, line 520]
Event: 7.794 Thread 0x00000228dc8a1610 Exception <a 'sun/nio/fs/WindowsException'{0x00000000eb17fe18}> (0x00000000eb17fe18) 
thrown [s\src\hotspot\share\prims\jni.cpp, line 520]
Event: 8.032 Thread 0x00000228dc8a1610 Exception <a 'java/lang/NoSuchMethodError'{0x00000000eaca42e8}: 'long java.lang.invoke.DirectMethodHandle$Holder.invokeSpecial(java.lang.Object, java.lang.Object)'> (0x00000000eaca42e8) 
thrown [s\src\hotspot\share\interpreter\linkResolver.cpp, line 773]
Event: 8.033 Thread 0x00000228dc8a1610 Exception <a 'java/lang/NoSuchMethodError'{0x00000000eaca7710}: 'long java.lang.invoke.Invokers$Holder.invokeExact_MT(java.lang.Object, java.lang.Object)'> (0x00000000eaca7710) 
thrown [s\src\hotspot\share\interpreter\linkResolver.cpp, line 773]
Event: 8.071 Thread 0x00000228dc8a1610 Exception <a 'java/lang/NoSuchMethodError'{0x00000000eae69b90}: 'java.lang.Object java.lang.invoke.DirectMethodHandle$Holder.invokeStaticInit(java.lang.Object, int)'> (0x00000000eae69b90) 
thrown [s\src\hotspot\share\interpreter\linkResolver.cpp, line 773]
Event: 8.076 Thread 0x00000228dc8a1610 Exception <a 'sun/nio/fs/WindowsException'{0x00000000eae9e420}> (0x00000000eae9e420) 
thrown [s\src\hotspot\share\prims\jni.cpp, line 520]
Event: 8.098 Thread 0x00000228dc8a1610 Exception <a 'sun/nio/fs/WindowsException'{0x00000000eaf7c068}> (0x00000000eaf7c068) 
thrown [s\src\hotspot\share\prims\jni.cpp, line 520]
Event: 8.103 Thread 0x00000228dc8a1610 Exception <a 'sun/nio/fs/WindowsException'{0x00000000eafad3b8}> (0x00000000eafad3b8) 
thrown [s\src\hotspot\share\prims\jni.cpp, line 520]
Event: 8.106 Thread 0x00000228dc8a1610 Exception <a 'sun/nio/fs/WindowsException'{0x00000000eafb2e48}> (0x00000000eafb2e48) 
thrown [s\src\hotspot\share\prims\jni.cpp, line 520]
Event: 8.220 Thread 0x00000228dc8a1610 Exception <a 'sun/nio/fs/WindowsException'{0x00000000eb2644c0}> (0x00000000eb2644c0) 
thrown [s\src\hotspot\share\prims\jni.cpp, line 520]
Event: 8.366 Thread 0x00000228dc8a1610 Exception <a 'java/lang/NoSuchMethodError'{0x00000000eb94f778}: 'void java.lang.invoke.DirectMethodHandle$Holder.invokeStatic(java.lang.Object, java.lang.Object, java.lang.Object, int)'> (0x00000000eb94f778) 
thrown [s\src\hotspot\share\interpreter\linkResolver.cpp, line 773]
Event: 8.377 Thread 0x00000228dc8a1610 Exception <a 'java/lang/NoSuchMethodError'{0x00000000eb9a2ef0}: 'void java.lang.invoke.DirectMethodHandle$Holder.invokeVirtual(java.lang.Object, java.lang.Object, int)'> (0x00000000eb9a2ef0) 
thrown [s\src\hotspot\share\interpreter\linkResolver.cpp, line 773]

ZGC Phase Switch (0 events):
No events

VM Operations (20 events):
Event: 7.077 Executing VM operation: HandshakeAllThreads (Deoptimize) done
Event: 7.081 Executing VM operation: ICBufferFull
Event: 7.082 Executing VM operation: ICBufferFull done
Event: 7.174 Executing VM operation: ParallelGCFailedAllocation (Allocation Failure)
Event: 7.178 Executing VM operation: ParallelGCFailedAllocation (Allocation Failure) done
Event: 7.275 Executing VM operation: HandshakeAllThreads (Deoptimize)
Event: 7.275 Executing VM operation: HandshakeAllThreads (Deoptimize) done
Event: 7.592 Executing VM operation: ParallelGCFailedAllocation (Allocation Failure)
Event: 7.596 Executing VM operation: ParallelGCFailedAllocation (Allocation Failure) done
Event: 7.991 Executing VM operation: ParallelGCFailedAllocation (Allocation Failure)
Event: 7.994 Executing VM operation: ParallelGCFailedAllocation (Allocation Failure) done
Event: 8.025 Executing VM operation: HandshakeAllThreads (Deoptimize)
Event: 8.026 Executing VM operation: HandshakeAllThreads (Deoptimize) done
Event: 8.121 Executing VM operation: HandshakeAllThreads (Deoptimize)
Event: 8.121 Executing VM operation: HandshakeAllThreads (Deoptimize) done
Event: 8.252 Executing VM operation: HandshakeAllThreads (Deoptimize)
Event: 8.252 Executing VM operation: HandshakeAllThreads (Deoptimize) done
Event: 8.397 Executing VM operation: ICBufferFull
Event: 8.397 Executing VM operation: ICBufferFull done
Event: 9.398 Executing VM operation: Cleanup

Memory protections (0 events):
No events

Nmethod flushes (20 events):
Event: 5.941 Thread 0x00000228fbcbe0a0 flushing  nmethod 0x000002288378ed10
Event: 5.941 Thread 0x00000228fbcbe0a0 flushing  nmethod 0x000002288378ff10
Event: 5.941 Thread 0x00000228fbcbe0a0 flushing  nmethod 0x0000022883790710
Event: 5.941 Thread 0x00000228fbcbe0a0 flushing  nmethod 0x0000022883790e90
Event: 5.941 Thread 0x00000228fbcbe0a0 flushing  nmethod 0x0000022883792410
Event: 5.941 Thread 0x00000228fbcbe0a0 flushing  nmethod 0x0000022883792d10
Event: 5.941 Thread 0x00000228fbcbe0a0 flushing  nmethod 0x0000022883793890
Event: 5.941 Thread 0x00000228fbcbe0a0 flushing  nmethod 0x0000022883794190
Event: 5.941 Thread 0x00000228fbcbe0a0 flushing  nmethod 0x0000022883794e90
Event: 5.941 Thread 0x00000228fbcbe0a0 flushing  nmethod 0x0000022883796090
Event: 5.941 Thread 0x00000228fbcbe0a0 flushing  nmethod 0x0000022883796a10
Event: 5.941 Thread 0x00000228fbcbe0a0 flushing  nmethod 0x0000022883797610
Event: 5.941 Thread 0x00000228fbcbe0a0 flushing  nmethod 0x00000228837a1110
Event: 5.941 Thread 0x00000228fbcbe0a0 flushing  nmethod 0x00000228837b2810
Event: 5.941 Thread 0x00000228fbcbe0a0 flushing  nmethod 0x00000228837cc310
Event: 5.941 Thread 0x00000228fbcbe0a0 flushing  nmethod 0x00000228837d1a10
Event: 5.941 Thread 0x00000228fbcbe0a0 flushing  nmethod 0x00000228837d8d90
Event: 5.941 Thread 0x00000228fbcbe0a0 flushing  nmethod 0x0000022883866090
Event: 5.941 Thread 0x00000228fbcbe0a0 flushing  nmethod 0x0000022883889b10
Event: 5.941 Thread 0x00000228fbcbe0a0 flushing  nmethod 0x00000228838c2110

Events (20 events):
Event: 5.734 Thread 0x00000228dc89f540 Thread added: 0x00000228dc8a0260
Event: 5.774 Thread 0x00000228fe1f1b80 Thread added: 0x00000228dc8a08f0
Event: 5.774 Thread 0x00000228fe1f1b80 Thread added: 0x00000228dc8a0f80
Event: 5.775 Thread 0x00000228fe1f1b80 Thread added: 0x00000228dc8a1ca0
Event: 5.775 Thread 0x00000228fe1f1b80 Thread added: 0x00000228dc8a2330
Event: 5.775 Thread 0x00000228fe1f1b80 Thread added: 0x00000228ddf254c0
Event: 5.775 Thread 0x00000228fe1f1b80 Thread added: 0x00000228ddf23a80
Event: 5.775 Thread 0x00000228fe1f1b80 Thread added: 0x00000228ddf233f0
Event: 5.775 Thread 0x00000228fe1f1b80 Thread added: 0x00000228ddf22040
Event: 5.775 Thread 0x00000228fe1f1b80 Thread added: 0x00000228ddf24110
Event: 5.775 Thread 0x00000228fe1f1b80 Thread added: 0x00000228ddf247a0
Event: 5.775 Thread 0x00000228fe1f1b80 Thread added: 0x00000228ddf226d0
Event: 5.775 Thread 0x00000228fe1f1b80 Thread added: 0x00000228ddf22d60
Event: 5.775 Thread 0x00000228fe1f1b80 Thread added: 0x00000228ddf24e30
Event: 5.823 Thread 0x00000228fe1f1b80 Thread added: 0x00000228dee32d00
Event: 6.157 Thread 0x00000228fe1f1b80 Thread added: 0x00000228dee33a20
Event: 6.158 Thread 0x00000228fe1f1b80 Thread added: 0x00000228dee33390
Event: 6.406 Thread 0x00000228dc8a1610 Thread added: 0x00000228dee340b0
Event: 6.411 Thread 0x00000228dee340b0 Thread exited: 0x00000228dee340b0
Event: 6.496 Thread 0x00000228dc8a1610 Thread added: 0x00000228dee34dd0


Dynamic libraries:
0x00007ff6790e0000 - 0x00007ff6790ee000 	c:\Users\Jaywant\.cursor\extensions\redhat.java-1.41.1-win32-x64\jre\21.0.6-win32-x86_64\bin\java.exe
0x00007ff9267c0000 - 0x00007ff926a26000 	C:\WINDOWS\SYSTEM32\ntdll.dll
0x00007ff925210000 - 0x00007ff9252d9000 	C:\WINDOWS\System32\KERNEL32.DLL
0x00007ff924110000 - 0x00007ff9244dc000 	C:\WINDOWS\System32\KERNELBASE.dll
0x00007ff9209a0000 - 0x00007ff920a3e000 	C:\WINDOWS\SYSTEM32\apphelp.dll
0x00007ff923c00000 - 0x00007ff923d4b000 	C:\WINDOWS\System32\ucrtbase.dll
0x00007ff90eee0000 - 0x00007ff90eef8000 	c:\Users\Jaywant\.cursor\extensions\redhat.java-1.41.1-win32-x64\jre\21.0.6-win32-x86_64\bin\jli.dll
0x00007ff924a00000 - 0x00007ff924bca000 	C:\WINDOWS\System32\USER32.dll
0x00007ff923a00000 - 0x00007ff923a27000 	C:\WINDOWS\System32\win32u.dll
0x00007ff925d70000 - 0x00007ff925d9b000 	C:\WINDOWS\System32\GDI32.dll
0x00007ff923ac0000 - 0x00007ff923bf2000 	C:\WINDOWS\System32\gdi32full.dll
0x00007ff90ccd0000 - 0x00007ff90cf6a000 	C:\WINDOWS\WinSxS\amd64_microsoft.windows.common-controls_6595b64144ccf1df_6.0.26100.3912_none_3e07963ce335137e\COMCTL32.dll
0x00007ff923950000 - 0x00007ff9239f3000 	C:\WINDOWS\System32\msvcp_win.dll
0x00007ff9264f0000 - 0x00007ff926599000 	C:\WINDOWS\System32\msvcrt.dll
0x00007ff90a4a0000 - 0x00007ff90a4be000 	c:\Users\Jaywant\.cursor\extensions\redhat.java-1.41.1-win32-x64\jre\21.0.6-win32-x86_64\bin\VCRUNTIME140.dll
0x00007ff924610000 - 0x00007ff924640000 	C:\WINDOWS\System32\IMM32.DLL
0x00007ff911200000 - 0x00007ff91120c000 	c:\Users\Jaywant\.cursor\extensions\redhat.java-1.41.1-win32-x64\jre\21.0.6-win32-x86_64\bin\vcruntime140_1.dll
0x00007ff8f7600000 - 0x00007ff8f768d000 	c:\Users\Jaywant\.cursor\extensions\redhat.java-1.41.1-win32-x64\jre\21.0.6-win32-x86_64\bin\msvcp140.dll
0x00007ff882780000 - 0x00007ff883510000 	c:\Users\Jaywant\.cursor\extensions\redhat.java-1.41.1-win32-x64\jre\21.0.6-win32-x86_64\bin\server\jvm.dll
0x00007ff924bd0000 - 0x00007ff924c82000 	C:\WINDOWS\System32\ADVAPI32.dll
0x00007ff9266c0000 - 0x00007ff926766000 	C:\WINDOWS\System32\sechost.dll
0x00007ff9265a0000 - 0x00007ff9266b6000 	C:\WINDOWS\System32\RPCRT4.dll
0x00007ff924980000 - 0x00007ff9249f4000 	C:\WINDOWS\System32\WS2_32.dll
0x00007ff9237c0000 - 0x00007ff92381e000 	C:\WINDOWS\SYSTEM32\POWRPROF.dll
0x00007ff91aec0000 - 0x00007ff91aef6000 	C:\WINDOWS\SYSTEM32\WINMM.dll
0x00007ff91af00000 - 0x00007ff91af0b000 	C:\WINDOWS\SYSTEM32\VERSION.dll
0x00007ff9237a0000 - 0x00007ff9237b4000 	C:\WINDOWS\SYSTEM32\UMPDC.dll
0x00007ff922710000 - 0x00007ff92272a000 	C:\WINDOWS\SYSTEM32\kernel.appcore.dll
0x00007ff910730000 - 0x00007ff91073a000 	c:\Users\Jaywant\.cursor\extensions\redhat.java-1.41.1-win32-x64\jre\21.0.6-win32-x86_64\bin\jimage.dll
0x00007ff917c80000 - 0x00007ff917ec1000 	C:\WINDOWS\SYSTEM32\DBGHELP.DLL
0x00007ff9259e0000 - 0x00007ff925d64000 	C:\WINDOWS\System32\combase.dll
0x00007ff925790000 - 0x00007ff925870000 	C:\WINDOWS\System32\OLEAUT32.dll
0x00007ff90f0e0000 - 0x00007ff90f119000 	C:\WINDOWS\SYSTEM32\dbgcore.DLL
0x00007ff9244e0000 - 0x00007ff924579000 	C:\WINDOWS\System32\bcryptPrimitives.dll
0x00007ff9103b0000 - 0x00007ff9103bf000 	c:\Users\Jaywant\.cursor\extensions\redhat.java-1.41.1-win32-x64\jre\21.0.6-win32-x86_64\bin\instrument.dll
0x00007ff901490000 - 0x00007ff9014af000 	c:\Users\Jaywant\.cursor\extensions\redhat.java-1.41.1-win32-x64\jre\21.0.6-win32-x86_64\bin\java.dll
0x00007ff925da0000 - 0x00007ff9264cd000 	C:\WINDOWS\System32\SHELL32.dll
0x00007ff923ed0000 - 0x00007ff924044000 	C:\WINDOWS\System32\wintypes.dll
0x00007ff9215b0000 - 0x00007ff921e06000 	C:\WINDOWS\SYSTEM32\windows.storage.dll
0x00007ff925490000 - 0x00007ff92557f000 	C:\WINDOWS\System32\SHCORE.dll
0x00007ff9251a0000 - 0x00007ff925209000 	C:\WINDOWS\System32\shlwapi.dll
0x00007ff923860000 - 0x00007ff92388f000 	C:\WINDOWS\SYSTEM32\profapi.dll
0x00007ff901470000 - 0x00007ff901488000 	c:\Users\Jaywant\.cursor\extensions\redhat.java-1.41.1-win32-x64\jre\21.0.6-win32-x86_64\bin\zip.dll
0x00007ff90edd0000 - 0x00007ff90ede0000 	C:\Users\Jaywant\.cursor\extensions\redhat.java-1.41.1-win32-x64\jre\21.0.6-win32-x86_64\bin\net.dll
0x00007ff91c270000 - 0x00007ff91c38e000 	C:\WINDOWS\SYSTEM32\WINHTTP.dll
0x00007ff922c80000 - 0x00007ff922cea000 	C:\WINDOWS\system32\mswsock.dll
0x00007ff8f8190000 - 0x00007ff8f81a6000 	C:\Users\Jaywant\.cursor\extensions\redhat.java-1.41.1-win32-x64\jre\21.0.6-win32-x86_64\bin\nio.dll
0x00007ff909d40000 - 0x00007ff909d50000 	c:\Users\Jaywant\.cursor\extensions\redhat.java-1.41.1-win32-x64\jre\21.0.6-win32-x86_64\bin\verify.dll
0x00007ff8f26d0000 - 0x00007ff8f2715000 	C:\Users\Jaywant\AppData\Roaming\Cursor\User\globalStorage\redhat.java\1.41.1\config_win\org.eclipse.equinox.launcher\org.eclipse.equinox.launcher.win32.win32.x86_64_1.2.1300.v20250331-1702\eclipse_11911.dll
0x00007ff9255e0000 - 0x00007ff92577f000 	C:\WINDOWS\System32\ole32.dll
0x00007ff9177c0000 - 0x00007ff9177ca000 	C:\Users\Jaywant\.cursor\extensions\redhat.java-1.41.1-win32-x64\jre\21.0.6-win32-x86_64\bin\management.dll
0x00007ff9177b0000 - 0x00007ff9177bb000 	C:\Users\Jaywant\.cursor\extensions\redhat.java-1.41.1-win32-x64\jre\21.0.6-win32-x86_64\bin\management_ext.dll
0x00007ff925450000 - 0x00007ff925458000 	C:\WINDOWS\System32\PSAPI.DLL
0x00007ff922f20000 - 0x00007ff922f3c000 	C:\WINDOWS\SYSTEM32\CRYPTSP.dll
0x00007ff922650000 - 0x00007ff92268a000 	C:\WINDOWS\system32\rsaenh.dll
0x00007ff922d20000 - 0x00007ff922d4b000 	C:\WINDOWS\SYSTEM32\USERENV.dll
0x00007ff923830000 - 0x00007ff923856000 	C:\WINDOWS\SYSTEM32\bcrypt.dll
0x00007ff922f40000 - 0x00007ff922f4c000 	C:\WINDOWS\SYSTEM32\CRYPTBASE.dll
0x00007ff922100000 - 0x00007ff922133000 	C:\WINDOWS\SYSTEM32\IPHLPAPI.DLL
0x00007ff9264e0000 - 0x00007ff9264ea000 	C:\WINDOWS\System32\NSI.dll
0x00007ff901220000 - 0x00007ff901269000 	C:\Users\Jaywant\AppData\Local\Temp\jna--151788782\jna13094232909762994868.dll
0x00007ff91b700000 - 0x00007ff91b71f000 	C:\WINDOWS\SYSTEM32\dhcpcsvc6.DLL
0x00007ff91b6d0000 - 0x00007ff91b6f5000 	C:\WINDOWS\SYSTEM32\dhcpcsvc.DLL
0x00007ff916bf0000 - 0x00007ff916bfe000 	C:\Users\Jaywant\.cursor\extensions\redhat.java-1.41.1-win32-x64\jre\21.0.6-win32-x86_64\bin\sunmscapi.dll
0x00007ff923d50000 - 0x00007ff923ec7000 	C:\WINDOWS\System32\CRYPT32.dll
0x00007ff923130000 - 0x00007ff923160000 	C:\WINDOWS\SYSTEM32\ncrypt.dll
0x00007ff9230e0000 - 0x00007ff92311f000 	C:\WINDOWS\SYSTEM32\NTASN1.dll
0x00007ff922190000 - 0x00007ff9222b7000 	C:\WINDOWS\SYSTEM32\DNSAPI.dll
0x00007ff91adf0000 - 0x00007ff91adfb000 	C:\Windows\System32\rasadhlp.dll
0x00007ff918c20000 - 0x00007ff918ca6000 	C:\WINDOWS\System32\fwpuclnt.dll
0x00007ff91b090000 - 0x00007ff91b099000 	C:\Users\Jaywant\.cursor\extensions\redhat.java-1.41.1-win32-x64\jre\21.0.6-win32-x86_64\bin\extnet.dll

dbghelp: loaded successfully - version: 4.0.5 - missing functions: none
symbol engine: initialized successfully - sym options: 0x614 - pdb path: .;c:\Users\Jaywant\.cursor\extensions\redhat.java-1.41.1-win32-x64\jre\21.0.6-win32-x86_64\bin;C:\WINDOWS\SYSTEM32;C:\WINDOWS\WinSxS\amd64_microsoft.windows.common-controls_6595b64144ccf1df_6.0.26100.3912_none_3e07963ce335137e;c:\Users\Jaywant\.cursor\extensions\redhat.java-1.41.1-win32-x64\jre\21.0.6-win32-x86_64\bin\server;C:\Users\Jaywant\AppData\Roaming\Cursor\User\globalStorage\redhat.java\1.41.1\config_win\org.eclipse.equinox.launcher\org.eclipse.equinox.launcher.win32.win32.x86_64_1.2.1300.v20250331-1702;C:\Users\Jaywant\AppData\Local\Temp\jna--151788782

VM Arguments:
jvm_args: --add-modules=ALL-SYSTEM --add-opens=java.base/java.util=ALL-UNNAMED --add-opens=java.base/java.lang=ALL-UNNAMED --add-opens=java.base/sun.nio.fs=ALL-UNNAMED -Declipse.application=org.eclipse.jdt.ls.core.id1 -Dosgi.bundles.defaultStartLevel=4 -Declipse.product=org.eclipse.jdt.ls.core.product -Djava.import.generatesMetadataFilesAtProjectRoot=false -DDetectVMInstallationsJob.disabled=true -Dfile.encoding=utf8 -XX:+UseParallelGC -XX:GCTimeRatio=4 -XX:AdaptiveSizePolicyWeight=90 -Dsun.zip.disableMemoryMapping=true -Xmx1G -Xms100m -Xlog:disable -javaagent:c:\Users\Jaywant\.cursor\extensions\redhat.java-1.41.1-win32-x64\lombok\lombok-1.18.36.jar -XX:+HeapDumpOnOutOfMemoryError -XX:HeapDumpPath=c:\Users\Jaywant\AppData\Roaming\Cursor\User\workspaceStorage\cc623adeb21d3940532c846187689d28\redhat.java -Daether.dependencyCollector.impl=bf 
java_command: c:\Users\Jaywant\.cursor\extensions\redhat.java-1.41.1-win32-x64\server\plugins\org.eclipse.equinox.launcher_1.7.0.v20250331-1702.jar -configuration c:\Users\Jaywant\AppData\Roaming\Cursor\User\globalStorage\redhat.java\1.41.1\config_win -data c:\Users\Jaywant\AppData\Roaming\Cursor\User\workspaceStorage\cc623adeb21d3940532c846187689d28\redhat.java\jdt_ws --pipe=\\.\pipe\lsp-b8e0527fdbb352c68b79866d9a2efefd-sock
java_class_path (initial): c:\Users\Jaywant\.cursor\extensions\redhat.java-1.41.1-win32-x64\server\plugins\org.eclipse.equinox.launcher_1.7.0.v20250331-1702.jar
Launcher Type: SUN_STANDARD

[Global flags]
    uintx AdaptiveSizePolicyWeight                 = 90                                        {product} {command line}
     intx CICompilerCount                          = 4                                         {product} {ergonomic}
    uintx GCTimeRatio                              = 4                                         {product} {command line}
     bool HeapDumpOnOutOfMemoryError               = true                                   {manageable} {command line}
    ccstr HeapDumpPath                             = c:\Users\Jaywant\AppData\Roaming\Cursor\User\workspaceStorage\cc623adeb21d3940532c846187689d28\redhat.java         {manageable} {command line}
   size_t InitialHeapSize                          = 104857600                                 {product} {command line}
   size_t MaxHeapSize                              = 1073741824                                {product} {command line}
   size_t MaxNewSize                               = 357564416                                 {product} {ergonomic}
   size_t MinHeapDeltaBytes                        = 524288                                    {product} {ergonomic}
   size_t MinHeapSize                              = 104857600                                 {product} {command line}
   size_t NewSize                                  = 34603008                                  {product} {ergonomic}
    uintx NonNMethodCodeHeapSize                   = 5839372                                {pd product} {ergonomic}
    uintx NonProfiledCodeHeapSize                  = 122909434                              {pd product} {ergonomic}
   size_t OldSize                                  = 70254592                                  {product} {ergonomic}
    uintx ProfiledCodeHeapSize                     = 122909434                              {pd product} {ergonomic}
    uintx ReservedCodeCacheSize                    = 251658240                              {pd product} {ergonomic}
     bool SegmentedCodeCache                       = true                                      {product} {ergonomic}
   size_t SoftMaxHeapSize                          = 1073741824                             {manageable} {ergonomic}
     bool UseCompressedOops                        = true                           {product lp64_product} {ergonomic}
     bool UseLargePagesIndividualAllocation        = false                                  {pd product} {ergonomic}
     bool UseParallelGC                            = true                                      {product} {command line}

Logging:
Log output configuration:
 #0: stdout all=off uptime,level,tags foldmultilines=false
 #1: stderr all=off uptime,level,tags foldmultilines=false

Environment Variables:
JAVA_HOME=C:\Program Files\Java\jdk-21\
PATH=c:\Users\Jaywant\AppData\Local\Programs\cursor\resources\app\bin;C:\Program Files\Microsoft\jdk-17.0.14.7-hotspot\bin;C:\Program Files\Common Files\Oracle\Java\javapath;C:\WINDOWS\system32;C:\WINDOWS;C:\WINDOWS\System32\Wbem;C:\WINDOWS\System32\WindowsPowerShell\v1.0\;C:\WINDOWS\System32\OpenSSH\;C:\Program Files\nodejs;C:\Program Files\nodejs\;C:\Program Files\MySQL\MySQL Server 8.0\bin;C:\Program Files\Git\cmd;C:\Program Files\Git\bin;C:\Program Files\apache-maven-3.9.9\bin;C:\Program Files\Java\jdk-17\bin;C:\Program Files\Java\jdk-21\bin;C:\Program Files\Git LFS;C:\ProgramData\chocolatey\bin;C:\Users\Jaywant\AppData\Local\Programs\Python\Python313\Scripts\;C:\Users\Jaywant\AppData\Local\Programs\Python\Python313\;C:\Users\Jaywant\AppData\Local\Programs\Python\Launcher\;C:\Program Files\MySQL\MySQL Shell 8.0\bin\;C:\Users\Jaywant\AppData\Local\Microsoft\WindowsApps;C:\Users\Jaywant\AppData\Roaming\npm;C:\Users\Jaywant\AppData\Local\GitHubDesktop\bin;c:\Users\Jaywant\AppData\Local\Programs\cursor\resources\a;C:\platform-tools;C:\Users\Jaywant\AppData\Local\Android\Sdk\platform-tools;C:\Users\Jaywant\AppData\Local\Android\Sdk\emulator;C:\Program Files\dotnet\;C:\Users\Jaywant\AppData\Local\Android\Sdk\platform-tools;C:\Users\Jaywant\AppData\Local\Android\Sdk\tools;C:\Users\Jaywant\AppData\Local\Android\Sdk\platform-tools;C:\Users\Jaywant\AppData\Local\Android\Sdk\tools;C:\Users\Jaywant\AppData\Local\Programs\Python\Python313\Scripts\;C:\Users\Jaywant\AppData\Local\Programs\Python\Python313\;C:\Users\Jaywant\AppData\Local\Programs\Python\Launcher\;C:\Program Files\MySQL\MySQL Shell 8.0\bin\;C:\Users\Jaywant\AppData\Local\Microsoft\WindowsApps;C:\Users\Jaywant\AppData\Roaming\npm;C:\Users\Jaywant\AppData\Local\Programs\Microsoft VS Code\bin;C:\Users\Jaywant\AppData\Local\GitHubDesktop\bin;C:\Users\Jaywant\AppData\Local\Programs\cursor\resources\app\bin
USERNAME=Jaywant
OS=Windows_NT
PROCESSOR_IDENTIFIER=AMD64 Family 25 Model 80 Stepping 0, AuthenticAMD
TMP=C:\Users\Jaywant\AppData\Local\Temp
TEMP=C:\Users\Jaywant\AppData\Local\Temp




Periodic native trim disabled

---------------  S Y S T E M  ---------------

OS:
 Windows 11 , 64 bit Build 26100 (10.0.26100.3912)
OS uptime: 0 days 1:13 hours
Hyper-V role detected

CPU: total 12 (initial active 12) (12 cores per cpu, 2 threads per core) family 25 model 80 stepping 0 microcode 0xa500011, cx8, cmov, fxsr, ht, mmx, 3dnowpref, sse, sse2, sse3, ssse3, sse4a, sse4.1, sse4.2, popcnt, lzcnt, tsc, tscinvbit, avx, avx2, aes, erms, clmul, bmi1, bmi2, adx, sha, fma, vzeroupper, clflush, clflushopt, hv, rdtscp, rdpid, fsrm, f16c, cet_ss
Processor Information for the first 12 processors :
  Max Mhz: 3301, Current Mhz: 3301, Mhz Limit: 3301

Memory: 4k page, system-wide physical 7521M (799M free)
TotalPageFile size 31073M (AvailPageFile size 75M)
current process WorkingSet (physical memory assigned to process): 241M, peak: 242M
current process commit charge ("private bytes"): 325M, peak: 326M

vm_info: OpenJDK 64-Bit Server VM (21.0.6+7-LTS) for windows-amd64 JRE (21.0.6+7-LTS), built on 2025-01-21T00:00:00Z by "admin" with MS VC++ 17.7 (VS2022)

END.
