#
# There is insufficient memory for the Java Runtime Environment to continue.
# Native memory allocation (mmap) failed to map 25165824 bytes for G1 virtual space
# Possible reasons:
#   The system is out of physical RAM or swap space
#   The process is running with CompressedOops enabled, and the Java Heap may be blocking the growth of the native heap
# Possible solutions:
#   Reduce memory load on the system
#   Increase physical memory or swap space
#   Check if swap backing store is full
#   Decrease Java heap size (-Xmx/-Xms)
#   Decrease number of Java threads
#   Decrease Java thread stack sizes (-Xss)
#   Set larger code cache with -XX:ReservedCodeCacheSize=
#   JVM is running with Unscaled Compressed Oops mode in which the Java heap is
#     placed in the first 4GB address space. The Java Heap base address is the
#     maximum limit for the native heap growth. Please use -XX:HeapBaseMinAddress
#     to set the Java Heap base and to place the Java Heap above 4GB virtual address.
# This output file may be truncated or incomplete.
#
#  Out of Memory Error (os_windows.cpp:3600), pid=16504, tid=18044
#
# JRE version: Java(TM) SE Runtime Environment (21.0.5+9) (build 21.0.5+9-LTS-239)
# Java VM: Java HotSpot(TM) 64-Bit Server VM (21.0.5+9-LTS-239, mixed mode, sharing, tiered, compressed oops, compressed class ptrs, g1 gc, windows-amd64)
# No core dump will be written. Minidumps are not enabled by default on client versions of Windows
#

---------------  S U M M A R Y ------------

Command Line: -Dclassworlds.conf=C:\Program Files\apache-maven-3.9.9\bin\m2.conf -Dmaven.home=C:\Program Files\apache-maven-3.9.9 -Dlibrary.jansi.path=C:\Program Files\apache-maven-3.9.9\lib\jansi-native -Dmaven.multiModuleProjectDirectory=C:\Users\Jaywant\SHOP_BACKEND org.codehaus.plexus.classworlds.launcher.Launcher spring-boot:run

Host: AMD Ryzen 5 5600H with Radeon Graphics         , 12 cores, 7G,  Windows 11 , 64 bit Build 26100 (10.0.26100.3912)
Time: Wed May  7 13:53:34 2025 India Standard Time elapsed time: 5.566921 seconds (0d 0h 0m 5s)

---------------  T H R E A D  ---------------

Current thread (0x00000172290ba590):  VMThread "VM Thread"          [id=18044, stack(0x0000000d31400000,0x0000000d31500000) (1024K)]

Stack: [0x0000000d31400000,0x0000000d31500000]
Native frames: (J=compiled Java code, j=interpreted, Vv=VM code, C=native code)
V  [jvm.dll+0x6ca289]
V  [jvm.dll+0x854a51]
V  [jvm.dll+0x856f7e]
V  [jvm.dll+0x857653]
V  [jvm.dll+0x27dd26]
V  [jvm.dll+0x6c6a25]
V  [jvm.dll+0x6bb5aa]
V  [jvm.dll+0x35359a]
V  [jvm.dll+0x35b1f6]
V  [jvm.dll+0x3adade]
V  [jvm.dll+0x3add88]
V  [jvm.dll+0x3278fc]
V  [jvm.dll+0x327987]
V  [jvm.dll+0x36c26c]
V  [jvm.dll+0x36aabe]
V  [jvm.dll+0x3270c1]
V  [jvm.dll+0x32a986]
V  [jvm.dll+0x37fb66]
V  [jvm.dll+0x85d420]
V  [jvm.dll+0x85e7a4]
V  [jvm.dll+0x85ece0]
V  [jvm.dll+0x85ef83]
V  [jvm.dll+0x7fee9b]
V  [jvm.dll+0x6c896d]
C  [ucrtbase.dll+0x37b0]
C  [KERNEL32.DLL+0x2e8d7]
C  [ntdll.dll+0x9c5dc]

VM_Operation (0x0000000d30dfb5e0): CollectForMetadataAllocation, mode: safepoint, requested by thread 0x000001720a3fdfa0


---------------  P R O C E S S  ---------------

Threads class SMR info:
_java_thread_list=0x0000017270955620, length=13, elements={
0x000001720a3fdfa0, 0x00000172290d6dc0, 0x00000172290d8530, 0x00000172290dc650,
0x00000172290dd0a0, 0x00000172290df530, 0x00000172290dff80, 0x00000172290e4880,
0x00000172290fa150, 0x000001722938a770, 0x000001722939e010, 0x00000172290fa820,
0x000001726f44aaa0
}

Java Threads: ( => current thread )
  0x000001720a3fdfa0 JavaThread "main"                              [_thread_blocked, id=25188, stack(0x0000000d30d00000,0x0000000d30e00000) (1024K)]
  0x00000172290d6dc0 JavaThread "Reference Handler"          daemon [_thread_blocked, id=25096, stack(0x0000000d31500000,0x0000000d31600000) (1024K)]
  0x00000172290d8530 JavaThread "Finalizer"                  daemon [_thread_blocked, id=7724, stack(0x0000000d31600000,0x0000000d31700000) (1024K)]
  0x00000172290dc650 JavaThread "Signal Dispatcher"          daemon [_thread_blocked, id=20208, stack(0x0000000d31700000,0x0000000d31800000) (1024K)]
  0x00000172290dd0a0 JavaThread "Attach Listener"            daemon [_thread_blocked, id=25928, stack(0x0000000d31800000,0x0000000d31900000) (1024K)]
  0x00000172290df530 JavaThread "Service Thread"             daemon [_thread_blocked, id=22360, stack(0x0000000d31900000,0x0000000d31a00000) (1024K)]
  0x00000172290dff80 JavaThread "Monitor Deflation Thread"   daemon [_thread_blocked, id=26264, stack(0x0000000d31a00000,0x0000000d31b00000) (1024K)]
  0x00000172290e4880 JavaThread "C2 CompilerThread0"         daemon [_thread_blocked, id=19196, stack(0x0000000d31b00000,0x0000000d31c00000) (1024K)]
  0x00000172290fa150 JavaThread "C1 CompilerThread0"         daemon [_thread_blocked, id=18780, stack(0x0000000d31c00000,0x0000000d31d00000) (1024K)]
  0x000001722938a770 JavaThread "Notification Thread"        daemon [_thread_blocked, id=20996, stack(0x0000000d31d00000,0x0000000d31e00000) (1024K)]
  0x000001722939e010 JavaThread "Common-Cleaner"             daemon [_thread_blocked, id=21144, stack(0x0000000d31e00000,0x0000000d31f00000) (1024K)]
  0x00000172290fa820 JavaThread "C2 CompilerThread1"         daemon [_thread_blocked, id=5740, stack(0x0000000d32000000,0x0000000d32100000) (1024K)]
  0x000001726f44aaa0 JavaThread "Thread-1"                   daemon [_thread_blocked, id=21744, stack(0x0000000d32900000,0x0000000d32a00000) (1024K)]
Total: 13

Other Threads:
=>0x00000172290ba590 VMThread "VM Thread"                           [id=18044, stack(0x0000000d31400000,0x0000000d31500000) (1024K)]
  0x00000172290a48a0 WatcherThread "VM Periodic Task Thread"        [id=12032, stack(0x0000000d31300000,0x0000000d31400000) (1024K)]
  0x000001720c628b30 WorkerThread "GC Thread#0"                     [id=16784, stack(0x0000000d30e00000,0x0000000d30f00000) (1024K)]
  0x0000017229d8b810 WorkerThread "GC Thread#1"                     [id=23612, stack(0x0000000d32100000,0x0000000d32200000) (1024K)]
  0x000001726f0a89e0 WorkerThread "GC Thread#2"                     [id=19448, stack(0x0000000d32200000,0x0000000d32300000) (1024K)]
  0x000001726f0a8d80 WorkerThread "GC Thread#3"                     [id=18276, stack(0x0000000d32300000,0x0000000d32400000) (1024K)]
  0x000001726f145fb0 WorkerThread "GC Thread#4"                     [id=21156, stack(0x0000000d32400000,0x0000000d32500000) (1024K)]
  0x000001726f146350 WorkerThread "GC Thread#5"                     [id=25840, stack(0x0000000d32500000,0x0000000d32600000) (1024K)]
  0x000001726f1466f0 WorkerThread "GC Thread#6"                     [id=23344, stack(0x0000000d32600000,0x0000000d32700000) (1024K)]
  0x000001726f146a90 WorkerThread "GC Thread#7"                     [id=24456, stack(0x0000000d32700000,0x0000000d32800000) (1024K)]
  0x000001726f35d830 WorkerThread "GC Thread#8"                     [id=23164, stack(0x0000000d31f00000,0x0000000d32000000) (1024K)]
  0x000001726f35d0f0 WorkerThread "GC Thread#9"                     [id=2684, stack(0x0000000d32800000,0x0000000d32900000) (1024K)]
  0x000001720c63ac90 ConcurrentGCThread "G1 Main Marker"            [id=15280, stack(0x0000000d30f00000,0x0000000d31000000) (1024K)]
  0x000001720c63b790 WorkerThread "G1 Conc#0"                       [id=25868, stack(0x0000000d31000000,0x0000000d31100000) (1024K)]
  0x000001720c69ea20 ConcurrentGCThread "G1 Refine#0"               [id=25596, stack(0x0000000d31100000,0x0000000d31200000) (1024K)]
  0x0000017228f73bd0 ConcurrentGCThread "G1 Service"                [id=26428, stack(0x0000000d31200000,0x0000000d31300000) (1024K)]
Total: 16

Threads with active compile tasks:
C2 CompilerThread0     5590 5080   !   4       jdk.internal.loader.BuiltinClassLoader::loadClassOrNull (143 bytes)
C2 CompilerThread1     5590 5105       4       jdk.internal.jimage.BasicImageReader::match (37 bytes)
Total: 2

VM state: at safepoint (normal execution)

VM Mutex/Monitor currently owned by a thread:  ([mutex/lock_event])
[0x00007ff87b29be98] Threads_lock - owner thread: 0x00000172290ba590
[0x00007ff87b29bf98] Heap_lock - owner thread: 0x000001720a3fdfa0

Heap address: 0x000000008a600000, size: 1882 MB, Compressed Oops mode: 32-bit

CDS archive(s) mapped at: [0x000001722a000000-0x000001722ac90000-0x000001722ac90000), size 13172736, SharedBaseAddress: 0x000001722a000000, ArchiveRelocationMode: 1.
Compressed class space mapped at: 0x000001722b000000-0x000001726b000000, reserved size: 1073741824
Narrow klass base: 0x000001722a000000, Narrow klass shift: 0, Narrow klass range: 0x100000000

GC Precious Log:
 CardTable entry size: 512
 Card Set container configuration: InlinePtr #cards 5 size 8 Array Of Cards #cards 12 size 40 Howl #buckets 4 coarsen threshold 1843 Howl Bitmap #cards 512 size 80 coarsen threshold 460 Card regions per heap region 1 cards per card region 2048
 CPUs: 12 total, 12 available
 Memory: 7521M
 Large Page Support: Disabled
 NUMA Support: Disabled
 Compressed Oops: Enabled (32-bit)
 Heap Region Size: 1M
 Heap Min Capacity: 8M
 Heap Initial Capacity: 118M
 Heap Max Capacity: 1882M
 Pre-touch: Disabled
 Parallel Workers: 10
 Concurrent Workers: 3
 Concurrent Refinement Workers: 10
 Periodic GC: Disabled

Heap:
 garbage-first heap   total 122880K, used 27136K [0x000000008a600000, 0x0000000100000000)
  region size 1024K, 8 young (8192K), 8 survivors (8192K)
 Metaspace       used 21203K, committed 21504K, reserved 1114112K
  class space    used 2434K, committed 2560K, reserved 1048576K

Heap Regions: E=young(eden), S=young(survivor), O=old, HS=humongous(starts), HC=humongous(continues), CS=collection set, F=free, TAMS=top-at-mark-start, PB=parsable bottom
|   0|0x000000008a600000, 0x000000008a700000, 0x000000008a700000|100%| O|  |TAMS 0x000000008a700000| PB 0x000000008a600000| Untracked 
|   1|0x000000008a700000, 0x000000008a800000, 0x000000008a800000|100%| O|  |TAMS 0x000000008a800000| PB 0x000000008a700000| Untracked 
|   2|0x000000008a800000, 0x000000008a900000, 0x000000008a900000|100%| O|  |TAMS 0x000000008a900000| PB 0x000000008a800000| Untracked 
|   3|0x000000008a900000, 0x000000008aa00000, 0x000000008aa00000|100%| O|  |TAMS 0x000000008aa00000| PB 0x000000008a900000| Untracked 
|   4|0x000000008aa00000, 0x000000008ab00000, 0x000000008ab00000|100%|HS|  |TAMS 0x000000008ab00000| PB 0x000000008aa00000| Complete 
|   5|0x000000008ab00000, 0x000000008ac00000, 0x000000008ac00000|100%|HC|  |TAMS 0x000000008ac00000| PB 0x000000008ab00000| Complete 
|   6|0x000000008ac00000, 0x000000008ad00000, 0x000000008ad00000|100%|HC|  |TAMS 0x000000008ad00000| PB 0x000000008ac00000| Complete 
|   7|0x000000008ad00000, 0x000000008ae00000, 0x000000008ae00000|100%|HS|  |TAMS 0x000000008ae00000| PB 0x000000008ad00000| Complete 
|   8|0x000000008ae00000, 0x000000008af00000, 0x000000008af00000|100%|HC|  |TAMS 0x000000008af00000| PB 0x000000008ae00000| Complete 
|   9|0x000000008af00000, 0x000000008b000000, 0x000000008b000000|100%|HC|  |TAMS 0x000000008b000000| PB 0x000000008af00000| Complete 
|  10|0x000000008b000000, 0x000000008b000000, 0x000000008b100000|  0%| F|  |TAMS 0x000000008b000000| PB 0x000000008b000000| Untracked 
|  11|0x000000008b100000, 0x000000008b100000, 0x000000008b200000|  0%| F|  |TAMS 0x000000008b100000| PB 0x000000008b100000| Untracked 
|  12|0x000000008b200000, 0x000000008b200000, 0x000000008b300000|  0%| F|  |TAMS 0x000000008b200000| PB 0x000000008b200000| Untracked 
|  13|0x000000008b300000, 0x000000008b300000, 0x000000008b400000|  0%| F|  |TAMS 0x000000008b300000| PB 0x000000008b300000| Untracked 
|  14|0x000000008b400000, 0x000000008b400000, 0x000000008b500000|  0%| F|  |TAMS 0x000000008b400000| PB 0x000000008b400000| Untracked 
|  15|0x000000008b500000, 0x000000008b500000, 0x000000008b600000|  0%| F|  |TAMS 0x000000008b500000| PB 0x000000008b500000| Untracked 
|  16|0x000000008b600000, 0x000000008b600000, 0x000000008b700000|  0%| F|  |TAMS 0x000000008b600000| PB 0x000000008b600000| Untracked 
|  17|0x000000008b700000, 0x000000008b700000, 0x000000008b800000|  0%| F|  |TAMS 0x000000008b700000| PB 0x000000008b700000| Untracked 
|  18|0x000000008b800000, 0x000000008b800000, 0x000000008b900000|  0%| F|  |TAMS 0x000000008b800000| PB 0x000000008b800000| Untracked 
|  19|0x000000008b900000, 0x000000008b900000, 0x000000008ba00000|  0%| F|  |TAMS 0x000000008b900000| PB 0x000000008b900000| Untracked 
|  20|0x000000008ba00000, 0x000000008ba00000, 0x000000008bb00000|  0%| F|  |TAMS 0x000000008ba00000| PB 0x000000008ba00000| Untracked 
|  21|0x000000008bb00000, 0x000000008bb00000, 0x000000008bc00000|  0%| F|  |TAMS 0x000000008bb00000| PB 0x000000008bb00000| Untracked 
|  22|0x000000008bc00000, 0x000000008bc00000, 0x000000008bd00000|  0%| F|  |TAMS 0x000000008bc00000| PB 0x000000008bc00000| Untracked 
|  23|0x000000008bd00000, 0x000000008bd00000, 0x000000008be00000|  0%| F|  |TAMS 0x000000008bd00000| PB 0x000000008bd00000| Untracked 
|  24|0x000000008be00000, 0x000000008be00000, 0x000000008bf00000|  0%| F|  |TAMS 0x000000008be00000| PB 0x000000008be00000| Untracked 
|  25|0x000000008bf00000, 0x000000008bf00000, 0x000000008c000000|  0%| F|  |TAMS 0x000000008bf00000| PB 0x000000008bf00000| Untracked 
|  26|0x000000008c000000, 0x000000008c000000, 0x000000008c100000|  0%| F|  |TAMS 0x000000008c000000| PB 0x000000008c000000| Untracked 
|  27|0x000000008c100000, 0x000000008c100000, 0x000000008c200000|  0%| F|  |TAMS 0x000000008c100000| PB 0x000000008c100000| Untracked 
|  28|0x000000008c200000, 0x000000008c200000, 0x000000008c300000|  0%| F|  |TAMS 0x000000008c200000| PB 0x000000008c200000| Untracked 
|  29|0x000000008c300000, 0x000000008c300000, 0x000000008c400000|  0%| F|  |TAMS 0x000000008c300000| PB 0x000000008c300000| Untracked 
|  30|0x000000008c400000, 0x000000008c400000, 0x000000008c500000|  0%| F|  |TAMS 0x000000008c400000| PB 0x000000008c400000| Untracked 
|  31|0x000000008c500000, 0x000000008c500000, 0x000000008c600000|  0%| F|  |TAMS 0x000000008c500000| PB 0x000000008c500000| Untracked 
|  32|0x000000008c600000, 0x000000008c600000, 0x000000008c700000|  0%| F|  |TAMS 0x000000008c600000| PB 0x000000008c600000| Untracked 
|  33|0x000000008c700000, 0x000000008c700000, 0x000000008c800000|  0%| F|  |TAMS 0x000000008c700000| PB 0x000000008c700000| Untracked 
|  34|0x000000008c800000, 0x000000008c800000, 0x000000008c900000|  0%| F|  |TAMS 0x000000008c800000| PB 0x000000008c800000| Untracked 
|  35|0x000000008c900000, 0x000000008c900000, 0x000000008ca00000|  0%| F|  |TAMS 0x000000008c900000| PB 0x000000008c900000| Untracked 
|  36|0x000000008ca00000, 0x000000008ca00000, 0x000000008cb00000|  0%| F|  |TAMS 0x000000008ca00000| PB 0x000000008ca00000| Untracked 
|  37|0x000000008cb00000, 0x000000008cc00000, 0x000000008cc00000|100%| O|  |TAMS 0x000000008cc00000| PB 0x000000008cb00000| Untracked 
|  38|0x000000008cc00000, 0x000000008cd00000, 0x000000008cd00000|100%| O|  |TAMS 0x000000008cd00000| PB 0x000000008cc00000| Untracked 
|  39|0x000000008cd00000, 0x000000008cd00000, 0x000000008ce00000|  0%| F|  |TAMS 0x000000008cd00000| PB 0x000000008cd00000| Untracked 
|  40|0x000000008ce00000, 0x000000008ce00000, 0x000000008cf00000|  0%| F|  |TAMS 0x000000008ce00000| PB 0x000000008ce00000| Untracked 
|  41|0x000000008cf00000, 0x000000008cf00000, 0x000000008d000000|  0%| F|  |TAMS 0x000000008cf00000| PB 0x000000008cf00000| Untracked 
|  42|0x000000008d000000, 0x000000008d000000, 0x000000008d100000|  0%| F|  |TAMS 0x000000008d000000| PB 0x000000008d000000| Untracked 
|  43|0x000000008d100000, 0x000000008d100000, 0x000000008d200000|  0%| F|  |TAMS 0x000000008d100000| PB 0x000000008d100000| Untracked 
|  44|0x000000008d200000, 0x000000008d200000, 0x000000008d300000|  0%| F|  |TAMS 0x000000008d200000| PB 0x000000008d200000| Untracked 
|  45|0x000000008d300000, 0x000000008d300000, 0x000000008d400000|  0%| F|  |TAMS 0x000000008d300000| PB 0x000000008d300000| Untracked 
|  46|0x000000008d400000, 0x000000008d400000, 0x000000008d500000|  0%| F|  |TAMS 0x000000008d400000| PB 0x000000008d400000| Untracked 
|  47|0x000000008d500000, 0x000000008d500000, 0x000000008d600000|  0%| F|  |TAMS 0x000000008d500000| PB 0x000000008d500000| Untracked 
|  48|0x000000008d600000, 0x000000008d700000, 0x000000008d700000|100%| O|  |TAMS 0x000000008d700000| PB 0x000000008d600000| Untracked 
|  49|0x000000008d700000, 0x000000008d800000, 0x000000008d800000|100%| O|  |TAMS 0x000000008d800000| PB 0x000000008d700000| Untracked 
|  50|0x000000008d800000, 0x000000008d900000, 0x000000008d900000|100%| O|  |TAMS 0x000000008d900000| PB 0x000000008d800000| Untracked 
|  51|0x000000008d900000, 0x000000008da00000, 0x000000008da00000|100%| O|  |TAMS 0x000000008da00000| PB 0x000000008d900000| Untracked 
|  52|0x000000008da00000, 0x000000008db00000, 0x000000008db00000|100%| O|  |TAMS 0x000000008db00000| PB 0x000000008da00000| Untracked 
|  53|0x000000008db00000, 0x000000008dc00000, 0x000000008dc00000|100%| O|  |TAMS 0x000000008dc00000| PB 0x000000008db00000| Untracked 
|  54|0x000000008dc00000, 0x000000008dc00000, 0x000000008dd00000|  0%| F|  |TAMS 0x000000008dc00000| PB 0x000000008dc00000| Untracked 
|  55|0x000000008dd00000, 0x000000008dd00000, 0x000000008de00000|  0%| F|  |TAMS 0x000000008dd00000| PB 0x000000008dd00000| Untracked 
|  56|0x000000008de00000, 0x000000008de00000, 0x000000008df00000|  0%| F|  |TAMS 0x000000008de00000| PB 0x000000008de00000| Untracked 
|  57|0x000000008df00000, 0x000000008df00000, 0x000000008e000000|  0%| F|  |TAMS 0x000000008df00000| PB 0x000000008df00000| Untracked 
|  58|0x000000008e000000, 0x000000008e000000, 0x000000008e100000|  0%| F|  |TAMS 0x000000008e000000| PB 0x000000008e000000| Untracked 
|  59|0x000000008e100000, 0x000000008e100000, 0x000000008e200000|  0%| F|  |TAMS 0x000000008e100000| PB 0x000000008e100000| Untracked 
|  60|0x000000008e200000, 0x000000008e200000, 0x000000008e300000|  0%| F|  |TAMS 0x000000008e200000| PB 0x000000008e200000| Untracked 
|  61|0x000000008e300000, 0x000000008e300000, 0x000000008e400000|  0%| F|  |TAMS 0x000000008e300000| PB 0x000000008e300000| Untracked 
|  62|0x000000008e400000, 0x000000008e400000, 0x000000008e500000|  0%| F|  |TAMS 0x000000008e400000| PB 0x000000008e400000| Untracked 
|  63|0x000000008e500000, 0x000000008e500000, 0x000000008e600000|  0%| F|  |TAMS 0x000000008e500000| PB 0x000000008e500000| Untracked 
|  64|0x000000008e600000, 0x000000008e600000, 0x000000008e700000|  0%| F|  |TAMS 0x000000008e600000| PB 0x000000008e600000| Untracked 
|  65|0x000000008e700000, 0x000000008e700000, 0x000000008e800000|  0%| F|  |TAMS 0x000000008e700000| PB 0x000000008e700000| Untracked 
|  66|0x000000008e800000, 0x000000008e800000, 0x000000008e900000|  0%| F|  |TAMS 0x000000008e800000| PB 0x000000008e800000| Untracked 
|  67|0x000000008e900000, 0x000000008e900000, 0x000000008ea00000|  0%| F|  |TAMS 0x000000008e900000| PB 0x000000008e900000| Untracked 
|  68|0x000000008ea00000, 0x000000008ea00000, 0x000000008eb00000|  0%| F|  |TAMS 0x000000008ea00000| PB 0x000000008ea00000| Untracked 
|  69|0x000000008eb00000, 0x000000008eb00000, 0x000000008ec00000|  0%| F|  |TAMS 0x000000008eb00000| PB 0x000000008eb00000| Untracked 
|  70|0x000000008ec00000, 0x000000008ec00000, 0x000000008ed00000|  0%| F|  |TAMS 0x000000008ec00000| PB 0x000000008ec00000| Untracked 
|  71|0x000000008ed00000, 0x000000008ed00000, 0x000000008ee00000|  0%| F|  |TAMS 0x000000008ed00000| PB 0x000000008ed00000| Untracked 
|  72|0x000000008ee00000, 0x000000008ee00000, 0x000000008ef00000|  0%| F|  |TAMS 0x000000008ee00000| PB 0x000000008ee00000| Untracked 
|  73|0x000000008ef00000, 0x000000008ef00000, 0x000000008f000000|  0%| F|  |TAMS 0x000000008ef00000| PB 0x000000008ef00000| Untracked 
|  74|0x000000008f000000, 0x000000008f000000, 0x000000008f100000|  0%| F|  |TAMS 0x000000008f000000| PB 0x000000008f000000| Untracked 
|  75|0x000000008f100000, 0x000000008f100000, 0x000000008f200000|  0%| F|  |TAMS 0x000000008f100000| PB 0x000000008f100000| Untracked 
|  76|0x000000008f200000, 0x000000008f200000, 0x000000008f300000|  0%| F|  |TAMS 0x000000008f200000| PB 0x000000008f200000| Untracked 
|  77|0x000000008f300000, 0x000000008f300000, 0x000000008f400000|  0%| F|  |TAMS 0x000000008f300000| PB 0x000000008f300000| Untracked 
|  78|0x000000008f400000, 0x000000008f400000, 0x000000008f500000|  0%| F|  |TAMS 0x000000008f400000| PB 0x000000008f400000| Untracked 
|  79|0x000000008f500000, 0x000000008f500000, 0x000000008f600000|  0%| F|  |TAMS 0x000000008f500000| PB 0x000000008f500000| Untracked 
|  80|0x000000008f600000, 0x000000008f600000, 0x000000008f700000|  0%| F|  |TAMS 0x000000008f600000| PB 0x000000008f600000| Untracked 
|  81|0x000000008f700000, 0x000000008f700000, 0x000000008f800000|  0%| F|  |TAMS 0x000000008f700000| PB 0x000000008f700000| Untracked 
|  82|0x000000008f800000, 0x000000008f800000, 0x000000008f900000|  0%| F|  |TAMS 0x000000008f800000| PB 0x000000008f800000| Untracked 
|  83|0x000000008f900000, 0x000000008f900000, 0x000000008fa00000|  0%| F|  |TAMS 0x000000008f900000| PB 0x000000008f900000| Untracked 
|  84|0x000000008fa00000, 0x000000008fa00000, 0x000000008fb00000|  0%| F|  |TAMS 0x000000008fa00000| PB 0x000000008fa00000| Untracked 
|  85|0x000000008fb00000, 0x000000008fb00000, 0x000000008fc00000|  0%| F|  |TAMS 0x000000008fb00000| PB 0x000000008fb00000| Untracked 
|  86|0x000000008fc00000, 0x000000008fc00000, 0x000000008fd00000|  0%| F|  |TAMS 0x000000008fc00000| PB 0x000000008fc00000| Untracked 
|  87|0x000000008fd00000, 0x000000008fd00000, 0x000000008fe00000|  0%| F|  |TAMS 0x000000008fd00000| PB 0x000000008fd00000| Untracked 
|  88|0x000000008fe00000, 0x000000008fe00000, 0x000000008ff00000|  0%| F|  |TAMS 0x000000008fe00000| PB 0x000000008fe00000| Untracked 
|  89|0x000000008ff00000, 0x000000008ff00000, 0x0000000090000000|  0%| F|  |TAMS 0x000000008ff00000| PB 0x000000008ff00000| Untracked 
|  90|0x0000000090000000, 0x0000000090000000, 0x0000000090100000|  0%| F|  |TAMS 0x0000000090000000| PB 0x0000000090000000| Untracked 
|  91|0x0000000090100000, 0x0000000090100000, 0x0000000090200000|  0%| F|  |TAMS 0x0000000090100000| PB 0x0000000090100000| Untracked 
|  92|0x0000000090200000, 0x0000000090200000, 0x0000000090300000|  0%| F|  |TAMS 0x0000000090200000| PB 0x0000000090200000| Untracked 
|  93|0x0000000090300000, 0x0000000090300000, 0x0000000090400000|  0%| F|  |TAMS 0x0000000090300000| PB 0x0000000090300000| Untracked 
|  94|0x0000000090400000, 0x0000000090400000, 0x0000000090500000|  0%| F|  |TAMS 0x0000000090400000| PB 0x0000000090400000| Untracked 
|  95|0x0000000090500000, 0x0000000090500000, 0x0000000090600000|  0%| F|  |TAMS 0x0000000090500000| PB 0x0000000090500000| Untracked 
|  96|0x0000000090600000, 0x0000000090600000, 0x0000000090700000|  0%| F|  |TAMS 0x0000000090600000| PB 0x0000000090600000| Untracked 
|  97|0x0000000090700000, 0x0000000090780000, 0x0000000090800000| 50%| S|CS|TAMS 0x0000000090700000| PB 0x0000000090700000| Complete 
|  98|0x0000000090800000, 0x0000000090900000, 0x0000000090900000|100%| S|CS|TAMS 0x0000000090800000| PB 0x0000000090800000| Complete 
|  99|0x0000000090900000, 0x0000000090a00000, 0x0000000090a00000|100%| S|CS|TAMS 0x0000000090900000| PB 0x0000000090900000| Complete 
| 100|0x0000000090a00000, 0x0000000090b00000, 0x0000000090b00000|100%| S|CS|TAMS 0x0000000090a00000| PB 0x0000000090a00000| Complete 
| 101|0x0000000090b00000, 0x0000000090c00000, 0x0000000090c00000|100%| S|CS|TAMS 0x0000000090b00000| PB 0x0000000090b00000| Complete 
| 102|0x0000000090c00000, 0x0000000090d00000, 0x0000000090d00000|100%| S|CS|TAMS 0x0000000090c00000| PB 0x0000000090c00000| Complete 
| 103|0x0000000090d00000, 0x0000000090e00000, 0x0000000090e00000|100%| S|CS|TAMS 0x0000000090d00000| PB 0x0000000090d00000| Complete 
| 104|0x0000000090e00000, 0x0000000090f00000, 0x0000000090f00000|100%| S|CS|TAMS 0x0000000090e00000| PB 0x0000000090e00000| Complete 
| 105|0x0000000090f00000, 0x0000000090f00000, 0x0000000091000000|  0%| F|  |TAMS 0x0000000090f00000| PB 0x0000000090f00000| Untracked 
| 106|0x0000000091000000, 0x0000000091000000, 0x0000000091100000|  0%| F|  |TAMS 0x0000000091000000| PB 0x0000000091000000| Untracked 
| 107|0x0000000091100000, 0x0000000091100000, 0x0000000091200000|  0%| F|  |TAMS 0x0000000091100000| PB 0x0000000091100000| Untracked 
| 108|0x0000000091200000, 0x0000000091200000, 0x0000000091300000|  0%| F|  |TAMS 0x0000000091200000| PB 0x0000000091200000| Untracked 
| 109|0x0000000091300000, 0x0000000091300000, 0x0000000091400000|  0%| F|  |TAMS 0x0000000091300000| PB 0x0000000091300000| Untracked 
| 110|0x0000000091400000, 0x0000000091400000, 0x0000000091500000|  0%| F|  |TAMS 0x0000000091400000| PB 0x0000000091400000| Untracked 
| 111|0x0000000091500000, 0x0000000091500000, 0x0000000091600000|  0%| F|  |TAMS 0x0000000091500000| PB 0x0000000091500000| Untracked 
| 112|0x0000000091600000, 0x0000000091600000, 0x0000000091700000|  0%| F|  |TAMS 0x0000000091600000| PB 0x0000000091600000| Untracked 
| 113|0x0000000091700000, 0x0000000091700000, 0x0000000091800000|  0%| F|  |TAMS 0x0000000091700000| PB 0x0000000091700000| Untracked 
| 114|0x0000000091800000, 0x0000000091800000, 0x0000000091900000|  0%| F|  |TAMS 0x0000000091800000| PB 0x0000000091800000| Untracked 
| 115|0x0000000091900000, 0x0000000091900000, 0x0000000091a00000|  0%| F|  |TAMS 0x0000000091900000| PB 0x0000000091900000| Untracked 
| 116|0x0000000091a00000, 0x0000000091a00000, 0x0000000091b00000|  0%| F|  |TAMS 0x0000000091a00000| PB 0x0000000091a00000| Untracked 
| 117|0x0000000091b00000, 0x0000000091b00000, 0x0000000091c00000|  0%| F|  |TAMS 0x0000000091b00000| PB 0x0000000091b00000| Untracked 
| 118|0x0000000091c00000, 0x0000000091c00000, 0x0000000091d00000|  0%| F|  |TAMS 0x0000000091c00000| PB 0x0000000091c00000| Untracked 
|1881|0x00000000fff00000, 0x0000000100000000, 0x0000000100000000|100%| O|  |TAMS 0x0000000100000000| PB 0x00000000fff00000| Untracked 

Card table byte_map: [0x0000017224370000,0x0000017224720000] _byte_map_base: 0x0000017223f1d000

Marking Bits: (CMBitMap*) 0x000001720c629240
 Bits: [0x0000017224720000, 0x0000017226488000)

Polling page: 0x000001720bd20000

Metaspace:

Usage:
  Non-class:     18.33 MB used.
      Class:      2.38 MB used.
       Both:     20.71 MB used.

Virtual space:
  Non-class space:       64.00 MB reserved,      18.50 MB ( 29%) committed,  1 nodes.
      Class space:        1.00 GB reserved,       2.50 MB ( <1%) committed,  1 nodes.
             Both:        1.06 GB reserved,      21.00 MB (  2%) committed. 

Chunk freelists:
   Non-Class:  12.88 MB
       Class:  13.39 MB
        Both:  26.27 MB

MaxMetaspaceSize: unlimited
CompressedClassSpaceSize: 1.00 GB
Initial GC threshold: 21.00 MB
Current GC threshold: 21.00 MB
CDS: on
 - commit_granule_bytes: 65536.
 - commit_granule_words: 8192.
 - virtual_space_node_default_size: 8388608.
 - enlarge_chunks_in_place: 1.
 - use_allocation_guard: 0.


Internal statistics:

num_allocs_failed_limit: 3.
num_arena_births: 222.
num_arena_deaths: 0.
num_vsnodes_births: 2.
num_vsnodes_deaths: 0.
num_space_committed: 336.
num_space_uncommitted: 0.
num_chunks_returned_to_freelist: 3.
num_chunks_taken_from_freelist: 956.
num_chunk_merges: 3.
num_chunk_splits: 668.
num_chunks_enlarged: 537.
num_inconsistent_stats: 0.

CodeHeap 'non-profiled nmethods': size=120000Kb used=2748Kb max_used=2748Kb free=117251Kb
 bounds [0x000001721c530000, 0x000001721c7e0000, 0x0000017223a60000]
CodeHeap 'profiled nmethods': size=120000Kb used=10628Kb max_used=10628Kb free=109371Kb
 bounds [0x0000017214a60000, 0x00000172154d0000, 0x000001721bf90000]
CodeHeap 'non-nmethods': size=5760Kb used=1433Kb max_used=1498Kb free=4326Kb
 bounds [0x000001721bf90000, 0x000001721c200000, 0x000001721c530000]
 total_blobs=5634 nmethods=5112 adapters=426
 compilation: enabled
              stopped_count=0, restarted_count=0
 full_count=0

Compilation events (20 events):
Event: 3.526 Thread 0x00000172290fa150 5106       3       java.nio.MappedByteBuffer::position (6 bytes)
Event: 3.526 Thread 0x00000172290fa150 nmethod 5106 0x00000172154bb210 code [0x00000172154bb3c0, 0x00000172154bb5d0]
Event: 3.526 Thread 0x00000172290fa150 5107       3       jdk.internal.jimage.ImageReader::findLocation (14 bytes)
Event: 3.526 Thread 0x00000172290fa150 nmethod 5107 0x00000172154bb710 code [0x00000172154bb8e0, 0x00000172154bbc30]
Event: 3.526 Thread 0x00000172290fa150 5108       3       jdk.internal.jimage.BasicImageReader::findLocation (57 bytes)
Event: 3.527 Thread 0x00000172290fa150 nmethod 5108 0x00000172154bbd90 code [0x00000172154bc000, 0x00000172154bca90]
Event: 3.527 Thread 0x00000172290fa150 5109       3       jdk.internal.module.SystemModuleFinders$SystemModuleReader::read (25 bytes)
Event: 3.527 Thread 0x00000172290fa150 nmethod 5109 0x00000172154bce10 code [0x00000172154bd060, 0x00000172154bd8b8]
Event: 3.527 Thread 0x00000172290fa150 5110       3       jdk.internal.module.SystemModuleFinders$SystemModuleReader::findImageLocation (42 bytes)
Event: 3.527 Thread 0x00000172290fa150 nmethod 5110 0x00000172154bdc10 code [0x00000172154bde40, 0x00000172154be4f8]
Event: 3.527 Thread 0x00000172290fa150 5111       3       jdk.internal.jimage.BasicImageReader::getAttributes (35 bytes)
Event: 3.528 Thread 0x00000172290fa150 nmethod 5111 0x00000172154be790 code [0x00000172154be960, 0x00000172154bec10]
Event: 3.528 Thread 0x00000172290fa150 5112       3       jdk.internal.jimage.ImageLocation::verify (38 bytes)
Event: 3.528 Thread 0x00000172290fa150 nmethod 5112 0x00000172154bed10 code [0x00000172154bef20, 0x00000172154bf4c0]
Event: 3.528 Thread 0x00000172290fa150 5113       3       java.nio.DirectByteBuffer::<init> (60 bytes)
Event: 3.528 Thread 0x00000172290fa150 nmethod 5113 0x00000172154bf790 code [0x00000172154bf960, 0x00000172154bfda0]
Event: 3.528 Thread 0x00000172290fa150 5114   !   3       jdk.internal.jimage.BasicImageReader::readBuffer (238 bytes)
Event: 3.529 Thread 0x00000172290fa150 nmethod 5114 0x00000172154bff10 code [0x00000172154c01e0, 0x00000172154c0e08]
Event: 3.530 Thread 0x00000172290fa820 nmethod 5103 0x000001721c7de310 code [0x000001721c7de500, 0x000001721c7dee08]
Event: 3.530 Thread 0x00000172290fa820 5105       4       jdk.internal.jimage.BasicImageReader::match (37 bytes)

GC Heap History (9 events):
Event: 0.742 GC heap before
{Heap before GC invocations=0 (full 0):
 garbage-first heap   total 120832K, used 23552K [0x000000008a600000, 0x0000000100000000)
  region size 1024K, 23 young (23552K), 0 survivors (0K)
 Metaspace       used 5690K, committed 5888K, reserved 1114112K
  class space    used 659K, committed 768K, reserved 1048576K
}
Event: 0.750 GC heap after
{Heap after GC invocations=1 (full 0):
 garbage-first heap   total 120832K, used 3952K [0x000000008a600000, 0x0000000100000000)
  region size 1024K, 3 young (3072K), 3 survivors (3072K)
 Metaspace       used 5690K, committed 5888K, reserved 1114112K
  class space    used 659K, committed 768K, reserved 1048576K
}
Event: 1.186 GC heap before
{Heap before GC invocations=1 (full 0):
 garbage-first heap   total 120832K, used 34672K [0x000000008a600000, 0x0000000100000000)
  region size 1024K, 33 young (33792K), 3 survivors (3072K)
 Metaspace       used 9966K, committed 10176K, reserved 1114112K
  class space    used 1173K, committed 1280K, reserved 1048576K
}
Event: 1.191 GC heap after
{Heap after GC invocations=2 (full 0):
 garbage-first heap   total 120832K, used 5625K [0x000000008a600000, 0x0000000100000000)
  region size 1024K, 2 young (2048K), 2 survivors (2048K)
 Metaspace       used 9966K, committed 10176K, reserved 1114112K
  class space    used 1173K, committed 1280K, reserved 1048576K
}
Event: 2.149 GC heap before
{Heap before GC invocations=2 (full 0):
 garbage-first heap   total 120832K, used 75257K [0x000000008a600000, 0x0000000100000000)
  region size 1024K, 70 young (71680K), 2 survivors (2048K)
 Metaspace       used 16065K, committed 16384K, reserved 1114112K
  class space    used 1853K, committed 1984K, reserved 1048576K
}
Event: 2.162 GC heap after
{Heap after GC invocations=3 (full 0):
 garbage-first heap   total 120832K, used 13312K [0x000000008a600000, 0x0000000100000000)
  region size 1024K, 9 young (9216K), 9 survivors (9216K)
 Metaspace       used 16065K, committed 16384K, reserved 1114112K
  class space    used 1853K, committed 1984K, reserved 1048576K
}
Event: 3.368 GC heap before
{Heap before GC invocations=3 (full 0):
 garbage-first heap   total 120832K, used 109568K [0x000000008a600000, 0x0000000100000000)
  region size 1024K, 70 young (71680K), 9 survivors (9216K)
 Metaspace       used 20082K, committed 20416K, reserved 1114112K
  class space    used 2261K, committed 2432K, reserved 1048576K
}
Event: 3.381 GC heap after
{Heap after GC invocations=4 (full 0):
 garbage-first heap   total 122880K, used 16896K [0x000000008a600000, 0x0000000100000000)
  region size 1024K, 4 young (4096K), 4 survivors (4096K)
 Metaspace       used 20082K, committed 20416K, reserved 1114112K
  class space    used 2261K, committed 2432K, reserved 1048576K
}
Event: 3.532 GC heap before
{Heap before GC invocations=4 (full 0):
 garbage-first heap   total 122880K, used 35328K [0x000000008a600000, 0x0000000100000000)
  region size 1024K, 17 young (17408K), 4 survivors (4096K)
 Metaspace       used 21203K, committed 21504K, reserved 1114112K
  class space    used 2434K, committed 2560K, reserved 1048576K
}

Dll operation events (8 events):
Event: 0.017 Loaded shared library C:\Program Files\Java\jdk-21\bin\java.dll
Event: 0.073 Loaded shared library C:\Program Files\Java\jdk-21\bin\jsvml.dll
Event: 0.093 Loaded shared library C:\Program Files\Java\jdk-21\bin\net.dll
Event: 0.095 Loaded shared library C:\Program Files\Java\jdk-21\bin\nio.dll
Event: 0.100 Loaded shared library C:\Program Files\Java\jdk-21\bin\zip.dll
Event: 0.252 Loaded shared library C:\Program Files\Java\jdk-21\bin\jimage.dll
Event: 0.254 Loaded shared library C:\Program Files\apache-maven-3.9.9\lib\jansi-native\Windows\x86_64\jansi.dll
Event: 0.272 Loaded shared library C:\Program Files\Java\jdk-21\bin\verify.dll

Deoptimization events (20 events):
Event: 3.457 Thread 0x000001720a3fdfa0 Uncommon trap: trap_request=0xffffff45 fr.pc=0x000001721c7cdeec relative=0x000000000000022c
Event: 3.457 Thread 0x000001720a3fdfa0 Uncommon trap: reason=unstable_if action=reinterpret pc=0x000001721c7cdeec method=java.util.Arrays.hashCode([B)I @ 8 c2
Event: 3.457 Thread 0x000001720a3fdfa0 DEOPT PACKING pc=0x000001721c7cdeec sp=0x0000000d30dfc110
Event: 3.457 Thread 0x000001720a3fdfa0 DEOPT UNPACKING pc=0x000001721bfe46a2 sp=0x0000000d30dfc0a8 mode 2
Event: 3.467 Thread 0x000001720a3fdfa0 Uncommon trap: trap_request=0xffffff45 fr.pc=0x000001721c7a7710 relative=0x0000000000000e50
Event: 3.467 Thread 0x000001720a3fdfa0 Uncommon trap: reason=unstable_if action=reinterpret pc=0x000001721c7a7710 method=java.lang.String.<init>(Ljava/nio/charset/Charset;[BII)V @ 34 c2
Event: 3.467 Thread 0x000001720a3fdfa0 DEOPT PACKING pc=0x000001721c7a7710 sp=0x0000000d30dfc350
Event: 3.467 Thread 0x000001720a3fdfa0 DEOPT UNPACKING pc=0x000001721bfe46a2 sp=0x0000000d30dfc328 mode 2
Event: 3.471 Thread 0x000001720a3fdfa0 Uncommon trap: trap_request=0xffffffde fr.pc=0x000001721c778800 relative=0x0000000000000160
Event: 3.471 Thread 0x000001720a3fdfa0 Uncommon trap: reason=class_check action=maybe_recompile pc=0x000001721c778800 method=java.util.stream.StreamOpFlag.fromCharacteristics(Ljava/util/Spliterator;)I @ 14 c2
Event: 3.471 Thread 0x000001720a3fdfa0 DEOPT PACKING pc=0x000001721c778800 sp=0x0000000d30dfd000
Event: 3.471 Thread 0x000001720a3fdfa0 DEOPT UNPACKING pc=0x000001721bfe46a2 sp=0x0000000d30dfcf50 mode 2
Event: 3.475 Thread 0x000001720a3fdfa0 Uncommon trap: trap_request=0xffffff45 fr.pc=0x000001721c7cd890 relative=0x00000000000000f0
Event: 3.475 Thread 0x000001720a3fdfa0 Uncommon trap: reason=unstable_if action=reinterpret pc=0x000001721c7cd890 method=jdk.nio.zipfs.ZipConstants.pkSigAt([BIII)Z @ 5 c2
Event: 3.475 Thread 0x000001720a3fdfa0 DEOPT PACKING pc=0x000001721c7cd890 sp=0x0000000d30dfcfc0
Event: 3.475 Thread 0x000001720a3fdfa0 DEOPT UNPACKING pc=0x000001721bfe46a2 sp=0x0000000d30dfcf68 mode 2
Event: 3.486 Thread 0x000001720a3fdfa0 Uncommon trap: trap_request=0xffffff76 fr.pc=0x000001721c7d0778 relative=0x00000000000001d8
Event: 3.486 Thread 0x000001720a3fdfa0 Uncommon trap: reason=predicate action=maybe_recompile pc=0x000001721c7d0778 method=java.util.LinkedHashMap.valuesToArray([Ljava/lang/Object;Z)[Ljava/lang/Object; @ 53 c2
Event: 3.486 Thread 0x000001720a3fdfa0 DEOPT PACKING pc=0x000001721c7d0778 sp=0x0000000d30dfd040
Event: 3.486 Thread 0x000001720a3fdfa0 DEOPT UNPACKING pc=0x000001721bfe46a2 sp=0x0000000d30dfcff0 mode 2

Classes loaded (20 events):
Event: 3.432 Loading class java/nio/file/attribute/AclFileAttributeView
Event: 3.432 Loading class java/nio/file/attribute/FileOwnerAttributeView
Event: 3.432 Loading class java/nio/file/attribute/FileOwnerAttributeView done
Event: 3.432 Loading class java/nio/file/attribute/AclFileAttributeView done
Event: 3.432 Loading class sun/nio/fs/AbstractAclFileAttributeView done
Event: 3.432 Loading class sun/nio/fs/WindowsAclFileAttributeView done
Event: 3.432 Loading class sun/nio/fs/WindowsSecurity
Event: 3.432 Loading class sun/nio/fs/WindowsSecurity done
Event: 3.436 Loading class java/nio/file/attribute/PosixFileAttributeView
Event: 3.436 Loading class java/nio/file/attribute/PosixFileAttributeView done
Event: 3.467 Loading class java/nio/file/ClosedDirectoryStreamException
Event: 3.467 Loading class java/nio/file/ClosedDirectoryStreamException done
Event: 3.467 Loading class java/nio/file/DirectoryIteratorException
Event: 3.467 Loading class java/nio/file/DirectoryIteratorException done
Event: 3.470 Loading class java/util/TreeMap$KeySpliterator
Event: 3.471 Loading class java/util/TreeMap$TreeMapSpliterator
Event: 3.471 Loading class java/util/TreeMap$TreeMapSpliterator done
Event: 3.471 Loading class java/util/TreeMap$KeySpliterator done
Event: 3.497 Loading class java/util/regex/PatternSyntaxException
Event: 3.498 Loading class java/util/regex/PatternSyntaxException done

Classes unloaded (0 events):
No events

Classes redefined (0 events):
No events

Internal exceptions (20 events):
Event: 1.586 Thread 0x000001720a3fdfa0 Exception <a 'java/lang/NoSuchMethodError'{0x0000000090613568}: 'void java.lang.invoke.DirectMethodHandle$Holder.invokeSpecial(java.lang.Object, java.lang.Object, java.lang.Object, java.lang.Object, java.lang.Object, java.lang.Object)'> (0x0000000090613568) 
thrown [s\open\src\hotspot\share\interpreter\linkResolver.cpp, line 773]
Event: 1.596 Thread 0x000001720a3fdfa0 Exception <a 'java/lang/NoSuchMethodError'{0x0000000090509f88}: 'java.lang.Object java.lang.invoke.DirectMethodHandle$Holder.invokeVirtual(java.lang.Object, java.lang.Object, java.lang.Object)'> (0x0000000090509f88) 
thrown [s\open\src\hotspot\share\interpreter\linkResolver.cpp, line 773]
Event: 1.631 Thread 0x000001720a3fdfa0 Exception <a 'java/lang/NoSuchMethodError'{0x00000000904d8c40}: 'void java.lang.invoke.DirectMethodHandle$Holder.invokeVirtual(java.lang.Object, java.lang.Object, int)'> (0x00000000904d8c40) 
thrown [s\open\src\hotspot\share\interpreter\linkResolver.cpp, line 773]
Event: 1.631 Thread 0x000001720a3fdfa0 Exception <a 'java/lang/NoSuchMethodError'{0x00000000904dc9f0}: 'void java.lang.invoke.DirectMethodHandle$Holder.invokeSpecial(java.lang.Object, java.lang.Object, java.lang.Object, int)'> (0x00000000904dc9f0) 
thrown [s\open\src\hotspot\share\interpreter\linkResolver.cpp, line 773]
Event: 1.632 Thread 0x000001720a3fdfa0 Exception <a 'java/lang/NoSuchMethodError'{0x00000000904e00c0}: 'void java.lang.invoke.DelegatingMethodHandle$Holder.reinvoke_L(java.lang.Object, java.lang.Object, int)'> (0x00000000904e00c0) 
thrown [s\open\src\hotspot\share\interpreter\linkResolver.cpp, line 773]
Event: 1.911 Thread 0x000001720a3fdfa0 Implicit null exception at 0x000001721c6567b5 to 0x000001721c657b10
Event: 1.911 Thread 0x000001720a3fdfa0 Implicit null exception at 0x000001721c5e7c18 to 0x000001721c5e7df4
Event: 1.911 Thread 0x000001720a3fdfa0 Implicit null exception at 0x000001721c650d8d to 0x000001721c6515f8
Event: 1.915 Thread 0x000001720a3fdfa0 Exception <a 'java/lang/NoSuchMethodError'{0x000000008e81bfc8}: 'int java.lang.invoke.DirectMethodHandle$Holder.invokeSpecialIFC(java.lang.Object, java.lang.Object, java.lang.Object, java.lang.Object)'> (0x000000008e81bfc8) 
thrown [s\open\src\hotspot\share\interpreter\linkResolver.cpp, line 773]
Event: 2.532 Thread 0x000001720a3fdfa0 Implicit null exception at 0x000001721c6404bd to 0x000001721c640541
Event: 2.664 Thread 0x000001720a3fdfa0 Exception <a 'java/lang/NoSuchMethodError'{0x000000008fc87670}: 'java.lang.Object java.lang.invoke.DirectMethodHandle$Holder.newInvokeSpecial(java.lang.Object, java.lang.Object, java.lang.Object, java.lang.Object, java.lang.Object, java.lang.Object, java.lang.Object)'> (0x000000008fc87670) 
thrown [s\open\src\hotspot\share\interpreter\linkResolver.cpp, line 773]
Event: 2.851 Thread 0x000001720a3fdfa0 Exception <a 'java/lang/NoSuchMethodError'{0x000000008f25d640}: 'int java.lang.invoke.DirectMethodHandle$Holder.invokeVirtual(java.lang.Object, java.lang.Object)'> (0x000000008f25d640) 
thrown [s\open\src\hotspot\share\interpreter\linkResolver.cpp, line 773]
Event: 2.880 Thread 0x000001720a3fdfa0 Exception <a 'java/lang/NoSuchMethodError'{0x000000008f176de8}: 'void java.lang.invoke.Invokers$Holder.invokeExact_MT(java.lang.Object, java.lang.Object, int, java.lang.Object)'> (0x000000008f176de8) 
thrown [s\open\src\hotspot\share\interpreter\linkResolver.cpp, line 773]
Event: 3.202 Thread 0x000001720a3fdfa0 Exception <a 'sun/nio/fs/WindowsException'{0x000000008e347f60}> (0x000000008e347f60) 
thrown [s\open\src\hotspot\share\prims\jni.cpp, line 520]
Event: 3.211 Thread 0x000001720a3fdfa0 Exception <a 'java/lang/IncompatibleClassChangeError'{0x000000008e37b098}: Found class java.lang.Object, but interface was expected> (0x000000008e37b098) 
thrown [s\open\src\hotspot\share\interpreter\linkResolver.cpp, line 840]
Event: 3.212 Thread 0x000001720a3fdfa0 Exception <a 'java/lang/NoSuchMethodError'{0x000000008e3801d8}: 'void java.lang.invoke.DirectMethodHandle$Holder.invokeInterface(java.lang.Object, java.lang.Object, java.lang.Object)'> (0x000000008e3801d8) 
thrown [s\open\src\hotspot\share\interpreter\linkResolver.cpp, line 773]
Event: 3.307 Thread 0x000001720a3fdfa0 Exception <a 'java/lang/NoSuchMethodError'{0x000000008e109d68}: 'int java.lang.invoke.DirectMethodHandle$Holder.invokeInterface(java.lang.Object, java.lang.Object)'> (0x000000008e109d68) 
thrown [s\open\src\hotspot\share\interpreter\linkResolver.cpp, line 773]
Event: 3.422 Thread 0x000001720a3fdfa0 Exception <a 'java/lang/NoSuchMethodError'{0x00000000919651a8}: 'int java.lang.invoke.DirectMethodHandle$Holder.invokeVirtual(java.lang.Object, java.lang.Object, java.lang.Object)'> (0x00000000919651a8) 
thrown [s\open\src\hotspot\share\interpreter\linkResolver.cpp, line 773]
Event: 3.424 Thread 0x000001720a3fdfa0 Exception <a 'java/lang/NoSuchMethodError'{0x0000000091971f20}: 'int java.lang.invoke.DirectMethodHandle$Holder.invokeStaticInit(java.lang.Object, java.lang.Object, java.lang.Object)'> (0x0000000091971f20) 
thrown [s\open\src\hotspot\share\interpreter\linkResolver.cpp, line 773]
Event: 3.508 Thread 0x000001720a3fdfa0 Exception <a 'sun/nio/fs/WindowsException'{0x0000000090f35d10}> (0x0000000090f35d10) 
thrown [s\open\src\hotspot\share\prims\jni.cpp, line 520]

ZGC Phase Switch (0 events):
No events

VM Operations (20 events):
Event: 2.835 Executing VM operation: ICBufferFull done
Event: 3.203 Executing VM operation: HandshakeAllThreads (Deoptimize)
Event: 3.203 Executing VM operation: HandshakeAllThreads (Deoptimize) done
Event: 3.245 Executing VM operation: HandshakeAllThreads (Deoptimize)
Event: 3.245 Executing VM operation: HandshakeAllThreads (Deoptimize) done
Event: 3.256 Executing VM operation: ICBufferFull
Event: 3.256 Executing VM operation: ICBufferFull done
Event: 3.306 Executing VM operation: HandshakeAllThreads (Deoptimize)
Event: 3.306 Executing VM operation: HandshakeAllThreads (Deoptimize) done
Event: 3.368 Executing VM operation: G1CollectForAllocation (G1 Evacuation Pause)
Event: 3.381 Executing VM operation: G1CollectForAllocation (G1 Evacuation Pause) done
Event: 3.426 Executing VM operation: HandshakeAllThreads (Deoptimize)
Event: 3.426 Executing VM operation: HandshakeAllThreads (Deoptimize) done
Event: 3.429 Executing VM operation: HandshakeAllThreads (Deoptimize)
Event: 3.429 Executing VM operation: HandshakeAllThreads (Deoptimize) done
Event: 3.435 Executing VM operation: HandshakeAllThreads (Deoptimize)
Event: 3.435 Executing VM operation: HandshakeAllThreads (Deoptimize) done
Event: 3.436 Executing VM operation: HandshakeAllThreads (Deoptimize)
Event: 3.436 Executing VM operation: HandshakeAllThreads (Deoptimize) done
Event: 3.532 Executing VM operation: CollectForMetadataAllocation (Metadata GC Threshold)

Events (17 events):
Event: 0.046 Thread 0x000001720a3fdfa0 Thread added: 0x000001720a3fdfa0
Event: 0.069 Thread 0x00000172290d6dc0 Thread added: 0x00000172290d6dc0
Event: 0.069 Thread 0x00000172290d8530 Thread added: 0x00000172290d8530
Event: 0.069 Thread 0x00000172290dc650 Thread added: 0x00000172290dc650
Event: 0.069 Thread 0x00000172290dd0a0 Thread added: 0x00000172290dd0a0
Event: 0.070 Thread 0x00000172290df530 Thread added: 0x00000172290df530
Event: 0.070 Thread 0x00000172290dff80 Thread added: 0x00000172290dff80
Event: 0.070 Thread 0x00000172290e4880 Thread added: 0x00000172290e4880
Event: 0.070 Thread 0x00000172290fa150 Thread added: 0x00000172290fa150
Event: 0.085 Thread 0x000001722938a770 Thread added: 0x000001722938a770
Event: 0.089 Thread 0x000001722939e010 Thread added: 0x000001722939e010
Event: 0.251 Thread 0x0000017229639680 Thread added: 0x0000017229639680
Event: 0.437 Thread 0x00000172290fa820 Thread added: 0x00000172290fa820
Event: 1.118 Thread 0x0000017229639680 Thread exited: 0x0000017229639680
Event: 1.515 Thread 0x000001726f44aaa0 Thread added: 0x000001726f44aaa0
Event: 1.619 Thread 0x00000172290f8ce0 Thread added: 0x00000172290f8ce0
Event: 3.282 Thread 0x00000172290f8ce0 Thread exited: 0x00000172290f8ce0


Dynamic libraries:
0x00007ff68a140000 - 0x00007ff68a150000 	C:\Program Files\Java\jdk-21\bin\java.exe
0x00007ff9267c0000 - 0x00007ff926a26000 	C:\WINDOWS\SYSTEM32\ntdll.dll
0x00007ff925210000 - 0x00007ff9252d9000 	C:\WINDOWS\System32\KERNEL32.DLL
0x00007ff924110000 - 0x00007ff9244dc000 	C:\WINDOWS\System32\KERNELBASE.dll
0x00007ff923c00000 - 0x00007ff923d4b000 	C:\WINDOWS\System32\ucrtbase.dll
0x00007ff911cb0000 - 0x00007ff911ccb000 	C:\Program Files\Java\jdk-21\bin\VCRUNTIME140.dll
0x00007ff916c00000 - 0x00007ff916c19000 	C:\Program Files\Java\jdk-21\bin\jli.dll
0x00007ff924bd0000 - 0x00007ff924c82000 	C:\WINDOWS\System32\ADVAPI32.dll
0x00007ff9264f0000 - 0x00007ff926599000 	C:\WINDOWS\System32\msvcrt.dll
0x00007ff9266c0000 - 0x00007ff926766000 	C:\WINDOWS\System32\sechost.dll
0x00007ff9265a0000 - 0x00007ff9266b6000 	C:\WINDOWS\System32\RPCRT4.dll
0x00007ff924a00000 - 0x00007ff924bca000 	C:\WINDOWS\System32\USER32.dll
0x00007ff923a00000 - 0x00007ff923a27000 	C:\WINDOWS\System32\win32u.dll
0x00007ff925d70000 - 0x00007ff925d9b000 	C:\WINDOWS\System32\GDI32.dll
0x00007ff923ac0000 - 0x00007ff923bf2000 	C:\WINDOWS\System32\gdi32full.dll
0x00007ff923950000 - 0x00007ff9239f3000 	C:\WINDOWS\System32\msvcp_win.dll
0x00007ff90ccd0000 - 0x00007ff90cf6a000 	C:\WINDOWS\WinSxS\amd64_microsoft.windows.common-controls_6595b64144ccf1df_6.0.26100.3912_none_3e07963ce335137e\COMCTL32.dll
0x00007ff91af00000 - 0x00007ff91af0b000 	C:\WINDOWS\SYSTEM32\VERSION.dll
0x00007ff924610000 - 0x00007ff924640000 	C:\WINDOWS\System32\IMM32.DLL
0x00007ff91b0a0000 - 0x00007ff91b0ac000 	C:\Program Files\Java\jdk-21\bin\vcruntime140_1.dll
0x00007ff9048f0000 - 0x00007ff90497e000 	C:\Program Files\Java\jdk-21\bin\msvcp140.dll
0x00007ff87a660000 - 0x00007ff87b378000 	C:\Program Files\Java\jdk-21\bin\server\jvm.dll
0x00007ff924980000 - 0x00007ff9249f4000 	C:\WINDOWS\System32\WS2_32.dll
0x00007ff9237c0000 - 0x00007ff92381e000 	C:\WINDOWS\SYSTEM32\POWRPROF.dll
0x00007ff91aec0000 - 0x00007ff91aef6000 	C:\WINDOWS\SYSTEM32\WINMM.dll
0x00007ff9237a0000 - 0x00007ff9237b4000 	C:\WINDOWS\SYSTEM32\UMPDC.dll
0x00007ff922710000 - 0x00007ff92272a000 	C:\WINDOWS\SYSTEM32\kernel.appcore.dll
0x00007ff91b010000 - 0x00007ff91b01a000 	C:\Program Files\Java\jdk-21\bin\jimage.dll
0x00007ff917c80000 - 0x00007ff917ec1000 	C:\WINDOWS\SYSTEM32\DBGHELP.DLL
0x00007ff9259e0000 - 0x00007ff925d64000 	C:\WINDOWS\System32\combase.dll
0x00007ff925790000 - 0x00007ff925870000 	C:\WINDOWS\System32\OLEAUT32.dll
0x00007ff90f0e0000 - 0x00007ff90f119000 	C:\WINDOWS\SYSTEM32\dbgcore.DLL
0x00007ff9244e0000 - 0x00007ff924579000 	C:\WINDOWS\System32\bcryptPrimitives.dll
0x00007ff9112d0000 - 0x00007ff9112ef000 	C:\Program Files\Java\jdk-21\bin\java.dll
0x00007ff925da0000 - 0x00007ff9264cd000 	C:\WINDOWS\System32\SHELL32.dll
0x00007ff923ed0000 - 0x00007ff924044000 	C:\WINDOWS\System32\wintypes.dll
0x00007ff9215b0000 - 0x00007ff921e06000 	C:\WINDOWS\SYSTEM32\windows.storage.dll
0x00007ff925490000 - 0x00007ff92557f000 	C:\WINDOWS\System32\SHCORE.dll
0x00007ff9251a0000 - 0x00007ff925209000 	C:\WINDOWS\System32\shlwapi.dll
0x00007ff923860000 - 0x00007ff92388f000 	C:\WINDOWS\SYSTEM32\profapi.dll
0x00007ff904810000 - 0x00007ff9048e7000 	C:\Program Files\Java\jdk-21\bin\jsvml.dll
0x00007ff91af40000 - 0x00007ff91af50000 	C:\Program Files\Java\jdk-21\bin\net.dll
0x00007ff91c270000 - 0x00007ff91c38e000 	C:\WINDOWS\SYSTEM32\WINHTTP.dll
0x00007ff922c80000 - 0x00007ff922cea000 	C:\WINDOWS\system32\mswsock.dll
0x00007ff910f80000 - 0x00007ff910f96000 	C:\Program Files\Java\jdk-21\bin\nio.dll
0x00007ff910520000 - 0x00007ff910538000 	C:\Program Files\Java\jdk-21\bin\zip.dll
0x00007ff90a530000 - 0x00007ff90a554000 	C:\Program Files\apache-maven-3.9.9\lib\jansi-native\Windows\x86_64\jansi.dll
0x00007ff91af10000 - 0x00007ff91af20000 	C:\Program Files\Java\jdk-21\bin\verify.dll

dbghelp: loaded successfully - version: 4.0.5 - missing functions: none
symbol engine: initialized successfully - sym options: 0x614 - pdb path: .;C:\Program Files\Java\jdk-21\bin;C:\WINDOWS\SYSTEM32;C:\WINDOWS\WinSxS\amd64_microsoft.windows.common-controls_6595b64144ccf1df_6.0.26100.3912_none_3e07963ce335137e;C:\Program Files\Java\jdk-21\bin\server;C:\Program Files\apache-maven-3.9.9\lib\jansi-native\Windows\x86_64

VM Arguments:
jvm_args: -Dclassworlds.conf=C:\Program Files\apache-maven-3.9.9\bin\m2.conf -Dmaven.home=C:\Program Files\apache-maven-3.9.9 -Dlibrary.jansi.path=C:\Program Files\apache-maven-3.9.9\lib\jansi-native -Dmaven.multiModuleProjectDirectory=C:\Users\Jaywant\SHOP_BACKEND 
java_command: org.codehaus.plexus.classworlds.launcher.Launcher spring-boot:run
java_class_path (initial): C:\Program Files\apache-maven-3.9.9\boot\plexus-classworlds-2.8.0.jar
Launcher Type: SUN_STANDARD

[Global flags]
     intx CICompilerCount                          = 4                                         {product} {ergonomic}
     uint ConcGCThreads                            = 3                                         {product} {ergonomic}
     uint G1ConcRefinementThreads                  = 10                                        {product} {ergonomic}
   size_t G1HeapRegionSize                         = 1048576                                   {product} {ergonomic}
    uintx GCDrainStackTargetSize                   = 64                                        {product} {ergonomic}
   size_t InitialHeapSize                          = 123731968                                 {product} {ergonomic}
   size_t MarkStackSize                            = 4194304                                   {product} {ergonomic}
   size_t MaxHeapSize                              = 1973420032                                {product} {ergonomic}
   size_t MaxNewSize                               = 1183842304                                {product} {ergonomic}
   size_t MinHeapDeltaBytes                        = 1048576                                   {product} {ergonomic}
   size_t MinHeapSize                              = 8388608                                   {product} {ergonomic}
    uintx NonNMethodCodeHeapSize                   = 5839372                                {pd product} {ergonomic}
    uintx NonProfiledCodeHeapSize                  = 122909434                              {pd product} {ergonomic}
    uintx ProfiledCodeHeapSize                     = 122909434                              {pd product} {ergonomic}
    uintx ReservedCodeCacheSize                    = 251658240                              {pd product} {ergonomic}
     bool SegmentedCodeCache                       = true                                      {product} {ergonomic}
   size_t SoftMaxHeapSize                          = 1973420032                             {manageable} {ergonomic}
     bool UseCompressedOops                        = true                           {product lp64_product} {ergonomic}
     bool UseG1GC                                  = true                                      {product} {ergonomic}
     bool UseLargePagesIndividualAllocation        = false                                  {pd product} {ergonomic}

Logging:
Log output configuration:
 #0: stdout all=warning uptime,level,tags foldmultilines=false
 #1: stderr all=off uptime,level,tags foldmultilines=false

Environment Variables:
JAVA_HOME=C:\Program Files\Java\jdk-21\
PATH=c:\Users\Jaywant\AppData\Local\Programs\cursor\resources\app\bin;C:\Program Files\Microsoft\jdk-17.0.14.7-hotspot\bin;C:\Program Files\Common Files\Oracle\Java\javapath;C:\WINDOWS\system32;C:\WINDOWS;C:\WINDOWS\System32\Wbem;C:\WINDOWS\System32\WindowsPowerShell\v1.0\;C:\WINDOWS\System32\OpenSSH\;C:\Program Files\nodejs;C:\Program Files\nodejs\;C:\Program Files\MySQL\MySQL Server 8.0\bin;C:\Program Files\Git\cmd;C:\Program Files\Git\bin;C:\Program Files\apache-maven-3.9.9\bin;C:\Program Files\Java\jdk-17\bin;C:\Program Files\Java\jdk-21\bin;C:\Program Files\Git LFS;C:\ProgramData\chocolatey\bin;C:\Users\Jaywant\AppData\Local\Programs\Python\Python313\Scripts\;C:\Users\Jaywant\AppData\Local\Programs\Python\Python313\;C:\Users\Jaywant\AppData\Local\Programs\Python\Launcher\;C:\Program Files\MySQL\MySQL Shell 8.0\bin\;C:\Users\Jaywant\AppData\Local\Microsoft\WindowsApps;C:\Users\Jaywant\AppData\Roaming\npm;C:\Users\Jaywant\AppData\Local\GitHubDesktop\bin;c:\Users\Jaywant\AppData\Local\Programs\cursor\resources\a;C:\platform-tools;C:\Users\Jaywant\AppData\Local\Android\Sdk\platform-tools;C:\Users\Jaywant\AppData\Local\Android\Sdk\emulator;C:\Program Files\dotnet\;C:\Users\Jaywant\AppData\Local\Android\Sdk\platform-tools;C:\Users\Jaywant\AppData\Local\Android\Sdk\tools;C:\Users\Jaywant\AppData\Local\Android\Sdk\platform-tools;C:\Users\Jaywant\AppData\Local\Android\Sdk\tools;C:\Users\Jaywant\AppData\Local\Programs\Python\Python313\Scripts\;C:\Users\Jaywant\AppData\Local\Programs\Python\Python313\;C:\Users\Jaywant\AppData\Local\Programs\Python\Launcher\;C:\Program Files\MySQL\MySQL Shell 8.0\bin\;C:\Users\Jaywant\AppData\Local\Microsoft\WindowsApps;C:\Users\Jaywant\AppData\Roaming\npm;C:\Users\Jaywant\AppData\Local\Programs\Microsoft VS Code\bin;C:\Users\Jaywant\AppData\Local\GitHubDesktop\bin;C:\Users\Jaywant\AppData\Local\Programs\cursor\resources\app\bin
USERNAME=Jaywant
LANG=en_US.UTF-8
OS=Windows_NT
PROCESSOR_IDENTIFIER=AMD64 Family 25 Model 80 Stepping 0, AuthenticAMD
TMP=C:\Users\Jaywant\AppData\Local\Temp
TEMP=C:\Users\Jaywant\AppData\Local\Temp




Periodic native trim disabled

---------------  S Y S T E M  ---------------

OS:
 Windows 11 , 64 bit Build 26100 (10.0.26100.3912)
OS uptime: 0 days 2:04 hours
Hyper-V role detected

CPU: total 12 (initial active 12) (12 cores per cpu, 2 threads per core) family 25 model 80 stepping 0 microcode 0xa500011, cx8, cmov, fxsr, ht, mmx, 3dnowpref, sse, sse2, sse3, ssse3, sse4a, sse4.1, sse4.2, popcnt, lzcnt, tsc, tscinvbit, avx, avx2, aes, erms, clmul, bmi1, bmi2, adx, sha, fma, vzeroupper, clflush, clflushopt, hv, rdtscp, rdpid, fsrm, f16c, cet_ss
Processor Information for processor 0
  Max Mhz: 3301, Current Mhz: 3301, Mhz Limit: 3301
Processor Information for processor 1
  Max Mhz: 3301, Current Mhz: 3301, Mhz Limit: 3301
Processor Information for processor 2
  Max Mhz: 3301, Current Mhz: 3301, Mhz Limit: 3301
Processor Information for processor 3
  Max Mhz: 3301, Current Mhz: 2630, Mhz Limit: 3301
Processor Information for processor 4
  Max Mhz: 3301, Current Mhz: 3301, Mhz Limit: 3301
Processor Information for processor 5
  Max Mhz: 3301, Current Mhz: 3301, Mhz Limit: 3301
Processor Information for processor 6
  Max Mhz: 3301, Current Mhz: 3301, Mhz Limit: 3301
Processor Information for processor 7
  Max Mhz: 3301, Current Mhz: 2630, Mhz Limit: 3301
Processor Information for processor 8
  Max Mhz: 3301, Current Mhz: 2630, Mhz Limit: 3301
Processor Information for processor 9
  Max Mhz: 3301, Current Mhz: 3301, Mhz Limit: 3301
Processor Information for processor 10
  Max Mhz: 3301, Current Mhz: 2630, Mhz Limit: 3301
Processor Information for processor 11
  Max Mhz: 3301, Current Mhz: 3301, Mhz Limit: 3301

Memory: 4k page, system-wide physical 7521M (461M free)
TotalPageFile size 31073M (AvailPageFile size 21M)
current process WorkingSet (physical memory assigned to process): 214M, peak: 232M
current process commit charge ("private bytes"): 259M, peak: 300M

vm_info: Java HotSpot(TM) 64-Bit Server VM (21.0.5+9-LTS-239) for windows-amd64 JRE (21.0.5+9-LTS-239), built on 2024-09-30T05:17:38Z by "mach5one" with MS VC++ 17.6 (VS2022)

END.
