#
# There is insufficient memory for the Java Runtime Environment to continue.
# Native memory allocation (malloc) failed to allocate 1236656 bytes. Error detail: Chunk::new
# Possible reasons:
#   The system is out of physical RAM or swap space
#   This process is running with CompressedOops enabled, and the Java Heap may be blocking the growth of the native heap
# Possible solutions:
#   Reduce memory load on the system
#   Increase physical memory or swap space
#   Check if swap backing store is full
#   Decrease Java heap size (-Xmx/-Xms)
#   Decrease number of Java threads
#   Decrease Java thread stack sizes (-Xss)
#   Set larger code cache with -XX:ReservedCodeCacheSize=
#   JVM is running with Unscaled Compressed Oops mode in which the Java heap is
#     placed in the first 4GB address space. The Java Heap base address is the
#     maximum limit for the native heap growth. Please use -XX:HeapBaseMinAddress
#     to set the Java Heap base and to place the Java Heap above 4GB virtual address.
# This output file may be truncated or incomplete.
#
#  Out of Memory Error (arena.cpp:168), pid=23824, tid=1384
#
# JRE version: OpenJDK Runtime Environment Temurin-21.0.6+7 (21.0.6+7) (build 21.0.6+7-LTS)
# Java VM: OpenJDK 64-Bit Server VM Temurin-21.0.6+7 (21.0.6+7-LTS, mixed mode, sharing, tiered, compressed oops, compressed class ptrs, parallel gc, windows-amd64)
# No core dump will be written. Minidumps are not enabled by default on client versions of Windows
#

---------------  S U M M A R Y ------------

Command Line: --add-modules=ALL-SYSTEM --add-opens=java.base/java.util=ALL-UNNAMED --add-opens=java.base/java.lang=ALL-UNNAMED --add-opens=java.base/sun.nio.fs=ALL-UNNAMED -Declipse.application=org.eclipse.jdt.ls.core.id1 -Dosgi.bundles.defaultStartLevel=4 -Declipse.product=org.eclipse.jdt.ls.core.product -Djava.import.generatesMetadataFilesAtProjectRoot=false -DDetectVMInstallationsJob.disabled=true -Dfile.encoding=utf8 -XX:+UseParallelGC -XX:GCTimeRatio=4 -XX:AdaptiveSizePolicyWeight=90 -Dsun.zip.disableMemoryMapping=true -Xmx1G -Xms100m -Xlog:disable -javaagent:c:\Users\Jaywant\.vscode\extensions\redhat.java-1.41.1-win32-x64\lombok\lombok-1.18.36.jar -XX:+HeapDumpOnOutOfMemoryError -XX:HeapDumpPath=c:\Users\Jaywant\AppData\Roaming\Code\User\workspaceStorage\cc623adeb21d3940532c846187689d28\redhat.java -Daether.dependencyCollector.impl=bf c:\Users\Jaywant\.vscode\extensions\redhat.java-1.41.1-win32-x64\server\plugins\org.eclipse.equinox.launcher_1.7.0.v20250331-1702.jar -configuration c:\Users\Jaywant\AppData\Roaming\Code\User\globalStorage\redhat.java\1.41.1\config_win -data c:\Users\Jaywant\AppData\Roaming\Code\User\workspaceStorage\cc623adeb21d3940532c846187689d28\redhat.java\jdt_ws --pipe=\\.\pipe\lsp-23a1ce82415fcdb773a83b9a1d3ea350-sock

Host: AMD Ryzen 5 5600H with Radeon Graphics         , 12 cores, 7G,  Windows 11 , 64 bit Build 26100 (10.0.26100.3912)
Time: Wed May  7 13:03:55 2025 India Standard Time elapsed time: 10.471699 seconds (0d 0h 0m 10s)

---------------  T H R E A D  ---------------

Current thread (0x000001add4222880):  JavaThread "C2 CompilerThread2" daemon [_thread_in_native, id=1384, stack(0x00000042c9300000,0x00000042c9400000) (1024K)]


Current CompileTask:
C2:10472 6967 %     4       org.eclipse.jdt.internal.core.search.indexing.BinaryIndexer::extractReferenceFromConstantPool @ 15 (358 bytes)

Stack: [0x00000042c9300000,0x00000042c9400000]
Native frames: (J=compiled Java code, j=interpreted, Vv=VM code, C=native code)
V  [jvm.dll+0x6cdee9]
V  [jvm.dll+0x8a83d1]
V  [jvm.dll+0x8aa8fe]
V  [jvm.dll+0x8aafe3]
V  [jvm.dll+0x27f706]
V  [jvm.dll+0xc500d]
V  [jvm.dll+0xc5543]
V  [jvm.dll+0x3b6752]
V  [jvm.dll+0x1dfe13]
V  [jvm.dll+0x247b42]
V  [jvm.dll+0x246fcf]
V  [jvm.dll+0x1c75ee]
V  [jvm.dll+0x25685a]
V  [jvm.dll+0x254dfa]
V  [jvm.dll+0x3f0256]
V  [jvm.dll+0x851f8b]
V  [jvm.dll+0x6cc5ed]
C  [ucrtbase.dll+0x37b0]
C  [KERNEL32.DLL+0x2e8d7]
C  [ntdll.dll+0x9c5dc]


---------------  P R O C E S S  ---------------

Threads class SMR info:
_java_thread_list=0x000001add73f4b40, length=68, elements={
0x000001adf3bfd810, 0x000001adf985df40, 0x000001adf3ca2b10, 0x000001adf3ca4090,
0x000001adf3ca4ce0, 0x000001adf3ca7840, 0x000001adf3ca8290, 0x000001adf3cab0d0,
0x000001adfad249c0, 0x000001adfadb7220, 0x000001adfafd6870, 0x000001add4712f80,
0x000001add4222880, 0x000001add4a15810, 0x000001add4b8cec0, 0x000001add49a6df0,
0x000001add49a7450, 0x000001add52ddab0, 0x000001add4f6e450, 0x000001add510ea70,
0x000001add5111ef0, 0x000001add510f790, 0x000001add510fe20, 0x000001add51104b0,
0x000001add5110b40, 0x000001add5111860, 0x000001add5203c10, 0x000001add5203580,
0x000001add52042a0, 0x000001add5204930, 0x000001add52014b0, 0x000001add5204fc0,
0x000001add5201b40, 0x000001add5205650, 0x000001add52021d0, 0x000001add5205ce0,
0x000001add5202860, 0x000001add5206370, 0x000001add5202ef0, 0x000001add5207db0,
0x000001add5207720, 0x000001add5208440, 0x000001add5208ad0, 0x000001add5207090,
0x000001add5206a00, 0x000001add7ca7ea0, 0x000001add7ca98e0, 0x000001add7ca6460,
0x000001add7ca6af0, 0x000001add7ca8bc0, 0x000001add7ca7180, 0x000001add7ca9f70,
0x000001add7ca7810, 0x000001add7ca8530, 0x000001add7cac6d0, 0x000001add7caac90,
0x000001add7cacd60, 0x000001add7cada80, 0x000001add7cad3f0, 0x000001add7caa600,
0x000001add7cab320, 0x000001add7cab9b0, 0x000001add7cac040, 0x000001add681eab0,
0x000001add681d070, 0x000001add681e420, 0x000001add681f140, 0x000001add68204f0
}

Java Threads: ( => current thread )
  0x000001adf3bfd810 JavaThread "main"                              [_thread_blocked, id=7508, stack(0x00000042c7e00000,0x00000042c7f00000) (1024K)]
  0x000001adf985df40 JavaThread "Reference Handler"          daemon [_thread_blocked, id=4332, stack(0x00000042c8200000,0x00000042c8300000) (1024K)]
  0x000001adf3ca2b10 JavaThread "Finalizer"                  daemon [_thread_blocked, id=9228, stack(0x00000042c8300000,0x00000042c8400000) (1024K)]
  0x000001adf3ca4090 JavaThread "Signal Dispatcher"          daemon [_thread_blocked, id=26316, stack(0x00000042c8400000,0x00000042c8500000) (1024K)]
  0x000001adf3ca4ce0 JavaThread "Attach Listener"            daemon [_thread_blocked, id=12112, stack(0x00000042c8500000,0x00000042c8600000) (1024K)]
  0x000001adf3ca7840 JavaThread "Service Thread"             daemon [_thread_blocked, id=10984, stack(0x00000042c8600000,0x00000042c8700000) (1024K)]
  0x000001adf3ca8290 JavaThread "Monitor Deflation Thread"   daemon [_thread_blocked, id=5212, stack(0x00000042c8700000,0x00000042c8800000) (1024K)]
  0x000001adf3cab0d0 JavaThread "C2 CompilerThread0"         daemon [_thread_in_native, id=2544, stack(0x00000042c8800000,0x00000042c8900000) (1024K)]
  0x000001adfad249c0 JavaThread "C1 CompilerThread0"         daemon [_thread_in_native, id=24872, stack(0x00000042c8900000,0x00000042c8a00000) (1024K)]
  0x000001adfadb7220 JavaThread "Common-Cleaner"             daemon [_thread_blocked, id=26204, stack(0x00000042c8a00000,0x00000042c8b00000) (1024K)]
  0x000001adfafd6870 JavaThread "Notification Thread"        daemon [_thread_blocked, id=23540, stack(0x00000042c8c00000,0x00000042c8d00000) (1024K)]
  0x000001add4712f80 JavaThread "C2 CompilerThread1"         daemon [_thread_in_native, id=15228, stack(0x00000042c9200000,0x00000042c9300000) (1024K)]
=>0x000001add4222880 JavaThread "C2 CompilerThread2"         daemon [_thread_in_native, id=1384, stack(0x00000042c9300000,0x00000042c9400000) (1024K)]
  0x000001add4a15810 JavaThread "Active Thread: Equinox Container: 8c2c1e4e-cf50-44a7-a1a5-ad414b7e3a43"        [_thread_blocked, id=25620, stack(0x00000042c9400000,0x00000042c9500000) (1024K)]
  0x000001add4b8cec0 JavaThread "Refresh Thread: Equinox Container: 8c2c1e4e-cf50-44a7-a1a5-ad414b7e3a43" daemon [_thread_blocked, id=20024, stack(0x00000042c9500000,0x00000042c9600000) (1024K)]
  0x000001add49a6df0 JavaThread "Framework Event Dispatcher: Equinox Container: 8c2c1e4e-cf50-44a7-a1a5-ad414b7e3a43" daemon [_thread_blocked, id=18512, stack(0x00000042c9700000,0x00000042c9800000) (1024K)]
  0x000001add49a7450 JavaThread "Start Level: Equinox Container: 8c2c1e4e-cf50-44a7-a1a5-ad414b7e3a43" daemon [_thread_blocked, id=19100, stack(0x00000042c9800000,0x00000042c9900000) (1024K)]
  0x000001add52ddab0 JavaThread "Bundle File Closer"         daemon [_thread_blocked, id=19064, stack(0x00000042c9900000,0x00000042c9a00000) (1024K)]
  0x000001add4f6e450 JavaThread "SCR Component Actor"        daemon [_thread_blocked, id=23732, stack(0x00000042c9c00000,0x00000042c9d00000) (1024K)]
  0x000001add510ea70 JavaThread "Worker-JM"                         [_thread_blocked, id=19976, stack(0x00000042c9e00000,0x00000042c9f00000) (1024K)]
  0x000001add5111ef0 JavaThread "JNA Cleaner"                daemon [_thread_blocked, id=10212, stack(0x00000042c9f00000,0x00000042ca000000) (1024K)]
  0x000001add510f790 JavaThread "Worker-0: Building"                [_thread_in_vm, id=8712, stack(0x00000042ca000000,0x00000042ca100000) (1024K)]
  0x000001add510fe20 JavaThread "Worker-1"                          [_thread_blocked, id=24424, stack(0x00000042ca100000,0x00000042ca200000) (1024K)]
  0x000001add51104b0 JavaThread "Worker-2: Java indexing... "        [_thread_blocked, id=21572, stack(0x00000042ca200000,0x00000042ca300000) (1024K)]
  0x000001add5110b40 JavaThread "Java indexing"              daemon [_thread_in_Java, id=24976, stack(0x00000042ca300000,0x00000042ca400000) (1024K)]
  0x000001add5111860 JavaThread "Worker-3"                          [_thread_blocked, id=8684, stack(0x00000042ca400000,0x00000042ca500000) (1024K)]
  0x000001add5203c10 JavaThread "Worker-4: Repository registry initialization"        [_thread_in_vm, id=25408, stack(0x00000042ca700000,0x00000042ca800000) (1024K)]
  0x000001add5203580 JavaThread "Worker-5"                          [_thread_blocked, id=25676, stack(0x00000042ca800000,0x00000042ca900000) (1024K)]
  0x000001add52042a0 JavaThread "Thread-2"                   daemon [_thread_in_native, id=17212, stack(0x00000042ca900000,0x00000042caa00000) (1024K)]
  0x000001add5204930 JavaThread "Thread-3"                   daemon [_thread_in_native, id=7216, stack(0x00000042caa00000,0x00000042cab00000) (1024K)]
  0x000001add52014b0 JavaThread "Thread-4"                   daemon [_thread_in_native, id=19964, stack(0x00000042cab00000,0x00000042cac00000) (1024K)]
  0x000001add5204fc0 JavaThread "Thread-5"                   daemon [_thread_in_native, id=18224, stack(0x00000042cac00000,0x00000042cad00000) (1024K)]
  0x000001add5201b40 JavaThread "Thread-6"                   daemon [_thread_in_native, id=19552, stack(0x00000042cad00000,0x00000042cae00000) (1024K)]
  0x000001add5205650 JavaThread "Thread-7"                   daemon [_thread_in_native, id=23980, stack(0x00000042cae00000,0x00000042caf00000) (1024K)]
  0x000001add52021d0 JavaThread "Thread-8"                   daemon [_thread_in_native, id=26336, stack(0x00000042caf00000,0x00000042cb000000) (1024K)]
  0x000001add5205ce0 JavaThread "Thread-9"                   daemon [_thread_in_native, id=13016, stack(0x00000042cb000000,0x00000042cb100000) (1024K)]
  0x000001add5202860 JavaThread "Thread-10"                  daemon [_thread_in_native, id=16580, stack(0x00000042cb100000,0x00000042cb200000) (1024K)]
  0x000001add5206370 JavaThread "Thread-11"                  daemon [_thread_in_native, id=15680, stack(0x00000042cb200000,0x00000042cb300000) (1024K)]
  0x000001add5202ef0 JavaThread "Thread-12"                  daemon [_thread_in_native, id=328, stack(0x00000042cb300000,0x00000042cb400000) (1024K)]
  0x000001add5207db0 JavaThread "Thread-13"                  daemon [_thread_in_native, id=24644, stack(0x00000042cb400000,0x00000042cb500000) (1024K)]
  0x000001add5207720 JavaThread "Thread-14"                  daemon [_thread_in_native, id=26052, stack(0x00000042cb500000,0x00000042cb600000) (1024K)]
  0x000001add5208440 JavaThread "pool-2-thread-1"                   [_thread_blocked, id=7228, stack(0x00000042cb600000,0x00000042cb700000) (1024K)]
  0x000001add5208ad0 JavaThread "WorkspaceEventsHandler"            [_thread_blocked, id=26300, stack(0x00000042cb700000,0x00000042cb800000) (1024K)]
  0x000001add5207090 JavaThread "pool-1-thread-1"                   [_thread_blocked, id=1552, stack(0x00000042cb800000,0x00000042cb900000) (1024K)]
  0x000001add5206a00 JavaThread "Worker-6"                          [_thread_blocked, id=25584, stack(0x00000042cb900000,0x00000042cba00000) (1024K)]
  0x000001add7ca7ea0 JavaThread "Worker-7"                          [_thread_blocked, id=19896, stack(0x00000042cba00000,0x00000042cbb00000) (1024K)]
  0x000001add7ca98e0 JavaThread "LocalFile Deleter"          daemon [_thread_blocked, id=26108, stack(0x00000042cbb00000,0x00000042cbc00000) (1024K)]
  0x000001add7ca6460 JavaThread "LocalFile Deleter"          daemon [_thread_blocked, id=12184, stack(0x00000042cbc00000,0x00000042cbd00000) (1024K)]
  0x000001add7ca6af0 JavaThread "LocalFile Deleter"          daemon [_thread_blocked, id=25948, stack(0x00000042cbd00000,0x00000042cbe00000) (1024K)]
  0x000001add7ca8bc0 JavaThread "LocalFile Deleter"          daemon [_thread_blocked, id=19324, stack(0x00000042cbe00000,0x00000042cbf00000) (1024K)]
  0x000001add7ca7180 JavaThread "LocalFile Deleter"          daemon [_thread_blocked, id=10124, stack(0x00000042cbf00000,0x00000042cc000000) (1024K)]
  0x000001add7ca9f70 JavaThread "LocalFile Deleter"          daemon [_thread_blocked, id=21356, stack(0x00000042cc000000,0x00000042cc100000) (1024K)]
  0x000001add7ca7810 JavaThread "LocalFile Deleter"          daemon [_thread_blocked, id=2540, stack(0x00000042cc100000,0x00000042cc200000) (1024K)]
  0x000001add7ca8530 JavaThread "LocalFile Deleter"          daemon [_thread_blocked, id=25232, stack(0x00000042cc200000,0x00000042cc300000) (1024K)]
  0x000001add7cac6d0 JavaThread "LocalFile Deleter"          daemon [_thread_blocked, id=25176, stack(0x00000042cc300000,0x00000042cc400000) (1024K)]
  0x000001add7caac90 JavaThread "LocalFile Deleter"          daemon [_thread_blocked, id=21564, stack(0x00000042cc400000,0x00000042cc500000) (1024K)]
  0x000001add7cacd60 JavaThread "LocalFile Deleter"          daemon [_thread_blocked, id=4480, stack(0x00000042cc500000,0x00000042cc600000) (1024K)]
  0x000001add7cada80 JavaThread "LocalFile Deleter"          daemon [_thread_blocked, id=9476, stack(0x00000042cc600000,0x00000042cc700000) (1024K)]
  0x000001add7cad3f0 JavaThread "Compiler Source File Reader" daemon [_thread_blocked, id=16292, stack(0x00000042cc700000,0x00000042cc800000) (1024K)]
  0x000001add7caa600 JavaThread "Compiler Source File Reader" daemon [_thread_blocked, id=6872, stack(0x00000042cc800000,0x00000042cc900000) (1024K)]
  0x000001add7cab320 JavaThread "Compiler Source File Reader" daemon [_thread_blocked, id=21668, stack(0x00000042cc900000,0x00000042cca00000) (1024K)]
  0x000001add7cab9b0 JavaThread "Compiler Source File Reader" daemon [_thread_blocked, id=20532, stack(0x00000042cca00000,0x00000042ccb00000) (1024K)]
  0x000001add7cac040 JavaThread "Compiler Source File Reader" daemon [_thread_blocked, id=26532, stack(0x00000042ccb00000,0x00000042ccc00000) (1024K)]
  0x000001add681eab0 JavaThread "Compiler Source File Reader" daemon [_thread_blocked, id=12372, stack(0x00000042ccc00000,0x00000042ccd00000) (1024K)]
  0x000001add681d070 JavaThread "Compiler Source File Reader" daemon [_thread_blocked, id=13356, stack(0x00000042ccd00000,0x00000042cce00000) (1024K)]
  0x000001add681e420 JavaThread "Compiler Source File Reader" daemon [_thread_blocked, id=25944, stack(0x00000042cce00000,0x00000042ccf00000) (1024K)]
  0x000001add681f140 JavaThread "Compiler Source File Reader" daemon [_thread_blocked, id=24208, stack(0x00000042ccf00000,0x00000042cd000000) (1024K)]
  0x000001add68204f0 JavaThread "Compiler Source File Reader" daemon [_thread_blocked, id=17440, stack(0x00000042cd000000,0x00000042cd100000) (1024K)]
Total: 68

Other Threads:
  0x000001adf9844970 VMThread "VM Thread"                           [id=2456, stack(0x00000042c8100000,0x00000042c8200000) (1024K)]
  0x000001adf973ca10 WatcherThread "VM Periodic Task Thread"        [id=9372, stack(0x00000042c8000000,0x00000042c8100000) (1024K)]
  0x000001adf3c1c9f0 WorkerThread "GC Thread#0"                     [id=2824, stack(0x00000042c7f00000,0x00000042c8000000) (1024K)]
  0x000001add4735260 WorkerThread "GC Thread#1"                     [id=19672, stack(0x00000042c8b00000,0x00000042c8c00000) (1024K)]
  0x000001add47337b0 WorkerThread "GC Thread#2"                     [id=22344, stack(0x00000042c8d00000,0x00000042c8e00000) (1024K)]
  0x000001add4733b50 WorkerThread "GC Thread#3"                     [id=25868, stack(0x00000042c8e00000,0x00000042c8f00000) (1024K)]
  0x000001add4733ef0 WorkerThread "GC Thread#4"                     [id=18276, stack(0x00000042c8f00000,0x00000042c9000000) (1024K)]
  0x000001add4734290 WorkerThread "GC Thread#5"                     [id=24408, stack(0x00000042c9000000,0x00000042c9100000) (1024K)]
  0x000001add4734630 WorkerThread "GC Thread#6"                     [id=25288, stack(0x00000042c9100000,0x00000042c9200000) (1024K)]
  0x000001add4b82680 WorkerThread "GC Thread#7"                     [id=4416, stack(0x00000042c9600000,0x00000042c9700000) (1024K)]
  0x000001add4bffd80 WorkerThread "GC Thread#8"                     [id=26464, stack(0x00000042c9a00000,0x00000042c9b00000) (1024K)]
  0x000001add52f6fa0 WorkerThread "GC Thread#9"                     [id=7256, stack(0x00000042c9b00000,0x00000042c9c00000) (1024K)]
Total: 12

Threads with active compile tasks:
C2 CompilerThread0  12502 6365   !   4       org.eclipse.osgi.internal.loader.BundleLoader::findClass0 (491 bytes)
C1 CompilerThread0  12502 7321       3       org.eclipse.jdt.core.Signature::appendTypeSignature (513 bytes)
C2 CompilerThread1  12502 7286       4       jdk.internal.module.SystemModuleFinders$SystemModuleReader::find (59 bytes)
C2 CompilerThread2  12502 6967 %     4       org.eclipse.jdt.internal.core.search.indexing.BinaryIndexer::extractReferenceFromConstantPool @ 15 (358 bytes)
Total: 4

VM state: not at safepoint (normal execution)

VM Mutex/Monitor currently owned by a thread: None

Heap address: 0x00000000c0000000, size: 1024 MB, Compressed Oops mode: 32-bit

CDS archive(s) mapped at: [0x000001ad8f000000-0x000001ad8fba0000-0x000001ad8fba0000), size 12189696, SharedBaseAddress: 0x000001ad8f000000, ArchiveRelocationMode: 1.
Compressed class space mapped at: 0x000001ad90000000-0x000001add0000000, reserved size: 1073741824
Narrow klass base: 0x000001ad8f000000, Narrow klass shift: 0, Narrow klass range: 0x100000000

GC Precious Log:
 CardTable entry size: 512
 CPUs: 12 total, 12 available
 Memory: 7521M
 Large Page Support: Disabled
 NUMA Support: Disabled
 Compressed Oops: Enabled (32-bit)
 Alignments: Space 512K, Generation 512K, Heap 2M
 Heap Min Capacity: 100M
 Heap Initial Capacity: 100M
 Heap Max Capacity: 1G
 Pre-touch: Disabled
 Parallel Workers: 10

Heap:
 PSYoungGen      total 23040K, used 12484K [0x00000000eab00000, 0x00000000ec580000, 0x0000000100000000)
  eden space 19968K, 48% used [0x00000000eab00000,0x00000000eb476bc8,0x00000000ebe80000)
  from space 3072K, 90% used [0x00000000ec080000,0x00000000ec33a508,0x00000000ec380000)
  to   space 2048K, 0% used [0x00000000ec380000,0x00000000ec380000,0x00000000ec580000)
 ParOldGen       total 68608K, used 45684K [0x00000000c0000000, 0x00000000c4300000, 0x00000000eab00000)
  object space 68608K, 66% used [0x00000000c0000000,0x00000000c2c9d128,0x00000000c4300000)
 Metaspace       used 49058K, committed 50304K, reserved 1114112K
  class space    used 5143K, committed 5696K, reserved 1048576K

Card table byte_map: [0x000001adf70f0000,0x000001adf7300000] _byte_map_base: 0x000001adf6af0000

Marking Bits: (ParMarkBitMap*) 0x00007ff8a5d93260
 Begin Bits: [0x000001adf7460000, 0x000001adf8460000)
 End Bits:   [0x000001adf8460000, 0x000001adf9460000)

Polling page: 0x000001adf2390000

Metaspace:

Usage:
  Non-class:     42.89 MB used.
      Class:      5.02 MB used.
       Both:     47.91 MB used.

Virtual space:
  Non-class space:       64.00 MB reserved,      43.56 MB ( 68%) committed,  1 nodes.
      Class space:        1.00 GB reserved,       5.56 MB ( <1%) committed,  1 nodes.
             Both:        1.06 GB reserved,      49.12 MB (  5%) committed. 

Chunk freelists:
   Non-Class:  4.25 MB
       Class:  10.38 MB
        Both:  14.62 MB

MaxMetaspaceSize: unlimited
CompressedClassSpaceSize: 1.00 GB
Initial GC threshold: 21.00 MB
Current GC threshold: 58.38 MB
CDS: on
 - commit_granule_bytes: 65536.
 - commit_granule_words: 8192.
 - virtual_space_node_default_size: 8388608.
 - enlarge_chunks_in_place: 1.
 - use_allocation_guard: 0.


Internal statistics:

num_allocs_failed_limit: 6.
num_arena_births: 1006.
num_arena_deaths: 14.
num_vsnodes_births: 2.
num_vsnodes_deaths: 0.
num_space_committed: 786.
num_space_uncommitted: 0.
num_chunks_returned_to_freelist: 20.
num_chunks_taken_from_freelist: 3293.
num_chunk_merges: 12.
num_chunk_splits: 2010.
num_chunks_enlarged: 1067.
num_inconsistent_stats: 0.

CodeHeap 'non-profiled nmethods': size=120000Kb used=3218Kb max_used=3218Kb free=116781Kb
 bounds [0x000001ad87ad0000, 0x000001ad87e00000, 0x000001ad8f000000]
CodeHeap 'profiled nmethods': size=120000Kb used=13401Kb max_used=13401Kb free=106598Kb
 bounds [0x000001ad80000000, 0x000001ad80d20000, 0x000001ad87530000]
CodeHeap 'non-nmethods': size=5760Kb used=1391Kb max_used=1442Kb free=4369Kb
 bounds [0x000001ad87530000, 0x000001ad877a0000, 0x000001ad87ad0000]
 total_blobs=7363 nmethods=6667 adapters=602
 compilation: enabled
              stopped_count=0, restarted_count=0
 full_count=0

Compilation events (20 events):
Event: 9.459 Thread 0x000001adfad249c0 nmethod 7279% 0x000001ad80ceab10 code [0x000001ad80ceada0, 0x000001ad80ceb958]
Event: 9.459 Thread 0x000001adfad249c0 7280       2       sun.net.www.URLConnection::<init> (22 bytes)
Event: 9.459 Thread 0x000001adfad249c0 nmethod 7280 0x000001ad80cebf10 code [0x000001ad80cec0c0, 0x000001ad80cec2a8]
Event: 9.459 Thread 0x000001adfad249c0 7281       2       sun.net.www.MessageHeader::<init> (6 bytes)
Event: 9.459 Thread 0x000001adfad249c0 nmethod 7281 0x000001ad80cec390 code [0x000001ad80cec540, 0x000001ad80cec668]
Event: 9.459 Thread 0x000001adfad249c0 7282       2       sun.net.www.MessageHeader::<init> (14 bytes)
Event: 9.459 Thread 0x000001adfad249c0 nmethod 7282 0x000001ad80cec710 code [0x000001ad80cec8c0, 0x000001ad80cec9e8]
Event: 9.460 Thread 0x000001adfad249c0 7283       2       sun.net.www.protocol.jar.URLJarFile::getEntry (69 bytes)
Event: 9.460 Thread 0x000001adfad249c0 nmethod 7283 0x000001ad80ceca90 code [0x000001ad80cecd20, 0x000001ad80ced4b8]
Event: 9.460 Thread 0x000001adfad249c0 7285       2       com.google.inject.internal.asm.$MethodWriter::visitTypeInsn (116 bytes)
Event: 9.461 Thread 0x000001adfad249c0 nmethod 7285 0x000001ad80ced890 code [0x000001ad80ceda60, 0x000001ad80cedcd0]
Event: 9.461 Thread 0x000001adfad249c0 7284       2       com.google.common.base.Equivalence$Equals::doHash (5 bytes)
Event: 9.461 Thread 0x000001adfad249c0 nmethod 7284 0x000001ad80cede90 code [0x000001ad80cee040, 0x000001ad80cee178]
Event: 9.465 Thread 0x000001adfad249c0 7289       2       sun.net.www.protocol.jar.Handler::newURL (9 bytes)
Event: 9.465 Thread 0x000001adfad249c0 nmethod 7289 0x000001ad80cee210 code [0x000001ad80cee3c0, 0x000001ad80cee558]
Event: 9.468 Thread 0x000001adfad249c0 7290       2       java.lang.reflect.ProxyGenerator::typeNames (61 bytes)
Event: 9.469 Thread 0x000001adfad249c0 nmethod 7290 0x000001ad80cee610 code [0x000001ad80cee820, 0x000001ad80ceec58]
Event: 9.485 Thread 0x000001adfad249c0 7291       2       org.eclipse.jdt.core.compiler.CharOperation::concat (123 bytes)
Event: 9.485 Thread 0x000001adfad249c0 nmethod 7291 0x000001ad80ceee90 code [0x000001ad80cef0a0, 0x000001ad80cef558]
Event: 9.494 Thread 0x000001adfad249c0 7292       3       org.eclipse.core.runtime.Path::toString (210 bytes)

GC Heap History (20 events):
Event: 5.930 GC heap before
{Heap before GC invocations=19 (full 2):
 PSYoungGen      total 22528K, used 22528K [0x00000000eab00000, 0x00000000ec980000, 0x0000000100000000)
  eden space 21504K, 100% used [0x00000000eab00000,0x00000000ec000000,0x00000000ec000000)
  from space 1024K, 100% used [0x00000000ec480000,0x00000000ec580000,0x00000000ec580000)
  to   space 4608K, 0% used [0x00000000ec000000,0x00000000ec000000,0x00000000ec480000)
 ParOldGen       total 68608K, used 25036K [0x00000000c0000000, 0x00000000c4300000, 0x00000000eab00000)
  object space 68608K, 36% used [0x00000000c0000000,0x00000000c1873328,0x00000000c4300000)
 Metaspace       used 38465K, committed 39680K, reserved 1114112K
  class space    used 3897K, committed 4416K, reserved 1048576K
}
Event: 5.933 GC heap after
{Heap after GC invocations=19 (full 2):
 PSYoungGen      total 24064K, used 2338K [0x00000000eab00000, 0x00000000ec600000, 0x0000000100000000)
  eden space 21504K, 0% used [0x00000000eab00000,0x00000000eab00000,0x00000000ec000000)
  from space 2560K, 91% used [0x00000000ec000000,0x00000000ec248800,0x00000000ec280000)
  to   space 3072K, 0% used [0x00000000ec300000,0x00000000ec300000,0x00000000ec600000)
 ParOldGen       total 68608K, used 26068K [0x00000000c0000000, 0x00000000c4300000, 0x00000000eab00000)
  object space 68608K, 37% used [0x00000000c0000000,0x00000000c1975328,0x00000000c4300000)
 Metaspace       used 38465K, committed 39680K, reserved 1114112K
  class space    used 3897K, committed 4416K, reserved 1048576K
}
Event: 5.986 GC heap before
{Heap before GC invocations=20 (full 2):
 PSYoungGen      total 24064K, used 23842K [0x00000000eab00000, 0x00000000ec600000, 0x0000000100000000)
  eden space 21504K, 100% used [0x00000000eab00000,0x00000000ec000000,0x00000000ec000000)
  from space 2560K, 91% used [0x00000000ec000000,0x00000000ec248800,0x00000000ec280000)
  to   space 3072K, 0% used [0x00000000ec300000,0x00000000ec300000,0x00000000ec600000)
 ParOldGen       total 68608K, used 26068K [0x00000000c0000000, 0x00000000c4300000, 0x00000000eab00000)
  object space 68608K, 37% used [0x00000000c0000000,0x00000000c1975328,0x00000000c4300000)
 Metaspace       used 38757K, committed 39936K, reserved 1114112K
  class space    used 3941K, committed 4480K, reserved 1048576K
}
Event: 5.989 GC heap after
{Heap after GC invocations=20 (full 2):
 PSYoungGen      total 24064K, used 2276K [0x00000000eab00000, 0x00000000ec580000, 0x0000000100000000)
  eden space 21504K, 0% used [0x00000000eab00000,0x00000000eab00000,0x00000000ec000000)
  from space 2560K, 88% used [0x00000000ec300000,0x00000000ec539000,0x00000000ec580000)
  to   space 2560K, 0% used [0x00000000ec000000,0x00000000ec000000,0x00000000ec280000)
 ParOldGen       total 68608K, used 28123K [0x00000000c0000000, 0x00000000c4300000, 0x00000000eab00000)
  object space 68608K, 40% used [0x00000000c0000000,0x00000000c1b76df8,0x00000000c4300000)
 Metaspace       used 38757K, committed 39936K, reserved 1114112K
  class space    used 3941K, committed 4480K, reserved 1048576K
}
Event: 6.074 GC heap before
{Heap before GC invocations=21 (full 2):
 PSYoungGen      total 24064K, used 23780K [0x00000000eab00000, 0x00000000ec580000, 0x0000000100000000)
  eden space 21504K, 100% used [0x00000000eab00000,0x00000000ec000000,0x00000000ec000000)
  from space 2560K, 88% used [0x00000000ec300000,0x00000000ec539000,0x00000000ec580000)
  to   space 2560K, 0% used [0x00000000ec000000,0x00000000ec000000,0x00000000ec280000)
 ParOldGen       total 68608K, used 28123K [0x00000000c0000000, 0x00000000c4300000, 0x00000000eab00000)
  object space 68608K, 40% used [0x00000000c0000000,0x00000000c1b76df8,0x00000000c4300000)
 Metaspace       used 39048K, committed 40320K, reserved 1114112K
  class space    used 3984K, committed 4544K, reserved 1048576K
}
Event: 6.077 GC heap after
{Heap after GC invocations=21 (full 2):
 PSYoungGen      total 24064K, used 2061K [0x00000000eab00000, 0x00000000ec500000, 0x0000000100000000)
  eden space 21504K, 0% used [0x00000000eab00000,0x00000000eab00000,0x00000000ec000000)
  from space 2560K, 80% used [0x00000000ec000000,0x00000000ec203680,0x00000000ec280000)
  to   space 2560K, 0% used [0x00000000ec280000,0x00000000ec280000,0x00000000ec500000)
 ParOldGen       total 68608K, used 30209K [0x00000000c0000000, 0x00000000c4300000, 0x00000000eab00000)
  object space 68608K, 44% used [0x00000000c0000000,0x00000000c1d80420,0x00000000c4300000)
 Metaspace       used 39048K, committed 40320K, reserved 1114112K
  class space    used 3984K, committed 4544K, reserved 1048576K
}
Event: 6.163 GC heap before
{Heap before GC invocations=22 (full 2):
 PSYoungGen      total 24064K, used 23565K [0x00000000eab00000, 0x00000000ec500000, 0x0000000100000000)
  eden space 21504K, 100% used [0x00000000eab00000,0x00000000ec000000,0x00000000ec000000)
  from space 2560K, 80% used [0x00000000ec000000,0x00000000ec203680,0x00000000ec280000)
  to   space 2560K, 0% used [0x00000000ec280000,0x00000000ec280000,0x00000000ec500000)
 ParOldGen       total 68608K, used 30209K [0x00000000c0000000, 0x00000000c4300000, 0x00000000eab00000)
  object space 68608K, 44% used [0x00000000c0000000,0x00000000c1d80420,0x00000000c4300000)
 Metaspace       used 39442K, committed 40704K, reserved 1114112K
  class space    used 4030K, committed 4608K, reserved 1048576K
}
Event: 6.167 GC heap after
{Heap after GC invocations=22 (full 2):
 PSYoungGen      total 23552K, used 1773K [0x00000000eab00000, 0x00000000ec480000, 0x0000000100000000)
  eden space 21504K, 0% used [0x00000000eab00000,0x00000000eab00000,0x00000000ec000000)
  from space 2048K, 86% used [0x00000000ec280000,0x00000000ec43b6a8,0x00000000ec480000)
  to   space 2048K, 0% used [0x00000000ec080000,0x00000000ec080000,0x00000000ec280000)
 ParOldGen       total 68608K, used 31993K [0x00000000c0000000, 0x00000000c4300000, 0x00000000eab00000)
  object space 68608K, 46% used [0x00000000c0000000,0x00000000c1f3e430,0x00000000c4300000)
 Metaspace       used 39442K, committed 40704K, reserved 1114112K
  class space    used 4030K, committed 4608K, reserved 1048576K
}
Event: 6.302 GC heap before
{Heap before GC invocations=23 (full 2):
 PSYoungGen      total 23552K, used 23277K [0x00000000eab00000, 0x00000000ec480000, 0x0000000100000000)
  eden space 21504K, 100% used [0x00000000eab00000,0x00000000ec000000,0x00000000ec000000)
  from space 2048K, 86% used [0x00000000ec280000,0x00000000ec43b6a8,0x00000000ec480000)
  to   space 2048K, 0% used [0x00000000ec080000,0x00000000ec080000,0x00000000ec280000)
 ParOldGen       total 68608K, used 31993K [0x00000000c0000000, 0x00000000c4300000, 0x00000000eab00000)
  object space 68608K, 46% used [0x00000000c0000000,0x00000000c1f3e430,0x00000000c4300000)
 Metaspace       used 40369K, committed 41600K, reserved 1114112K
  class space    used 4138K, committed 4672K, reserved 1048576K
}
Event: 6.304 GC heap after
{Heap after GC invocations=23 (full 2):
 PSYoungGen      total 23040K, used 1344K [0x00000000eab00000, 0x00000000ec300000, 0x0000000100000000)
  eden space 21504K, 0% used [0x00000000eab00000,0x00000000eab00000,0x00000000ec000000)
  from space 1536K, 87% used [0x00000000ec080000,0x00000000ec1d0000,0x00000000ec200000)
  to   space 1024K, 0% used [0x00000000ec200000,0x00000000ec200000,0x00000000ec300000)
 ParOldGen       total 68608K, used 33625K [0x00000000c0000000, 0x00000000c4300000, 0x00000000eab00000)
  object space 68608K, 49% used [0x00000000c0000000,0x00000000c20d6630,0x00000000c4300000)
 Metaspace       used 40369K, committed 41600K, reserved 1114112K
  class space    used 4138K, committed 4672K, reserved 1048576K
}
Event: 6.494 GC heap before
{Heap before GC invocations=24 (full 2):
 PSYoungGen      total 23040K, used 22837K [0x00000000eab00000, 0x00000000ec300000, 0x0000000100000000)
  eden space 21504K, 99% used [0x00000000eab00000,0x00000000ebffd4f0,0x00000000ec000000)
  from space 1536K, 87% used [0x00000000ec080000,0x00000000ec1d0000,0x00000000ec200000)
  to   space 1024K, 0% used [0x00000000ec200000,0x00000000ec200000,0x00000000ec300000)
 ParOldGen       total 68608K, used 33625K [0x00000000c0000000, 0x00000000c4300000, 0x00000000eab00000)
  object space 68608K, 49% used [0x00000000c0000000,0x00000000c20d6630,0x00000000c4300000)
 Metaspace       used 42125K, committed 43328K, reserved 1114112K
  class space    used 4342K, committed 4864K, reserved 1048576K
}
Event: 6.497 GC heap after
{Heap after GC invocations=24 (full 2):
 PSYoungGen      total 20992K, used 1013K [0x00000000eab00000, 0x00000000ec700000, 0x0000000100000000)
  eden space 19968K, 0% used [0x00000000eab00000,0x00000000eab00000,0x00000000ebe80000)
  from space 1024K, 98% used [0x00000000ec200000,0x00000000ec2fd610,0x00000000ec300000)
  to   space 3584K, 0% used [0x00000000ebe80000,0x00000000ebe80000,0x00000000ec200000)
 ParOldGen       total 68608K, used 35699K [0x00000000c0000000, 0x00000000c4300000, 0x00000000eab00000)
  object space 68608K, 52% used [0x00000000c0000000,0x00000000c22dce98,0x00000000c4300000)
 Metaspace       used 42125K, committed 43328K, reserved 1114112K
  class space    used 4342K, committed 4864K, reserved 1048576K
}
Event: 6.728 GC heap before
{Heap before GC invocations=25 (full 2):
 PSYoungGen      total 20992K, used 20981K [0x00000000eab00000, 0x00000000ec700000, 0x0000000100000000)
  eden space 19968K, 100% used [0x00000000eab00000,0x00000000ebe80000,0x00000000ebe80000)
  from space 1024K, 98% used [0x00000000ec200000,0x00000000ec2fd610,0x00000000ec300000)
  to   space 3584K, 0% used [0x00000000ebe80000,0x00000000ebe80000,0x00000000ec200000)
 ParOldGen       total 68608K, used 35699K [0x00000000c0000000, 0x00000000c4300000, 0x00000000eab00000)
  object space 68608K, 52% used [0x00000000c0000000,0x00000000c22dce98,0x00000000c4300000)
 Metaspace       used 44411K, committed 45696K, reserved 1114112K
  class space    used 4572K, committed 5184K, reserved 1048576K
}
Event: 6.731 GC heap after
{Heap after GC invocations=25 (full 2):
 PSYoungGen      total 22528K, used 2159K [0x00000000eab00000, 0x00000000ec380000, 0x0000000100000000)
  eden space 19968K, 0% used [0x00000000eab00000,0x00000000eab00000,0x00000000ebe80000)
  from space 2560K, 84% used [0x00000000ebe80000,0x00000000ec09bf90,0x00000000ec100000)
  to   space 2560K, 0% used [0x00000000ec100000,0x00000000ec100000,0x00000000ec380000)
 ParOldGen       total 68608K, used 36510K [0x00000000c0000000, 0x00000000c4300000, 0x00000000eab00000)
  object space 68608K, 53% used [0x00000000c0000000,0x00000000c23a7998,0x00000000c4300000)
 Metaspace       used 44411K, committed 45696K, reserved 1114112K
  class space    used 4572K, committed 5184K, reserved 1048576K
}
Event: 6.839 GC heap before
{Heap before GC invocations=26 (full 2):
 PSYoungGen      total 22528K, used 22127K [0x00000000eab00000, 0x00000000ec380000, 0x0000000100000000)
  eden space 19968K, 100% used [0x00000000eab00000,0x00000000ebe80000,0x00000000ebe80000)
  from space 2560K, 84% used [0x00000000ebe80000,0x00000000ec09bf90,0x00000000ec100000)
  to   space 2560K, 0% used [0x00000000ec100000,0x00000000ec100000,0x00000000ec380000)
 ParOldGen       total 68608K, used 36510K [0x00000000c0000000, 0x00000000c4300000, 0x00000000eab00000)
  object space 68608K, 53% used [0x00000000c0000000,0x00000000c23a7998,0x00000000c4300000)
 Metaspace       used 46129K, committed 47360K, reserved 1114112K
  class space    used 4766K, committed 5312K, reserved 1048576K
}
Event: 6.841 GC heap after
{Heap after GC invocations=26 (full 2):
 PSYoungGen      total 22528K, used 2467K [0x00000000eab00000, 0x00000000ec380000, 0x0000000100000000)
  eden space 19968K, 0% used [0x00000000eab00000,0x00000000eab00000,0x00000000ebe80000)
  from space 2560K, 96% used [0x00000000ec100000,0x00000000ec368cc0,0x00000000ec380000)
  to   space 2560K, 0% used [0x00000000ebe80000,0x00000000ebe80000,0x00000000ec100000)
 ParOldGen       total 68608K, used 38158K [0x00000000c0000000, 0x00000000c4300000, 0x00000000eab00000)
  object space 68608K, 55% used [0x00000000c0000000,0x00000000c2543950,0x00000000c4300000)
 Metaspace       used 46129K, committed 47360K, reserved 1114112K
  class space    used 4766K, committed 5312K, reserved 1048576K
}
Event: 7.922 GC heap before
{Heap before GC invocations=27 (full 2):
 PSYoungGen      total 22528K, used 22435K [0x00000000eab00000, 0x00000000ec380000, 0x0000000100000000)
  eden space 19968K, 100% used [0x00000000eab00000,0x00000000ebe80000,0x00000000ebe80000)
  from space 2560K, 96% used [0x00000000ec100000,0x00000000ec368cc0,0x00000000ec380000)
  to   space 2560K, 0% used [0x00000000ebe80000,0x00000000ebe80000,0x00000000ec100000)
 ParOldGen       total 68608K, used 38158K [0x00000000c0000000, 0x00000000c4300000, 0x00000000eab00000)
  object space 68608K, 55% used [0x00000000c0000000,0x00000000c2543950,0x00000000c4300000)
 Metaspace       used 47040K, committed 48384K, reserved 1114112K
  class space    used 4867K, committed 5440K, reserved 1048576K
}
Event: 8.938 GC heap after
{Heap after GC invocations=27 (full 2):
 PSYoungGen      total 22528K, used 2557K [0x00000000eab00000, 0x00000000ecb80000, 0x0000000100000000)
  eden space 19968K, 0% used [0x00000000eab00000,0x00000000eab00000,0x00000000ebe80000)
  from space 2560K, 99% used [0x00000000ebe80000,0x00000000ec0ff5d8,0x00000000ec100000)
  to   space 6656K, 0% used [0x00000000ec500000,0x00000000ec500000,0x00000000ecb80000)
 ParOldGen       total 68608K, used 41351K [0x00000000c0000000, 0x00000000c4300000, 0x00000000eab00000)
  object space 68608K, 60% used [0x00000000c0000000,0x00000000c2861f98,0x00000000c4300000)
 Metaspace       used 47040K, committed 48384K, reserved 1114112K
  class space    used 4867K, committed 5440K, reserved 1048576K
}
Event: 9.301 GC heap before
{Heap before GC invocations=28 (full 2):
 PSYoungGen      total 22528K, used 22482K [0x00000000eab00000, 0x00000000ecb80000, 0x0000000100000000)
  eden space 19968K, 99% used [0x00000000eab00000,0x00000000ebe753e8,0x00000000ebe80000)
  from space 2560K, 99% used [0x00000000ebe80000,0x00000000ec0ff5d8,0x00000000ec100000)
  to   space 6656K, 0% used [0x00000000ec500000,0x00000000ec500000,0x00000000ecb80000)
 ParOldGen       total 68608K, used 41351K [0x00000000c0000000, 0x00000000c4300000, 0x00000000eab00000)
  object space 68608K, 60% used [0x00000000c0000000,0x00000000c2861f98,0x00000000c4300000)
 Metaspace       used 48390K, committed 49728K, reserved 1114112K
  class space    used 5038K, committed 5632K, reserved 1048576K
}
Event: 9.304 GC heap after
{Heap after GC invocations=28 (full 2):
 PSYoungGen      total 22528K, used 2165K [0x00000000eab00000, 0x00000000ec780000, 0x0000000100000000)
  eden space 19968K, 0% used [0x00000000eab00000,0x00000000eab00000,0x00000000ebe80000)
  from space 2560K, 84% used [0x00000000ec500000,0x00000000ec71d7e8,0x00000000ec780000)
  to   space 3584K, 0% used [0x00000000ec080000,0x00000000ec080000,0x00000000ec400000)
 ParOldGen       total 68608K, used 43832K [0x00000000c0000000, 0x00000000c4300000, 0x00000000eab00000)
  object space 68608K, 63% used [0x00000000c0000000,0x00000000c2ace368,0x00000000c4300000)
 Metaspace       used 48390K, committed 49728K, reserved 1114112K
  class space    used 5038K, committed 5632K, reserved 1048576K
}

Dll operation events (10 events):
Event: 0.025 Loaded shared library c:\Users\Jaywant\.vscode\extensions\redhat.java-1.41.1-win32-x64\jre\21.0.6-win32-x86_64\bin\java.dll
Event: 0.180 Loaded shared library c:\Users\Jaywant\.vscode\extensions\redhat.java-1.41.1-win32-x64\jre\21.0.6-win32-x86_64\bin\zip.dll
Event: 0.237 Loaded shared library C:\Users\Jaywant\.vscode\extensions\redhat.java-1.41.1-win32-x64\jre\21.0.6-win32-x86_64\bin\instrument.dll
Event: 0.277 Loaded shared library C:\Users\Jaywant\.vscode\extensions\redhat.java-1.41.1-win32-x64\jre\21.0.6-win32-x86_64\bin\net.dll
Event: 0.281 Loaded shared library C:\Users\Jaywant\.vscode\extensions\redhat.java-1.41.1-win32-x64\jre\21.0.6-win32-x86_64\bin\nio.dll
Event: 0.291 Loaded shared library C:\Users\Jaywant\.vscode\extensions\redhat.java-1.41.1-win32-x64\jre\21.0.6-win32-x86_64\bin\zip.dll
Event: 0.400 Loaded shared library C:\Users\Jaywant\.vscode\extensions\redhat.java-1.41.1-win32-x64\jre\21.0.6-win32-x86_64\bin\jimage.dll
Event: 0.626 Loaded shared library c:\Users\Jaywant\.vscode\extensions\redhat.java-1.41.1-win32-x64\jre\21.0.6-win32-x86_64\bin\verify.dll
Event: 2.782 Loaded shared library C:\Users\Jaywant\AppData\Roaming\Code\User\globalStorage\redhat.java\1.41.1\config_win\org.eclipse.equinox.launcher\org.eclipse.equinox.launcher.win32.win32.x86_64_1.2.1300.v20250331-1702\eclipse_11911.dll
Event: 4.204 Loaded shared library C:\Users\Jaywant\AppData\Local\Temp\jna--151788782\jna5177589711900235123.dll

Deoptimization events (20 events):
Event: 9.161 Thread 0x000001add510f790 DEOPT PACKING pc=0x000001ad87da95bc sp=0x00000042ca0fe1e0
Event: 9.161 Thread 0x000001add510f790 DEOPT UNPACKING pc=0x000001ad87583aa2 sp=0x00000042ca0fe108 mode 2
Event: 9.218 Thread 0x000001add510f790 DEOPT PACKING pc=0x000001ad800abf78 sp=0x00000042ca0f8cf0
Event: 9.218 Thread 0x000001add510f790 DEOPT UNPACKING pc=0x000001ad87584242 sp=0x00000042ca0f81d8 mode 0
Event: 9.280 Thread 0x000001add5110b40 DEOPT PACKING pc=0x000001ad80c1cd0c sp=0x00000042ca3fe720
Event: 9.280 Thread 0x000001add5110b40 DEOPT UNPACKING pc=0x000001ad87584242 sp=0x00000042ca3fdc28 mode 0
Event: 9.285 Thread 0x000001add510f790 DEOPT PACKING pc=0x000001ad806321b9 sp=0x00000042ca0f8d90
Event: 9.285 Thread 0x000001add510f790 DEOPT UNPACKING pc=0x000001ad87584242 sp=0x00000042ca0f8290 mode 0
Event: 9.357 Thread 0x000001add510f790 DEOPT PACKING pc=0x000001ad80970ec6 sp=0x00000042ca0f8790
Event: 9.357 Thread 0x000001add510f790 DEOPT UNPACKING pc=0x000001ad87584242 sp=0x00000042ca0f7d10 mode 0
Event: 9.375 Thread 0x000001add510f790 DEOPT PACKING pc=0x000001ad806321b9 sp=0x00000042ca0f8e70
Event: 9.375 Thread 0x000001add510f790 DEOPT UNPACKING pc=0x000001ad87584242 sp=0x00000042ca0f8370 mode 0
Event: 9.403 Thread 0x000001add510f790 DEOPT PACKING pc=0x000001ad808c558d sp=0x00000042ca0fb440
Event: 9.403 Thread 0x000001add510f790 DEOPT UNPACKING pc=0x000001ad87584242 sp=0x00000042ca0fa8f0 mode 0
Event: 9.414 Thread 0x000001add510f790 DEOPT PACKING pc=0x000001ad808c558d sp=0x00000042ca0fbe70
Event: 9.414 Thread 0x000001add510f790 DEOPT UNPACKING pc=0x000001ad87584242 sp=0x00000042ca0fb320 mode 0
Event: 9.421 Thread 0x000001add510f790 DEOPT PACKING pc=0x000001ad808c558d sp=0x00000042ca0fb950
Event: 9.421 Thread 0x000001add510f790 DEOPT UNPACKING pc=0x000001ad87584242 sp=0x00000042ca0fae00 mode 0
Event: 9.432 Thread 0x000001add510f790 DEOPT PACKING pc=0x000001ad808c558d sp=0x00000042ca0fc6b0
Event: 9.432 Thread 0x000001add510f790 DEOPT UNPACKING pc=0x000001ad87584242 sp=0x00000042ca0fbb60 mode 0

Classes loaded (20 events):
Event: 6.434 Loading class java/util/WeakHashMap$KeyIterator
Event: 6.434 Loading class java/util/WeakHashMap$KeyIterator done
Event: 6.589 Loading class java/lang/invoke/MethodHandleImpl$CountingWrapper
Event: 6.591 Loading class java/lang/invoke/MethodHandleImpl$CountingWrapper done
Event: 6.608 Loading class jdk/internal/math/FormattedFPDecimal
Event: 6.608 Loading class jdk/internal/math/FormattedFPDecimal done
Event: 6.623 Loading class java/util/concurrent/CompletionService
Event: 6.623 Loading class java/util/concurrent/CompletionService done
Event: 6.758 Loading class sun/reflect/generics/scope/ConstructorScope
Event: 6.759 Loading class sun/reflect/generics/scope/ConstructorScope done
Event: 6.759 Loading class sun/reflect/generics/tree/VoidDescriptor
Event: 6.759 Loading class sun/reflect/generics/tree/VoidDescriptor done
Event: 6.763 Loading class java/lang/ExceptionInInitializerError
Event: 6.763 Loading class java/lang/ExceptionInInitializerError done
Event: 6.806 Loading class java/nio/channels/ServerSocketChannel
Event: 6.807 Loading class java/nio/channels/ServerSocketChannel done
Event: 8.976 Loading class java/util/concurrent/ForkJoinTask$AdaptedCallable
Event: 8.977 Loading class java/util/concurrent/ForkJoinTask$AdaptedCallable done
Event: 9.435 Loading class java/util/Vector$1
Event: 9.435 Loading class java/util/Vector$1 done

Classes unloaded (7 events):
Event: 4.627 Thread 0x000001adf9844970 Unloading class 0x000001ad90198c00 'java/lang/invoke/LambdaForm$MH+0x000001ad90198c00'
Event: 4.627 Thread 0x000001adf9844970 Unloading class 0x000001ad90198800 'java/lang/invoke/LambdaForm$MH+0x000001ad90198800'
Event: 4.627 Thread 0x000001adf9844970 Unloading class 0x000001ad90198400 'java/lang/invoke/LambdaForm$MH+0x000001ad90198400'
Event: 4.627 Thread 0x000001adf9844970 Unloading class 0x000001ad90198000 'java/lang/invoke/LambdaForm$MH+0x000001ad90198000'
Event: 4.627 Thread 0x000001adf9844970 Unloading class 0x000001ad90197c00 'java/lang/invoke/LambdaForm$BMH+0x000001ad90197c00'
Event: 4.627 Thread 0x000001adf9844970 Unloading class 0x000001ad90197800 'java/lang/invoke/LambdaForm$DMH+0x000001ad90197800'
Event: 4.627 Thread 0x000001adf9844970 Unloading class 0x000001ad90196400 'java/lang/invoke/LambdaForm$DMH+0x000001ad90196400'

Classes redefined (0 events):
No events

Internal exceptions (20 events):
Event: 6.623 Thread 0x000001add510f790 Exception <a 'java/lang/NoSuchMethodError'{0x00000000eb30d578}: 'int java.lang.invoke.DirectMethodHandle$Holder.invokeStatic(java.lang.Object)'> (0x00000000eb30d578) 
thrown [s\src\hotspot\share\interpreter\linkResolver.cpp, line 773]
Event: 6.645 Thread 0x000001add510f790 Exception <a 'java/io/FileNotFoundException'{0x00000000eb5ca1c8}> (0x00000000eb5ca1c8) 
thrown [s\src\hotspot\share\prims\jni.cpp, line 520]
Event: 6.645 Thread 0x000001add510f790 Exception <a 'java/io/FileNotFoundException'{0x00000000eb5cb1d0}> (0x00000000eb5cb1d0) 
thrown [s\src\hotspot\share\prims\jni.cpp, line 520]
Event: 6.646 Thread 0x000001add510f790 Exception <a 'java/io/FileNotFoundException'{0x00000000eb5d0e18}> (0x00000000eb5d0e18) 
thrown [s\src\hotspot\share\prims\jni.cpp, line 520]
Event: 6.647 Thread 0x000001add510f790 Exception <a 'java/io/FileNotFoundException'{0x00000000eb5d21b8}> (0x00000000eb5d21b8) 
thrown [s\src\hotspot\share\prims\jni.cpp, line 520]
Event: 6.647 Thread 0x000001add510f790 Exception <a 'java/io/FileNotFoundException'{0x00000000eb5d31e0}> (0x00000000eb5d31e0) 
thrown [s\src\hotspot\share\prims\jni.cpp, line 520]
Event: 6.909 Thread 0x000001add5110b40 Implicit null exception at 0x000001ad87d9c25a to 0x000001ad87d9c358
Event: 8.975 Thread 0x000001add510f790 Exception <a 'sun/nio/fs/WindowsException'{0x00000000eac29a78}> (0x00000000eac29a78) 
thrown [s\src\hotspot\share\prims\jni.cpp, line 520]
Event: 8.985 Thread 0x000001add7ca98e0 Exception <a 'sun/nio/fs/WindowsException'{0x00000000eac676e8}> (0x00000000eac676e8) 
thrown [s\src\hotspot\share\prims\jni.cpp, line 520]
Event: 8.986 Thread 0x000001add7ca98e0 Exception <a 'sun/nio/fs/WindowsException'{0x00000000eac6c9d0}> (0x00000000eac6c9d0) 
thrown [s\src\hotspot\share\prims\jni.cpp, line 520]
Event: 8.988 Thread 0x000001add7ca6af0 Exception <a 'sun/nio/fs/WindowsException'{0x00000000eac74280}> (0x00000000eac74280) 
thrown [s\src\hotspot\share\prims\jni.cpp, line 520]
Event: 8.990 Thread 0x000001add7ca8bc0 Exception <a 'sun/nio/fs/WindowsException'{0x00000000eac808b8}> (0x00000000eac808b8) 
thrown [s\src\hotspot\share\prims\jni.cpp, line 520]
Event: 9.045 Thread 0x000001add7ca6460 Exception <a 'sun/nio/fs/WindowsException'{0x00000000ead79980}> (0x00000000ead79980) 
thrown [s\src\hotspot\share\prims\jni.cpp, line 520]
Event: 9.048 Thread 0x000001add7ca7180 Exception <a 'sun/nio/fs/WindowsException'{0x00000000eacb0ec8}> (0x00000000eacb0ec8) 
thrown [s\src\hotspot\share\prims\jni.cpp, line 520]
Event: 9.052 Thread 0x000001add7ca6af0 Exception <a 'sun/nio/fs/WindowsException'{0x00000000eac78958}> (0x00000000eac78958) 
thrown [s\src\hotspot\share\prims\jni.cpp, line 520]
Event: 9.052 Thread 0x000001add7ca6460 Exception <a 'sun/nio/fs/WindowsException'{0x00000000ead7c290}> (0x00000000ead7c290) 
thrown [s\src\hotspot\share\prims\jni.cpp, line 520]
Event: 9.091 Thread 0x000001add5203c10 Exception <a 'java/lang/ExceptionInInitializerError'{0x00000000eafa0af0}> (0x00000000eafa0af0) 
thrown [s\src\hotspot\share\oops\instanceKlass.cpp, line 1220]
Event: 9.153 Thread 0x000001add5203c10 Implicit null exception at 0x000001ad87c17b7e to 0x000001ad87c17df0
Event: 9.153 Thread 0x000001add5203c10 Implicit null exception at 0x000001ad87b8649c to 0x000001ad87b8736c
Event: 9.155 Thread 0x000001add5203c10 Exception <a 'java/lang/NoSuchMethodError'{0x00000000eb4090e8}: 'java.lang.Object java.lang.invoke.Invokers$Holder.invokeExact_MT(java.lang.Object, int, java.lang.Object)'> (0x00000000eb4090e8) 
thrown [s\src\hotspot\share\interpreter\linkResolver.cpp, line 773]

ZGC Phase Switch (0 events):
No events

VM Operations (20 events):
Event: 6.507 Executing VM operation: HandshakeAllThreads (Deoptimize) done
Event: 6.515 Executing VM operation: HandshakeAllThreads (Deoptimize)
Event: 6.528 Executing VM operation: HandshakeAllThreads (Deoptimize) done
Event: 6.612 Executing VM operation: HandshakeAllThreads (Deoptimize)
Event: 6.617 Executing VM operation: HandshakeAllThreads (Deoptimize) done
Event: 6.625 Executing VM operation: HandshakeAllThreads (Deoptimize)
Event: 6.625 Executing VM operation: HandshakeAllThreads (Deoptimize) done
Event: 6.725 Executing VM operation: ParallelGCFailedAllocation (Allocation Failure)
Event: 6.731 Executing VM operation: ParallelGCFailedAllocation (Allocation Failure) done
Event: 6.839 Executing VM operation: ParallelGCFailedAllocation (Allocation Failure)
Event: 6.841 Executing VM operation: ParallelGCFailedAllocation (Allocation Failure) done
Event: 6.907 Executing VM operation: HandshakeAllThreads (Deoptimize)
Event: 6.907 Executing VM operation: HandshakeAllThreads (Deoptimize) done
Event: 6.931 Executing VM operation: ParallelGCFailedAllocation (Allocation Failure)
Event: 8.938 Executing VM operation: ParallelGCFailedAllocation (Allocation Failure) done
Event: 9.220 Executing VM operation: HandshakeAllThreads (Deoptimize)
Event: 9.223 Executing VM operation: HandshakeAllThreads (Deoptimize) done
Event: 9.288 Executing VM operation: ParallelGCFailedAllocation (Allocation Failure)
Event: 9.304 Executing VM operation: ParallelGCFailedAllocation (Allocation Failure) done
Event: 10.313 Executing VM operation: Cleanup

Memory protections (0 events):
No events

Nmethod flushes (20 events):
Event: 5.613 Thread 0x000001adf9844970 flushing  nmethod 0x000001ad806ccf10
Event: 5.613 Thread 0x000001adf9844970 flushing  nmethod 0x000001ad806cdc10
Event: 5.613 Thread 0x000001adf9844970 flushing  nmethod 0x000001ad806cf110
Event: 5.613 Thread 0x000001adf9844970 flushing  nmethod 0x000001ad806cf590
Event: 5.613 Thread 0x000001adf9844970 flushing  nmethod 0x000001ad806d0010
Event: 5.613 Thread 0x000001adf9844970 flushing  nmethod 0x000001ad806d1f10
Event: 5.613 Thread 0x000001adf9844970 flushing  nmethod 0x000001ad806ec010
Event: 5.613 Thread 0x000001adf9844970 flushing  nmethod 0x000001ad806f6c90
Event: 5.613 Thread 0x000001adf9844970 flushing  nmethod 0x000001ad806fcc90
Event: 5.613 Thread 0x000001adf9844970 flushing  nmethod 0x000001ad806fe110
Event: 5.613 Thread 0x000001adf9844970 flushing  nmethod 0x000001ad80708310
Event: 5.613 Thread 0x000001adf9844970 flushing  nmethod 0x000001ad8070bb10
Event: 5.613 Thread 0x000001adf9844970 flushing  nmethod 0x000001ad807a6190
Event: 5.613 Thread 0x000001adf9844970 flushing  nmethod 0x000001ad807a6610
Event: 5.613 Thread 0x000001adf9844970 flushing  nmethod 0x000001ad807a7590
Event: 5.613 Thread 0x000001adf9844970 flushing  nmethod 0x000001ad807a8390
Event: 5.613 Thread 0x000001adf9844970 flushing  nmethod 0x000001ad807a9010
Event: 5.613 Thread 0x000001adf9844970 flushing  nmethod 0x000001ad807ac010
Event: 5.613 Thread 0x000001adf9844970 flushing  nmethod 0x000001ad807c5890
Event: 5.613 Thread 0x000001adf9844970 flushing  nmethod 0x000001ad807e3b90

Events (20 events):
Event: 8.987 Thread 0x000001add7ca98e0 Thread added: 0x000001add7ca6af0
Event: 8.987 Thread 0x000001add7ca6af0 Thread added: 0x000001add7ca8bc0
Event: 8.988 Thread 0x000001add7ca6af0 Thread added: 0x000001add7ca7180
Event: 8.990 Thread 0x000001add7ca8bc0 Thread added: 0x000001add7ca9f70
Event: 9.048 Thread 0x000001add7ca9f70 Thread added: 0x000001add7ca7810
Event: 9.049 Thread 0x000001add7ca6af0 Thread added: 0x000001add7ca8530
Event: 9.050 Thread 0x000001add7ca98e0 Thread added: 0x000001add7cac6d0
Event: 9.051 Thread 0x000001add7ca6460 Thread added: 0x000001add7caac90
Event: 9.052 Thread 0x000001add7ca9f70 Thread added: 0x000001add7cacd60
Event: 9.054 Thread 0x000001add7ca8bc0 Thread added: 0x000001add7cada80
Event: 9.146 Thread 0x000001add510f790 Thread added: 0x000001add7cad3f0
Event: 9.146 Thread 0x000001add510f790 Thread added: 0x000001add7caa600
Event: 9.147 Thread 0x000001add510f790 Thread added: 0x000001add7cab320
Event: 9.147 Thread 0x000001add510f790 Thread added: 0x000001add7cab9b0
Event: 9.147 Thread 0x000001add510f790 Thread added: 0x000001add7cac040
Event: 9.147 Thread 0x000001add510f790 Thread added: 0x000001add681eab0
Event: 9.147 Thread 0x000001add510f790 Thread added: 0x000001add681d070
Event: 9.147 Thread 0x000001add510f790 Thread added: 0x000001add681e420
Event: 9.147 Thread 0x000001add510f790 Thread added: 0x000001add681f140
Event: 9.147 Thread 0x000001add510f790 Thread added: 0x000001add68204f0


Dynamic libraries:
0x00007ff63dab0000 - 0x00007ff63dabe000 	c:\Users\Jaywant\.vscode\extensions\redhat.java-1.41.1-win32-x64\jre\21.0.6-win32-x86_64\bin\java.exe
0x00007ff9267c0000 - 0x00007ff926a26000 	C:\WINDOWS\SYSTEM32\ntdll.dll
0x00007ff925210000 - 0x00007ff9252d9000 	C:\WINDOWS\System32\KERNEL32.DLL
0x00007ff924110000 - 0x00007ff9244dc000 	C:\WINDOWS\System32\KERNELBASE.dll
0x00007ff923c00000 - 0x00007ff923d4b000 	C:\WINDOWS\System32\ucrtbase.dll
0x00007ff91d060000 - 0x00007ff91d078000 	c:\Users\Jaywant\.vscode\extensions\redhat.java-1.41.1-win32-x64\jre\21.0.6-win32-x86_64\bin\jli.dll
0x00007ff916650000 - 0x00007ff91666e000 	c:\Users\Jaywant\.vscode\extensions\redhat.java-1.41.1-win32-x64\jre\21.0.6-win32-x86_64\bin\VCRUNTIME140.dll
0x00007ff924a00000 - 0x00007ff924bca000 	C:\WINDOWS\System32\USER32.dll
0x00007ff923a00000 - 0x00007ff923a27000 	C:\WINDOWS\System32\win32u.dll
0x00007ff925d70000 - 0x00007ff925d9b000 	C:\WINDOWS\System32\GDI32.dll
0x00007ff923ac0000 - 0x00007ff923bf2000 	C:\WINDOWS\System32\gdi32full.dll
0x00007ff923950000 - 0x00007ff9239f3000 	C:\WINDOWS\System32\msvcp_win.dll
0x00007ff90ccd0000 - 0x00007ff90cf6a000 	C:\WINDOWS\WinSxS\amd64_microsoft.windows.common-controls_6595b64144ccf1df_6.0.26100.3912_none_3e07963ce335137e\COMCTL32.dll
0x00007ff9264f0000 - 0x00007ff926599000 	C:\WINDOWS\System32\msvcrt.dll
0x00007ff924610000 - 0x00007ff924640000 	C:\WINDOWS\System32\IMM32.DLL
0x00007ff920920000 - 0x00007ff92092c000 	c:\Users\Jaywant\.vscode\extensions\redhat.java-1.41.1-win32-x64\jre\21.0.6-win32-x86_64\bin\vcruntime140_1.dll
0x00007ff8f9f30000 - 0x00007ff8f9fbd000 	c:\Users\Jaywant\.vscode\extensions\redhat.java-1.41.1-win32-x64\jre\21.0.6-win32-x86_64\bin\msvcp140.dll
0x00007ff8a50e0000 - 0x00007ff8a5e70000 	c:\Users\Jaywant\.vscode\extensions\redhat.java-1.41.1-win32-x64\jre\21.0.6-win32-x86_64\bin\server\jvm.dll
0x00007ff924bd0000 - 0x00007ff924c82000 	C:\WINDOWS\System32\ADVAPI32.dll
0x00007ff9266c0000 - 0x00007ff926766000 	C:\WINDOWS\System32\sechost.dll
0x00007ff9265a0000 - 0x00007ff9266b6000 	C:\WINDOWS\System32\RPCRT4.dll
0x00007ff924980000 - 0x00007ff9249f4000 	C:\WINDOWS\System32\WS2_32.dll
0x00007ff9237c0000 - 0x00007ff92381e000 	C:\WINDOWS\SYSTEM32\POWRPROF.dll
0x00007ff91aec0000 - 0x00007ff91aef6000 	C:\WINDOWS\SYSTEM32\WINMM.dll
0x00007ff91af00000 - 0x00007ff91af0b000 	C:\WINDOWS\SYSTEM32\VERSION.dll
0x00007ff9237a0000 - 0x00007ff9237b4000 	C:\WINDOWS\SYSTEM32\UMPDC.dll
0x00007ff922710000 - 0x00007ff92272a000 	C:\WINDOWS\SYSTEM32\kernel.appcore.dll
0x00007ff910ee0000 - 0x00007ff910eea000 	c:\Users\Jaywant\.vscode\extensions\redhat.java-1.41.1-win32-x64\jre\21.0.6-win32-x86_64\bin\jimage.dll
0x00007ff917c80000 - 0x00007ff917ec1000 	C:\WINDOWS\SYSTEM32\DBGHELP.DLL
0x00007ff9259e0000 - 0x00007ff925d64000 	C:\WINDOWS\System32\combase.dll
0x00007ff925790000 - 0x00007ff925870000 	C:\WINDOWS\System32\OLEAUT32.dll
0x00007ff90f0e0000 - 0x00007ff90f119000 	C:\WINDOWS\SYSTEM32\dbgcore.DLL
0x00007ff9244e0000 - 0x00007ff924579000 	C:\WINDOWS\System32\bcryptPrimitives.dll
0x00007ff910ed0000 - 0x00007ff910edf000 	c:\Users\Jaywant\.vscode\extensions\redhat.java-1.41.1-win32-x64\jre\21.0.6-win32-x86_64\bin\instrument.dll
0x00007ff8f9f10000 - 0x00007ff8f9f2f000 	c:\Users\Jaywant\.vscode\extensions\redhat.java-1.41.1-win32-x64\jre\21.0.6-win32-x86_64\bin\java.dll
0x00007ff925da0000 - 0x00007ff9264cd000 	C:\WINDOWS\System32\SHELL32.dll
0x00007ff923ed0000 - 0x00007ff924044000 	C:\WINDOWS\System32\wintypes.dll
0x00007ff9215b0000 - 0x00007ff921e06000 	C:\WINDOWS\SYSTEM32\windows.storage.dll
0x00007ff925490000 - 0x00007ff92557f000 	C:\WINDOWS\System32\SHCORE.dll
0x00007ff9251a0000 - 0x00007ff925209000 	C:\WINDOWS\System32\shlwapi.dll
0x00007ff923860000 - 0x00007ff92388f000 	C:\WINDOWS\SYSTEM32\profapi.dll
0x00007ff8f9ef0000 - 0x00007ff8f9f08000 	c:\Users\Jaywant\.vscode\extensions\redhat.java-1.41.1-win32-x64\jre\21.0.6-win32-x86_64\bin\zip.dll
0x00007ff910760000 - 0x00007ff910770000 	C:\Users\Jaywant\.vscode\extensions\redhat.java-1.41.1-win32-x64\jre\21.0.6-win32-x86_64\bin\net.dll
0x00007ff91c270000 - 0x00007ff91c38e000 	C:\WINDOWS\SYSTEM32\WINHTTP.dll
0x00007ff922c80000 - 0x00007ff922cea000 	C:\WINDOWS\system32\mswsock.dll
0x00007ff8f79e0000 - 0x00007ff8f79f6000 	C:\Users\Jaywant\.vscode\extensions\redhat.java-1.41.1-win32-x64\jre\21.0.6-win32-x86_64\bin\nio.dll
0x00007ff910580000 - 0x00007ff910590000 	c:\Users\Jaywant\.vscode\extensions\redhat.java-1.41.1-win32-x64\jre\21.0.6-win32-x86_64\bin\verify.dll
0x00007ff8d9230000 - 0x00007ff8d9275000 	C:\Users\Jaywant\AppData\Roaming\Code\User\globalStorage\redhat.java\1.41.1\config_win\org.eclipse.equinox.launcher\org.eclipse.equinox.launcher.win32.win32.x86_64_1.2.1300.v20250331-1702\eclipse_11911.dll
0x00007ff9255e0000 - 0x00007ff92577f000 	C:\WINDOWS\System32\ole32.dll
0x00007ff922f20000 - 0x00007ff922f3c000 	C:\WINDOWS\SYSTEM32\CRYPTSP.dll
0x00007ff922650000 - 0x00007ff92268a000 	C:\WINDOWS\system32\rsaenh.dll
0x00007ff922d20000 - 0x00007ff922d4b000 	C:\WINDOWS\SYSTEM32\USERENV.dll
0x00007ff923830000 - 0x00007ff923856000 	C:\WINDOWS\SYSTEM32\bcrypt.dll
0x00007ff922f40000 - 0x00007ff922f4c000 	C:\WINDOWS\SYSTEM32\CRYPTBASE.dll
0x00007ff922100000 - 0x00007ff922133000 	C:\WINDOWS\SYSTEM32\IPHLPAPI.DLL
0x00007ff9264e0000 - 0x00007ff9264ea000 	C:\WINDOWS\System32\NSI.dll
0x00007ff900e70000 - 0x00007ff900eb9000 	C:\Users\Jaywant\AppData\Local\Temp\jna--151788782\jna5177589711900235123.dll
0x00007ff925450000 - 0x00007ff925458000 	C:\WINDOWS\System32\PSAPI.DLL
0x00007ff91b700000 - 0x00007ff91b71f000 	C:\WINDOWS\SYSTEM32\dhcpcsvc6.DLL
0x00007ff91b6d0000 - 0x00007ff91b6f5000 	C:\WINDOWS\SYSTEM32\dhcpcsvc.DLL

dbghelp: loaded successfully - version: 4.0.5 - missing functions: none
symbol engine: initialized successfully - sym options: 0x614 - pdb path: .;c:\Users\Jaywant\.vscode\extensions\redhat.java-1.41.1-win32-x64\jre\21.0.6-win32-x86_64\bin;C:\WINDOWS\SYSTEM32;C:\WINDOWS\WinSxS\amd64_microsoft.windows.common-controls_6595b64144ccf1df_6.0.26100.3912_none_3e07963ce335137e;c:\Users\Jaywant\.vscode\extensions\redhat.java-1.41.1-win32-x64\jre\21.0.6-win32-x86_64\bin\server;C:\Users\Jaywant\AppData\Roaming\Code\User\globalStorage\redhat.java\1.41.1\config_win\org.eclipse.equinox.launcher\org.eclipse.equinox.launcher.win32.win32.x86_64_1.2.1300.v20250331-1702;C:\Users\Jaywant\AppData\Local\Temp\jna--151788782

VM Arguments:
jvm_args: --add-modules=ALL-SYSTEM --add-opens=java.base/java.util=ALL-UNNAMED --add-opens=java.base/java.lang=ALL-UNNAMED --add-opens=java.base/sun.nio.fs=ALL-UNNAMED -Declipse.application=org.eclipse.jdt.ls.core.id1 -Dosgi.bundles.defaultStartLevel=4 -Declipse.product=org.eclipse.jdt.ls.core.product -Djava.import.generatesMetadataFilesAtProjectRoot=false -DDetectVMInstallationsJob.disabled=true -Dfile.encoding=utf8 -XX:+UseParallelGC -XX:GCTimeRatio=4 -XX:AdaptiveSizePolicyWeight=90 -Dsun.zip.disableMemoryMapping=true -Xmx1G -Xms100m -Xlog:disable -javaagent:c:\Users\Jaywant\.vscode\extensions\redhat.java-1.41.1-win32-x64\lombok\lombok-1.18.36.jar -XX:+HeapDumpOnOutOfMemoryError -XX:HeapDumpPath=c:\Users\Jaywant\AppData\Roaming\Code\User\workspaceStorage\cc623adeb21d3940532c846187689d28\redhat.java -Daether.dependencyCollector.impl=bf 
java_command: c:\Users\Jaywant\.vscode\extensions\redhat.java-1.41.1-win32-x64\server\plugins\org.eclipse.equinox.launcher_1.7.0.v20250331-1702.jar -configuration c:\Users\Jaywant\AppData\Roaming\Code\User\globalStorage\redhat.java\1.41.1\config_win -data c:\Users\Jaywant\AppData\Roaming\Code\User\workspaceStorage\cc623adeb21d3940532c846187689d28\redhat.java\jdt_ws --pipe=\\.\pipe\lsp-23a1ce82415fcdb773a83b9a1d3ea350-sock
java_class_path (initial): c:\Users\Jaywant\.vscode\extensions\redhat.java-1.41.1-win32-x64\server\plugins\org.eclipse.equinox.launcher_1.7.0.v20250331-1702.jar
Launcher Type: SUN_STANDARD

[Global flags]
    uintx AdaptiveSizePolicyWeight                 = 90                                        {product} {command line}
     intx CICompilerCount                          = 4                                         {product} {ergonomic}
    uintx GCTimeRatio                              = 4                                         {product} {command line}
     bool HeapDumpOnOutOfMemoryError               = true                                   {manageable} {command line}
    ccstr HeapDumpPath                             = c:\Users\Jaywant\AppData\Roaming\Code\User\workspaceStorage\cc623adeb21d3940532c846187689d28\redhat.java         {manageable} {command line}
   size_t InitialHeapSize                          = 104857600                                 {product} {command line}
   size_t MaxHeapSize                              = 1073741824                                {product} {command line}
   size_t MaxNewSize                               = 357564416                                 {product} {ergonomic}
   size_t MinHeapDeltaBytes                        = 524288                                    {product} {ergonomic}
   size_t MinHeapSize                              = 104857600                                 {product} {command line}
   size_t NewSize                                  = 34603008                                  {product} {ergonomic}
    uintx NonNMethodCodeHeapSize                   = 5839372                                {pd product} {ergonomic}
    uintx NonProfiledCodeHeapSize                  = 122909434                              {pd product} {ergonomic}
   size_t OldSize                                  = 70254592                                  {product} {ergonomic}
    uintx ProfiledCodeHeapSize                     = 122909434                              {pd product} {ergonomic}
    uintx ReservedCodeCacheSize                    = 251658240                              {pd product} {ergonomic}
     bool SegmentedCodeCache                       = true                                      {product} {ergonomic}
   size_t SoftMaxHeapSize                          = 1073741824                             {manageable} {ergonomic}
     bool UseCompressedOops                        = true                           {product lp64_product} {ergonomic}
     bool UseLargePagesIndividualAllocation        = false                                  {pd product} {ergonomic}
     bool UseParallelGC                            = true                                      {product} {command line}

Logging:
Log output configuration:
 #0: stdout all=off uptime,level,tags foldmultilines=false
 #1: stderr all=off uptime,level,tags foldmultilines=false

Environment Variables:
JAVA_HOME=C:\Program Files\Java\jdk-21\
PATH=c:\Users\Jaywant\AppData\Local\Programs\cursor\resources\app\bin;C:\Program Files\Microsoft\jdk-17.0.14.7-hotspot\bin;C:\Program Files\Common Files\Oracle\Java\javapath;C:\WINDOWS\system32;C:\WINDOWS;C:\WINDOWS\System32\Wbem;C:\WINDOWS\System32\WindowsPowerShell\v1.0\;C:\WINDOWS\System32\OpenSSH\;C:\Program Files\nodejs;C:\Program Files\nodejs\;C:\Program Files\MySQL\MySQL Server 8.0\bin;C:\Program Files\Git\cmd;C:\Program Files\Git\bin;C:\Program Files\apache-maven-3.9.9\bin;C:\Program Files\Java\jdk-17\bin;C:\Program Files\Java\jdk-21\bin;C:\Program Files\Git LFS;C:\ProgramData\chocolatey\bin;C:\Users\Jaywant\AppData\Local\Programs\Python\Python313\Scripts\;C:\Users\Jaywant\AppData\Local\Programs\Python\Python313\;C:\Users\Jaywant\AppData\Local\Programs\Python\Launcher\;C:\Program Files\MySQL\MySQL Shell 8.0\bin\;C:\Users\Jaywant\AppData\Local\Microsoft\WindowsApps;C:\Users\Jaywant\AppData\Roaming\npm;C:\Users\Jaywant\AppData\Local\GitHubDesktop\bin;c:\Users\Jaywant\AppData\Local\Programs\cursor\resources\a;C:\platform-tools;C:\Users\Jaywant\AppData\Local\Android\Sdk\platform-tools;C:\Users\Jaywant\AppData\Local\Android\Sdk\emulator;C:\Program Files\dotnet\;C:\Users\Jaywant\AppData\Local\Android\Sdk\platform-tools;C:\Users\Jaywant\AppData\Local\Android\Sdk\tools;C:\Users\Jaywant\AppData\Local\Android\Sdk\platform-tools;C:\Users\Jaywant\AppData\Local\Android\Sdk\tools;C:\Users\Jaywant\AppData\Local\Programs\Python\Python313\Scripts\;C:\Users\Jaywant\AppData\Local\Programs\Python\Python313\;C:\Users\Jaywant\AppData\Local\Programs\Python\Launcher\;C:\Program Files\MySQL\MySQL Shell 8.0\bin\;C:\Users\Jaywant\AppData\Local\Microsoft\WindowsApps;C:\Users\Jaywant\AppData\Roaming\npm;C:\Users\Jaywant\AppData\Local\Programs\Microsoft VS Code\bin;C:\Users\Jaywant\AppData\Local\GitHubDesktop\bin;C:\Users\Jaywant\AppData\Local\Programs\cursor\resources\app\bin
USERNAME=Jaywant
OS=Windows_NT
PROCESSOR_IDENTIFIER=AMD64 Family 25 Model 80 Stepping 0, AuthenticAMD
TMP=C:\Users\Jaywant\AppData\Local\Temp
TEMP=C:\Users\Jaywant\AppData\Local\Temp




Periodic native trim disabled

---------------  S Y S T E M  ---------------

OS:
 Windows 11 , 64 bit Build 26100 (10.0.26100.3912)
OS uptime: 0 days 1:15 hours
Hyper-V role detected

CPU: total 12 (initial active 12) (12 cores per cpu, 2 threads per core) family 25 model 80 stepping 0 microcode 0xa500011, cx8, cmov, fxsr, ht, mmx, 3dnowpref, sse, sse2, sse3, ssse3, sse4a, sse4.1, sse4.2, popcnt, lzcnt, tsc, tscinvbit, avx, avx2, aes, erms, clmul, bmi1, bmi2, adx, sha, fma, vzeroupper, clflush, clflushopt, hv, rdtscp, rdpid, fsrm, f16c, cet_ss
Processor Information for processor 0
  Max Mhz: 3301, Current Mhz: 2836, Mhz Limit: 2838
Processor Information for processor 1
  Max Mhz: 3301, Current Mhz: 2836, Mhz Limit: 2838
Processor Information for processor 2
  Max Mhz: 3301, Current Mhz: 3301, Mhz Limit: 3301
Processor Information for processor 3
  Max Mhz: 3301, Current Mhz: 3301, Mhz Limit: 3301
Processor Information for processor 4
  Max Mhz: 3301, Current Mhz: 3301, Mhz Limit: 3301
Processor Information for processor 5
  Max Mhz: 3301, Current Mhz: 3301, Mhz Limit: 3301
Processor Information for processor 6
  Max Mhz: 3301, Current Mhz: 3301, Mhz Limit: 3301
Processor Information for processor 7
  Max Mhz: 3301, Current Mhz: 3301, Mhz Limit: 3301
Processor Information for processor 8
  Max Mhz: 3301, Current Mhz: 3301, Mhz Limit: 3301
Processor Information for processor 9
  Max Mhz: 3301, Current Mhz: 3301, Mhz Limit: 3301
Processor Information for processor 10
  Max Mhz: 3301, Current Mhz: 3301, Mhz Limit: 3301
Processor Information for processor 11
  Max Mhz: 3301, Current Mhz: 3301, Mhz Limit: 3301

Memory: 4k page, system-wide physical 7521M (632M free)
TotalPageFile size 31073M (AvailPageFile size 1M)
current process WorkingSet (physical memory assigned to process): 265M, peak: 265M
current process commit charge ("private bytes"): 329M, peak: 337M

vm_info: OpenJDK 64-Bit Server VM (21.0.6+7-LTS) for windows-amd64 JRE (21.0.6+7-LTS), built on 2025-01-21T00:00:00Z by "admin" with MS VC++ 17.7 (VS2022)

END.
