#
# There is insufficient memory for the Java Runtime Environment to continue.
# Native memory allocation (malloc) failed to allocate 1681168 bytes. Error detail: Chunk::new
# Possible reasons:
#   The system is out of physical RAM or swap space
#   This process is running with CompressedOops enabled, and the Java Heap may be blocking the growth of the native heap
# Possible solutions:
#   Reduce memory load on the system
#   Increase physical memory or swap space
#   Check if swap backing store is full
#   Decrease Java heap size (-Xmx/-Xms)
#   Decrease number of Java threads
#   Decrease Java thread stack sizes (-Xss)
#   Set larger code cache with -XX:ReservedCodeCacheSize=
#   JVM is running with Unscaled Compressed Oops mode in which the Java heap is
#     placed in the first 4GB address space. The Java Heap base address is the
#     maximum limit for the native heap growth. Please use -XX:HeapBaseMinAddress
#     to set the Java Heap base and to place the Java Heap above 4GB virtual address.
# This output file may be truncated or incomplete.
#
#  Out of Memory Error (arena.cpp:168), pid=7464, tid=20528
#
# JRE version: OpenJDK Runtime Environment Temurin-21.0.6+7 (21.0.6+7) (build 21.0.6+7-LTS)
# Java VM: OpenJDK 64-Bit Server VM Temurin-21.0.6+7 (21.0.6+7-LTS, mixed mode, sharing, tiered, compressed oops, compressed class ptrs, parallel gc, windows-amd64)
# No core dump will be written. Minidumps are not enabled by default on client versions of Windows
#

---------------  S U M M A R Y ------------

Command Line: --add-modules=ALL-SYSTEM --add-opens=java.base/java.util=ALL-UNNAMED --add-opens=java.base/java.lang=ALL-UNNAMED --add-opens=java.base/sun.nio.fs=ALL-UNNAMED -Declipse.application=org.eclipse.jdt.ls.core.id1 -Dosgi.bundles.defaultStartLevel=4 -Declipse.product=org.eclipse.jdt.ls.core.product -Djava.import.generatesMetadataFilesAtProjectRoot=false -DDetectVMInstallationsJob.disabled=true -Dfile.encoding=utf8 -XX:+UseParallelGC -XX:GCTimeRatio=4 -XX:AdaptiveSizePolicyWeight=90 -Dsun.zip.disableMemoryMapping=true -Xmx1G -Xms100m -Xlog:disable -javaagent:c:\Users\Jaywant\.cursor\extensions\redhat.java-1.41.1-win32-x64\lombok\lombok-1.18.36.jar -XX:+HeapDumpOnOutOfMemoryError -XX:HeapDumpPath=c:\Users\Jaywant\AppData\Roaming\Cursor\User\workspaceStorage\cc623adeb21d3940532c846187689d28\redhat.java -Daether.dependencyCollector.impl=bf c:\Users\Jaywant\.cursor\extensions\redhat.java-1.41.1-win32-x64\server\plugins\org.eclipse.equinox.launcher_1.7.0.v20250331-1702.jar -configuration c:\Users\Jaywant\AppData\Roaming\Cursor\User\globalStorage\redhat.java\1.41.1\config_win -data c:\Users\Jaywant\AppData\Roaming\Cursor\User\workspaceStorage\cc623adeb21d3940532c846187689d28\redhat.java\jdt_ws --pipe=\\.\pipe\lsp-4cb399d02e65027bd98a478257ab0b43-sock

Host: AMD Ryzen 5 5600H with Radeon Graphics         , 12 cores, 7G,  Windows 11 , 64 bit Build 26100 (10.0.26100.3912)
Time: Wed May  7 13:03:23 2025 India Standard Time elapsed time: 26.653059 seconds (0d 0h 0m 26s)

---------------  T H R E A D  ---------------

Current thread (0x0000024360e86590):  JavaThread "C2 CompilerThread2" daemon [_thread_in_native, id=20528, stack(0x000000f8f9200000,0x000000f8f9300000) (1024K)]


Current CompileTask:
C2:26653 10664   !   4       org.eclipse.jdt.internal.core.search.indexing.BinaryIndexer::indexDocument (1204 bytes)

Stack: [0x000000f8f9200000,0x000000f8f9300000]
Native frames: (J=compiled Java code, j=interpreted, Vv=VM code, C=native code)
V  [jvm.dll+0x6cdee9]
V  [jvm.dll+0x8a83d1]
V  [jvm.dll+0x8aa8fe]
V  [jvm.dll+0x8aafe3]
V  [jvm.dll+0x27f706]
V  [jvm.dll+0xc500d]
V  [jvm.dll+0xc5543]
V  [jvm.dll+0x3b678c]
V  [jvm.dll+0x1e0009]
V  [jvm.dll+0x247b42]
V  [jvm.dll+0x246fcf]
V  [jvm.dll+0x1c75ee]
V  [jvm.dll+0x25685a]
V  [jvm.dll+0x254dfa]
V  [jvm.dll+0x3f0256]
V  [jvm.dll+0x851f8b]
V  [jvm.dll+0x6cc5ed]
C  [ucrtbase.dll+0x37b0]
C  [KERNEL32.DLL+0x2e8d7]
C  [ntdll.dll+0x9c5dc]


---------------  P R O C E S S  ---------------

Threads class SMR info:
_java_thread_list=0x0000024360941c00, length=76, elements={
0x0000024344044eb0, 0x0000024358408fc0, 0x000002435840bfe0, 0x0000024358411150,
0x0000024358413bb0, 0x0000024358414600, 0x0000024358415050, 0x0000024358418ea0,
0x00000243598f0330, 0x000002435997da10, 0x0000024359bd6610, 0x0000024359ba3700,
0x000002435f7a61f0, 0x000002435fb34e70, 0x000002435fb354d0, 0x000002435fcf8f30,
0x000002435fd7d8a0, 0x000002435fec7a10, 0x000002435fec7380, 0x000002435fec80a0,
0x000002435fec52b0, 0x000002435fec6cf0, 0x000002435fec5fd0, 0x000002435fec5940,
0x000002435fec6660, 0x0000024361f7ef10, 0x0000024361f81670, 0x0000024361f7e880,
0x0000024361f7e1f0, 0x0000024361f80fe0, 0x0000024361f81d00, 0x0000024361f82390,
0x0000024361f802c0, 0x0000024361f7f5a0, 0x0000024361f80950, 0x0000024361f82a20,
0x0000024361f830b0, 0x0000024361f7fc30, 0x0000024361f84af0, 0x0000024361f83740,
0x0000024361f85180, 0x0000024361f85810, 0x000002436252b310, 0x000002436252ac80,
0x00000243607a5280, 0x0000024360e86590, 0x0000024362529240, 0x000002436252cd50,
0x000002436252c030, 0x00000243625298d0, 0x000002436252d3e0, 0x00000243625301d0,
0x000002436252f4b0, 0x000002436252fb40, 0x000002436252e100, 0x000002436252ee20,
0x000002436252da70, 0x000002436252e790, 0x000002436299fed0, 0x000002436299f1b0,
0x000002436299e490, 0x000002436299de00, 0x000002436299f840, 0x00000243629a1910,
0x00000243629a0560, 0x00000243629a0bf0, 0x000002436299eb20, 0x00000243629a5420,
0x00000243629a4d90, 0x00000243629a1fa0, 0x00000243629a3350, 0x00000243629a4070,
0x00000243629a2630, 0x00000243629a39e0, 0x0000024362735290, 0x0000024362736cd0
}

Java Threads: ( => current thread )
  0x0000024344044eb0 JavaThread "main"                              [_thread_blocked, id=25544, stack(0x000000f8f6e00000,0x000000f8f6f00000) (1024K)]
  0x0000024358408fc0 JavaThread "Reference Handler"          daemon [_thread_blocked, id=20708, stack(0x000000f8f7200000,0x000000f8f7300000) (1024K)]
  0x000002435840bfe0 JavaThread "Finalizer"                  daemon [_thread_blocked, id=19288, stack(0x000000f8f7300000,0x000000f8f7400000) (1024K)]
  0x0000024358411150 JavaThread "Signal Dispatcher"          daemon [_thread_blocked, id=24996, stack(0x000000f8f7400000,0x000000f8f7500000) (1024K)]
  0x0000024358413bb0 JavaThread "Attach Listener"            daemon [_thread_blocked, id=20060, stack(0x000000f8f7500000,0x000000f8f7600000) (1024K)]
  0x0000024358414600 JavaThread "Service Thread"             daemon [_thread_blocked, id=22132, stack(0x000000f8f7600000,0x000000f8f7700000) (1024K)]
  0x0000024358415050 JavaThread "Monitor Deflation Thread"   daemon [_thread_blocked, id=8712, stack(0x000000f8f7700000,0x000000f8f7800000) (1024K)]
  0x0000024358418ea0 JavaThread "C2 CompilerThread0"         daemon [_thread_blocked, id=23148, stack(0x000000f8f7800000,0x000000f8f7900000) (1024K)]
  0x00000243598f0330 JavaThread "C1 CompilerThread0"         daemon [_thread_blocked, id=10728, stack(0x000000f8f7900000,0x000000f8f7a00000) (1024K)]
  0x000002435997da10 JavaThread "Common-Cleaner"             daemon [_thread_blocked, id=24228, stack(0x000000f8f7a00000,0x000000f8f7b00000) (1024K)]
  0x0000024359bd6610 JavaThread "Notification Thread"        daemon [_thread_blocked, id=24676, stack(0x000000f8f7d00000,0x000000f8f7e00000) (1024K)]
  0x0000024359ba3700 JavaThread "Active Thread: Equinox Container: b08f53e8-aa92-483d-b24a-033528061019"        [_thread_blocked, id=11288, stack(0x000000f8f7b00000,0x000000f8f7c00000) (1024K)]
  0x000002435f7a61f0 JavaThread "Refresh Thread: Equinox Container: b08f53e8-aa92-483d-b24a-033528061019" daemon [_thread_blocked, id=18272, stack(0x000000f8f8400000,0x000000f8f8500000) (1024K)]
  0x000002435fb34e70 JavaThread "Framework Event Dispatcher: Equinox Container: b08f53e8-aa92-483d-b24a-033528061019" daemon [_thread_blocked, id=20116, stack(0x000000f8f8600000,0x000000f8f8700000) (1024K)]
  0x000002435fb354d0 JavaThread "Start Level: Equinox Container: b08f53e8-aa92-483d-b24a-033528061019" daemon [_thread_blocked, id=21692, stack(0x000000f8f8700000,0x000000f8f8800000) (1024K)]
  0x000002435fcf8f30 JavaThread "Bundle File Closer"         daemon [_thread_blocked, id=6988, stack(0x000000f8f8900000,0x000000f8f8a00000) (1024K)]
  0x000002435fd7d8a0 JavaThread "SCR Component Actor"        daemon [_thread_blocked, id=12172, stack(0x000000f8f8c00000,0x000000f8f8d00000) (1024K)]
  0x000002435fec7a10 JavaThread "Worker-JM"                         [_thread_blocked, id=21708, stack(0x000000f8f8e00000,0x000000f8f8f00000) (1024K)]
  0x000002435fec7380 JavaThread "Worker-0: Initialize Workspace"        [_thread_blocked, id=24864, stack(0x000000f8f7c00000,0x000000f8f7d00000) (1024K)]
  0x000002435fec80a0 JavaThread "Worker-1: Refreshing workspace"        [_thread_blocked, id=20964, stack(0x000000f8f8800000,0x000000f8f8900000) (1024K)]
  0x000002435fec52b0 JavaThread "Worker-2: Initialize workspace"        [_thread_blocked, id=26148, stack(0x000000f8f8f00000,0x000000f8f9000000) (1024K)]
  0x000002435fec6cf0 JavaThread "Worker-3: Java indexing... "        [_thread_blocked, id=7320, stack(0x000000f8f9000000,0x000000f8f9100000) (1024K)]
  0x000002435fec5fd0 JavaThread "Java indexing"              daemon [_thread_blocked, id=9668, stack(0x000000f8f9300000,0x000000f8f9400000) (1024K)]
  0x000002435fec5940 JavaThread "Worker-4: Building"                [_thread_blocked, id=19692, stack(0x000000f8f9400000,0x000000f8f9500000) (1024K)]
  0x000002435fec6660 JavaThread "JNA Cleaner"                daemon [_thread_blocked, id=16456, stack(0x000000f8f8d00000,0x000000f8f8e00000) (1024K)]
  0x0000024361f7ef10 JavaThread "Thread-2"                   daemon [_thread_in_native, id=24304, stack(0x000000f8f9700000,0x000000f8f9800000) (1024K)]
  0x0000024361f81670 JavaThread "Thread-3"                   daemon [_thread_in_native, id=26136, stack(0x000000f8f9800000,0x000000f8f9900000) (1024K)]
  0x0000024361f7e880 JavaThread "Thread-4"                   daemon [_thread_in_native, id=14056, stack(0x000000f8f9900000,0x000000f8f9a00000) (1024K)]
  0x0000024361f7e1f0 JavaThread "Thread-5"                   daemon [_thread_in_native, id=25144, stack(0x000000f8f9a00000,0x000000f8f9b00000) (1024K)]
  0x0000024361f80fe0 JavaThread "Thread-6"                   daemon [_thread_in_native, id=24340, stack(0x000000f8f9b00000,0x000000f8f9c00000) (1024K)]
  0x0000024361f81d00 JavaThread "Thread-7"                   daemon [_thread_in_native, id=12704, stack(0x000000f8f9c00000,0x000000f8f9d00000) (1024K)]
  0x0000024361f82390 JavaThread "Thread-8"                   daemon [_thread_in_native, id=14648, stack(0x000000f8f9d00000,0x000000f8f9e00000) (1024K)]
  0x0000024361f802c0 JavaThread "Thread-9"                   daemon [_thread_in_native, id=25680, stack(0x000000f8f9e00000,0x000000f8f9f00000) (1024K)]
  0x0000024361f7f5a0 JavaThread "Thread-10"                  daemon [_thread_in_native, id=7844, stack(0x000000f8f9f00000,0x000000f8fa000000) (1024K)]
  0x0000024361f80950 JavaThread "Thread-11"                  daemon [_thread_in_native, id=21008, stack(0x000000f8fa000000,0x000000f8fa100000) (1024K)]
  0x0000024361f82a20 JavaThread "Thread-12"                  daemon [_thread_in_native, id=11532, stack(0x000000f8fa100000,0x000000f8fa200000) (1024K)]
  0x0000024361f830b0 JavaThread "Thread-13"                  daemon [_thread_in_native, id=14660, stack(0x000000f8fa200000,0x000000f8fa300000) (1024K)]
  0x0000024361f7fc30 JavaThread "Thread-14"                  daemon [_thread_in_native, id=10700, stack(0x000000f8fa300000,0x000000f8fa400000) (1024K)]
  0x0000024361f84af0 JavaThread "pool-2-thread-1"                   [_thread_blocked, id=22044, stack(0x000000f8fa400000,0x000000f8fa500000) (1024K)]
  0x0000024361f83740 JavaThread "WorkspaceEventsHandler"            [_thread_blocked, id=7960, stack(0x000000f8fa500000,0x000000f8fa600000) (1024K)]
  0x0000024361f85180 JavaThread "pool-1-thread-1"                   [_thread_blocked, id=20784, stack(0x000000f8fa600000,0x000000f8fa700000) (1024K)]
  0x0000024361f85810 JavaThread "LocalFile Deleter"          daemon [_thread_blocked, id=21924, stack(0x000000f8fa700000,0x000000f8fa800000) (1024K)]
  0x000002436252b310 JavaThread "LocalFile Deleter"          daemon [_thread_blocked, id=9736, stack(0x000000f8fa800000,0x000000f8fa900000) (1024K)]
  0x000002436252ac80 JavaThread "LocalFile Deleter"          daemon [_thread_blocked, id=21344, stack(0x000000f8fa900000,0x000000f8faa00000) (1024K)]
  0x00000243607a5280 JavaThread "C2 CompilerThread1"         daemon [_thread_blocked, id=19944, stack(0x000000f8f9100000,0x000000f8f9200000) (1024K)]
=>0x0000024360e86590 JavaThread "C2 CompilerThread2"         daemon [_thread_in_native, id=20528, stack(0x000000f8f9200000,0x000000f8f9300000) (1024K)]
  0x0000024362529240 JavaThread "Worker-5: Updating workspace"        [_thread_blocked, id=8364, stack(0x000000f8faa00000,0x000000f8fab00000) (1024K)]
  0x000002436252cd50 JavaThread "LocalFile Deleter"          daemon [_thread_blocked, id=19844, stack(0x000000f8fab00000,0x000000f8fac00000) (1024K)]
  0x000002436252c030 JavaThread "LocalFile Deleter"          daemon [_thread_blocked, id=7236, stack(0x000000f8fac00000,0x000000f8fad00000) (1024K)]
  0x00000243625298d0 JavaThread "LocalFile Deleter"          daemon [_thread_blocked, id=15876, stack(0x000000f8fad00000,0x000000f8fae00000) (1024K)]
  0x000002436252d3e0 JavaThread "LocalFile Deleter"          daemon [_thread_blocked, id=14968, stack(0x000000f8fae00000,0x000000f8faf00000) (1024K)]
  0x00000243625301d0 JavaThread "LocalFile Deleter"          daemon [_thread_blocked, id=25232, stack(0x000000f8faf00000,0x000000f8fb000000) (1024K)]
  0x000002436252f4b0 JavaThread "LocalFile Deleter"          daemon [_thread_blocked, id=23520, stack(0x000000f8fb000000,0x000000f8fb100000) (1024K)]
  0x000002436252fb40 JavaThread "LocalFile Deleter"          daemon [_thread_blocked, id=18016, stack(0x000000f8fb100000,0x000000f8fb200000) (1024K)]
  0x000002436252e100 JavaThread "LocalFile Deleter"          daemon [_thread_blocked, id=12916, stack(0x000000f8fb200000,0x000000f8fb300000) (1024K)]
  0x000002436252ee20 JavaThread "LocalFile Deleter"          daemon [_thread_blocked, id=23676, stack(0x000000f8fb300000,0x000000f8fb400000) (1024K)]
  0x000002436252da70 JavaThread "Compiler Source File Reader" daemon [_thread_blocked, id=26528, stack(0x000000f8fb400000,0x000000f8fb500000) (1024K)]
  0x000002436252e790 JavaThread "Compiler Source File Reader" daemon [_thread_blocked, id=23460, stack(0x000000f8fb500000,0x000000f8fb600000) (1024K)]
  0x000002436299fed0 JavaThread "Compiler Source File Reader" daemon [_thread_blocked, id=6948, stack(0x000000f8fb600000,0x000000f8fb700000) (1024K)]
  0x000002436299f1b0 JavaThread "Compiler Source File Reader" daemon [_thread_blocked, id=1388, stack(0x000000f8fb700000,0x000000f8fb800000) (1024K)]
  0x000002436299e490 JavaThread "Compiler Source File Reader" daemon [_thread_blocked, id=20472, stack(0x000000f8fb800000,0x000000f8fb900000) (1024K)]
  0x000002436299de00 JavaThread "Compiler Source File Reader" daemon [_thread_blocked, id=25636, stack(0x000000f8fb900000,0x000000f8fba00000) (1024K)]
  0x000002436299f840 JavaThread "Compiler Source File Reader" daemon [_thread_blocked, id=23944, stack(0x000000f8fba00000,0x000000f8fbb00000) (1024K)]
  0x00000243629a1910 JavaThread "Compiler Source File Reader" daemon [_thread_blocked, id=6272, stack(0x000000f8fbb00000,0x000000f8fbc00000) (1024K)]
  0x00000243629a0560 JavaThread "Compiler Source File Reader" daemon [_thread_blocked, id=19164, stack(0x000000f8fbc00000,0x000000f8fbd00000) (1024K)]
  0x00000243629a0bf0 JavaThread "Compiler Source File Reader" daemon [_thread_blocked, id=25132, stack(0x000000f8fbd00000,0x000000f8fbe00000) (1024K)]
  0x000002436299eb20 JavaThread "Compiler Processing Task"   daemon [_thread_blocked, id=2112, stack(0x000000f8fbe00000,0x000000f8fbf00000) (1024K)]
  0x00000243629a5420 JavaThread "Compiler Class File Writer" daemon [_thread_blocked, id=7260, stack(0x000000f8fbf00000,0x000000f8fc000000) (1024K)]
  0x00000243629a4d90 JavaThread "Worker-6"                          [_thread_blocked, id=24796, stack(0x000000f8fc000000,0x000000f8fc100000) (1024K)]
  0x00000243629a1fa0 JavaThread "ForkJoinPool.commonPool-worker-1" daemon [_thread_blocked, id=24924, stack(0x000000f8fc100000,0x000000f8fc200000) (1024K)]
  0x00000243629a3350 JavaThread "ForkJoinPool.commonPool-worker-2" daemon [_thread_blocked, id=24732, stack(0x000000f8fc200000,0x000000f8fc300000) (1024K)]
  0x00000243629a4070 JavaThread "ForkJoinPool.commonPool-worker-3" daemon [_thread_blocked, id=25012, stack(0x000000f8fc300000,0x000000f8fc400000) (1024K)]
  0x00000243629a2630 JavaThread "Compiler Class File Writer" daemon [_thread_blocked, id=22092, stack(0x000000f8fc400000,0x000000f8fc500000) (1024K)]
  0x00000243629a39e0 JavaThread "Compiler Class File Writer" daemon [_thread_blocked, id=21028, stack(0x000000f8fc500000,0x000000f8fc600000) (1024K)]
  0x0000024362735290 JavaThread "Compiler Class File Writer" daemon [_thread_blocked, id=26364, stack(0x000000f8fc600000,0x000000f8fc700000) (1024K)]
  0x0000024362736cd0 JavaThread "Worker-7"                          [_thread_blocked, id=17240, stack(0x000000f8fc700000,0x000000f8fc800000) (1024K)]
Total: 76

Other Threads:
  0x0000024341c1e180 VMThread "VM Thread"                           [id=7980, stack(0x000000f8f7100000,0x000000f8f7200000) (1024K)]
  0x00000243582fca00 WatcherThread "VM Periodic Task Thread"        [id=21856, stack(0x000000f8f7000000,0x000000f8f7100000) (1024K)]
  0x000002434405c080 WorkerThread "GC Thread#0"                     [id=26552, stack(0x000000f8f6f00000,0x000000f8f7000000) (1024K)]
  0x000002435f44b7d0 WorkerThread "GC Thread#1"                     [id=25016, stack(0x000000f8f7e00000,0x000000f8f7f00000) (1024K)]
  0x000002435f07f7e0 WorkerThread "GC Thread#2"                     [id=26212, stack(0x000000f8f7f00000,0x000000f8f8000000) (1024K)]
  0x000002435f07fb80 WorkerThread "GC Thread#3"                     [id=14556, stack(0x000000f8f8000000,0x000000f8f8100000) (1024K)]
  0x000002435f07ff20 WorkerThread "GC Thread#4"                     [id=22216, stack(0x000000f8f8100000,0x000000f8f8200000) (1024K)]
  0x000002435f0802c0 WorkerThread "GC Thread#5"                     [id=12608, stack(0x000000f8f8200000,0x000000f8f8300000) (1024K)]
  0x000002435f2c5000 WorkerThread "GC Thread#6"                     [id=25108, stack(0x000000f8f8300000,0x000000f8f8400000) (1024K)]
  0x000002435f7a39c0 WorkerThread "GC Thread#7"                     [id=19100, stack(0x000000f8f8500000,0x000000f8f8600000) (1024K)]
  0x000002436043b330 WorkerThread "GC Thread#8"                     [id=14572, stack(0x000000f8f8a00000,0x000000f8f8b00000) (1024K)]
  0x000002436043b6d0 WorkerThread "GC Thread#9"                     [id=26248, stack(0x000000f8f8b00000,0x000000f8f8c00000) (1024K)]
Total: 12

Threads with active compile tasks:
C2 CompilerThread0  26693 11281       4       org.eclipse.jdt.internal.core.search.indexing.AbstractIndexer::addClassDeclaration (129 bytes)
C1 CompilerThread0  26693 11380       2       lombok.core.AST::getFields (166 bytes)
C2 CompilerThread1  26693 11361       4       org.eclipse.jdt.internal.compiler.parser.Parser::consumeRule (7755 bytes)
C2 CompilerThread2  26693 10664   !   4       org.eclipse.jdt.internal.core.search.indexing.BinaryIndexer::indexDocument (1204 bytes)
Total: 4

VM state: at safepoint (normal execution)

VM Mutex/Monitor currently owned by a thread:  ([mutex/lock_event])
[0x00007ff88342e380] Threads_lock - owner thread: 0x0000024341c1e180
[0x00007ff88342e480] Heap_lock - owner thread: 0x000002435fec5fd0

Heap address: 0x00000000c0000000, size: 1024 MB, Compressed Oops mode: 32-bit

CDS archive(s) mapped at: [0x0000024300000000-0x0000024300ba0000-0x0000024300ba0000), size 12189696, SharedBaseAddress: 0x0000024300000000, ArchiveRelocationMode: 1.
Compressed class space mapped at: 0x0000024301000000-0x0000024341000000, reserved size: 1073741824
Narrow klass base: 0x0000024300000000, Narrow klass shift: 0, Narrow klass range: 0x100000000

GC Precious Log:
 CardTable entry size: 512
 CPUs: 12 total, 12 available
 Memory: 7521M
 Large Page Support: Disabled
 NUMA Support: Disabled
 Compressed Oops: Enabled (32-bit)
 Alignments: Space 512K, Generation 512K, Heap 2M
 Heap Min Capacity: 100M
 Heap Initial Capacity: 100M
 Heap Max Capacity: 1G
 Pre-touch: Disabled
 Parallel Workers: 10

Heap:
 PSYoungGen      total 11264K, used 2017K [0x00000000eab00000, 0x00000000eb900000, 0x0000000100000000)
  eden space 9216K, 0% used [0x00000000eab00000,0x00000000eab00000,0x00000000eb400000)
  from space 2048K, 98% used [0x00000000eb700000,0x00000000eb8f8440,0x00000000eb900000)
  to   space 2560K, 0% used [0x00000000eb480000,0x00000000eb480000,0x00000000eb700000)
 ParOldGen       total 120832K, used 120586K [0x00000000c0000000, 0x00000000c7600000, 0x00000000eab00000)
  object space 120832K, 99% used [0x00000000c0000000,0x00000000c75c2908,0x00000000c7600000)
 Metaspace       used 63580K, committed 65152K, reserved 1114112K
  class space    used 6578K, committed 7296K, reserved 1048576K

Card table byte_map: [0x00000243439d0000,0x0000024343be0000] _byte_map_base: 0x00000243433d0000

Marking Bits: (ParMarkBitMap*) 0x00007ff883433260
 Begin Bits: [0x0000024356220000, 0x0000024357220000)
 End Bits:   [0x0000024357220000, 0x0000024358220000)

Polling page: 0x0000024341d80000

Metaspace:

Usage:
  Non-class:     55.67 MB used.
      Class:      6.42 MB used.
       Both:     62.09 MB used.

Virtual space:
  Non-class space:       64.00 MB reserved,      56.50 MB ( 88%) committed,  1 nodes.
      Class space:        1.00 GB reserved,       7.12 MB ( <1%) committed,  1 nodes.
             Both:        1.06 GB reserved,      63.62 MB (  6%) committed. 

Chunk freelists:
   Non-Class:  6.89 MB
       Class:  8.87 MB
        Both:  15.76 MB

MaxMetaspaceSize: unlimited
CompressedClassSpaceSize: 1.00 GB
Initial GC threshold: 21.00 MB
Current GC threshold: 97.31 MB
CDS: on
 - commit_granule_bytes: 65536.
 - commit_granule_words: 8192.
 - virtual_space_node_default_size: 8388608.
 - enlarge_chunks_in_place: 1.
 - use_allocation_guard: 0.


Internal statistics:

num_allocs_failed_limit: 9.
num_arena_births: 1168.
num_arena_deaths: 26.
num_vsnodes_births: 2.
num_vsnodes_deaths: 0.
num_space_committed: 1018.
num_space_uncommitted: 0.
num_chunks_returned_to_freelist: 40.
num_chunks_taken_from_freelist: 4155.
num_chunk_merges: 19.
num_chunk_splits: 2550.
num_chunks_enlarged: 1491.
num_inconsistent_stats: 0.

CodeHeap 'non-profiled nmethods': size=120000Kb used=6728Kb max_used=6728Kb free=113271Kb
 bounds [0x000002434ecf0000, 0x000002434f390000, 0x0000024356220000]
CodeHeap 'profiled nmethods': size=120000Kb used=23584Kb max_used=23584Kb free=96416Kb
 bounds [0x0000024347220000, 0x0000024348930000, 0x000002434e750000]
CodeHeap 'non-nmethods': size=5760Kb used=1429Kb max_used=1491Kb free=4330Kb
 bounds [0x000002434e750000, 0x000002434e9c0000, 0x000002434ecf0000]
 total_blobs=11263 nmethods=10518 adapters=650
 compilation: enabled
              stopped_count=0, restarted_count=0
 full_count=0

Compilation events (20 events):
Event: 25.595 Thread 0x00000243598f0330 11370       2       org.eclipse.jdt.internal.compiler.parser.Parser::consumeQualifiedName (30 bytes)
Event: 25.595 Thread 0x00000243598f0330 nmethod 11370 0x0000024348923810 code [0x00000243489239c0, 0x0000024348923b38]
Event: 25.595 Thread 0x00000243598f0330 11371       2       org.eclipse.jdt.internal.compiler.ast.StringLiteral::<init> (13 bytes)
Event: 25.596 Thread 0x00000243598f0330 nmethod 11371 0x0000024348923c90 code [0x0000024348923e20, 0x0000024348923f78]
Event: 25.596 Thread 0x00000243598f0330 11373       3       lombok.core.LombokImmutableList::iterator (9 bytes)
Event: 25.596 Thread 0x00000243598f0330 nmethod 11373 0x0000024348924090 code [0x0000024348924240, 0x0000024348924480]
Event: 25.596 Thread 0x00000243598f0330 11374       2       java.util.IdentityHashMap::resize (153 bytes)
Event: 25.597 Thread 0x00000243607a5280 nmethod 11335 0x000002434f381790 code [0x000002434f381940, 0x000002434f382098]
Event: 25.597 Thread 0x00000243598f0330 nmethod 11374 0x0000024348924590 code [0x0000024348924780, 0x0000024348924df8]
Event: 25.597 Thread 0x00000243598f0330 11372       2       lombok.core.LombokNode::gatherAndRemoveChildren (89 bytes)
Event: 25.597 Thread 0x00000243607a5280 11361       4       org.eclipse.jdt.internal.compiler.parser.Parser::consumeRule (7755 bytes)
Event: 25.597 Thread 0x00000243598f0330 nmethod 11372 0x0000024348925110 code [0x0000024348925320, 0x00000243489256e0]
Event: 25.597 Thread 0x00000243598f0330 11368       2       org.eclipse.jdt.internal.compiler.parser.Parser::consumeExpressionStatement (53 bytes)
Event: 25.598 Thread 0x00000243598f0330 nmethod 11368 0x0000024348925a10 code [0x0000024348925bc0, 0x0000024348925d50]
Event: 25.605 Thread 0x00000243598f0330 11376       2       java.util.HashMap::values (25 bytes)
Event: 25.605 Thread 0x00000243598f0330 nmethod 11376 0x0000024348925e90 code [0x0000024348926020, 0x00000243489261c0]
Event: 25.606 Thread 0x00000243598f0330 11377       2       java.lang.invoke.LambdaForm$MH/0x00000243016e0c00::invoke (42 bytes)
Event: 25.607 Thread 0x00000243598f0330 nmethod 11377 0x0000024348926290 code [0x0000024348926480, 0x0000024348926858]
Event: 25.607 Thread 0x00000243598f0330 11380       2       lombok.core.AST::getFields (166 bytes)
Event: 25.609 Thread 0x00000243598f0330 nmethod 11380 0x0000024348926b10 code [0x0000024348926dc0, 0x0000024348927858]

GC Heap History (20 events):
Event: 24.951 GC heap after
{Heap after GC invocations=65 (full 3):
 PSYoungGen      total 13824K, used 2993K [0x00000000eab00000, 0x00000000ebd00000, 0x0000000100000000)
  eden space 10752K, 0% used [0x00000000eab00000,0x00000000eab00000,0x00000000eb580000)
  from space 3072K, 97% used [0x00000000eb900000,0x00000000ebbec7e0,0x00000000ebc00000)
  to   space 3584K, 0% used [0x00000000eb580000,0x00000000eb580000,0x00000000eb900000)
 ParOldGen       total 97792K, used 97450K [0x00000000c0000000, 0x00000000c5f80000, 0x00000000eab00000)
  object space 97792K, 99% used [0x00000000c0000000,0x00000000c5f2a908,0x00000000c5f80000)
 Metaspace       used 60810K, committed 62336K, reserved 1114112K
  class space    used 6294K, committed 6976K, reserved 1048576K
}
Event: 24.970 GC heap before
{Heap before GC invocations=66 (full 3):
 PSYoungGen      total 13824K, used 13745K [0x00000000eab00000, 0x00000000ebd00000, 0x0000000100000000)
  eden space 10752K, 100% used [0x00000000eab00000,0x00000000eb580000,0x00000000eb580000)
  from space 3072K, 97% used [0x00000000eb900000,0x00000000ebbec7e0,0x00000000ebc00000)
  to   space 3584K, 0% used [0x00000000eb580000,0x00000000eb580000,0x00000000eb900000)
 ParOldGen       total 97792K, used 97450K [0x00000000c0000000, 0x00000000c5f80000, 0x00000000eab00000)
  object space 97792K, 99% used [0x00000000c0000000,0x00000000c5f2a908,0x00000000c5f80000)
 Metaspace       used 60873K, committed 62400K, reserved 1114112K
  class space    used 6307K, committed 6976K, reserved 1048576K
}
Event: 24.973 GC heap after
{Heap after GC invocations=66 (full 3):
 PSYoungGen      total 13824K, used 2738K [0x00000000eab00000, 0x00000000ebb80000, 0x0000000100000000)
  eden space 10752K, 0% used [0x00000000eab00000,0x00000000eab00000,0x00000000eb580000)
  from space 3072K, 89% used [0x00000000eb580000,0x00000000eb82c8a8,0x00000000eb880000)
  to   space 3072K, 0% used [0x00000000eb880000,0x00000000eb880000,0x00000000ebb80000)
 ParOldGen       total 100864K, used 100393K [0x00000000c0000000, 0x00000000c6280000, 0x00000000eab00000)
  object space 100864K, 99% used [0x00000000c0000000,0x00000000c620a468,0x00000000c6280000)
 Metaspace       used 60873K, committed 62400K, reserved 1114112K
  class space    used 6307K, committed 6976K, reserved 1048576K
}
Event: 25.052 GC heap before
{Heap before GC invocations=67 (full 3):
 PSYoungGen      total 13824K, used 13490K [0x00000000eab00000, 0x00000000ebb80000, 0x0000000100000000)
  eden space 10752K, 100% used [0x00000000eab00000,0x00000000eb580000,0x00000000eb580000)
  from space 3072K, 89% used [0x00000000eb580000,0x00000000eb82c8a8,0x00000000eb880000)
  to   space 3072K, 0% used [0x00000000eb880000,0x00000000eb880000,0x00000000ebb80000)
 ParOldGen       total 100864K, used 100393K [0x00000000c0000000, 0x00000000c6280000, 0x00000000eab00000)
  object space 100864K, 99% used [0x00000000c0000000,0x00000000c620a468,0x00000000c6280000)
 Metaspace       used 61209K, committed 62720K, reserved 1114112K
  class space    used 6334K, committed 6976K, reserved 1048576K
}
Event: 25.056 GC heap after
{Heap after GC invocations=67 (full 3):
 PSYoungGen      total 13824K, used 2790K [0x00000000eab00000, 0x00000000ebb80000, 0x0000000100000000)
  eden space 10752K, 0% used [0x00000000eab00000,0x00000000eab00000,0x00000000eb580000)
  from space 3072K, 90% used [0x00000000eb880000,0x00000000ebb39b68,0x00000000ebb80000)
  to   space 3072K, 0% used [0x00000000eb580000,0x00000000eb580000,0x00000000eb880000)
 ParOldGen       total 103424K, used 103004K [0x00000000c0000000, 0x00000000c6500000, 0x00000000eab00000)
  object space 103424K, 99% used [0x00000000c0000000,0x00000000c6497318,0x00000000c6500000)
 Metaspace       used 61209K, committed 62720K, reserved 1114112K
  class space    used 6334K, committed 6976K, reserved 1048576K
}
Event: 25.134 GC heap before
{Heap before GC invocations=68 (full 3):
 PSYoungGen      total 13824K, used 13542K [0x00000000eab00000, 0x00000000ebb80000, 0x0000000100000000)
  eden space 10752K, 100% used [0x00000000eab00000,0x00000000eb580000,0x00000000eb580000)
  from space 3072K, 90% used [0x00000000eb880000,0x00000000ebb39b68,0x00000000ebb80000)
  to   space 3072K, 0% used [0x00000000eb580000,0x00000000eb580000,0x00000000eb880000)
 ParOldGen       total 103424K, used 103004K [0x00000000c0000000, 0x00000000c6500000, 0x00000000eab00000)
  object space 103424K, 99% used [0x00000000c0000000,0x00000000c6497318,0x00000000c6500000)
 Metaspace       used 61402K, committed 62912K, reserved 1114112K
  class space    used 6360K, committed 7040K, reserved 1048576K
}
Event: 25.138 GC heap after
{Heap after GC invocations=68 (full 3):
 PSYoungGen      total 13824K, used 2533K [0x00000000eab00000, 0x00000000ebb80000, 0x0000000100000000)
  eden space 10752K, 0% used [0x00000000eab00000,0x00000000eab00000,0x00000000eb580000)
  from space 3072K, 82% used [0x00000000eb580000,0x00000000eb7f9760,0x00000000eb880000)
  to   space 3072K, 0% used [0x00000000eb880000,0x00000000eb880000,0x00000000ebb80000)
 ParOldGen       total 105984K, used 105660K [0x00000000c0000000, 0x00000000c6780000, 0x00000000eab00000)
  object space 105984K, 99% used [0x00000000c0000000,0x00000000c672f140,0x00000000c6780000)
 Metaspace       used 61402K, committed 62912K, reserved 1114112K
  class space    used 6360K, committed 7040K, reserved 1048576K
}
Event: 25.203 GC heap before
{Heap before GC invocations=69 (full 3):
 PSYoungGen      total 13824K, used 13285K [0x00000000eab00000, 0x00000000ebb80000, 0x0000000100000000)
  eden space 10752K, 100% used [0x00000000eab00000,0x00000000eb580000,0x00000000eb580000)
  from space 3072K, 82% used [0x00000000eb580000,0x00000000eb7f9760,0x00000000eb880000)
  to   space 3072K, 0% used [0x00000000eb880000,0x00000000eb880000,0x00000000ebb80000)
 ParOldGen       total 105984K, used 105660K [0x00000000c0000000, 0x00000000c6780000, 0x00000000eab00000)
  object space 105984K, 99% used [0x00000000c0000000,0x00000000c672f140,0x00000000c6780000)
 Metaspace       used 61793K, committed 63232K, reserved 1114112K
  class space    used 6401K, committed 7040K, reserved 1048576K
}
Event: 25.206 GC heap after
{Heap after GC invocations=69 (full 3):
 PSYoungGen      total 13312K, used 2258K [0x00000000eab00000, 0x00000000ebb00000, 0x0000000100000000)
  eden space 10752K, 0% used [0x00000000eab00000,0x00000000eab00000,0x00000000eb580000)
  from space 2560K, 88% used [0x00000000eb880000,0x00000000ebab4900,0x00000000ebb00000)
  to   space 2560K, 0% used [0x00000000eb600000,0x00000000eb600000,0x00000000eb880000)
 ParOldGen       total 108544K, used 108048K [0x00000000c0000000, 0x00000000c6a00000, 0x00000000eab00000)
  object space 108544K, 99% used [0x00000000c0000000,0x00000000c6984258,0x00000000c6a00000)
 Metaspace       used 61793K, committed 63232K, reserved 1114112K
  class space    used 6401K, committed 7040K, reserved 1048576K
}
Event: 25.253 GC heap before
{Heap before GC invocations=70 (full 3):
 PSYoungGen      total 13312K, used 12944K [0x00000000eab00000, 0x00000000ebb00000, 0x0000000100000000)
  eden space 10752K, 99% used [0x00000000eab00000,0x00000000eb56f708,0x00000000eb580000)
  from space 2560K, 88% used [0x00000000eb880000,0x00000000ebab4900,0x00000000ebb00000)
  to   space 2560K, 0% used [0x00000000eb600000,0x00000000eb600000,0x00000000eb880000)
 ParOldGen       total 108544K, used 108048K [0x00000000c0000000, 0x00000000c6a00000, 0x00000000eab00000)
  object space 108544K, 99% used [0x00000000c0000000,0x00000000c6984258,0x00000000c6a00000)
 Metaspace       used 61988K, committed 63552K, reserved 1114112K
  class space    used 6411K, committed 7104K, reserved 1048576K
}
Event: 25.257 GC heap after
{Heap after GC invocations=70 (full 3):
 PSYoungGen      total 13312K, used 2487K [0x00000000eab00000, 0x00000000eba80000, 0x0000000100000000)
  eden space 10752K, 0% used [0x00000000eab00000,0x00000000eab00000,0x00000000eb580000)
  from space 2560K, 97% used [0x00000000eb600000,0x00000000eb86def8,0x00000000eb880000)
  to   space 2048K, 0% used [0x00000000eb880000,0x00000000eb880000,0x00000000eba80000)
 ParOldGen       total 110080K, used 110003K [0x00000000c0000000, 0x00000000c6b80000, 0x00000000eab00000)
  object space 110080K, 99% used [0x00000000c0000000,0x00000000c6b6cf70,0x00000000c6b80000)
 Metaspace       used 61988K, committed 63552K, reserved 1114112K
  class space    used 6411K, committed 7104K, reserved 1048576K
}
Event: 25.336 GC heap before
{Heap before GC invocations=71 (full 3):
 PSYoungGen      total 13312K, used 13239K [0x00000000eab00000, 0x00000000eba80000, 0x0000000100000000)
  eden space 10752K, 100% used [0x00000000eab00000,0x00000000eb580000,0x00000000eb580000)
  from space 2560K, 97% used [0x00000000eb600000,0x00000000eb86def8,0x00000000eb880000)
  to   space 2048K, 0% used [0x00000000eb880000,0x00000000eb880000,0x00000000eba80000)
 ParOldGen       total 110080K, used 110003K [0x00000000c0000000, 0x00000000c6b80000, 0x00000000eab00000)
  object space 110080K, 99% used [0x00000000c0000000,0x00000000c6b6cf70,0x00000000c6b80000)
 Metaspace       used 62596K, committed 64128K, reserved 1114112K
  class space    used 6475K, committed 7168K, reserved 1048576K
}
Event: 25.338 GC heap after
{Heap after GC invocations=71 (full 3):
 PSYoungGen      total 11264K, used 2016K [0x00000000eab00000, 0x00000000ebe80000, 0x0000000100000000)
  eden space 9216K, 0% used [0x00000000eab00000,0x00000000eab00000,0x00000000eb400000)
  from space 2048K, 98% used [0x00000000eb880000,0x00000000eba78298,0x00000000eba80000)
  to   space 4608K, 0% used [0x00000000eb400000,0x00000000eb400000,0x00000000eb880000)
 ParOldGen       total 112640K, used 112168K [0x00000000c0000000, 0x00000000c6e00000, 0x00000000eab00000)
  object space 112640K, 99% used [0x00000000c0000000,0x00000000c6d8a2a8,0x00000000c6e00000)
 Metaspace       used 62596K, committed 64128K, reserved 1114112K
  class space    used 6475K, committed 7168K, reserved 1048576K
}
Event: 25.412 GC heap before
{Heap before GC invocations=72 (full 3):
 PSYoungGen      total 11264K, used 11232K [0x00000000eab00000, 0x00000000ebe80000, 0x0000000100000000)
  eden space 9216K, 100% used [0x00000000eab00000,0x00000000eb400000,0x00000000eb400000)
  from space 2048K, 98% used [0x00000000eb880000,0x00000000eba78298,0x00000000eba80000)
  to   space 4608K, 0% used [0x00000000eb400000,0x00000000eb400000,0x00000000eb880000)
 ParOldGen       total 112640K, used 112168K [0x00000000c0000000, 0x00000000c6e00000, 0x00000000eab00000)
  object space 112640K, 99% used [0x00000000c0000000,0x00000000c6d8a2a8,0x00000000c6e00000)
 Metaspace       used 63051K, committed 64640K, reserved 1114112K
  class space    used 6530K, committed 7232K, reserved 1048576K
}
Event: 25.416 GC heap after
{Heap after GC invocations=72 (full 3):
 PSYoungGen      total 12288K, used 2755K [0x00000000eab00000, 0x00000000ebb00000, 0x0000000100000000)
  eden space 9216K, 0% used [0x00000000eab00000,0x00000000eab00000,0x00000000eb400000)
  from space 3072K, 89% used [0x00000000eb400000,0x00000000eb6b0d00,0x00000000eb700000)
  to   space 3584K, 0% used [0x00000000eb780000,0x00000000eb780000,0x00000000ebb00000)
 ParOldGen       total 114176K, used 114067K [0x00000000c0000000, 0x00000000c6f80000, 0x00000000eab00000)
  object space 114176K, 99% used [0x00000000c0000000,0x00000000c6f64e90,0x00000000c6f80000)
 Metaspace       used 63051K, committed 64640K, reserved 1114112K
  class space    used 6530K, committed 7232K, reserved 1048576K
}
Event: 25.532 GC heap before
{Heap before GC invocations=73 (full 3):
 PSYoungGen      total 12288K, used 11971K [0x00000000eab00000, 0x00000000ebb00000, 0x0000000100000000)
  eden space 9216K, 100% used [0x00000000eab00000,0x00000000eb400000,0x00000000eb400000)
  from space 3072K, 89% used [0x00000000eb400000,0x00000000eb6b0d00,0x00000000eb700000)
  to   space 3584K, 0% used [0x00000000eb780000,0x00000000eb780000,0x00000000ebb00000)
 ParOldGen       total 114176K, used 114067K [0x00000000c0000000, 0x00000000c6f80000, 0x00000000eab00000)
  object space 114176K, 99% used [0x00000000c0000000,0x00000000c6f64e90,0x00000000c6f80000)
 Metaspace       used 63410K, committed 64960K, reserved 1114112K
  class space    used 6562K, committed 7232K, reserved 1048576K
}
Event: 25.537 GC heap after
{Heap after GC invocations=73 (full 3):
 PSYoungGen      total 11264K, used 1929K [0x00000000eab00000, 0x00000000eb980000, 0x0000000100000000)
  eden space 9216K, 0% used [0x00000000eab00000,0x00000000eab00000,0x00000000eb400000)
  from space 2048K, 94% used [0x00000000eb780000,0x00000000eb962548,0x00000000eb980000)
  to   space 2560K, 0% used [0x00000000eb480000,0x00000000eb480000,0x00000000eb700000)
 ParOldGen       total 117248K, used 116661K [0x00000000c0000000, 0x00000000c7280000, 0x00000000eab00000)
  object space 117248K, 99% used [0x00000000c0000000,0x00000000c71ed5a0,0x00000000c7280000)
 Metaspace       used 63410K, committed 64960K, reserved 1114112K
  class space    used 6562K, committed 7232K, reserved 1048576K
}
Event: 25.569 GC heap before
{Heap before GC invocations=74 (full 3):
 PSYoungGen      total 11264K, used 11145K [0x00000000eab00000, 0x00000000eb980000, 0x0000000100000000)
  eden space 9216K, 100% used [0x00000000eab00000,0x00000000eb400000,0x00000000eb400000)
  from space 2048K, 94% used [0x00000000eb780000,0x00000000eb962548,0x00000000eb980000)
  to   space 2560K, 0% used [0x00000000eb480000,0x00000000eb480000,0x00000000eb700000)
 ParOldGen       total 117248K, used 116661K [0x00000000c0000000, 0x00000000c7280000, 0x00000000eab00000)
  object space 117248K, 99% used [0x00000000c0000000,0x00000000c71ed5a0,0x00000000c7280000)
 Metaspace       used 63437K, committed 64960K, reserved 1114112K
  class space    used 6564K, committed 7232K, reserved 1048576K
}
Event: 25.573 GC heap after
{Heap after GC invocations=74 (full 3):
 PSYoungGen      total 11776K, used 2262K [0x00000000eab00000, 0x00000000eb900000, 0x0000000100000000)
  eden space 9216K, 0% used [0x00000000eab00000,0x00000000eab00000,0x00000000eb400000)
  from space 2560K, 88% used [0x00000000eb480000,0x00000000eb6b5a00,0x00000000eb700000)
  to   space 2048K, 0% used [0x00000000eb700000,0x00000000eb700000,0x00000000eb900000)
 ParOldGen       total 118784K, used 118403K [0x00000000c0000000, 0x00000000c7400000, 0x00000000eab00000)
  object space 118784K, 99% used [0x00000000c0000000,0x00000000c73a0e98,0x00000000c7400000)
 Metaspace       used 63437K, committed 64960K, reserved 1114112K
  class space    used 6564K, committed 7232K, reserved 1048576K
}
Event: 25.609 GC heap before
{Heap before GC invocations=75 (full 3):
 PSYoungGen      total 11776K, used 11478K [0x00000000eab00000, 0x00000000eb900000, 0x0000000100000000)
  eden space 9216K, 100% used [0x00000000eab00000,0x00000000eb400000,0x00000000eb400000)
  from space 2560K, 88% used [0x00000000eb480000,0x00000000eb6b5a00,0x00000000eb700000)
  to   space 2048K, 0% used [0x00000000eb700000,0x00000000eb700000,0x00000000eb900000)
 ParOldGen       total 118784K, used 118403K [0x00000000c0000000, 0x00000000c7400000, 0x00000000eab00000)
  object space 118784K, 99% used [0x00000000c0000000,0x00000000c73a0e98,0x00000000c7400000)
 Metaspace       used 63580K, committed 65152K, reserved 1114112K
  class space    used 6578K, committed 7296K, reserved 1048576K
}

Dll operation events (12 events):
Event: 0.024 Loaded shared library c:\Users\Jaywant\.cursor\extensions\redhat.java-1.41.1-win32-x64\jre\21.0.6-win32-x86_64\bin\java.dll
Event: 0.169 Loaded shared library c:\Users\Jaywant\.cursor\extensions\redhat.java-1.41.1-win32-x64\jre\21.0.6-win32-x86_64\bin\zip.dll
Event: 0.194 Loaded shared library C:\Users\Jaywant\.cursor\extensions\redhat.java-1.41.1-win32-x64\jre\21.0.6-win32-x86_64\bin\instrument.dll
Event: 0.205 Loaded shared library C:\Users\Jaywant\.cursor\extensions\redhat.java-1.41.1-win32-x64\jre\21.0.6-win32-x86_64\bin\net.dll
Event: 0.208 Loaded shared library C:\Users\Jaywant\.cursor\extensions\redhat.java-1.41.1-win32-x64\jre\21.0.6-win32-x86_64\bin\nio.dll
Event: 0.213 Loaded shared library C:\Users\Jaywant\.cursor\extensions\redhat.java-1.41.1-win32-x64\jre\21.0.6-win32-x86_64\bin\zip.dll
Event: 0.234 Loaded shared library C:\Users\Jaywant\.cursor\extensions\redhat.java-1.41.1-win32-x64\jre\21.0.6-win32-x86_64\bin\jimage.dll
Event: 0.321 Loaded shared library c:\Users\Jaywant\.cursor\extensions\redhat.java-1.41.1-win32-x64\jre\21.0.6-win32-x86_64\bin\verify.dll
Event: 2.662 Loaded shared library C:\Users\Jaywant\AppData\Roaming\Cursor\User\globalStorage\redhat.java\1.41.1\config_win\org.eclipse.equinox.launcher\org.eclipse.equinox.launcher.win32.win32.x86_64_1.2.1300.v20250331-1702\eclipse_11911.dll
Event: 9.393 Loaded shared library C:\Users\Jaywant\.cursor\extensions\redhat.java-1.41.1-win32-x64\jre\21.0.6-win32-x86_64\bin\management.dll
Event: 9.398 Loaded shared library C:\Users\Jaywant\.cursor\extensions\redhat.java-1.41.1-win32-x64\jre\21.0.6-win32-x86_64\bin\management_ext.dll
Event: 10.285 Loaded shared library C:\Users\Jaywant\AppData\Local\Temp\jna--151788782\jna2951343967911933000.dll

Deoptimization events (20 events):
Event: 25.589 Thread 0x000002436299eb20 DEOPT PACKING pc=0x000002434f372b4c sp=0x000000f8fbefef80
Event: 25.589 Thread 0x000002436299eb20 DEOPT UNPACKING pc=0x000002434e7a3aa2 sp=0x000000f8fbefef18 mode 2
Event: 25.589 Thread 0x000002436299eb20 Uncommon trap: trap_request=0xffffffde fr.pc=0x000002434f3727f0 relative=0x0000000000000910
Event: 25.589 Thread 0x000002436299eb20 Uncommon trap: reason=class_check action=maybe_recompile pc=0x000002434f3727f0 method=org.eclipse.jdt.internal.compiler.parser.Parser.consumeRule(I)V @ 5958 c2
Event: 25.589 Thread 0x000002436299eb20 DEOPT PACKING pc=0x000002434f3727f0 sp=0x000000f8fbefef80
Event: 25.589 Thread 0x000002436299eb20 DEOPT UNPACKING pc=0x000002434e7a3aa2 sp=0x000000f8fbefef20 mode 2
Event: 25.590 Thread 0x000002436299eb20 Uncommon trap: trap_request=0xffffffde fr.pc=0x000002434f372b4c relative=0x0000000000000c6c
Event: 25.590 Thread 0x000002436299eb20 Uncommon trap: reason=class_check action=maybe_recompile pc=0x000002434f372b4c method=org.eclipse.jdt.internal.compiler.parser.Parser.consumeRule(I)V @ 5914 c2
Event: 25.590 Thread 0x000002436299eb20 DEOPT PACKING pc=0x000002434f372b4c sp=0x000000f8fbefef80
Event: 25.590 Thread 0x000002436299eb20 DEOPT UNPACKING pc=0x000002434e7a3aa2 sp=0x000000f8fbefef18 mode 2
Event: 25.590 Thread 0x000002436299eb20 Uncommon trap: trap_request=0xffffffde fr.pc=0x000002434f3727f0 relative=0x0000000000000910
Event: 25.590 Thread 0x000002436299eb20 Uncommon trap: reason=class_check action=maybe_recompile pc=0x000002434f3727f0 method=org.eclipse.jdt.internal.compiler.parser.Parser.consumeRule(I)V @ 5958 c2
Event: 25.590 Thread 0x000002436299eb20 DEOPT PACKING pc=0x000002434f3727f0 sp=0x000000f8fbefef80
Event: 25.590 Thread 0x000002436299eb20 DEOPT UNPACKING pc=0x000002434e7a3aa2 sp=0x000000f8fbefef20 mode 2
Event: 25.595 Thread 0x000002435fec5fd0 DEOPT PACKING pc=0x000002434890dfc2 sp=0x000000f8f93feb80
Event: 25.595 Thread 0x000002435fec5fd0 DEOPT UNPACKING pc=0x000002434e7a4242 sp=0x000000f8f93fdff0 mode 0
Event: 25.599 Thread 0x000002435fec5fd0 DEOPT PACKING pc=0x000002434867a409 sp=0x000000f8f93fec60
Event: 25.599 Thread 0x000002435fec5fd0 DEOPT UNPACKING pc=0x000002434e7a4242 sp=0x000000f8f93fe200 mode 0
Event: 25.601 Thread 0x000002435fec5fd0 DEOPT PACKING pc=0x000002434889a189 sp=0x000000f8f93feaa0
Event: 25.601 Thread 0x000002435fec5fd0 DEOPT UNPACKING pc=0x000002434e7a4242 sp=0x000000f8f93fdef8 mode 0

Classes loaded (20 events):
Event: 24.943 Loading class java/util/stream/ReferencePipeline$4$1
Event: 24.945 Loading class java/util/stream/ReferencePipeline$4$1 done
Event: 25.142 Loading class java/util/Hashtable$ValueCollection
Event: 25.143 Loading class java/util/Hashtable$ValueCollection done
Event: 25.159 Loading class java/util/stream/ReduceOps$4
Event: 25.159 Loading class java/util/stream/ReduceOps$4 done
Event: 25.159 Loading class java/util/stream/ReduceOps$4ReducingSink
Event: 25.159 Loading class java/util/stream/ReduceOps$4ReducingSink done
Event: 25.160 Loading class java/nio/file/Files$2
Event: 25.161 Loading class java/nio/file/Files$2 done
Event: 25.268 Loading class java/util/concurrent/ArrayBlockingQueue
Event: 25.269 Loading class java/util/concurrent/ArrayBlockingQueue done
Event: 25.295 Loading class java/io/SequenceInputStream
Event: 25.295 Loading class java/io/SequenceInputStream done
Event: 25.352 Loading class java/util/concurrent/ConcurrentHashMap$KeySpliterator
Event: 25.352 Loading class java/util/concurrent/ConcurrentHashMap$KeySpliterator done
Event: 25.398 Loading class java/util/concurrent/CompletableFuture$UniApply
Event: 25.398 Loading class java/util/concurrent/CompletableFuture$UniApply done
Event: 25.399 Loading class java/util/concurrent/CompletableFuture$UniExceptionally
Event: 25.399 Loading class java/util/concurrent/CompletableFuture$UniExceptionally done

Classes unloaded (13 events):
Event: 5.533 Thread 0x0000024341c1e180 Unloading class 0x0000024301199c00 'java/lang/invoke/LambdaForm$MH+0x0000024301199c00'
Event: 5.533 Thread 0x0000024341c1e180 Unloading class 0x0000024301199800 'java/lang/invoke/LambdaForm$MH+0x0000024301199800'
Event: 5.533 Thread 0x0000024341c1e180 Unloading class 0x0000024301199400 'java/lang/invoke/LambdaForm$MH+0x0000024301199400'
Event: 5.533 Thread 0x0000024341c1e180 Unloading class 0x0000024301199000 'java/lang/invoke/LambdaForm$MH+0x0000024301199000'
Event: 5.533 Thread 0x0000024341c1e180 Unloading class 0x0000024301198c00 'java/lang/invoke/LambdaForm$BMH+0x0000024301198c00'
Event: 5.533 Thread 0x0000024341c1e180 Unloading class 0x0000024301198800 'java/lang/invoke/LambdaForm$DMH+0x0000024301198800'
Event: 5.533 Thread 0x0000024341c1e180 Unloading class 0x0000024301193400 'java/lang/invoke/LambdaForm$DMH+0x0000024301193400'
Event: 9.321 Thread 0x0000024341c1e180 Unloading class 0x0000024301250c00 'java/lang/invoke/LambdaForm$MH+0x0000024301250c00'
Event: 9.321 Thread 0x0000024341c1e180 Unloading class 0x0000024301250400 'java/lang/invoke/LambdaForm$MH+0x0000024301250400'
Event: 24.300 Thread 0x0000024341c1e180 Unloading class 0x0000024301575000 'java/lang/invoke/LambdaForm$DMH+0x0000024301575000'
Event: 24.300 Thread 0x0000024341c1e180 Unloading class 0x0000024301574c00 'java/lang/invoke/LambdaForm$DMH+0x0000024301574c00'
Event: 24.300 Thread 0x0000024341c1e180 Unloading class 0x0000024301574800 'java/lang/invoke/LambdaForm$DMH+0x0000024301574800'
Event: 24.300 Thread 0x0000024341c1e180 Unloading class 0x0000024301574000 'java/lang/invoke/LambdaForm$DMH+0x0000024301574000'

Classes redefined (0 events):
No events

Internal exceptions (20 events):
Event: 24.069 Thread 0x000002436252c030 Exception <a 'sun/nio/fs/WindowsException'{0x00000000ead42758}> (0x00000000ead42758) 
thrown [s\src\hotspot\share\prims\jni.cpp, line 520]
Event: 24.069 Thread 0x000002436252d3e0 Exception <a 'sun/nio/fs/WindowsException'{0x00000000ead58c68}> (0x00000000ead58c68) 
thrown [s\src\hotspot\share\prims\jni.cpp, line 520]
Event: 24.070 Thread 0x000002436252fb40 Exception <a 'sun/nio/fs/WindowsException'{0x00000000ead7ee80}> (0x00000000ead7ee80) 
thrown [s\src\hotspot\share\prims\jni.cpp, line 520]
Event: 24.071 Thread 0x00000243625298d0 Exception <a 'sun/nio/fs/WindowsException'{0x00000000ead4ddd8}> (0x00000000ead4ddd8) 
thrown [s\src\hotspot\share\prims\jni.cpp, line 520]
Event: 25.067 Thread 0x0000024361f85180 Implicit null exception at 0x000002434f185f23 to 0x000002434f1862c0
Event: 25.176 Thread 0x000002435fec5940 Implicit null exception at 0x000002434f24e446 to 0x000002434f24e48f
Event: 25.355 Thread 0x000002435fec5940 Exception <a 'java/lang/NoSuchMethodError'{0x00000000eaf47568}: 'java.lang.Object java.lang.invoke.DirectMethodHandle$Holder.newInvokeSpecial(java.lang.Object, java.lang.Object, int, int, java.lang.Object)'> (0x00000000eaf47568) 
thrown [s\src\hotspot\share\interpreter\linkResolver.cpp, line 773]
Event: 25.389 Thread 0x0000024361f85180 Exception <a 'sun/nio/fs/WindowsException'{0x00000000eb1dbe98}> (0x00000000eb1dbe98) 
thrown [s\src\hotspot\share\prims\jni.cpp, line 520]
Event: 25.389 Thread 0x0000024361f85180 Exception <a 'sun/nio/fs/WindowsException'{0x00000000eb1dc4c8}> (0x00000000eb1dc4c8) 
thrown [s\src\hotspot\share\prims\jni.cpp, line 520]
Event: 25.391 Thread 0x0000024361f85180 Exception <a 'sun/nio/fs/WindowsException'{0x00000000eb1f6e08}> (0x00000000eb1f6e08) 
thrown [s\src\hotspot\share\prims\jni.cpp, line 520]
Event: 25.391 Thread 0x0000024361f85180 Exception <a 'sun/nio/fs/WindowsException'{0x00000000eb1f7438}> (0x00000000eb1f7438) 
thrown [s\src\hotspot\share\prims\jni.cpp, line 520]
Event: 25.392 Thread 0x0000024361f85180 Exception <a 'sun/nio/fs/WindowsException'{0x00000000eb1f8390}> (0x00000000eb1f8390) 
thrown [s\src\hotspot\share\prims\jni.cpp, line 520]
Event: 25.392 Thread 0x0000024361f85180 Exception <a 'sun/nio/fs/WindowsException'{0x00000000eb1f89c0}> (0x00000000eb1f89c0) 
thrown [s\src\hotspot\share\prims\jni.cpp, line 520]
Event: 25.392 Thread 0x0000024361f85180 Exception <a 'sun/nio/fs/WindowsException'{0x00000000eb1f9548}> (0x00000000eb1f9548) 
thrown [s\src\hotspot\share\prims\jni.cpp, line 520]
Event: 25.393 Thread 0x0000024361f85180 Exception <a 'sun/nio/fs/WindowsException'{0x00000000eb1f9b78}> (0x00000000eb1f9b78) 
thrown [s\src\hotspot\share\prims\jni.cpp, line 520]
Event: 25.397 Thread 0x0000024361f85180 Exception <a 'java/lang/IncompatibleClassChangeError'{0x00000000eb24a5c0}: Found class java.lang.Object, but interface was expected> (0x00000000eb24a5c0) 
thrown [s\src\hotspot\share\interpreter\linkResolver.cpp, line 840]
Event: 25.401 Thread 0x0000024361f85180 Exception <a 'java/lang/IncompatibleClassChangeError'{0x00000000eb300078}: Found class java.lang.Object, but interface was expected> (0x00000000eb300078) 
thrown [s\src\hotspot\share\interpreter\linkResolver.cpp, line 840]
Event: 25.403 Thread 0x0000024361f85180 Exception <a 'java/lang/IncompatibleClassChangeError'{0x00000000eb34d6e0}: Found class java.lang.Object, but interface was expected> (0x00000000eb34d6e0) 
thrown [s\src\hotspot\share\interpreter\linkResolver.cpp, line 840]
Event: 25.501 Thread 0x0000024361f85180 Exception <a 'java/lang/IncompatibleClassChangeError'{0x00000000eaf6a568}: Found class java.lang.Object, but interface was expected> (0x00000000eaf6a568) 
thrown [s\src\hotspot\share\interpreter\linkResolver.cpp, line 840]
Event: 25.596 Thread 0x000002435fec5940 Exception <a 'java/lang/NoSuchMethodError'{0x00000000eb085648}: 'java.lang.Object java.lang.invoke.DirectMethodHandle$Holder.invokeStatic(java.lang.Object, java.lang.Object, int, java.lang.Object)'> (0x00000000eb085648) 
thrown [s\src\hotspot\share\interpreter\linkResolver.cpp, line 773]

ZGC Phase Switch (0 events):
No events

VM Operations (20 events):
Event: 24.973 Executing VM operation: ParallelGCFailedAllocation (Allocation Failure) done
Event: 25.041 Executing VM operation: ParallelGCFailedAllocation (Allocation Failure)
Event: 25.056 Executing VM operation: ParallelGCFailedAllocation (Allocation Failure) done
Event: 25.134 Executing VM operation: ParallelGCFailedAllocation (Allocation Failure)
Event: 25.138 Executing VM operation: ParallelGCFailedAllocation (Allocation Failure) done
Event: 25.203 Executing VM operation: ParallelGCFailedAllocation (Allocation Failure)
Event: 25.206 Executing VM operation: ParallelGCFailedAllocation (Allocation Failure) done
Event: 25.253 Executing VM operation: ParallelGCFailedAllocation (Allocation Failure)
Event: 25.257 Executing VM operation: ParallelGCFailedAllocation (Allocation Failure) done
Event: 25.282 Executing VM operation: HandshakeAllThreads (Deoptimize)
Event: 25.282 Executing VM operation: HandshakeAllThreads (Deoptimize) done
Event: 25.327 Executing VM operation: ParallelGCFailedAllocation (Allocation Failure)
Event: 25.338 Executing VM operation: ParallelGCFailedAllocation (Allocation Failure) done
Event: 25.409 Executing VM operation: ParallelGCFailedAllocation (Allocation Failure)
Event: 25.416 Executing VM operation: ParallelGCFailedAllocation (Allocation Failure) done
Event: 25.524 Executing VM operation: ParallelGCFailedAllocation (Allocation Failure)
Event: 25.537 Executing VM operation: ParallelGCFailedAllocation (Allocation Failure) done
Event: 25.569 Executing VM operation: ParallelGCFailedAllocation (Allocation Failure)
Event: 25.573 Executing VM operation: ParallelGCFailedAllocation (Allocation Failure) done
Event: 25.609 Executing VM operation: ParallelGCFailedAllocation (Allocation Failure)

Memory protections (0 events):
No events

Nmethod flushes (20 events):
Event: 24.327 Thread 0x0000024341c1e180 flushing  nmethod 0x0000024347b6a890
Event: 24.327 Thread 0x0000024341c1e180 flushing  nmethod 0x0000024347b74610
Event: 24.327 Thread 0x0000024341c1e180 flushing  nmethod 0x0000024347b7b210
Event: 24.327 Thread 0x0000024341c1e180 flushing  nmethod 0x0000024347b7b990
Event: 24.327 Thread 0x0000024341c1e180 flushing  nmethod 0x0000024347b9d410
Event: 24.327 Thread 0x0000024341c1e180 flushing  nmethod 0x0000024347bc9d90
Event: 24.327 Thread 0x0000024341c1e180 flushing  nmethod 0x0000024347bcba90
Event: 24.327 Thread 0x0000024341c1e180 flushing  nmethod 0x0000024347bd0c90
Event: 24.327 Thread 0x0000024341c1e180 flushing  nmethod 0x0000024347be6410
Event: 24.327 Thread 0x0000024341c1e180 flushing  nmethod 0x0000024347beda10
Event: 24.327 Thread 0x0000024341c1e180 flushing  nmethod 0x0000024347bf2990
Event: 24.327 Thread 0x0000024341c1e180 flushing  nmethod 0x0000024347c15b10
Event: 24.327 Thread 0x0000024341c1e180 flushing  nmethod 0x0000024347c15f10
Event: 24.327 Thread 0x0000024341c1e180 flushing  nmethod 0x0000024347c16810
Event: 24.327 Thread 0x0000024341c1e180 flushing  nmethod 0x0000024347c17a10
Event: 24.327 Thread 0x0000024341c1e180 flushing  nmethod 0x0000024347c17e90
Event: 24.327 Thread 0x0000024341c1e180 flushing  nmethod 0x0000024347c1a490
Event: 24.327 Thread 0x0000024341c1e180 flushing  nmethod 0x0000024347c1b010
Event: 24.327 Thread 0x0000024341c1e180 flushing  nmethod 0x0000024347c20f10
Event: 24.327 Thread 0x0000024341c1e180 flushing  nmethod 0x0000024347ca4490

Events (20 events):
Event: 24.104 Thread 0x000002435fec5940 Thread added: 0x000002436252da70
Event: 24.105 Thread 0x000002435fec5940 Thread added: 0x000002436252e790
Event: 24.105 Thread 0x000002435fec5940 Thread added: 0x000002436299fed0
Event: 24.105 Thread 0x000002435fec5940 Thread added: 0x000002436299f1b0
Event: 24.105 Thread 0x000002435fec5940 Thread added: 0x000002436299e490
Event: 24.105 Thread 0x000002435fec5940 Thread added: 0x000002436299de00
Event: 24.105 Thread 0x000002435fec5940 Thread added: 0x000002436299f840
Event: 24.105 Thread 0x000002435fec5940 Thread added: 0x00000243629a1910
Event: 24.105 Thread 0x000002435fec5940 Thread added: 0x00000243629a0560
Event: 24.105 Thread 0x000002435fec5940 Thread added: 0x00000243629a0bf0
Event: 25.269 Thread 0x000002435fec5940 Thread added: 0x000002436299eb20
Event: 25.355 Thread 0x000002435fec5940 Thread added: 0x00000243629a5420
Event: 25.378 Thread 0x0000024362529240 Thread added: 0x00000243629a4d90
Event: 25.399 Thread 0x0000024361f85180 Thread added: 0x00000243629a1fa0
Event: 25.402 Thread 0x0000024361f85180 Thread added: 0x00000243629a3350
Event: 25.404 Thread 0x00000243629a3350 Thread added: 0x00000243629a4070
Event: 25.470 Thread 0x000002435fec5940 Thread added: 0x00000243629a2630
Event: 25.491 Thread 0x000002435fec5940 Thread added: 0x00000243629a39e0
Event: 25.523 Thread 0x000002435fec5940 Thread added: 0x0000024362735290
Event: 25.594 Thread 0x00000243629a4d90 Thread added: 0x0000024362736cd0


Dynamic libraries:
0x00007ff6790e0000 - 0x00007ff6790ee000 	c:\Users\Jaywant\.cursor\extensions\redhat.java-1.41.1-win32-x64\jre\21.0.6-win32-x86_64\bin\java.exe
0x00007ff9267c0000 - 0x00007ff926a26000 	C:\WINDOWS\SYSTEM32\ntdll.dll
0x00007ff925210000 - 0x00007ff9252d9000 	C:\WINDOWS\System32\KERNEL32.DLL
0x00007ff924110000 - 0x00007ff9244dc000 	C:\WINDOWS\System32\KERNELBASE.dll
0x00007ff9209a0000 - 0x00007ff920a3e000 	C:\WINDOWS\SYSTEM32\apphelp.dll
0x00007ff923c00000 - 0x00007ff923d4b000 	C:\WINDOWS\System32\ucrtbase.dll
0x00007ff90eee0000 - 0x00007ff90eef8000 	c:\Users\Jaywant\.cursor\extensions\redhat.java-1.41.1-win32-x64\jre\21.0.6-win32-x86_64\bin\jli.dll
0x00007ff924a00000 - 0x00007ff924bca000 	C:\WINDOWS\System32\USER32.dll
0x00007ff923a00000 - 0x00007ff923a27000 	C:\WINDOWS\System32\win32u.dll
0x00007ff925d70000 - 0x00007ff925d9b000 	C:\WINDOWS\System32\GDI32.dll
0x00007ff923ac0000 - 0x00007ff923bf2000 	C:\WINDOWS\System32\gdi32full.dll
0x00007ff923950000 - 0x00007ff9239f3000 	C:\WINDOWS\System32\msvcp_win.dll
0x00007ff90a4a0000 - 0x00007ff90a4be000 	c:\Users\Jaywant\.cursor\extensions\redhat.java-1.41.1-win32-x64\jre\21.0.6-win32-x86_64\bin\VCRUNTIME140.dll
0x00007ff90ccd0000 - 0x00007ff90cf6a000 	C:\WINDOWS\WinSxS\amd64_microsoft.windows.common-controls_6595b64144ccf1df_6.0.26100.3912_none_3e07963ce335137e\COMCTL32.dll
0x00007ff9264f0000 - 0x00007ff926599000 	C:\WINDOWS\System32\msvcrt.dll
0x00007ff924610000 - 0x00007ff924640000 	C:\WINDOWS\System32\IMM32.DLL
0x00007ff911200000 - 0x00007ff91120c000 	c:\Users\Jaywant\.cursor\extensions\redhat.java-1.41.1-win32-x64\jre\21.0.6-win32-x86_64\bin\vcruntime140_1.dll
0x00007ff8f7600000 - 0x00007ff8f768d000 	c:\Users\Jaywant\.cursor\extensions\redhat.java-1.41.1-win32-x64\jre\21.0.6-win32-x86_64\bin\msvcp140.dll
0x00007ff882780000 - 0x00007ff883510000 	c:\Users\Jaywant\.cursor\extensions\redhat.java-1.41.1-win32-x64\jre\21.0.6-win32-x86_64\bin\server\jvm.dll
0x00007ff924bd0000 - 0x00007ff924c82000 	C:\WINDOWS\System32\ADVAPI32.dll
0x00007ff9266c0000 - 0x00007ff926766000 	C:\WINDOWS\System32\sechost.dll
0x00007ff9265a0000 - 0x00007ff9266b6000 	C:\WINDOWS\System32\RPCRT4.dll
0x00007ff924980000 - 0x00007ff9249f4000 	C:\WINDOWS\System32\WS2_32.dll
0x00007ff9237c0000 - 0x00007ff92381e000 	C:\WINDOWS\SYSTEM32\POWRPROF.dll
0x00007ff91af00000 - 0x00007ff91af0b000 	C:\WINDOWS\SYSTEM32\VERSION.dll
0x00007ff91aec0000 - 0x00007ff91aef6000 	C:\WINDOWS\SYSTEM32\WINMM.dll
0x00007ff9237a0000 - 0x00007ff9237b4000 	C:\WINDOWS\SYSTEM32\UMPDC.dll
0x00007ff922710000 - 0x00007ff92272a000 	C:\WINDOWS\SYSTEM32\kernel.appcore.dll
0x00007ff910730000 - 0x00007ff91073a000 	c:\Users\Jaywant\.cursor\extensions\redhat.java-1.41.1-win32-x64\jre\21.0.6-win32-x86_64\bin\jimage.dll
0x00007ff917c80000 - 0x00007ff917ec1000 	C:\WINDOWS\SYSTEM32\DBGHELP.DLL
0x00007ff9259e0000 - 0x00007ff925d64000 	C:\WINDOWS\System32\combase.dll
0x00007ff925790000 - 0x00007ff925870000 	C:\WINDOWS\System32\OLEAUT32.dll
0x00007ff90f0e0000 - 0x00007ff90f119000 	C:\WINDOWS\SYSTEM32\dbgcore.DLL
0x00007ff9244e0000 - 0x00007ff924579000 	C:\WINDOWS\System32\bcryptPrimitives.dll
0x00007ff9103b0000 - 0x00007ff9103bf000 	c:\Users\Jaywant\.cursor\extensions\redhat.java-1.41.1-win32-x64\jre\21.0.6-win32-x86_64\bin\instrument.dll
0x00007ff901490000 - 0x00007ff9014af000 	c:\Users\Jaywant\.cursor\extensions\redhat.java-1.41.1-win32-x64\jre\21.0.6-win32-x86_64\bin\java.dll
0x00007ff925da0000 - 0x00007ff9264cd000 	C:\WINDOWS\System32\SHELL32.dll
0x00007ff923ed0000 - 0x00007ff924044000 	C:\WINDOWS\System32\wintypes.dll
0x00007ff9215b0000 - 0x00007ff921e06000 	C:\WINDOWS\SYSTEM32\windows.storage.dll
0x00007ff925490000 - 0x00007ff92557f000 	C:\WINDOWS\System32\SHCORE.dll
0x00007ff9251a0000 - 0x00007ff925209000 	C:\WINDOWS\System32\shlwapi.dll
0x00007ff923860000 - 0x00007ff92388f000 	C:\WINDOWS\SYSTEM32\profapi.dll
0x00007ff901470000 - 0x00007ff901488000 	c:\Users\Jaywant\.cursor\extensions\redhat.java-1.41.1-win32-x64\jre\21.0.6-win32-x86_64\bin\zip.dll
0x00007ff90edd0000 - 0x00007ff90ede0000 	C:\Users\Jaywant\.cursor\extensions\redhat.java-1.41.1-win32-x64\jre\21.0.6-win32-x86_64\bin\net.dll
0x00007ff91c270000 - 0x00007ff91c38e000 	C:\WINDOWS\SYSTEM32\WINHTTP.dll
0x00007ff922c80000 - 0x00007ff922cea000 	C:\WINDOWS\system32\mswsock.dll
0x00007ff8f8190000 - 0x00007ff8f81a6000 	C:\Users\Jaywant\.cursor\extensions\redhat.java-1.41.1-win32-x64\jre\21.0.6-win32-x86_64\bin\nio.dll
0x00007ff909d40000 - 0x00007ff909d50000 	c:\Users\Jaywant\.cursor\extensions\redhat.java-1.41.1-win32-x64\jre\21.0.6-win32-x86_64\bin\verify.dll
0x00007ff8f26d0000 - 0x00007ff8f2715000 	C:\Users\Jaywant\AppData\Roaming\Cursor\User\globalStorage\redhat.java\1.41.1\config_win\org.eclipse.equinox.launcher\org.eclipse.equinox.launcher.win32.win32.x86_64_1.2.1300.v20250331-1702\eclipse_11911.dll
0x00007ff9255e0000 - 0x00007ff92577f000 	C:\WINDOWS\System32\ole32.dll
0x00007ff922f20000 - 0x00007ff922f3c000 	C:\WINDOWS\SYSTEM32\CRYPTSP.dll
0x00007ff922650000 - 0x00007ff92268a000 	C:\WINDOWS\system32\rsaenh.dll
0x00007ff922d20000 - 0x00007ff922d4b000 	C:\WINDOWS\SYSTEM32\USERENV.dll
0x00007ff923830000 - 0x00007ff923856000 	C:\WINDOWS\SYSTEM32\bcrypt.dll
0x00007ff922f40000 - 0x00007ff922f4c000 	C:\WINDOWS\SYSTEM32\CRYPTBASE.dll
0x00007ff922100000 - 0x00007ff922133000 	C:\WINDOWS\SYSTEM32\IPHLPAPI.DLL
0x00007ff9264e0000 - 0x00007ff9264ea000 	C:\WINDOWS\System32\NSI.dll
0x00007ff9177c0000 - 0x00007ff9177ca000 	C:\Users\Jaywant\.cursor\extensions\redhat.java-1.41.1-win32-x64\jre\21.0.6-win32-x86_64\bin\management.dll
0x00007ff9177b0000 - 0x00007ff9177bb000 	C:\Users\Jaywant\.cursor\extensions\redhat.java-1.41.1-win32-x64\jre\21.0.6-win32-x86_64\bin\management_ext.dll
0x00007ff925450000 - 0x00007ff925458000 	C:\WINDOWS\System32\PSAPI.DLL
0x00007ff903a60000 - 0x00007ff903aa9000 	C:\Users\Jaywant\AppData\Local\Temp\jna--151788782\jna2951343967911933000.dll
0x00007ff91b700000 - 0x00007ff91b71f000 	C:\WINDOWS\SYSTEM32\dhcpcsvc6.DLL
0x00007ff91b6d0000 - 0x00007ff91b6f5000 	C:\WINDOWS\SYSTEM32\dhcpcsvc.DLL

dbghelp: loaded successfully - version: 4.0.5 - missing functions: none
symbol engine: initialized successfully - sym options: 0x614 - pdb path: .;c:\Users\Jaywant\.cursor\extensions\redhat.java-1.41.1-win32-x64\jre\21.0.6-win32-x86_64\bin;C:\WINDOWS\SYSTEM32;C:\WINDOWS\WinSxS\amd64_microsoft.windows.common-controls_6595b64144ccf1df_6.0.26100.3912_none_3e07963ce335137e;c:\Users\Jaywant\.cursor\extensions\redhat.java-1.41.1-win32-x64\jre\21.0.6-win32-x86_64\bin\server;C:\Users\Jaywant\AppData\Roaming\Cursor\User\globalStorage\redhat.java\1.41.1\config_win\org.eclipse.equinox.launcher\org.eclipse.equinox.launcher.win32.win32.x86_64_1.2.1300.v20250331-1702;C:\Users\Jaywant\AppData\Local\Temp\jna--151788782

VM Arguments:
jvm_args: --add-modules=ALL-SYSTEM --add-opens=java.base/java.util=ALL-UNNAMED --add-opens=java.base/java.lang=ALL-UNNAMED --add-opens=java.base/sun.nio.fs=ALL-UNNAMED -Declipse.application=org.eclipse.jdt.ls.core.id1 -Dosgi.bundles.defaultStartLevel=4 -Declipse.product=org.eclipse.jdt.ls.core.product -Djava.import.generatesMetadataFilesAtProjectRoot=false -DDetectVMInstallationsJob.disabled=true -Dfile.encoding=utf8 -XX:+UseParallelGC -XX:GCTimeRatio=4 -XX:AdaptiveSizePolicyWeight=90 -Dsun.zip.disableMemoryMapping=true -Xmx1G -Xms100m -Xlog:disable -javaagent:c:\Users\Jaywant\.cursor\extensions\redhat.java-1.41.1-win32-x64\lombok\lombok-1.18.36.jar -XX:+HeapDumpOnOutOfMemoryError -XX:HeapDumpPath=c:\Users\Jaywant\AppData\Roaming\Cursor\User\workspaceStorage\cc623adeb21d3940532c846187689d28\redhat.java -Daether.dependencyCollector.impl=bf 
java_command: c:\Users\Jaywant\.cursor\extensions\redhat.java-1.41.1-win32-x64\server\plugins\org.eclipse.equinox.launcher_1.7.0.v20250331-1702.jar -configuration c:\Users\Jaywant\AppData\Roaming\Cursor\User\globalStorage\redhat.java\1.41.1\config_win -data c:\Users\Jaywant\AppData\Roaming\Cursor\User\workspaceStorage\cc623adeb21d3940532c846187689d28\redhat.java\jdt_ws --pipe=\\.\pipe\lsp-4cb399d02e65027bd98a478257ab0b43-sock
java_class_path (initial): c:\Users\Jaywant\.cursor\extensions\redhat.java-1.41.1-win32-x64\server\plugins\org.eclipse.equinox.launcher_1.7.0.v20250331-1702.jar
Launcher Type: SUN_STANDARD

[Global flags]
    uintx AdaptiveSizePolicyWeight                 = 90                                        {product} {command line}
     intx CICompilerCount                          = 4                                         {product} {ergonomic}
    uintx GCTimeRatio                              = 4                                         {product} {command line}
     bool HeapDumpOnOutOfMemoryError               = true                                   {manageable} {command line}
    ccstr HeapDumpPath                             = c:\Users\Jaywant\AppData\Roaming\Cursor\User\workspaceStorage\cc623adeb21d3940532c846187689d28\redhat.java         {manageable} {command line}
   size_t InitialHeapSize                          = 104857600                                 {product} {command line}
   size_t MaxHeapSize                              = 1073741824                                {product} {command line}
   size_t MaxNewSize                               = 357564416                                 {product} {ergonomic}
   size_t MinHeapDeltaBytes                        = 524288                                    {product} {ergonomic}
   size_t MinHeapSize                              = 104857600                                 {product} {command line}
   size_t NewSize                                  = 34603008                                  {product} {ergonomic}
    uintx NonNMethodCodeHeapSize                   = 5839372                                {pd product} {ergonomic}
    uintx NonProfiledCodeHeapSize                  = 122909434                              {pd product} {ergonomic}
   size_t OldSize                                  = 70254592                                  {product} {ergonomic}
    uintx ProfiledCodeHeapSize                     = 122909434                              {pd product} {ergonomic}
    uintx ReservedCodeCacheSize                    = 251658240                              {pd product} {ergonomic}
     bool SegmentedCodeCache                       = true                                      {product} {ergonomic}
   size_t SoftMaxHeapSize                          = 1073741824                             {manageable} {ergonomic}
     bool UseCompressedOops                        = true                           {product lp64_product} {ergonomic}
     bool UseLargePagesIndividualAllocation        = false                                  {pd product} {ergonomic}
     bool UseParallelGC                            = true                                      {product} {command line}

Logging:
Log output configuration:
 #0: stdout all=off uptime,level,tags foldmultilines=false
 #1: stderr all=off uptime,level,tags foldmultilines=false

Environment Variables:
JAVA_HOME=C:\Program Files\Java\jdk-21\
PATH=c:\Users\Jaywant\AppData\Local\Programs\cursor\resources\app\bin;C:\Program Files\Microsoft\jdk-17.0.14.7-hotspot\bin;C:\Program Files\Common Files\Oracle\Java\javapath;C:\WINDOWS\system32;C:\WINDOWS;C:\WINDOWS\System32\Wbem;C:\WINDOWS\System32\WindowsPowerShell\v1.0\;C:\WINDOWS\System32\OpenSSH\;C:\Program Files\nodejs;C:\Program Files\nodejs\;C:\Program Files\MySQL\MySQL Server 8.0\bin;C:\Program Files\Git\cmd;C:\Program Files\Git\bin;C:\Program Files\apache-maven-3.9.9\bin;C:\Program Files\Java\jdk-17\bin;C:\Program Files\Java\jdk-21\bin;C:\Program Files\Git LFS;C:\ProgramData\chocolatey\bin;C:\Users\Jaywant\AppData\Local\Programs\Python\Python313\Scripts\;C:\Users\Jaywant\AppData\Local\Programs\Python\Python313\;C:\Users\Jaywant\AppData\Local\Programs\Python\Launcher\;C:\Program Files\MySQL\MySQL Shell 8.0\bin\;C:\Users\Jaywant\AppData\Local\Microsoft\WindowsApps;C:\Users\Jaywant\AppData\Roaming\npm;C:\Users\Jaywant\AppData\Local\GitHubDesktop\bin;c:\Users\Jaywant\AppData\Local\Programs\cursor\resources\a;C:\platform-tools;C:\Users\Jaywant\AppData\Local\Android\Sdk\platform-tools;C:\Users\Jaywant\AppData\Local\Android\Sdk\emulator;C:\Program Files\dotnet\;C:\Users\Jaywant\AppData\Local\Android\Sdk\platform-tools;C:\Users\Jaywant\AppData\Local\Android\Sdk\tools;C:\Users\Jaywant\AppData\Local\Android\Sdk\platform-tools;C:\Users\Jaywant\AppData\Local\Android\Sdk\tools;C:\Users\Jaywant\AppData\Local\Programs\Python\Python313\Scripts\;C:\Users\Jaywant\AppData\Local\Programs\Python\Python313\;C:\Users\Jaywant\AppData\Local\Programs\Python\Launcher\;C:\Program Files\MySQL\MySQL Shell 8.0\bin\;C:\Users\Jaywant\AppData\Local\Microsoft\WindowsApps;C:\Users\Jaywant\AppData\Roaming\npm;C:\Users\Jaywant\AppData\Local\Programs\Microsoft VS Code\bin;C:\Users\Jaywant\AppData\Local\GitHubDesktop\bin;C:\Users\Jaywant\AppData\Local\Programs\cursor\resources\app\bin
USERNAME=Jaywant
OS=Windows_NT
PROCESSOR_IDENTIFIER=AMD64 Family 25 Model 80 Stepping 0, AuthenticAMD
TMP=C:\Users\Jaywant\AppData\Local\Temp
TEMP=C:\Users\Jaywant\AppData\Local\Temp




Periodic native trim disabled

---------------  S Y S T E M  ---------------

OS:
 Windows 11 , 64 bit Build 26100 (10.0.26100.3912)
OS uptime: 0 days 1:14 hours
Hyper-V role detected

CPU: total 12 (initial active 12) (12 cores per cpu, 2 threads per core) family 25 model 80 stepping 0 microcode 0xa500011, cx8, cmov, fxsr, ht, mmx, 3dnowpref, sse, sse2, sse3, ssse3, sse4a, sse4.1, sse4.2, popcnt, lzcnt, tsc, tscinvbit, avx, avx2, aes, erms, clmul, bmi1, bmi2, adx, sha, fma, vzeroupper, clflush, clflushopt, hv, rdtscp, rdpid, fsrm, f16c, cet_ss
Processor Information for processor 0
  Max Mhz: 3301, Current Mhz: 2939, Mhz Limit: 2937
Processor Information for processor 1
  Max Mhz: 3301, Current Mhz: 2939, Mhz Limit: 2937
Processor Information for processor 2
  Max Mhz: 3301, Current Mhz: 3301, Mhz Limit: 3301
Processor Information for processor 3
  Max Mhz: 3301, Current Mhz: 3301, Mhz Limit: 3301
Processor Information for processor 4
  Max Mhz: 3301, Current Mhz: 3301, Mhz Limit: 3301
Processor Information for processor 5
  Max Mhz: 3301, Current Mhz: 3301, Mhz Limit: 3301
Processor Information for processor 6
  Max Mhz: 3301, Current Mhz: 3301, Mhz Limit: 3301
Processor Information for processor 7
  Max Mhz: 3301, Current Mhz: 3301, Mhz Limit: 3301
Processor Information for processor 8
  Max Mhz: 3301, Current Mhz: 3301, Mhz Limit: 3301
Processor Information for processor 9
  Max Mhz: 3301, Current Mhz: 3301, Mhz Limit: 3301
Processor Information for processor 10
  Max Mhz: 3301, Current Mhz: 3301, Mhz Limit: 3301
Processor Information for processor 11
  Max Mhz: 3301, Current Mhz: 3301, Mhz Limit: 3301

Memory: 4k page, system-wide physical 7521M (857M free)
TotalPageFile size 31073M (AvailPageFile size 79M)
current process WorkingSet (physical memory assigned to process): 362M, peak: 391M
current process commit charge ("private bytes"): 404M, peak: 422M

vm_info: OpenJDK 64-Bit Server VM (21.0.6+7-LTS) for windows-amd64 JRE (21.0.6+7-LTS), built on 2025-01-21T00:00:00Z by "admin" with MS VC++ 17.7 (VS2022)

END.
