#
# There is insufficient memory for the Java Runtime Environment to continue.
# Native memory allocation (malloc) failed to allocate 1195856 bytes. Error detail: Chunk::new
# Possible reasons:
#   The system is out of physical RAM or swap space
#   This process is running with CompressedOops enabled, and the Java Heap may be blocking the growth of the native heap
# Possible solutions:
#   Reduce memory load on the system
#   Increase physical memory or swap space
#   Check if swap backing store is full
#   Decrease Java heap size (-Xmx/-Xms)
#   Decrease number of Java threads
#   Decrease Java thread stack sizes (-Xss)
#   Set larger code cache with -XX:ReservedCodeCacheSize=
#   JVM is running with Unscaled Compressed Oops mode in which the Java heap is
#     placed in the first 4GB address space. The Java Heap base address is the
#     maximum limit for the native heap growth. Please use -XX:HeapBaseMinAddress
#     to set the Java Heap base and to place the Java Heap above 4GB virtual address.
# This output file may be truncated or incomplete.
#
#  Out of Memory Error (arena.cpp:168), pid=10212, tid=7284
#
# JRE version: OpenJDK Runtime Environment Temurin-21.0.6+7 (21.0.6+7) (build 21.0.6+7-LTS)
# Java VM: OpenJDK 64-Bit Server VM Temurin-21.0.6+7 (21.0.6+7-LTS, mixed mode, sharing, tiered, compressed oops, compressed class ptrs, parallel gc, windows-amd64)
# No core dump will be written. Minidumps are not enabled by default on client versions of Windows
#

---------------  S U M M A R Y ------------

Command Line: --add-modules=ALL-SYSTEM --add-opens=java.base/java.util=ALL-UNNAMED --add-opens=java.base/java.lang=ALL-UNNAMED --add-opens=java.base/sun.nio.fs=ALL-UNNAMED -Declipse.application=org.eclipse.jdt.ls.core.id1 -Dosgi.bundles.defaultStartLevel=4 -Declipse.product=org.eclipse.jdt.ls.core.product -Djava.import.generatesMetadataFilesAtProjectRoot=false -DDetectVMInstallationsJob.disabled=true -Dfile.encoding=utf8 -XX:+UseParallelGC -XX:GCTimeRatio=4 -XX:AdaptiveSizePolicyWeight=90 -Dsun.zip.disableMemoryMapping=true -Xmx1G -Xms100m -Xlog:disable -javaagent:c:\Users\Jaywant\.vscode\extensions\redhat.java-1.41.1-win32-x64\lombok\lombok-1.18.36.jar -XX:+HeapDumpOnOutOfMemoryError -XX:HeapDumpPath=c:\Users\Jaywant\AppData\Roaming\Code\User\workspaceStorage\cc623adeb21d3940532c846187689d28\redhat.java -Daether.dependencyCollector.impl=bf c:\Users\Jaywant\.vscode\extensions\redhat.java-1.41.1-win32-x64\server\plugins\org.eclipse.equinox.launcher_1.7.0.v20250331-1702.jar -configuration c:\Users\Jaywant\AppData\Roaming\Code\User\globalStorage\redhat.java\1.41.1\config_win -data c:\Users\Jaywant\AppData\Roaming\Code\User\workspaceStorage\cc623adeb21d3940532c846187689d28\redhat.java\jdt_ws --pipe=\\.\pipe\lsp-b88aa7567607cee592603b3a5c3af887-sock

Host: AMD Ryzen 5 5600H with Radeon Graphics         , 12 cores, 7G,  Windows 11 , 64 bit Build 26100 (10.0.26100.3912)
Time: Wed May  7 13:03:45 2025 India Standard Time elapsed time: 9.428248 seconds (0d 0h 0m 9s)

---------------  T H R E A D  ---------------

Current thread (0x0000023efd537dc0):  JavaThread "C2 CompilerThread1" daemon [_thread_in_native, id=7284, stack(0x0000007f38800000,0x0000007f38900000) (1024K)]


Current CompileTask:
C2:9428 6511   !   4       org.eclipse.osgi.internal.loader.classpath.ClasspathManager::findLocalClass (210 bytes)

Stack: [0x0000007f38800000,0x0000007f38900000]
Native frames: (J=compiled Java code, j=interpreted, Vv=VM code, C=native code)
V  [jvm.dll+0x6cdee9]
V  [jvm.dll+0x8a83d1]
V  [jvm.dll+0x8aa8fe]
V  [jvm.dll+0x8aafe3]
V  [jvm.dll+0x27f706]
V  [jvm.dll+0xc500d]
V  [jvm.dll+0xc5543]
V  [jvm.dll+0x3b6752]
V  [jvm.dll+0x382935]
V  [jvm.dll+0x381d9a]
V  [jvm.dll+0x2479f0]
V  [jvm.dll+0x246fcf]
V  [jvm.dll+0x1c75ee]
V  [jvm.dll+0x25685a]
V  [jvm.dll+0x254dfa]
V  [jvm.dll+0x3f0256]
V  [jvm.dll+0x851f8b]
V  [jvm.dll+0x6cc5ed]
C  [ucrtbase.dll+0x37b0]
C  [KERNEL32.DLL+0x2e8d7]
C  [ntdll.dll+0x9c5dc]


---------------  P R O C E S S  ---------------

Threads class SMR info:
_java_thread_list=0x0000023efea7e040, length=46, elements={
0x0000023eeffef350, 0x0000023ef5bee6e0, 0x0000023ef0096590, 0x0000023ef00985b0,
0x0000023ef0099200, 0x0000023ef009c160, 0x0000023ef009cbb0, 0x0000023ef009f9f0,
0x0000023ef70b5660, 0x0000023ef005c3c0, 0x0000023ef739c590, 0x0000023efd290630,
0x0000023efd0f4270, 0x0000023ef85f9b40, 0x0000023efd2a71b0, 0x0000023efd571270,
0x0000023efd5f8670, 0x0000023efd537dc0, 0x0000023efd4ae320, 0x0000023efd4b03f0,
0x0000023efd4ae9b0, 0x0000023efd4af6d0, 0x0000023efd4af040, 0x0000023efd4ad600,
0x0000023efd4afd60, 0x0000023effb78cf0, 0x0000023effb79a10, 0x0000023effb79380,
0x0000023effb7a0a0, 0x0000023effb7a730, 0x0000023effb772b0, 0x0000023effb7adc0,
0x0000023effb77940, 0x0000023effb7b450, 0x0000023effb77fd0, 0x0000023effb7bae0,
0x0000023effb78660, 0x0000023effb7e240, 0x0000023effb7dbb0, 0x0000023effb7c170,
0x0000023effb7e8d0, 0x0000023effb7c800, 0x0000023effb7d520, 0x0000023efeb10fa0,
0x0000023efeb10280, 0x0000023efd7426c0
}

Java Threads: ( => current thread )
  0x0000023eeffef350 JavaThread "main"                              [_thread_blocked, id=19976, stack(0x0000007f36a00000,0x0000007f36b00000) (1024K)]
  0x0000023ef5bee6e0 JavaThread "Reference Handler"          daemon [_thread_blocked, id=14016, stack(0x0000007f36e00000,0x0000007f36f00000) (1024K)]
  0x0000023ef0096590 JavaThread "Finalizer"                  daemon [_thread_blocked, id=24928, stack(0x0000007f36f00000,0x0000007f37000000) (1024K)]
  0x0000023ef00985b0 JavaThread "Signal Dispatcher"          daemon [_thread_blocked, id=21480, stack(0x0000007f37000000,0x0000007f37100000) (1024K)]
  0x0000023ef0099200 JavaThread "Attach Listener"            daemon [_thread_blocked, id=11224, stack(0x0000007f37100000,0x0000007f37200000) (1024K)]
  0x0000023ef009c160 JavaThread "Service Thread"             daemon [_thread_blocked, id=19680, stack(0x0000007f37200000,0x0000007f37300000) (1024K)]
  0x0000023ef009cbb0 JavaThread "Monitor Deflation Thread"   daemon [_thread_blocked, id=18620, stack(0x0000007f37300000,0x0000007f37400000) (1024K)]
  0x0000023ef009f9f0 JavaThread "C2 CompilerThread0"         daemon [_thread_in_native, id=21472, stack(0x0000007f37400000,0x0000007f37500000) (1024K)]
  0x0000023ef70b5660 JavaThread "C1 CompilerThread0"         daemon [_thread_in_native, id=12576, stack(0x0000007f37500000,0x0000007f37600000) (1024K)]
  0x0000023ef005c3c0 JavaThread "Common-Cleaner"             daemon [_thread_blocked, id=19700, stack(0x0000007f37600000,0x0000007f37700000) (1024K)]
  0x0000023ef739c590 JavaThread "Notification Thread"        daemon [_thread_blocked, id=23732, stack(0x0000007f37800000,0x0000007f37900000) (1024K)]
  0x0000023efd290630 JavaThread "Active Thread: Equinox Container: 45cb05c9-e6b2-4c6c-897e-3cdfcae73e5d"        [_thread_blocked, id=11444, stack(0x0000007f38000000,0x0000007f38100000) (1024K)]
  0x0000023efd0f4270 JavaThread "Refresh Thread: Equinox Container: 45cb05c9-e6b2-4c6c-897e-3cdfcae73e5d" daemon [_thread_blocked, id=20344, stack(0x0000007f37900000,0x0000007f37a00000) (1024K)]
  0x0000023ef85f9b40 JavaThread "Framework Event Dispatcher: Equinox Container: 45cb05c9-e6b2-4c6c-897e-3cdfcae73e5d" daemon [_thread_blocked, id=25036, stack(0x0000007f38200000,0x0000007f38300000) (1024K)]
  0x0000023efd2a71b0 JavaThread "Start Level: Equinox Container: 45cb05c9-e6b2-4c6c-897e-3cdfcae73e5d" daemon [_thread_blocked, id=7272, stack(0x0000007f38300000,0x0000007f38400000) (1024K)]
  0x0000023efd571270 JavaThread "Bundle File Closer"         daemon [_thread_blocked, id=1388, stack(0x0000007f38400000,0x0000007f38500000) (1024K)]
  0x0000023efd5f8670 JavaThread "SCR Component Actor"        daemon [_thread_blocked, id=8568, stack(0x0000007f38700000,0x0000007f38800000) (1024K)]
=>0x0000023efd537dc0 JavaThread "C2 CompilerThread1"         daemon [_thread_in_native, id=7284, stack(0x0000007f38800000,0x0000007f38900000) (1024K)]
  0x0000023efd4ae320 JavaThread "Worker-JM"                         [_thread_blocked, id=17424, stack(0x0000007f38900000,0x0000007f38a00000) (1024K)]
  0x0000023efd4b03f0 JavaThread "JNA Cleaner"                daemon [_thread_blocked, id=7444, stack(0x0000007f38a00000,0x0000007f38b00000) (1024K)]
  0x0000023efd4ae9b0 JavaThread "Worker-0"                          [_thread_blocked, id=26548, stack(0x0000007f38b00000,0x0000007f38c00000) (1024K)]
  0x0000023efd4af6d0 JavaThread "Worker-1: Repository registry initialization"        [_thread_in_Java, id=15144, stack(0x0000007f38c00000,0x0000007f38d00000) (1024K)]
  0x0000023efd4af040 JavaThread "Worker-2"                          [_thread_blocked, id=22932, stack(0x0000007f38d00000,0x0000007f38e00000) (1024K)]
  0x0000023efd4ad600 JavaThread "Java indexing"              daemon [_thread_in_vm, id=14968, stack(0x0000007f38e00000,0x0000007f38f00000) (1024K)]
  0x0000023efd4afd60 JavaThread "Worker-3: Java indexing... "        [_thread_blocked, id=13556, stack(0x0000007f38f00000,0x0000007f39000000) (1024K)]
  0x0000023effb78cf0 JavaThread "Worker-4"                          [_thread_blocked, id=18636, stack(0x0000007f39000000,0x0000007f39100000) (1024K)]
  0x0000023effb79a10 JavaThread "Worker-5: Building"                [_thread_in_vm, id=17900, stack(0x0000007f39300000,0x0000007f39400000) (1024K)]
  0x0000023effb79380 JavaThread "Worker-6"                          [_thread_blocked, id=10056, stack(0x0000007f39400000,0x0000007f39500000) (1024K)]
  0x0000023effb7a0a0 JavaThread "Thread-2"                   daemon [_thread_in_native, id=12940, stack(0x0000007f39500000,0x0000007f39600000) (1024K)]
  0x0000023effb7a730 JavaThread "Thread-3"                   daemon [_thread_in_native, id=26080, stack(0x0000007f39600000,0x0000007f39700000) (1024K)]
  0x0000023effb772b0 JavaThread "Thread-4"                   daemon [_thread_in_native, id=23632, stack(0x0000007f39700000,0x0000007f39800000) (1024K)]
  0x0000023effb7adc0 JavaThread "Thread-5"                   daemon [_thread_in_native, id=11020, stack(0x0000007f39800000,0x0000007f39900000) (1024K)]
  0x0000023effb77940 JavaThread "Thread-6"                   daemon [_thread_in_native, id=25080, stack(0x0000007f39900000,0x0000007f39a00000) (1024K)]
  0x0000023effb7b450 JavaThread "Thread-7"                   daemon [_thread_in_native, id=14800, stack(0x0000007f39a00000,0x0000007f39b00000) (1024K)]
  0x0000023effb77fd0 JavaThread "Thread-8"                   daemon [_thread_in_native, id=20000, stack(0x0000007f39b00000,0x0000007f39c00000) (1024K)]
  0x0000023effb7bae0 JavaThread "Thread-9"                   daemon [_thread_in_native, id=16584, stack(0x0000007f39c00000,0x0000007f39d00000) (1024K)]
  0x0000023effb78660 JavaThread "Thread-10"                  daemon [_thread_in_native, id=25296, stack(0x0000007f39d00000,0x0000007f39e00000) (1024K)]
  0x0000023effb7e240 JavaThread "Thread-11"                  daemon [_thread_in_native, id=25720, stack(0x0000007f39e00000,0x0000007f39f00000) (1024K)]
  0x0000023effb7dbb0 JavaThread "Thread-12"                  daemon [_thread_in_native, id=23660, stack(0x0000007f39f00000,0x0000007f3a000000) (1024K)]
  0x0000023effb7c170 JavaThread "Thread-13"                  daemon [_thread_in_native, id=5084, stack(0x0000007f3a000000,0x0000007f3a100000) (1024K)]
  0x0000023effb7e8d0 JavaThread "Thread-14"                  daemon [_thread_in_native, id=26596, stack(0x0000007f3a100000,0x0000007f3a200000) (1024K)]
  0x0000023effb7c800 JavaThread "pool-2-thread-1"                   [_thread_blocked, id=15024, stack(0x0000007f3a200000,0x0000007f3a300000) (1024K)]
  0x0000023effb7d520 JavaThread "WorkspaceEventsHandler"            [_thread_blocked, id=19956, stack(0x0000007f3a300000,0x0000007f3a400000) (1024K)]
  0x0000023efeb10fa0 JavaThread "pool-1-thread-1"                   [_thread_in_vm, id=21652, stack(0x0000007f3a400000,0x0000007f3a500000) (1024K)]
  0x0000023efeb10280 JavaThread "Worker-7"                          [_thread_blocked, id=26432, stack(0x0000007f3a500000,0x0000007f3a600000) (1024K)]
  0x0000023efd7426c0 JavaThread "C2 CompilerThread2"         daemon [_thread_in_native, id=25644, stack(0x0000007f37700000,0x0000007f37800000) (1024K)]
Total: 46

Other Threads:
  0x0000023ef5bd4190 VMThread "VM Thread"                           [id=26264, stack(0x0000007f36d00000,0x0000007f36e00000) (1024K)]
  0x0000023ef5acca00 WatcherThread "VM Periodic Task Thread"        [id=18380, stack(0x0000007f36c00000,0x0000007f36d00000) (1024K)]
  0x0000023ef000d5b0 WorkerThread "GC Thread#0"                     [id=8276, stack(0x0000007f36b00000,0x0000007f36c00000) (1024K)]
  0x0000023ef855ed40 WorkerThread "GC Thread#1"                     [id=5260, stack(0x0000007f37a00000,0x0000007f37b00000) (1024K)]
  0x0000023ef84141a0 WorkerThread "GC Thread#2"                     [id=4880, stack(0x0000007f37b00000,0x0000007f37c00000) (1024K)]
  0x0000023ef8414540 WorkerThread "GC Thread#3"                     [id=10816, stack(0x0000007f37c00000,0x0000007f37d00000) (1024K)]
  0x0000023ef840e910 WorkerThread "GC Thread#4"                     [id=7316, stack(0x0000007f37d00000,0x0000007f37e00000) (1024K)]
  0x0000023ef840ecb0 WorkerThread "GC Thread#5"                     [id=19872, stack(0x0000007f37e00000,0x0000007f37f00000) (1024K)]
  0x0000023ef840f050 WorkerThread "GC Thread#6"                     [id=25208, stack(0x0000007f37f00000,0x0000007f38000000) (1024K)]
  0x0000023ef85f09c0 WorkerThread "GC Thread#7"                     [id=7448, stack(0x0000007f38100000,0x0000007f38200000) (1024K)]
  0x0000023efd6caf30 WorkerThread "GC Thread#8"                     [id=26276, stack(0x0000007f38500000,0x0000007f38600000) (1024K)]
  0x0000023efd6cc890 WorkerThread "GC Thread#9"                     [id=7464, stack(0x0000007f38600000,0x0000007f38700000) (1024K)]
Total: 12

Threads with active compile tasks:
C2 CompilerThread0  9458 6799       4       java.lang.Integer::parseInt (7 bytes)
C2 CompilerThread1  9458 6511   !   4       org.eclipse.osgi.internal.loader.classpath.ClasspathManager::findLocalClass (210 bytes)
C2 CompilerThread2  9458 6776 %     4       java.util.Properties::loadConvert @ 8 (540 bytes)
Total: 3

VM state: not at safepoint (normal execution)

VM Mutex/Monitor currently owned by a thread: None

Heap address: 0x00000000c0000000, size: 1024 MB, Compressed Oops mode: 32-bit

CDS archive(s) mapped at: [0x0000023e8f000000-0x0000023e8fba0000-0x0000023e8fba0000), size 12189696, SharedBaseAddress: 0x0000023e8f000000, ArchiveRelocationMode: 1.
Compressed class space mapped at: 0x0000023e90000000-0x0000023ed0000000, reserved size: 1073741824
Narrow klass base: 0x0000023e8f000000, Narrow klass shift: 0, Narrow klass range: 0x100000000

GC Precious Log:
 CardTable entry size: 512
 CPUs: 12 total, 12 available
 Memory: 7521M
 Large Page Support: Disabled
 NUMA Support: Disabled
 Compressed Oops: Enabled (32-bit)
 Alignments: Space 512K, Generation 512K, Heap 2M
 Heap Min Capacity: 100M
 Heap Initial Capacity: 100M
 Heap Max Capacity: 1G
 Pre-touch: Disabled
 Parallel Workers: 10

Heap:
 PSYoungGen      total 21504K, used 18190K [0x00000000eab00000, 0x00000000ec200000, 0x0000000100000000)
  eden space 19456K, 84% used [0x00000000eab00000,0x00000000ebb18320,0x00000000ebe00000)
  from space 2048K, 83% used [0x00000000ec000000,0x00000000ec1ab530,0x00000000ec200000)
  to   space 2048K, 0% used [0x00000000ebe00000,0x00000000ebe00000,0x00000000ec000000)
 ParOldGen       total 68608K, used 35249K [0x00000000c0000000, 0x00000000c4300000, 0x00000000eab00000)
  object space 68608K, 51% used [0x00000000c0000000,0x00000000c226c7a0,0x00000000c4300000)
 Metaspace       used 46002K, committed 47232K, reserved 1114112K
  class space    used 4811K, committed 5376K, reserved 1048576K

Card table byte_map: [0x0000023ef3480000,0x0000023ef3690000] _byte_map_base: 0x0000023ef2e80000

Marking Bits: (ParMarkBitMap*) 0x00007ff8a5d93260
 Begin Bits: [0x0000023ef37f0000, 0x0000023ef47f0000)
 End Bits:   [0x0000023ef47f0000, 0x0000023ef57f0000)

Polling page: 0x0000023eee7f0000

Metaspace:

Usage:
  Non-class:     40.23 MB used.
      Class:      4.70 MB used.
       Both:     44.92 MB used.

Virtual space:
  Non-class space:       64.00 MB reserved,      40.88 MB ( 64%) committed,  1 nodes.
      Class space:        1.00 GB reserved,       5.25 MB ( <1%) committed,  1 nodes.
             Both:        1.06 GB reserved,      46.12 MB (  4%) committed. 

Chunk freelists:
   Non-Class:  6.33 MB
       Class:  10.78 MB
        Both:  17.11 MB

MaxMetaspaceSize: unlimited
CompressedClassSpaceSize: 1.00 GB
Initial GC threshold: 21.00 MB
Current GC threshold: 58.38 MB
CDS: on
 - commit_granule_bytes: 65536.
 - commit_granule_words: 8192.
 - virtual_space_node_default_size: 8388608.
 - enlarge_chunks_in_place: 1.
 - use_allocation_guard: 0.


Internal statistics:

num_allocs_failed_limit: 8.
num_arena_births: 966.
num_arena_deaths: 14.
num_vsnodes_births: 2.
num_vsnodes_deaths: 0.
num_space_committed: 738.
num_space_uncommitted: 0.
num_chunks_returned_to_freelist: 22.
num_chunks_taken_from_freelist: 3135.
num_chunk_merges: 14.
num_chunk_splits: 1899.
num_chunks_enlarged: 985.
num_inconsistent_stats: 0.

CodeHeap 'non-profiled nmethods': size=120000Kb used=2753Kb max_used=2753Kb free=117247Kb
 bounds [0x0000023e87ad0000, 0x0000023e87d90000, 0x0000023e8f000000]
CodeHeap 'profiled nmethods': size=120000Kb used=11922Kb max_used=11922Kb free=108077Kb
 bounds [0x0000023e80000000, 0x0000023e80bb0000, 0x0000023e87530000]
CodeHeap 'non-nmethods': size=5760Kb used=1376Kb max_used=1417Kb free=4383Kb
 bounds [0x0000023e87530000, 0x0000023e877a0000, 0x0000023e87ad0000]
 total_blobs=6843 nmethods=6164 adapters=585
 compilation: enabled
              stopped_count=0, restarted_count=0
 full_count=0

Compilation events (20 events):
Event: 8.403 Thread 0x0000023ef70b5660 nmethod 6775 0x0000023e87d7c390 code [0x0000023e87d7c520, 0x0000023e87d7c5e8]
Event: 8.404 Thread 0x0000023ef70b5660 6779       3       com.google.inject.internal.aop.ImmutableStringTrie::buildSubTrie (336 bytes)
Event: 8.406 Thread 0x0000023ef70b5660 nmethod 6779 0x0000023e80b94e90 code [0x0000023e80b951c0, 0x0000023e80b964d8]
Event: 8.406 Thread 0x0000023ef70b5660 6780 %     3       com.google.inject.internal.aop.ImmutableStringTrie::nextPivotColumn @ 17 (55 bytes)
Event: 8.407 Thread 0x0000023ef70b5660 nmethod 6780% 0x0000023e80b96f90 code [0x0000023e80b971e0, 0x0000023e80b97b10]
Event: 8.407 Thread 0x0000023ef70b5660 6787       3       com.google.inject.internal.asm.$ByteVector::put12 (64 bytes)
Event: 8.407 Thread 0x0000023ef70b5660 nmethod 6787 0x0000023e80b97f90 code [0x0000023e80b98140, 0x0000023e80b98370]
Event: 8.407 Thread 0x0000023ef70b5660 6785       3       com.google.gson.internal.bind.JsonTreeReader::peekStack (12 bytes)
Event: 8.407 Thread 0x0000023ef70b5660 nmethod 6785 0x0000023e80b98510 code [0x0000023e80b986c0, 0x0000023e80b987f8]
Event: 8.407 Thread 0x0000023ef70b5660 6786       3       com.google.gson.internal.bind.JsonTreeReader::peek (230 bytes)
Event: 8.408 Thread 0x0000023ef70b5660 nmethod 6786 0x0000023e80b98910 code [0x0000023e80b98d20, 0x0000023e80b9aa00]
Event: 8.408 Thread 0x0000023ef70b5660 6791       3       com.google.gson.internal.LinkedTreeMap$LinkedTreeMapIterator::hasNext (20 bytes)
Event: 8.409 Thread 0x0000023ef70b5660 nmethod 6791 0x0000023e80b9b010 code [0x0000023e80b9b1c0, 0x0000023e80b9b330]
Event: 8.409 Thread 0x0000023ef70b5660 6788       1       com.google.gson.internal.LinkedTreeMap$Node::getKey (5 bytes)
Event: 8.409 Thread 0x0000023ef70b5660 nmethod 6788 0x0000023e87d7c690 code [0x0000023e87d7c820, 0x0000023e87d7c8e8]
Event: 8.409 Thread 0x0000023ef70b5660 6789       1       com.google.gson.internal.LinkedTreeMap$Node::getValue (5 bytes)
Event: 8.409 Thread 0x0000023ef70b5660 nmethod 6789 0x0000023e87d7c990 code [0x0000023e87d7cb20, 0x0000023e87d7cbe8]
Event: 8.409 Thread 0x0000023ef70b5660 6792       3       com.google.gson.JsonPrimitive::isString (8 bytes)
Event: 8.409 Thread 0x0000023ef70b5660 nmethod 6792 0x0000023e80b9b410 code [0x0000023e80b9b5c0, 0x0000023e80b9b7c8]
Event: 8.409 Thread 0x0000023ef70b5660 6782       3       com.google.inject.internal.asm.$ByteVector::<init> (13 bytes)

GC Heap History (20 events):
Event: 6.313 GC heap before
{Heap before GC invocations=17 (full 2):
 PSYoungGen      total 22528K, used 22016K [0x00000000eab00000, 0x00000000ec600000, 0x0000000100000000)
  eden space 22016K, 100% used [0x00000000eab00000,0x00000000ec080000,0x00000000ec080000)
  from space 512K, 0% used [0x00000000ec580000,0x00000000ec580000,0x00000000ec600000)
  to   space 1024K, 0% used [0x00000000ec400000,0x00000000ec400000,0x00000000ec500000)
 ParOldGen       total 68608K, used 18984K [0x00000000c0000000, 0x00000000c4300000, 0x00000000eab00000)
  object space 68608K, 27% used [0x00000000c0000000,0x00000000c128a018,0x00000000c4300000)
 Metaspace       used 35088K, committed 36288K, reserved 1114112K
  class space    used 3502K, committed 4032K, reserved 1048576K
}
Event: 6.316 GC heap after
{Heap after GC invocations=17 (full 2):
 PSYoungGen      total 23040K, used 1001K [0x00000000eab00000, 0x00000000ec680000, 0x0000000100000000)
  eden space 22016K, 0% used [0x00000000eab00000,0x00000000eab00000,0x00000000ec080000)
  from space 1024K, 97% used [0x00000000ec400000,0x00000000ec4fa590,0x00000000ec500000)
  to   space 1536K, 0% used [0x00000000ec500000,0x00000000ec500000,0x00000000ec680000)
 ParOldGen       total 68608K, used 20273K [0x00000000c0000000, 0x00000000c4300000, 0x00000000eab00000)
  object space 68608K, 29% used [0x00000000c0000000,0x00000000c13cc6f8,0x00000000c4300000)
 Metaspace       used 35088K, committed 36288K, reserved 1114112K
  class space    used 3502K, committed 4032K, reserved 1048576K
}
Event: 6.422 GC heap before
{Heap before GC invocations=18 (full 2):
 PSYoungGen      total 23040K, used 23017K [0x00000000eab00000, 0x00000000ec680000, 0x0000000100000000)
  eden space 22016K, 100% used [0x00000000eab00000,0x00000000ec080000,0x00000000ec080000)
  from space 1024K, 97% used [0x00000000ec400000,0x00000000ec4fa590,0x00000000ec500000)
  to   space 1536K, 0% used [0x00000000ec500000,0x00000000ec500000,0x00000000ec680000)
 ParOldGen       total 68608K, used 20273K [0x00000000c0000000, 0x00000000c4300000, 0x00000000eab00000)
  object space 68608K, 29% used [0x00000000c0000000,0x00000000c13cc6f8,0x00000000c4300000)
 Metaspace       used 36294K, committed 37440K, reserved 1114112K
  class space    used 3664K, committed 4160K, reserved 1048576K
}
Event: 6.424 GC heap after
{Heap after GC invocations=18 (full 2):
 PSYoungGen      total 23552K, used 1521K [0x00000000eab00000, 0x00000000ec680000, 0x0000000100000000)
  eden space 22016K, 0% used [0x00000000eab00000,0x00000000eab00000,0x00000000ec080000)
  from space 1536K, 99% used [0x00000000ec500000,0x00000000ec67c400,0x00000000ec680000)
  to   space 3072K, 0% used [0x00000000ec080000,0x00000000ec080000,0x00000000ec380000)
 ParOldGen       total 68608K, used 21452K [0x00000000c0000000, 0x00000000c4300000, 0x00000000eab00000)
  object space 68608K, 31% used [0x00000000c0000000,0x00000000c14f3088,0x00000000c4300000)
 Metaspace       used 36294K, committed 37440K, reserved 1114112K
  class space    used 3664K, committed 4160K, reserved 1048576K
}
Event: 6.505 GC heap before
{Heap before GC invocations=19 (full 2):
 PSYoungGen      total 23552K, used 23537K [0x00000000eab00000, 0x00000000ec680000, 0x0000000100000000)
  eden space 22016K, 100% used [0x00000000eab00000,0x00000000ec080000,0x00000000ec080000)
  from space 1536K, 99% used [0x00000000ec500000,0x00000000ec67c400,0x00000000ec680000)
  to   space 3072K, 0% used [0x00000000ec080000,0x00000000ec080000,0x00000000ec380000)
 ParOldGen       total 68608K, used 21452K [0x00000000c0000000, 0x00000000c4300000, 0x00000000eab00000)
  object space 68608K, 31% used [0x00000000c0000000,0x00000000c14f3088,0x00000000c4300000)
 Metaspace       used 36770K, committed 37888K, reserved 1114112K
  class space    used 3727K, committed 4224K, reserved 1048576K
}
Event: 6.509 GC heap after
{Heap after GC invocations=19 (full 2):
 PSYoungGen      total 24576K, used 2319K [0x00000000eab00000, 0x00000000ec580000, 0x0000000100000000)
  eden space 22016K, 0% used [0x00000000eab00000,0x00000000eab00000,0x00000000ec080000)
  from space 2560K, 90% used [0x00000000ec080000,0x00000000ec2c3d10,0x00000000ec300000)
  to   space 2560K, 0% used [0x00000000ec300000,0x00000000ec300000,0x00000000ec580000)
 ParOldGen       total 68608K, used 22855K [0x00000000c0000000, 0x00000000c4300000, 0x00000000eab00000)
  object space 68608K, 33% used [0x00000000c0000000,0x00000000c1651d70,0x00000000c4300000)
 Metaspace       used 36770K, committed 37888K, reserved 1114112K
  class space    used 3727K, committed 4224K, reserved 1048576K
}
Event: 6.562 GC heap before
{Heap before GC invocations=20 (full 2):
 PSYoungGen      total 24576K, used 24179K [0x00000000eab00000, 0x00000000ec580000, 0x0000000100000000)
  eden space 22016K, 99% used [0x00000000eab00000,0x00000000ec0591b0,0x00000000ec080000)
  from space 2560K, 90% used [0x00000000ec080000,0x00000000ec2c3d10,0x00000000ec300000)
  to   space 2560K, 0% used [0x00000000ec300000,0x00000000ec300000,0x00000000ec580000)
 ParOldGen       total 68608K, used 22855K [0x00000000c0000000, 0x00000000c4300000, 0x00000000eab00000)
  object space 68608K, 33% used [0x00000000c0000000,0x00000000c1651d70,0x00000000c4300000)
 Metaspace       used 37684K, committed 38848K, reserved 1114112K
  class space    used 3828K, committed 4352K, reserved 1048576K
}
Event: 6.566 GC heap after
{Heap after GC invocations=20 (full 2):
 PSYoungGen      total 22016K, used 2536K [0x00000000eab00000, 0x00000000eca80000, 0x0000000100000000)
  eden space 19456K, 0% used [0x00000000eab00000,0x00000000eab00000,0x00000000ebe00000)
  from space 2560K, 99% used [0x00000000ec300000,0x00000000ec57a020,0x00000000ec580000)
  to   space 5120K, 0% used [0x00000000ebe00000,0x00000000ebe00000,0x00000000ec300000)
 ParOldGen       total 68608K, used 25019K [0x00000000c0000000, 0x00000000c4300000, 0x00000000eab00000)
  object space 68608K, 36% used [0x00000000c0000000,0x00000000c186ee50,0x00000000c4300000)
 Metaspace       used 37684K, committed 38848K, reserved 1114112K
  class space    used 3828K, committed 4352K, reserved 1048576K
}
Event: 6.619 GC heap before
{Heap before GC invocations=21 (full 2):
 PSYoungGen      total 22016K, used 21992K [0x00000000eab00000, 0x00000000eca80000, 0x0000000100000000)
  eden space 19456K, 100% used [0x00000000eab00000,0x00000000ebe00000,0x00000000ebe00000)
  from space 2560K, 99% used [0x00000000ec300000,0x00000000ec57a020,0x00000000ec580000)
  to   space 5120K, 0% used [0x00000000ebe00000,0x00000000ebe00000,0x00000000ec300000)
 ParOldGen       total 68608K, used 25019K [0x00000000c0000000, 0x00000000c4300000, 0x00000000eab00000)
  object space 68608K, 36% used [0x00000000c0000000,0x00000000c186ee50,0x00000000c4300000)
 Metaspace       used 38643K, committed 39808K, reserved 1114112K
  class space    used 3931K, committed 4416K, reserved 1048576K
}
Event: 6.622 GC heap after
{Heap after GC invocations=21 (full 2):
 PSYoungGen      total 21504K, used 1848K [0x00000000eab00000, 0x00000000ec400000, 0x0000000100000000)
  eden space 19456K, 0% used [0x00000000eab00000,0x00000000eab00000,0x00000000ebe00000)
  from space 2048K, 90% used [0x00000000ebe00000,0x00000000ebfce0d8,0x00000000ec000000)
  to   space 3072K, 0% used [0x00000000ec100000,0x00000000ec100000,0x00000000ec400000)
 ParOldGen       total 68608K, used 27329K [0x00000000c0000000, 0x00000000c4300000, 0x00000000eab00000)
  object space 68608K, 39% used [0x00000000c0000000,0x00000000c1ab07a8,0x00000000c4300000)
 Metaspace       used 38643K, committed 39808K, reserved 1114112K
  class space    used 3931K, committed 4416K, reserved 1048576K
}
Event: 6.681 GC heap before
{Heap before GC invocations=22 (full 2):
 PSYoungGen      total 21504K, used 21304K [0x00000000eab00000, 0x00000000ec400000, 0x0000000100000000)
  eden space 19456K, 100% used [0x00000000eab00000,0x00000000ebe00000,0x00000000ebe00000)
  from space 2048K, 90% used [0x00000000ebe00000,0x00000000ebfce0d8,0x00000000ec000000)
  to   space 3072K, 0% used [0x00000000ec100000,0x00000000ec100000,0x00000000ec400000)
 ParOldGen       total 68608K, used 27329K [0x00000000c0000000, 0x00000000c4300000, 0x00000000eab00000)
  object space 68608K, 39% used [0x00000000c0000000,0x00000000c1ab07a8,0x00000000c4300000)
 Metaspace       used 39543K, committed 40768K, reserved 1114112K
  class space    used 4050K, committed 4544K, reserved 1048576K
}
Event: 6.684 GC heap after
{Heap after GC invocations=22 (full 2):
 PSYoungGen      total 21504K, used 1952K [0x00000000eab00000, 0x00000000ec300000, 0x0000000100000000)
  eden space 19456K, 0% used [0x00000000eab00000,0x00000000eab00000,0x00000000ebe00000)
  from space 2048K, 95% used [0x00000000ec100000,0x00000000ec2e8010,0x00000000ec300000)
  to   space 2560K, 0% used [0x00000000ebe00000,0x00000000ebe00000,0x00000000ec080000)
 ParOldGen       total 68608K, used 28906K [0x00000000c0000000, 0x00000000c4300000, 0x00000000eab00000)
  object space 68608K, 42% used [0x00000000c0000000,0x00000000c1c3a880,0x00000000c4300000)
 Metaspace       used 39543K, committed 40768K, reserved 1114112K
  class space    used 4050K, committed 4544K, reserved 1048576K
}
Event: 6.750 GC heap before
{Heap before GC invocations=23 (full 2):
 PSYoungGen      total 21504K, used 21408K [0x00000000eab00000, 0x00000000ec300000, 0x0000000100000000)
  eden space 19456K, 100% used [0x00000000eab00000,0x00000000ebe00000,0x00000000ebe00000)
  from space 2048K, 95% used [0x00000000ec100000,0x00000000ec2e8010,0x00000000ec300000)
  to   space 2560K, 0% used [0x00000000ebe00000,0x00000000ebe00000,0x00000000ec080000)
 ParOldGen       total 68608K, used 28906K [0x00000000c0000000, 0x00000000c4300000, 0x00000000eab00000)
  object space 68608K, 42% used [0x00000000c0000000,0x00000000c1c3a880,0x00000000c4300000)
 Metaspace       used 40290K, committed 41536K, reserved 1114112K
  class space    used 4138K, committed 4672K, reserved 1048576K
}
Event: 6.753 GC heap after
{Heap after GC invocations=23 (full 2):
 PSYoungGen      total 22016K, used 2264K [0x00000000eab00000, 0x00000000ec300000, 0x0000000100000000)
  eden space 19456K, 0% used [0x00000000eab00000,0x00000000eab00000,0x00000000ebe00000)
  from space 2560K, 88% used [0x00000000ebe00000,0x00000000ec036200,0x00000000ec080000)
  to   space 2560K, 0% used [0x00000000ec080000,0x00000000ec080000,0x00000000ec300000)
 ParOldGen       total 68608K, used 30706K [0x00000000c0000000, 0x00000000c4300000, 0x00000000eab00000)
  object space 68608K, 44% used [0x00000000c0000000,0x00000000c1dfc890,0x00000000c4300000)
 Metaspace       used 40290K, committed 41536K, reserved 1114112K
  class space    used 4138K, committed 4672K, reserved 1048576K
}
Event: 6.826 GC heap before
{Heap before GC invocations=24 (full 2):
 PSYoungGen      total 22016K, used 21720K [0x00000000eab00000, 0x00000000ec300000, 0x0000000100000000)
  eden space 19456K, 100% used [0x00000000eab00000,0x00000000ebe00000,0x00000000ebe00000)
  from space 2560K, 88% used [0x00000000ebe00000,0x00000000ec036200,0x00000000ec080000)
  to   space 2560K, 0% used [0x00000000ec080000,0x00000000ec080000,0x00000000ec300000)
 ParOldGen       total 68608K, used 30706K [0x00000000c0000000, 0x00000000c4300000, 0x00000000eab00000)
  object space 68608K, 44% used [0x00000000c0000000,0x00000000c1dfc890,0x00000000c4300000)
 Metaspace       used 41142K, committed 42368K, reserved 1114112K
  class space    used 4251K, committed 4736K, reserved 1048576K
}
Event: 6.829 GC heap after
{Heap after GC invocations=24 (full 2):
 PSYoungGen      total 20992K, used 1536K [0x00000000eab00000, 0x00000000ec200000, 0x0000000100000000)
  eden space 19456K, 0% used [0x00000000eab00000,0x00000000eab00000,0x00000000ebe00000)
  from space 1536K, 100% used [0x00000000ec080000,0x00000000ec200000,0x00000000ec200000)
  to   space 2048K, 0% used [0x00000000ebe00000,0x00000000ebe00000,0x00000000ec000000)
 ParOldGen       total 68608K, used 32794K [0x00000000c0000000, 0x00000000c4300000, 0x00000000eab00000)
  object space 68608K, 47% used [0x00000000c0000000,0x00000000c2006a90,0x00000000c4300000)
 Metaspace       used 41142K, committed 42368K, reserved 1114112K
  class space    used 4251K, committed 4736K, reserved 1048576K
}
Event: 7.085 GC heap before
{Heap before GC invocations=25 (full 2):
 PSYoungGen      total 20992K, used 20992K [0x00000000eab00000, 0x00000000ec200000, 0x0000000100000000)
  eden space 19456K, 100% used [0x00000000eab00000,0x00000000ebe00000,0x00000000ebe00000)
  from space 1536K, 100% used [0x00000000ec080000,0x00000000ec200000,0x00000000ec200000)
  to   space 2048K, 0% used [0x00000000ebe00000,0x00000000ebe00000,0x00000000ec000000)
 ParOldGen       total 68608K, used 32794K [0x00000000c0000000, 0x00000000c4300000, 0x00000000eab00000)
  object space 68608K, 47% used [0x00000000c0000000,0x00000000c2006a90,0x00000000c4300000)
 Metaspace       used 42898K, committed 44160K, reserved 1114112K
  class space    used 4455K, committed 4992K, reserved 1048576K
}
Event: 7.088 GC heap after
{Heap after GC invocations=25 (full 2):
 PSYoungGen      total 21504K, used 1504K [0x00000000eab00000, 0x00000000ec200000, 0x0000000100000000)
  eden space 19456K, 0% used [0x00000000eab00000,0x00000000eab00000,0x00000000ebe00000)
  from space 2048K, 73% used [0x00000000ebe00000,0x00000000ebf78020,0x00000000ec000000)
  to   space 2048K, 0% used [0x00000000ec000000,0x00000000ec000000,0x00000000ec200000)
 ParOldGen       total 68608K, used 34194K [0x00000000c0000000, 0x00000000c4300000, 0x00000000eab00000)
  object space 68608K, 49% used [0x00000000c0000000,0x00000000c2164a90,0x00000000c4300000)
 Metaspace       used 42898K, committed 44160K, reserved 1114112K
  class space    used 4455K, committed 4992K, reserved 1048576K
}
Event: 7.754 GC heap before
{Heap before GC invocations=26 (full 2):
 PSYoungGen      total 21504K, used 20960K [0x00000000eab00000, 0x00000000ec200000, 0x0000000100000000)
  eden space 19456K, 100% used [0x00000000eab00000,0x00000000ebe00000,0x00000000ebe00000)
  from space 2048K, 73% used [0x00000000ebe00000,0x00000000ebf78020,0x00000000ec000000)
  to   space 2048K, 0% used [0x00000000ec000000,0x00000000ec000000,0x00000000ec200000)
 ParOldGen       total 68608K, used 34194K [0x00000000c0000000, 0x00000000c4300000, 0x00000000eab00000)
  object space 68608K, 49% used [0x00000000c0000000,0x00000000c2164a90,0x00000000c4300000)
 Metaspace       used 44210K, committed 45440K, reserved 1114112K
  class space    used 4601K, committed 5120K, reserved 1048576K
}
Event: 7.757 GC heap after
{Heap after GC invocations=26 (full 2):
 PSYoungGen      total 21504K, used 1709K [0x00000000eab00000, 0x00000000ec200000, 0x0000000100000000)
  eden space 19456K, 0% used [0x00000000eab00000,0x00000000eab00000,0x00000000ebe00000)
  from space 2048K, 83% used [0x00000000ec000000,0x00000000ec1ab530,0x00000000ec200000)
  to   space 2048K, 0% used [0x00000000ebe00000,0x00000000ebe00000,0x00000000ec000000)
 ParOldGen       total 68608K, used 35249K [0x00000000c0000000, 0x00000000c4300000, 0x00000000eab00000)
  object space 68608K, 51% used [0x00000000c0000000,0x00000000c226c7a0,0x00000000c4300000)
 Metaspace       used 44210K, committed 45440K, reserved 1114112K
  class space    used 4601K, committed 5120K, reserved 1048576K
}

Dll operation events (10 events):
Event: 0.017 Loaded shared library c:\Users\Jaywant\.vscode\extensions\redhat.java-1.41.1-win32-x64\jre\21.0.6-win32-x86_64\bin\java.dll
Event: 0.146 Loaded shared library c:\Users\Jaywant\.vscode\extensions\redhat.java-1.41.1-win32-x64\jre\21.0.6-win32-x86_64\bin\zip.dll
Event: 0.173 Loaded shared library C:\Users\Jaywant\.vscode\extensions\redhat.java-1.41.1-win32-x64\jre\21.0.6-win32-x86_64\bin\instrument.dll
Event: 0.179 Loaded shared library C:\Users\Jaywant\.vscode\extensions\redhat.java-1.41.1-win32-x64\jre\21.0.6-win32-x86_64\bin\net.dll
Event: 0.182 Loaded shared library C:\Users\Jaywant\.vscode\extensions\redhat.java-1.41.1-win32-x64\jre\21.0.6-win32-x86_64\bin\nio.dll
Event: 0.186 Loaded shared library C:\Users\Jaywant\.vscode\extensions\redhat.java-1.41.1-win32-x64\jre\21.0.6-win32-x86_64\bin\zip.dll
Event: 0.207 Loaded shared library C:\Users\Jaywant\.vscode\extensions\redhat.java-1.41.1-win32-x64\jre\21.0.6-win32-x86_64\bin\jimage.dll
Event: 0.285 Loaded shared library c:\Users\Jaywant\.vscode\extensions\redhat.java-1.41.1-win32-x64\jre\21.0.6-win32-x86_64\bin\verify.dll
Event: 1.879 Loaded shared library C:\Users\Jaywant\AppData\Roaming\Code\User\globalStorage\redhat.java\1.41.1\config_win\org.eclipse.equinox.launcher\org.eclipse.equinox.launcher.win32.win32.x86_64_1.2.1300.v20250331-1702\eclipse_11911.dll
Event: 3.691 Loaded shared library C:\Users\Jaywant\AppData\Local\Temp\jna--151788782\jna7885008208806650481.dll

Deoptimization events (20 events):
Event: 7.699 Thread 0x0000023efd4af6d0 Uncommon trap: trap_request=0xffffffde fr.pc=0x0000023e87d064e8 relative=0x00000000000006c8
Event: 7.699 Thread 0x0000023efd4af6d0 Uncommon trap: reason=class_check action=maybe_recompile pc=0x0000023e87d064e8 method=java.util.TreeMap.put(Ljava/lang/Object;Ljava/lang/Object;Z)Ljava/lang/Object; @ 118 c2
Event: 7.699 Thread 0x0000023efd4af6d0 DEOPT PACKING pc=0x0000023e87d064e8 sp=0x0000007f38cfdd50
Event: 7.699 Thread 0x0000023efd4af6d0 DEOPT UNPACKING pc=0x0000023e87583aa2 sp=0x0000007f38cfdcd0 mode 2
Event: 7.699 Thread 0x0000023efd4af6d0 Uncommon trap: trap_request=0xffffffde fr.pc=0x0000023e87d064e8 relative=0x00000000000006c8
Event: 7.699 Thread 0x0000023efd4af6d0 Uncommon trap: reason=class_check action=maybe_recompile pc=0x0000023e87d064e8 method=java.util.TreeMap.put(Ljava/lang/Object;Ljava/lang/Object;Z)Ljava/lang/Object; @ 118 c2
Event: 7.699 Thread 0x0000023efd4af6d0 DEOPT PACKING pc=0x0000023e87d064e8 sp=0x0000007f38cfdd50
Event: 7.699 Thread 0x0000023efd4af6d0 DEOPT UNPACKING pc=0x0000023e87583aa2 sp=0x0000007f38cfdcd0 mode 2
Event: 7.770 Thread 0x0000023efd4af6d0 Uncommon trap: trap_request=0xffffff45 fr.pc=0x0000023e87c1a484 relative=0x00000000000002a4
Event: 7.770 Thread 0x0000023efd4af6d0 Uncommon trap: reason=unstable_if action=reinterpret pc=0x0000023e87c1a484 method=java.lang.ClassLoader.checkName(Ljava/lang/String;)Z @ 1 c2
Event: 7.770 Thread 0x0000023efd4af6d0 DEOPT PACKING pc=0x0000023e87c1a484 sp=0x0000007f38cfdb10
Event: 7.770 Thread 0x0000023efd4af6d0 DEOPT UNPACKING pc=0x0000023e87583aa2 sp=0x0000007f38cfdaa8 mode 2
Event: 7.770 Thread 0x0000023efd4af6d0 Uncommon trap: trap_request=0xffffff45 fr.pc=0x0000023e87b87608 relative=0x0000000000000f48
Event: 7.770 Thread 0x0000023efd4af6d0 Uncommon trap: reason=unstable_if action=reinterpret pc=0x0000023e87b87608 method=lombok.patcher.ScriptManager$OurClassFileTransformer.transform(Ljava/lang/ClassLoader;Ljava/lang/String;Ljava/lang/Class;Ljava/security/ProtectionDomain;[B)[B @ 1 c2
Event: 7.770 Thread 0x0000023efd4af6d0 DEOPT PACKING pc=0x0000023e87b87608 sp=0x0000007f38cfc670
Event: 7.770 Thread 0x0000023efd4af6d0 DEOPT UNPACKING pc=0x0000023e87583aa2 sp=0x0000007f38cfc608 mode 2
Event: 7.772 Thread 0x0000023effb78cf0 DEOPT PACKING pc=0x0000023e801fe189 sp=0x0000007f390fe7c0
Event: 7.772 Thread 0x0000023effb78cf0 DEOPT UNPACKING pc=0x0000023e87584242 sp=0x0000007f390fdcb8 mode 0
Event: 8.153 Thread 0x0000023efd4af6d0 DEOPT PACKING pc=0x0000023e80b3bb85 sp=0x0000007f38cfd480
Event: 8.153 Thread 0x0000023efd4af6d0 DEOPT UNPACKING pc=0x0000023e87584242 sp=0x0000007f38cfc980 mode 0

Classes loaded (20 events):
Event: 6.954 Loading class sun/util/locale/provider/CalendarNameProviderImpl$LengthBasedComparator
Event: 6.954 Loading class sun/util/locale/provider/CalendarNameProviderImpl$LengthBasedComparator done
Event: 6.961 Loading class jdk/internal/event/ThreadSleepEvent
Event: 6.968 Loading class jdk/internal/event/ThreadSleepEvent done
Event: 6.968 Loading class sun/nio/ch/PendingFuture
Event: 6.968 Loading class sun/nio/ch/PendingFuture done
Event: 6.968 Loading class sun/nio/ch/WindowsAsynchronousFileChannelImpl$ReadTask
Event: 6.969 Loading class sun/nio/ch/Iocp$ResultHandler
Event: 6.969 Loading class sun/nio/ch/Iocp$ResultHandler done
Event: 6.969 Loading class sun/nio/ch/WindowsAsynchronousFileChannelImpl$ReadTask done
Event: 7.033 Loading class java/time/format/DateTimeParseContext
Event: 7.033 Loading class java/time/format/DateTimeParseContext done
Event: 7.036 Loading class java/time/format/Parsed
Event: 7.037 Loading class java/time/format/Parsed done
Event: 7.226 Loading class java/util/WeakHashMap$KeyIterator
Event: 7.226 Loading class java/util/WeakHashMap$KeyIterator done
Event: 7.254 Loading class sun/nio/ch/WindowsAsynchronousFileChannelImpl$WriteTask
Event: 7.257 Loading class sun/nio/ch/WindowsAsynchronousFileChannelImpl$WriteTask done
Event: 7.513 Loading class java/lang/ExceptionInInitializerError
Event: 7.513 Loading class java/lang/ExceptionInInitializerError done

Classes unloaded (7 events):
Event: 4.305 Thread 0x0000023ef5bd4190 Unloading class 0x0000023e90198c00 'java/lang/invoke/LambdaForm$MH+0x0000023e90198c00'
Event: 4.305 Thread 0x0000023ef5bd4190 Unloading class 0x0000023e90198800 'java/lang/invoke/LambdaForm$MH+0x0000023e90198800'
Event: 4.305 Thread 0x0000023ef5bd4190 Unloading class 0x0000023e90198400 'java/lang/invoke/LambdaForm$MH+0x0000023e90198400'
Event: 4.305 Thread 0x0000023ef5bd4190 Unloading class 0x0000023e90198000 'java/lang/invoke/LambdaForm$MH+0x0000023e90198000'
Event: 4.305 Thread 0x0000023ef5bd4190 Unloading class 0x0000023e90197c00 'java/lang/invoke/LambdaForm$BMH+0x0000023e90197c00'
Event: 4.305 Thread 0x0000023ef5bd4190 Unloading class 0x0000023e90197800 'java/lang/invoke/LambdaForm$DMH+0x0000023e90197800'
Event: 4.305 Thread 0x0000023ef5bd4190 Unloading class 0x0000023e90196400 'java/lang/invoke/LambdaForm$DMH+0x0000023e90196400'

Classes redefined (0 events):
No events

Internal exceptions (20 events):
Event: 6.913 Thread 0x0000023eeffef350 Exception <a 'java/lang/NoSuchMethodError'{0x00000000eb3bc308}: 'void java.lang.invoke.DirectMethodHandle$Holder.invokeSpecial(java.lang.Object, java.lang.Object, java.lang.Object, java.lang.Object, java.lang.Object, java.lang.Object)'> (0x00000000eb3bc308) 
thrown [s\src\hotspot\share\interpreter\linkResolver.cpp, line 773]
Event: 6.914 Thread 0x0000023eeffef350 Exception <a 'java/lang/IncompatibleClassChangeError'{0x00000000eb3c45e8}: Found class java.lang.Object, but interface was expected> (0x00000000eb3c45e8) 
thrown [s\src\hotspot\share\interpreter\linkResolver.cpp, line 840]
Event: 6.916 Thread 0x0000023efd4ae9b0 Exception <a 'java/io/FileNotFoundException'{0x00000000eb17e5e0}> (0x00000000eb17e5e0) 
thrown [s\src\hotspot\share\prims\jni.cpp, line 520]
Event: 6.924 Thread 0x0000023eeffef350 Exception <a 'java/lang/IncompatibleClassChangeError'{0x00000000eb3ca798}: Found class java.lang.Object, but interface was expected> (0x00000000eb3ca798) 
thrown [s\src\hotspot\share\interpreter\linkResolver.cpp, line 840]
Event: 7.124 Thread 0x0000023efd4ae9b0 Exception <a 'sun/nio/fs/WindowsException'{0x00000000eae76790}> (0x00000000eae76790) 
thrown [s\src\hotspot\share\prims\jni.cpp, line 520]
Event: 7.124 Thread 0x0000023efd4ae9b0 Exception <a 'sun/nio/fs/WindowsException'{0x00000000eae77070}> (0x00000000eae77070) 
thrown [s\src\hotspot\share\prims\jni.cpp, line 520]
Event: 7.204 Thread 0x0000023eeffef350 Implicit null exception at 0x0000023e87cabb3a to 0x0000023e87cabb74
Event: 7.230 Thread 0x0000023efd4ae9b0 Exception <a 'java/io/FileNotFoundException'{0x00000000eb562048}> (0x00000000eb562048) 
thrown [s\src\hotspot\share\prims\jni.cpp, line 520]
Event: 7.230 Thread 0x0000023efd4ae9b0 Exception <a 'java/io/FileNotFoundException'{0x00000000eb563060}> (0x00000000eb563060) 
thrown [s\src\hotspot\share\prims\jni.cpp, line 520]
Event: 7.231 Thread 0x0000023efd4ae9b0 Exception <a 'java/io/FileNotFoundException'{0x00000000eb563dc8}> (0x00000000eb563dc8) 
thrown [s\src\hotspot\share\prims\jni.cpp, line 520]
Event: 7.648 Thread 0x0000023efd4af6d0 Exception <a 'java/lang/ExceptionInInitializerError'{0x00000000ebaeae40}> (0x00000000ebaeae40) 
thrown [s\src\hotspot\share\oops\instanceKlass.cpp, line 1220]
Event: 7.679 Thread 0x0000023effb79a10 Exception <a 'java/lang/NoSuchMethodError'{0x00000000ebb210f0}: 'int java.lang.invoke.DirectMethodHandle$Holder.invokeStatic(java.lang.Object)'> (0x00000000ebb210f0) 
thrown [s\src\hotspot\share\interpreter\linkResolver.cpp, line 773]
Event: 7.770 Thread 0x0000023efd4af6d0 Implicit null exception at 0x0000023e87c1a1fe to 0x0000023e87c1a470
Event: 7.770 Thread 0x0000023efd4af6d0 Implicit null exception at 0x0000023e87b8671c to 0x0000023e87b875f8
Event: 7.773 Thread 0x0000023efd4af6d0 Exception <a 'java/lang/NoSuchMethodError'{0x00000000eacbc690}: 'java.lang.Object java.lang.invoke.Invokers$Holder.invokeExact_MT(java.lang.Object, int, java.lang.Object)'> (0x00000000eacbc690) 
thrown [s\src\hotspot\share\interpreter\linkResolver.cpp, line 773]
Event: 7.830 Thread 0x0000023effb79a10 Exception <a 'java/io/FileNotFoundException'{0x00000000eaf407a8}> (0x00000000eaf407a8) 
thrown [s\src\hotspot\share\prims\jni.cpp, line 520]
Event: 7.830 Thread 0x0000023effb79a10 Exception <a 'java/io/FileNotFoundException'{0x00000000eaf417b0}> (0x00000000eaf417b0) 
thrown [s\src\hotspot\share\prims\jni.cpp, line 520]
Event: 7.832 Thread 0x0000023effb79a10 Exception <a 'java/io/FileNotFoundException'{0x00000000eaf7ceb8}> (0x00000000eaf7ceb8) 
thrown [s\src\hotspot\share\prims\jni.cpp, line 520]
Event: 7.832 Thread 0x0000023effb79a10 Exception <a 'java/io/FileNotFoundException'{0x00000000eaf803f8}> (0x00000000eaf803f8) 
thrown [s\src\hotspot\share\prims\jni.cpp, line 520]
Event: 7.832 Thread 0x0000023effb79a10 Exception <a 'java/io/FileNotFoundException'{0x00000000eaf81420}> (0x00000000eaf81420) 
thrown [s\src\hotspot\share\prims\jni.cpp, line 520]

ZGC Phase Switch (0 events):
No events

VM Operations (20 events):
Event: 6.622 Executing VM operation: ParallelGCFailedAllocation (Allocation Failure) done
Event: 6.681 Executing VM operation: ParallelGCFailedAllocation (Allocation Failure)
Event: 6.684 Executing VM operation: ParallelGCFailedAllocation (Allocation Failure) done
Event: 6.749 Executing VM operation: ParallelGCFailedAllocation (Allocation Failure)
Event: 6.753 Executing VM operation: ParallelGCFailedAllocation (Allocation Failure) done
Event: 6.804 Executing VM operation: HandshakeAllThreads (Deoptimize)
Event: 6.805 Executing VM operation: HandshakeAllThreads (Deoptimize) done
Event: 6.826 Executing VM operation: ParallelGCFailedAllocation (Allocation Failure)
Event: 6.829 Executing VM operation: ParallelGCFailedAllocation (Allocation Failure) done
Event: 7.085 Executing VM operation: ParallelGCFailedAllocation (Allocation Failure)
Event: 7.088 Executing VM operation: ParallelGCFailedAllocation (Allocation Failure) done
Event: 7.699 Executing VM operation: HandshakeAllThreads (Deoptimize)
Event: 7.722 Executing VM operation: HandshakeAllThreads (Deoptimize) done
Event: 7.732 Executing VM operation: ParallelGCFailedAllocation (Allocation Failure)
Event: 7.757 Executing VM operation: ParallelGCFailedAllocation (Allocation Failure) done
Event: 7.852 Executing VM operation: HandshakeAllThreads (Deoptimize)
Event: 7.855 Executing VM operation: HandshakeAllThreads (Deoptimize) done
Event: 8.387 Executing VM operation: HandshakeAllThreads (Deoptimize)
Event: 8.401 Executing VM operation: HandshakeAllThreads (Deoptimize) done
Event: 9.410 Executing VM operation: Cleanup

Memory protections (0 events):
No events

Nmethod flushes (20 events):
Event: 6.207 Thread 0x0000023ef5bd4190 flushing  nmethod 0x0000023e806c9810
Event: 6.207 Thread 0x0000023ef5bd4190 flushing  nmethod 0x0000023e806caa10
Event: 6.207 Thread 0x0000023ef5bd4190 flushing  nmethod 0x0000023e806cb210
Event: 6.207 Thread 0x0000023ef5bd4190 flushing  nmethod 0x0000023e806cc310
Event: 6.207 Thread 0x0000023ef5bd4190 flushing  nmethod 0x0000023e806ccc10
Event: 6.207 Thread 0x0000023ef5bd4190 flushing  nmethod 0x0000023e806ce110
Event: 6.207 Thread 0x0000023ef5bd4190 flushing  nmethod 0x0000023e806cf610
Event: 6.207 Thread 0x0000023ef5bd4190 flushing  nmethod 0x0000023e806d0010
Event: 6.207 Thread 0x0000023ef5bd4190 flushing  nmethod 0x0000023e806d0310
Event: 6.207 Thread 0x0000023ef5bd4190 flushing  nmethod 0x0000023e80716190
Event: 6.207 Thread 0x0000023ef5bd4190 flushing  nmethod 0x0000023e80718c10
Event: 6.207 Thread 0x0000023ef5bd4190 flushing  nmethod 0x0000023e80718f10
Event: 6.207 Thread 0x0000023ef5bd4190 flushing  nmethod 0x0000023e8075cb10
Event: 6.207 Thread 0x0000023ef5bd4190 flushing  nmethod 0x0000023e807ac890
Event: 6.207 Thread 0x0000023ef5bd4190 flushing  nmethod 0x0000023e807acd10
Event: 6.207 Thread 0x0000023ef5bd4190 flushing  nmethod 0x0000023e807adc90
Event: 6.207 Thread 0x0000023ef5bd4190 flushing  nmethod 0x0000023e807af710
Event: 6.207 Thread 0x0000023ef5bd4190 flushing  nmethod 0x0000023e807b2710
Event: 6.207 Thread 0x0000023ef5bd4190 flushing  nmethod 0x0000023e807ca090
Event: 6.207 Thread 0x0000023ef5bd4190 flushing  nmethod 0x0000023e807e7310

Events (20 events):
Event: 6.610 Thread 0x0000023eeffef350 Thread added: 0x0000023effb7a0a0
Event: 6.611 Thread 0x0000023eeffef350 Thread added: 0x0000023effb7a730
Event: 6.611 Thread 0x0000023eeffef350 Thread added: 0x0000023effb772b0
Event: 6.611 Thread 0x0000023eeffef350 Thread added: 0x0000023effb7adc0
Event: 6.611 Thread 0x0000023eeffef350 Thread added: 0x0000023effb77940
Event: 6.611 Thread 0x0000023eeffef350 Thread added: 0x0000023effb7b450
Event: 6.622 Thread 0x0000023eeffef350 Thread added: 0x0000023effb77fd0
Event: 6.622 Thread 0x0000023eeffef350 Thread added: 0x0000023effb7bae0
Event: 6.622 Thread 0x0000023eeffef350 Thread added: 0x0000023effb78660
Event: 6.622 Thread 0x0000023eeffef350 Thread added: 0x0000023effb7e240
Event: 6.622 Thread 0x0000023eeffef350 Thread added: 0x0000023effb7dbb0
Event: 6.622 Thread 0x0000023eeffef350 Thread added: 0x0000023effb7c170
Event: 6.623 Thread 0x0000023eeffef350 Thread added: 0x0000023effb7e8d0
Event: 6.672 Thread 0x0000023eeffef350 Thread added: 0x0000023effb7c800
Event: 6.949 Thread 0x0000023eeffef350 Thread added: 0x0000023effb7d520
Event: 6.949 Thread 0x0000023eeffef350 Thread added: 0x0000023efeb10fa0
Event: 7.395 Thread 0x0000023efd4ae9b0 Thread added: 0x0000023efeb10280
Event: 8.015 Thread 0x0000023ef009f9f0 Thread added: 0x0000023efd741920
Event: 8.315 Thread 0x0000023efd741920 Thread exited: 0x0000023efd741920
Event: 9.379 Thread 0x0000023efd4adc90 Thread exited: 0x0000023efd4adc90


Dynamic libraries:
0x00007ff63dab0000 - 0x00007ff63dabe000 	c:\Users\Jaywant\.vscode\extensions\redhat.java-1.41.1-win32-x64\jre\21.0.6-win32-x86_64\bin\java.exe
0x00007ff9267c0000 - 0x00007ff926a26000 	C:\WINDOWS\SYSTEM32\ntdll.dll
0x00007ff925210000 - 0x00007ff9252d9000 	C:\WINDOWS\System32\KERNEL32.DLL
0x00007ff924110000 - 0x00007ff9244dc000 	C:\WINDOWS\System32\KERNELBASE.dll
0x00007ff923c00000 - 0x00007ff923d4b000 	C:\WINDOWS\System32\ucrtbase.dll
0x00007ff916650000 - 0x00007ff91666e000 	c:\Users\Jaywant\.vscode\extensions\redhat.java-1.41.1-win32-x64\jre\21.0.6-win32-x86_64\bin\VCRUNTIME140.dll
0x00007ff91d060000 - 0x00007ff91d078000 	c:\Users\Jaywant\.vscode\extensions\redhat.java-1.41.1-win32-x64\jre\21.0.6-win32-x86_64\bin\jli.dll
0x00007ff924a00000 - 0x00007ff924bca000 	C:\WINDOWS\System32\USER32.dll
0x00007ff923a00000 - 0x00007ff923a27000 	C:\WINDOWS\System32\win32u.dll
0x00007ff925d70000 - 0x00007ff925d9b000 	C:\WINDOWS\System32\GDI32.dll
0x00007ff923ac0000 - 0x00007ff923bf2000 	C:\WINDOWS\System32\gdi32full.dll
0x00007ff923950000 - 0x00007ff9239f3000 	C:\WINDOWS\System32\msvcp_win.dll
0x00007ff90ccd0000 - 0x00007ff90cf6a000 	C:\WINDOWS\WinSxS\amd64_microsoft.windows.common-controls_6595b64144ccf1df_6.0.26100.3912_none_3e07963ce335137e\COMCTL32.dll
0x00007ff9264f0000 - 0x00007ff926599000 	C:\WINDOWS\System32\msvcrt.dll
0x00007ff924610000 - 0x00007ff924640000 	C:\WINDOWS\System32\IMM32.DLL
0x00007ff920920000 - 0x00007ff92092c000 	c:\Users\Jaywant\.vscode\extensions\redhat.java-1.41.1-win32-x64\jre\21.0.6-win32-x86_64\bin\vcruntime140_1.dll
0x00007ff8f9f30000 - 0x00007ff8f9fbd000 	c:\Users\Jaywant\.vscode\extensions\redhat.java-1.41.1-win32-x64\jre\21.0.6-win32-x86_64\bin\msvcp140.dll
0x00007ff8a50e0000 - 0x00007ff8a5e70000 	c:\Users\Jaywant\.vscode\extensions\redhat.java-1.41.1-win32-x64\jre\21.0.6-win32-x86_64\bin\server\jvm.dll
0x00007ff924bd0000 - 0x00007ff924c82000 	C:\WINDOWS\System32\ADVAPI32.dll
0x00007ff9266c0000 - 0x00007ff926766000 	C:\WINDOWS\System32\sechost.dll
0x00007ff9265a0000 - 0x00007ff9266b6000 	C:\WINDOWS\System32\RPCRT4.dll
0x00007ff924980000 - 0x00007ff9249f4000 	C:\WINDOWS\System32\WS2_32.dll
0x00007ff9237c0000 - 0x00007ff92381e000 	C:\WINDOWS\SYSTEM32\POWRPROF.dll
0x00007ff91aec0000 - 0x00007ff91aef6000 	C:\WINDOWS\SYSTEM32\WINMM.dll
0x00007ff91af00000 - 0x00007ff91af0b000 	C:\WINDOWS\SYSTEM32\VERSION.dll
0x00007ff9237a0000 - 0x00007ff9237b4000 	C:\WINDOWS\SYSTEM32\UMPDC.dll
0x00007ff922710000 - 0x00007ff92272a000 	C:\WINDOWS\SYSTEM32\kernel.appcore.dll
0x00007ff910ee0000 - 0x00007ff910eea000 	c:\Users\Jaywant\.vscode\extensions\redhat.java-1.41.1-win32-x64\jre\21.0.6-win32-x86_64\bin\jimage.dll
0x00007ff917c80000 - 0x00007ff917ec1000 	C:\WINDOWS\SYSTEM32\DBGHELP.DLL
0x00007ff9259e0000 - 0x00007ff925d64000 	C:\WINDOWS\System32\combase.dll
0x00007ff925790000 - 0x00007ff925870000 	C:\WINDOWS\System32\OLEAUT32.dll
0x00007ff90f0e0000 - 0x00007ff90f119000 	C:\WINDOWS\SYSTEM32\dbgcore.DLL
0x00007ff9244e0000 - 0x00007ff924579000 	C:\WINDOWS\System32\bcryptPrimitives.dll
0x00007ff910ed0000 - 0x00007ff910edf000 	c:\Users\Jaywant\.vscode\extensions\redhat.java-1.41.1-win32-x64\jre\21.0.6-win32-x86_64\bin\instrument.dll
0x00007ff8f9f10000 - 0x00007ff8f9f2f000 	c:\Users\Jaywant\.vscode\extensions\redhat.java-1.41.1-win32-x64\jre\21.0.6-win32-x86_64\bin\java.dll
0x00007ff925da0000 - 0x00007ff9264cd000 	C:\WINDOWS\System32\SHELL32.dll
0x00007ff923ed0000 - 0x00007ff924044000 	C:\WINDOWS\System32\wintypes.dll
0x00007ff9215b0000 - 0x00007ff921e06000 	C:\WINDOWS\SYSTEM32\windows.storage.dll
0x00007ff925490000 - 0x00007ff92557f000 	C:\WINDOWS\System32\SHCORE.dll
0x00007ff9251a0000 - 0x00007ff925209000 	C:\WINDOWS\System32\shlwapi.dll
0x00007ff923860000 - 0x00007ff92388f000 	C:\WINDOWS\SYSTEM32\profapi.dll
0x00007ff8f9ef0000 - 0x00007ff8f9f08000 	c:\Users\Jaywant\.vscode\extensions\redhat.java-1.41.1-win32-x64\jre\21.0.6-win32-x86_64\bin\zip.dll
0x00007ff910760000 - 0x00007ff910770000 	C:\Users\Jaywant\.vscode\extensions\redhat.java-1.41.1-win32-x64\jre\21.0.6-win32-x86_64\bin\net.dll
0x00007ff91c270000 - 0x00007ff91c38e000 	C:\WINDOWS\SYSTEM32\WINHTTP.dll
0x00007ff922c80000 - 0x00007ff922cea000 	C:\WINDOWS\system32\mswsock.dll
0x00007ff8f79e0000 - 0x00007ff8f79f6000 	C:\Users\Jaywant\.vscode\extensions\redhat.java-1.41.1-win32-x64\jre\21.0.6-win32-x86_64\bin\nio.dll
0x00007ff910580000 - 0x00007ff910590000 	c:\Users\Jaywant\.vscode\extensions\redhat.java-1.41.1-win32-x64\jre\21.0.6-win32-x86_64\bin\verify.dll
0x00007ff8d9230000 - 0x00007ff8d9275000 	C:\Users\Jaywant\AppData\Roaming\Code\User\globalStorage\redhat.java\1.41.1\config_win\org.eclipse.equinox.launcher\org.eclipse.equinox.launcher.win32.win32.x86_64_1.2.1300.v20250331-1702\eclipse_11911.dll
0x00007ff9255e0000 - 0x00007ff92577f000 	C:\WINDOWS\System32\ole32.dll
0x00007ff922f20000 - 0x00007ff922f3c000 	C:\WINDOWS\SYSTEM32\CRYPTSP.dll
0x00007ff922650000 - 0x00007ff92268a000 	C:\WINDOWS\system32\rsaenh.dll
0x00007ff922d20000 - 0x00007ff922d4b000 	C:\WINDOWS\SYSTEM32\USERENV.dll
0x00007ff923830000 - 0x00007ff923856000 	C:\WINDOWS\SYSTEM32\bcrypt.dll
0x00007ff922f40000 - 0x00007ff922f4c000 	C:\WINDOWS\SYSTEM32\CRYPTBASE.dll
0x00007ff922100000 - 0x00007ff922133000 	C:\WINDOWS\SYSTEM32\IPHLPAPI.DLL
0x00007ff9264e0000 - 0x00007ff9264ea000 	C:\WINDOWS\System32\NSI.dll
0x00007ff900e70000 - 0x00007ff900eb9000 	C:\Users\Jaywant\AppData\Local\Temp\jna--151788782\jna7885008208806650481.dll
0x00007ff925450000 - 0x00007ff925458000 	C:\WINDOWS\System32\PSAPI.DLL
0x00007ff91b700000 - 0x00007ff91b71f000 	C:\WINDOWS\SYSTEM32\dhcpcsvc6.DLL
0x00007ff91b6d0000 - 0x00007ff91b6f5000 	C:\WINDOWS\SYSTEM32\dhcpcsvc.DLL

dbghelp: loaded successfully - version: 4.0.5 - missing functions: none
symbol engine: initialized successfully - sym options: 0x614 - pdb path: .;c:\Users\Jaywant\.vscode\extensions\redhat.java-1.41.1-win32-x64\jre\21.0.6-win32-x86_64\bin;C:\WINDOWS\SYSTEM32;C:\WINDOWS\WinSxS\amd64_microsoft.windows.common-controls_6595b64144ccf1df_6.0.26100.3912_none_3e07963ce335137e;c:\Users\Jaywant\.vscode\extensions\redhat.java-1.41.1-win32-x64\jre\21.0.6-win32-x86_64\bin\server;C:\Users\Jaywant\AppData\Roaming\Code\User\globalStorage\redhat.java\1.41.1\config_win\org.eclipse.equinox.launcher\org.eclipse.equinox.launcher.win32.win32.x86_64_1.2.1300.v20250331-1702;C:\Users\Jaywant\AppData\Local\Temp\jna--151788782

VM Arguments:
jvm_args: --add-modules=ALL-SYSTEM --add-opens=java.base/java.util=ALL-UNNAMED --add-opens=java.base/java.lang=ALL-UNNAMED --add-opens=java.base/sun.nio.fs=ALL-UNNAMED -Declipse.application=org.eclipse.jdt.ls.core.id1 -Dosgi.bundles.defaultStartLevel=4 -Declipse.product=org.eclipse.jdt.ls.core.product -Djava.import.generatesMetadataFilesAtProjectRoot=false -DDetectVMInstallationsJob.disabled=true -Dfile.encoding=utf8 -XX:+UseParallelGC -XX:GCTimeRatio=4 -XX:AdaptiveSizePolicyWeight=90 -Dsun.zip.disableMemoryMapping=true -Xmx1G -Xms100m -Xlog:disable -javaagent:c:\Users\Jaywant\.vscode\extensions\redhat.java-1.41.1-win32-x64\lombok\lombok-1.18.36.jar -XX:+HeapDumpOnOutOfMemoryError -XX:HeapDumpPath=c:\Users\Jaywant\AppData\Roaming\Code\User\workspaceStorage\cc623adeb21d3940532c846187689d28\redhat.java -Daether.dependencyCollector.impl=bf 
java_command: c:\Users\Jaywant\.vscode\extensions\redhat.java-1.41.1-win32-x64\server\plugins\org.eclipse.equinox.launcher_1.7.0.v20250331-1702.jar -configuration c:\Users\Jaywant\AppData\Roaming\Code\User\globalStorage\redhat.java\1.41.1\config_win -data c:\Users\Jaywant\AppData\Roaming\Code\User\workspaceStorage\cc623adeb21d3940532c846187689d28\redhat.java\jdt_ws --pipe=\\.\pipe\lsp-b88aa7567607cee592603b3a5c3af887-sock
java_class_path (initial): c:\Users\Jaywant\.vscode\extensions\redhat.java-1.41.1-win32-x64\server\plugins\org.eclipse.equinox.launcher_1.7.0.v20250331-1702.jar
Launcher Type: SUN_STANDARD

[Global flags]
    uintx AdaptiveSizePolicyWeight                 = 90                                        {product} {command line}
     intx CICompilerCount                          = 4                                         {product} {ergonomic}
    uintx GCTimeRatio                              = 4                                         {product} {command line}
     bool HeapDumpOnOutOfMemoryError               = true                                   {manageable} {command line}
    ccstr HeapDumpPath                             = c:\Users\Jaywant\AppData\Roaming\Code\User\workspaceStorage\cc623adeb21d3940532c846187689d28\redhat.java         {manageable} {command line}
   size_t InitialHeapSize                          = 104857600                                 {product} {command line}
   size_t MaxHeapSize                              = 1073741824                                {product} {command line}
   size_t MaxNewSize                               = 357564416                                 {product} {ergonomic}
   size_t MinHeapDeltaBytes                        = 524288                                    {product} {ergonomic}
   size_t MinHeapSize                              = 104857600                                 {product} {command line}
   size_t NewSize                                  = 34603008                                  {product} {ergonomic}
    uintx NonNMethodCodeHeapSize                   = 5839372                                {pd product} {ergonomic}
    uintx NonProfiledCodeHeapSize                  = 122909434                              {pd product} {ergonomic}
   size_t OldSize                                  = 70254592                                  {product} {ergonomic}
    uintx ProfiledCodeHeapSize                     = 122909434                              {pd product} {ergonomic}
    uintx ReservedCodeCacheSize                    = 251658240                              {pd product} {ergonomic}
     bool SegmentedCodeCache                       = true                                      {product} {ergonomic}
   size_t SoftMaxHeapSize                          = 1073741824                             {manageable} {ergonomic}
     bool UseCompressedOops                        = true                           {product lp64_product} {ergonomic}
     bool UseLargePagesIndividualAllocation        = false                                  {pd product} {ergonomic}
     bool UseParallelGC                            = true                                      {product} {command line}

Logging:
Log output configuration:
 #0: stdout all=off uptime,level,tags foldmultilines=false
 #1: stderr all=off uptime,level,tags foldmultilines=false

Environment Variables:
JAVA_HOME=C:\Program Files\Java\jdk-21\
PATH=c:\Users\Jaywant\AppData\Local\Programs\cursor\resources\app\bin;C:\Program Files\Microsoft\jdk-17.0.14.7-hotspot\bin;C:\Program Files\Common Files\Oracle\Java\javapath;C:\WINDOWS\system32;C:\WINDOWS;C:\WINDOWS\System32\Wbem;C:\WINDOWS\System32\WindowsPowerShell\v1.0\;C:\WINDOWS\System32\OpenSSH\;C:\Program Files\nodejs;C:\Program Files\nodejs\;C:\Program Files\MySQL\MySQL Server 8.0\bin;C:\Program Files\Git\cmd;C:\Program Files\Git\bin;C:\Program Files\apache-maven-3.9.9\bin;C:\Program Files\Java\jdk-17\bin;C:\Program Files\Java\jdk-21\bin;C:\Program Files\Git LFS;C:\ProgramData\chocolatey\bin;C:\Users\Jaywant\AppData\Local\Programs\Python\Python313\Scripts\;C:\Users\Jaywant\AppData\Local\Programs\Python\Python313\;C:\Users\Jaywant\AppData\Local\Programs\Python\Launcher\;C:\Program Files\MySQL\MySQL Shell 8.0\bin\;C:\Users\Jaywant\AppData\Local\Microsoft\WindowsApps;C:\Users\Jaywant\AppData\Roaming\npm;C:\Users\Jaywant\AppData\Local\GitHubDesktop\bin;c:\Users\Jaywant\AppData\Local\Programs\cursor\resources\a;C:\platform-tools;C:\Users\Jaywant\AppData\Local\Android\Sdk\platform-tools;C:\Users\Jaywant\AppData\Local\Android\Sdk\emulator;C:\Program Files\dotnet\;C:\Users\Jaywant\AppData\Local\Android\Sdk\platform-tools;C:\Users\Jaywant\AppData\Local\Android\Sdk\tools;C:\Users\Jaywant\AppData\Local\Android\Sdk\platform-tools;C:\Users\Jaywant\AppData\Local\Android\Sdk\tools;C:\Users\Jaywant\AppData\Local\Programs\Python\Python313\Scripts\;C:\Users\Jaywant\AppData\Local\Programs\Python\Python313\;C:\Users\Jaywant\AppData\Local\Programs\Python\Launcher\;C:\Program Files\MySQL\MySQL Shell 8.0\bin\;C:\Users\Jaywant\AppData\Local\Microsoft\WindowsApps;C:\Users\Jaywant\AppData\Roaming\npm;C:\Users\Jaywant\AppData\Local\Programs\Microsoft VS Code\bin;C:\Users\Jaywant\AppData\Local\GitHubDesktop\bin;C:\Users\Jaywant\AppData\Local\Programs\cursor\resources\app\bin
USERNAME=Jaywant
OS=Windows_NT
PROCESSOR_IDENTIFIER=AMD64 Family 25 Model 80 Stepping 0, AuthenticAMD
TMP=C:\Users\Jaywant\AppData\Local\Temp
TEMP=C:\Users\Jaywant\AppData\Local\Temp




Periodic native trim disabled

---------------  S Y S T E M  ---------------

OS:
 Windows 11 , 64 bit Build 26100 (10.0.26100.3912)
OS uptime: 0 days 1:14 hours
Hyper-V role detected

CPU: total 12 (initial active 12) (12 cores per cpu, 2 threads per core) family 25 model 80 stepping 0 microcode 0xa500011, cx8, cmov, fxsr, ht, mmx, 3dnowpref, sse, sse2, sse3, ssse3, sse4a, sse4.1, sse4.2, popcnt, lzcnt, tsc, tscinvbit, avx, avx2, aes, erms, clmul, bmi1, bmi2, adx, sha, fma, vzeroupper, clflush, clflushopt, hv, rdtscp, rdpid, fsrm, f16c, cet_ss
Processor Information for the first 12 processors :
  Max Mhz: 3301, Current Mhz: 3301, Mhz Limit: 3301

Memory: 4k page, system-wide physical 7521M (945M free)
TotalPageFile size 31073M (AvailPageFile size 50M)
current process WorkingSet (physical memory assigned to process): 234M, peak: 234M
current process commit charge ("private bytes"): 310M, peak: 311M

vm_info: OpenJDK 64-Bit Server VM (21.0.6+7-LTS) for windows-amd64 JRE (21.0.6+7-LTS), built on 2025-01-21T00:00:00Z by "admin" with MS VC++ 17.7 (VS2022)

END.
