#
# There is insufficient memory for the Java Runtime Environment to continue.
# Native memory allocation (malloc) failed to allocate 1228016 bytes. Error detail: Chunk::new
# Possible reasons:
#   The system is out of physical RAM or swap space
#   This process is running with CompressedOops enabled, and the Java Heap may be blocking the growth of the native heap
# Possible solutions:
#   Reduce memory load on the system
#   Increase physical memory or swap space
#   Check if swap backing store is full
#   Decrease Java heap size (-Xmx/-Xms)
#   Decrease number of Java threads
#   Decrease Java thread stack sizes (-Xss)
#   Set larger code cache with -XX:ReservedCodeCacheSize=
#   JVM is running with Unscaled Compressed Oops mode in which the Java heap is
#     placed in the first 4GB address space. The Java Heap base address is the
#     maximum limit for the native heap growth. Please use -XX:HeapBaseMinAddress
#     to set the Java Heap base and to place the Java Heap above 4GB virtual address.
# This output file may be truncated or incomplete.
#
#  Out of Memory Error (arena.cpp:168), pid=24752, tid=25616
#
# JRE version: OpenJDK Runtime Environment Temurin-21.0.6+7 (21.0.6+7) (build 21.0.6+7-LTS)
# Java VM: OpenJDK 64-Bit Server VM Temurin-21.0.6+7 (21.0.6+7-LTS, mixed mode, sharing, tiered, compressed oops, compressed class ptrs, parallel gc, windows-amd64)
# No core dump will be written. Minidumps are not enabled by default on client versions of Windows
#

---------------  S U M M A R Y ------------

Command Line: --add-modules=ALL-SYSTEM --add-opens=java.base/java.util=ALL-UNNAMED --add-opens=java.base/java.lang=ALL-UNNAMED --add-opens=java.base/sun.nio.fs=ALL-UNNAMED -Declipse.application=org.eclipse.jdt.ls.core.id1 -Dosgi.bundles.defaultStartLevel=4 -Declipse.product=org.eclipse.jdt.ls.core.product -Djava.import.generatesMetadataFilesAtProjectRoot=false -DDetectVMInstallationsJob.disabled=true -Dfile.encoding=utf8 -XX:+UseParallelGC -XX:GCTimeRatio=4 -XX:AdaptiveSizePolicyWeight=90 -Dsun.zip.disableMemoryMapping=true -Xmx1G -Xms100m -Xlog:disable -javaagent:c:\Users\Jaywant\.cursor\extensions\redhat.java-1.41.1-win32-x64\lombok\lombok-1.18.36.jar -XX:+HeapDumpOnOutOfMemoryError -XX:HeapDumpPath=c:\Users\Jaywant\AppData\Roaming\Cursor\User\workspaceStorage\cc623adeb21d3940532c846187689d28\redhat.java -Daether.dependencyCollector.impl=bf c:\Users\Jaywant\.cursor\extensions\redhat.java-1.41.1-win32-x64\server\plugins\org.eclipse.equinox.launcher_1.7.0.v20250331-1702.jar -configuration c:\Users\Jaywant\AppData\Roaming\Cursor\User\globalStorage\redhat.java\1.41.1\config_win -data c:\Users\Jaywant\AppData\Roaming\Cursor\User\workspaceStorage\cc623adeb21d3940532c846187689d28\redhat.java\jdt_ws --pipe=\\.\pipe\lsp-fb3bbd89154462edc13885491ebfe81c-sock

Host: AMD Ryzen 5 5600H with Radeon Graphics         , 12 cores, 7G,  Windows 11 , 64 bit Build 26100 (10.0.26100.3912)
Time: Wed May  7 13:02:56 2025 India Standard Time elapsed time: 11.219954 seconds (0d 0h 0m 11s)

---------------  T H R E A D  ---------------

Current thread (0x000002ca5dbe7b10):  JavaThread "C2 CompilerThread2" daemon [_thread_in_native, id=25616, stack(0x000000d4cea00000,0x000000d4ceb00000) (1024K)]


Current CompileTask:
C2:11220 6571       4       java.lang.ClassLoader::defineClass (43 bytes)

Stack: [0x000000d4cea00000,0x000000d4ceb00000]
Native frames: (J=compiled Java code, j=interpreted, Vv=VM code, C=native code)
V  [jvm.dll+0x6cdee9]
V  [jvm.dll+0x8a83d1]
V  [jvm.dll+0x8aa8fe]
V  [jvm.dll+0x8aafe3]
V  [jvm.dll+0x27f706]
V  [jvm.dll+0xc500d]
V  [jvm.dll+0xc5543]
V  [jvm.dll+0x3b6752]
V  [jvm.dll+0x382935]
V  [jvm.dll+0x381d9a]
V  [jvm.dll+0x2479f0]
V  [jvm.dll+0x246fcf]
V  [jvm.dll+0x1c75ee]
V  [jvm.dll+0x25685a]
V  [jvm.dll+0x254dfa]
V  [jvm.dll+0x3f0256]
V  [jvm.dll+0x851f8b]
V  [jvm.dll+0x6cc5ed]
C  [ucrtbase.dll+0x37b0]
C  [KERNEL32.DLL+0x2e8d7]
C  [ntdll.dll+0x9c5dc]


---------------  P R O C E S S  ---------------

Threads class SMR info:
_java_thread_list=0x000002ca65bb01b0, length=47, elements={
0x000002ca481d1bf0, 0x000002ca5c5993b0, 0x000002ca4827e820, 0x000002ca5c5a5670,
0x000002ca5c5a80d0, 0x000002ca5c5ac6a0, 0x000002ca5da14ca0, 0x000002ca5da3a100,
0x000002ca5da3b310, 0x000002ca48235f90, 0x000002ca5dd6c0a0, 0x000002ca63858960,
0x000002ca63ba1680, 0x000002ca63c1bfd0, 0x000002ca63c1c630, 0x000002ca63ba0640,
0x000002ca63b4f880, 0x000002ca63c193c0, 0x000002ca63c186a0, 0x000002ca63c18d30,
0x000002ca63c1a0e0, 0x000002ca63c1a770, 0x000002ca63c1ae00, 0x000002ca5dbe7440,
0x000002ca64e8ea30, 0x000002ca64e91820, 0x000002ca64e91190, 0x000002ca64e8e3a0,
0x000002ca64e8fde0, 0x000002ca64e90b00, 0x000002ca64e91eb0, 0x000002ca64e92540,
0x000002ca64e8f0c0, 0x000002ca64e92bd0, 0x000002ca64e8f750, 0x000002ca64e93260,
0x000002ca64e938f0, 0x000002ca64e90470, 0x000002ca64e959c0, 0x000002ca64e94610,
0x000002ca64e94ca0, 0x000002ca5dbe7b10, 0x000002ca64e95330, 0x000002ca64e93f80,
0x000002ca6743b550, 0x000002ca6743dcb0, 0x000002ca6743aec0
}

Java Threads: ( => current thread )
  0x000002ca481d1bf0 JavaThread "main"                              [_thread_blocked, id=26360, stack(0x000000d4cb200000,0x000000d4cb300000) (1024K)]
  0x000002ca5c5993b0 JavaThread "Reference Handler"          daemon [_thread_blocked, id=18664, stack(0x000000d4cb600000,0x000000d4cb700000) (1024K)]
  0x000002ca4827e820 JavaThread "Finalizer"                  daemon [_thread_blocked, id=6156, stack(0x000000d4cb700000,0x000000d4cb800000) (1024K)]
  0x000002ca5c5a5670 JavaThread "Signal Dispatcher"          daemon [_thread_blocked, id=22168, stack(0x000000d4cb800000,0x000000d4cb900000) (1024K)]
  0x000002ca5c5a80d0 JavaThread "Attach Listener"            daemon [_thread_blocked, id=14612, stack(0x000000d4cb900000,0x000000d4cba00000) (1024K)]
  0x000002ca5c5ac6a0 JavaThread "Service Thread"             daemon [_thread_blocked, id=26368, stack(0x000000d4cba00000,0x000000d4cbb00000) (1024K)]
  0x000002ca5da14ca0 JavaThread "Monitor Deflation Thread"   daemon [_thread_blocked, id=25472, stack(0x000000d4cbb00000,0x000000d4cbc00000) (1024K)]
  0x000002ca5da3a100 JavaThread "C2 CompilerThread0"         daemon [_thread_in_native, id=26504, stack(0x000000d4cbc00000,0x000000d4cbd00000) (1024K)]
  0x000002ca5da3b310 JavaThread "C1 CompilerThread0"         daemon [_thread_blocked, id=7688, stack(0x000000d4cbd00000,0x000000d4cbe00000) (1024K)]
  0x000002ca48235f90 JavaThread "Common-Cleaner"             daemon [_thread_blocked, id=24652, stack(0x000000d4cbe00000,0x000000d4cbf00000) (1024K)]
  0x000002ca5dd6c0a0 JavaThread "Notification Thread"        daemon [_thread_blocked, id=19100, stack(0x000000d4cc000000,0x000000d4cc100000) (1024K)]
  0x000002ca63858960 JavaThread "Active Thread: Equinox Container: 01eea3b5-7557-4253-9e97-0590583dca26"        [_thread_blocked, id=20116, stack(0x000000d4cc800000,0x000000d4cc900000) (1024K)]
  0x000002ca63ba1680 JavaThread "Refresh Thread: Equinox Container: 01eea3b5-7557-4253-9e97-0590583dca26" daemon [_thread_blocked, id=22112, stack(0x000000d4cc900000,0x000000d4cca00000) (1024K)]
  0x000002ca63c1bfd0 JavaThread "Framework Event Dispatcher: Equinox Container: 01eea3b5-7557-4253-9e97-0590583dca26" daemon [_thread_blocked, id=21292, stack(0x000000d4ccb00000,0x000000d4ccc00000) (1024K)]
  0x000002ca63c1c630 JavaThread "Start Level: Equinox Container: 01eea3b5-7557-4253-9e97-0590583dca26" daemon [_thread_blocked, id=19016, stack(0x000000d4ccc00000,0x000000d4ccd00000) (1024K)]
  0x000002ca63ba0640 JavaThread "Bundle File Closer"         daemon [_thread_blocked, id=24912, stack(0x000000d4ccd00000,0x000000d4cce00000) (1024K)]
  0x000002ca63b4f880 JavaThread "SCR Component Actor"        daemon [_thread_blocked, id=21388, stack(0x000000d4cd000000,0x000000d4cd100000) (1024K)]
  0x000002ca63c193c0 JavaThread "Worker-JM"                         [_thread_blocked, id=20288, stack(0x000000d4cd100000,0x000000d4cd200000) (1024K)]
  0x000002ca63c186a0 JavaThread "Worker-0"                          [_thread_blocked, id=23628, stack(0x000000d4cd200000,0x000000d4cd300000) (1024K)]
  0x000002ca63c18d30 JavaThread "Worker-1"                          [_thread_blocked, id=17868, stack(0x000000d4cd300000,0x000000d4cd400000) (1024K)]
  0x000002ca63c1a0e0 JavaThread "Worker-2: Initialize Workspace"        [_thread_in_vm, id=17900, stack(0x000000d4cbf00000,0x000000d4cc000000) (1024K)]
  0x000002ca63c1a770 JavaThread "Java indexing"              daemon [_thread_blocked, id=26340, stack(0x000000d4cd600000,0x000000d4cd700000) (1024K)]
  0x000002ca63c1ae00 JavaThread "Worker-3"                          [_thread_blocked, id=23952, stack(0x000000d4cd700000,0x000000d4cd800000) (1024K)]
  0x000002ca5dbe7440 JavaThread "C2 CompilerThread1"         daemon [_thread_in_vm, id=24916, stack(0x000000d4cd400000,0x000000d4cd500000) (1024K)]
  0x000002ca64e8ea30 JavaThread "JNA Cleaner"                daemon [_thread_blocked, id=25032, stack(0x000000d4cd500000,0x000000d4cd600000) (1024K)]
  0x000002ca64e91820 JavaThread "Worker-4"                          [_thread_blocked, id=22472, stack(0x000000d4cda00000,0x000000d4cdb00000) (1024K)]
  0x000002ca64e91190 JavaThread "Worker-5"                          [_thread_blocked, id=25784, stack(0x000000d4cdb00000,0x000000d4cdc00000) (1024K)]
  0x000002ca64e8e3a0 JavaThread "Thread-2"                   daemon [_thread_in_native, id=16124, stack(0x000000d4cdc00000,0x000000d4cdd00000) (1024K)]
  0x000002ca64e8fde0 JavaThread "Thread-3"                   daemon [_thread_in_native, id=26012, stack(0x000000d4cdd00000,0x000000d4cde00000) (1024K)]
  0x000002ca64e90b00 JavaThread "Thread-4"                   daemon [_thread_in_native, id=13112, stack(0x000000d4cde00000,0x000000d4cdf00000) (1024K)]
  0x000002ca64e91eb0 JavaThread "Thread-5"                   daemon [_thread_in_native, id=17480, stack(0x000000d4cdf00000,0x000000d4ce000000) (1024K)]
  0x000002ca64e92540 JavaThread "Thread-6"                   daemon [_thread_in_native, id=25208, stack(0x000000d4ce000000,0x000000d4ce100000) (1024K)]
  0x000002ca64e8f0c0 JavaThread "Thread-7"                   daemon [_thread_in_native, id=7416, stack(0x000000d4ce100000,0x000000d4ce200000) (1024K)]
  0x000002ca64e92bd0 JavaThread "Thread-8"                   daemon [_thread_in_native, id=12856, stack(0x000000d4ce200000,0x000000d4ce300000) (1024K)]
  0x000002ca64e8f750 JavaThread "Thread-9"                   daemon [_thread_in_native, id=26220, stack(0x000000d4ce300000,0x000000d4ce400000) (1024K)]
  0x000002ca64e93260 JavaThread "Thread-10"                  daemon [_thread_in_native, id=24760, stack(0x000000d4ce400000,0x000000d4ce500000) (1024K)]
  0x000002ca64e938f0 JavaThread "Thread-11"                  daemon [_thread_in_native, id=26296, stack(0x000000d4ce500000,0x000000d4ce600000) (1024K)]
  0x000002ca64e90470 JavaThread "Thread-12"                  daemon [_thread_in_native, id=19140, stack(0x000000d4ce600000,0x000000d4ce700000) (1024K)]
  0x000002ca64e959c0 JavaThread "Thread-13"                  daemon [_thread_in_native, id=7432, stack(0x000000d4ce700000,0x000000d4ce800000) (1024K)]
  0x000002ca64e94610 JavaThread "Thread-14"                  daemon [_thread_in_native, id=6988, stack(0x000000d4ce800000,0x000000d4ce900000) (1024K)]
  0x000002ca64e94ca0 JavaThread "pool-2-thread-1"                   [_thread_blocked, id=14572, stack(0x000000d4ce900000,0x000000d4cea00000) (1024K)]
=>0x000002ca5dbe7b10 JavaThread "C2 CompilerThread2"         daemon [_thread_in_native, id=25616, stack(0x000000d4cea00000,0x000000d4ceb00000) (1024K)]
  0x000002ca64e95330 JavaThread "WorkspaceEventsHandler"            [_thread_blocked, id=26248, stack(0x000000d4ceb00000,0x000000d4cec00000) (1024K)]
  0x000002ca64e93f80 JavaThread "pool-1-thread-1"                   [_thread_blocked, id=22020, stack(0x000000d4cec00000,0x000000d4ced00000) (1024K)]
  0x000002ca6743b550 JavaThread "LocalFile Deleter"          daemon [_thread_blocked, id=17104, stack(0x000000d4cc100000,0x000000d4cc200000) (1024K)]
  0x000002ca6743dcb0 JavaThread "LocalFile Deleter"          daemon [_thread_blocked, id=22508, stack(0x000000d4ced00000,0x000000d4cee00000) (1024K)]
  0x000002ca6743aec0 JavaThread "LocalFile Deleter"          daemon [_thread_blocked, id=26048, stack(0x000000d4cee00000,0x000000d4cef00000) (1024K)]
Total: 47

Other Threads:
  0x000002ca48266d90 VMThread "VM Thread"                           [id=11412, stack(0x000000d4cb500000,0x000000d4cb600000) (1024K)]
  0x000002ca5c48ca00 WatcherThread "VM Periodic Task Thread"        [id=18272, stack(0x000000d4cb400000,0x000000d4cb500000) (1024K)]
  0x000002ca481e8f50 WorkerThread "GC Thread#0"                     [id=7408, stack(0x000000d4cb300000,0x000000d4cb400000) (1024K)]
  0x000002ca63522b50 WorkerThread "GC Thread#1"                     [id=25336, stack(0x000000d4cc200000,0x000000d4cc300000) (1024K)]
  0x000002ca635232f0 WorkerThread "GC Thread#2"                     [id=25824, stack(0x000000d4cc300000,0x000000d4cc400000) (1024K)]
  0x000002ca63523690 WorkerThread "GC Thread#3"                     [id=13556, stack(0x000000d4cc400000,0x000000d4cc500000) (1024K)]
  0x000002ca63523a30 WorkerThread "GC Thread#4"                     [id=25868, stack(0x000000d4cc500000,0x000000d4cc600000) (1024K)]
  0x000002ca63374140 WorkerThread "GC Thread#5"                     [id=15408, stack(0x000000d4cc600000,0x000000d4cc700000) (1024K)]
  0x000002ca633744e0 WorkerThread "GC Thread#6"                     [id=26084, stack(0x000000d4cc700000,0x000000d4cc800000) (1024K)]
  0x000002ca63bc67c0 WorkerThread "GC Thread#7"                     [id=21692, stack(0x000000d4cca00000,0x000000d4ccb00000) (1024K)]
  0x000002ca63c588e0 WorkerThread "GC Thread#8"                     [id=26004, stack(0x000000d4cce00000,0x000000d4ccf00000) (1024K)]
  0x000002ca63c58c80 WorkerThread "GC Thread#9"                     [id=26060, stack(0x000000d4ccf00000,0x000000d4cd000000) (1024K)]
Total: 12

Threads with active compile tasks:
C2 CompilerThread0  11242 6672       4       org.codehaus.plexus.util.xml.pull.MXParser::nextImpl (1203 bytes)
C2 CompilerThread1  11243 6680       4       org.codehaus.plexus.util.xml.pull.MXParser::parseStartTag (1190 bytes)
C2 CompilerThread2  11243 6571       4       java.lang.ClassLoader::defineClass (43 bytes)
Total: 3

VM state: not at safepoint (normal execution)

VM Mutex/Monitor currently owned by a thread: None

Heap address: 0x00000000c0000000, size: 1024 MB, Compressed Oops mode: 32-bit

CDS archive(s) mapped at: [0x000002ca00000000-0x000002ca00ba0000-0x000002ca00ba0000), size 12189696, SharedBaseAddress: 0x000002ca00000000, ArchiveRelocationMode: 1.
Compressed class space mapped at: 0x000002ca01000000-0x000002ca41000000, reserved size: 1073741824
Narrow klass base: 0x000002ca00000000, Narrow klass shift: 0, Narrow klass range: 0x100000000

GC Precious Log:
 CardTable entry size: 512
 CPUs: 12 total, 12 available
 Memory: 7521M
 Large Page Support: Disabled
 NUMA Support: Disabled
 Compressed Oops: Enabled (32-bit)
 Alignments: Space 512K, Generation 512K, Heap 2M
 Heap Min Capacity: 100M
 Heap Initial Capacity: 100M
 Heap Max Capacity: 1G
 Pre-touch: Disabled
 Parallel Workers: 10

Heap:
 PSYoungGen      total 23552K, used 5310K [0x00000000eab00000, 0x00000000ec580000, 0x0000000100000000)
  eden space 22016K, 18% used [0x00000000eab00000,0x00000000eaf0fb70,0x00000000ec080000)
  from space 1536K, 75% used [0x00000000ec380000,0x00000000ec4a0000,0x00000000ec500000)
  to   space 512K, 0% used [0x00000000ec500000,0x00000000ec500000,0x00000000ec580000)
 ParOldGen       total 68608K, used 23132K [0x00000000c0000000, 0x00000000c4300000, 0x00000000eab00000)
  object space 68608K, 33% used [0x00000000c0000000,0x00000000c1697150,0x00000000c4300000)
 Metaspace       used 46642K, committed 47744K, reserved 1114112K
  class space    used 4939K, committed 5376K, reserved 1048576K

Card table byte_map: [0x000002ca47b60000,0x000002ca47d70000] _byte_map_base: 0x000002ca47560000

Marking Bits: (ParMarkBitMap*) 0x00007ff883433260
 Begin Bits: [0x000002ca5a3b0000, 0x000002ca5b3b0000)
 End Bits:   [0x000002ca5b3b0000, 0x000002ca5c3b0000)

Polling page: 0x000002ca47790000

Metaspace:

Usage:
  Non-class:     40.73 MB used.
      Class:      4.82 MB used.
       Both:     45.55 MB used.

Virtual space:
  Non-class space:       64.00 MB reserved,      41.38 MB ( 65%) committed,  1 nodes.
      Class space:        1.00 GB reserved,       5.25 MB ( <1%) committed,  1 nodes.
             Both:        1.06 GB reserved,      46.62 MB (  4%) committed. 

Chunk freelists:
   Non-Class:  5.84 MB
       Class:  10.56 MB
        Both:  16.41 MB

MaxMetaspaceSize: unlimited
CompressedClassSpaceSize: 1.00 GB
Initial GC threshold: 21.00 MB
Current GC threshold: 58.38 MB
CDS: on
 - commit_granule_bytes: 65536.
 - commit_granule_words: 8192.
 - virtual_space_node_default_size: 8388608.
 - enlarge_chunks_in_place: 1.
 - use_allocation_guard: 0.


Internal statistics:

num_allocs_failed_limit: 6.
num_arena_births: 766.
num_arena_deaths: 14.
num_vsnodes_births: 2.
num_vsnodes_deaths: 0.
num_space_committed: 746.
num_space_uncommitted: 0.
num_chunks_returned_to_freelist: 20.
num_chunks_taken_from_freelist: 2854.
num_chunk_merges: 6.
num_chunk_splits: 1730.
num_chunks_enlarged: 1004.
num_inconsistent_stats: 0.

CodeHeap 'non-profiled nmethods': size=120000Kb used=3375Kb max_used=3375Kb free=116624Kb
 bounds [0x000002ca52e80000, 0x000002ca531d0000, 0x000002ca5a3b0000]
CodeHeap 'profiled nmethods': size=120000Kb used=12636Kb max_used=12636Kb free=107363Kb
 bounds [0x000002ca4b3b0000, 0x000002ca4c010000, 0x000002ca528e0000]
CodeHeap 'non-nmethods': size=5760Kb used=1362Kb max_used=1421Kb free=4397Kb
 bounds [0x000002ca528e0000, 0x000002ca52b50000, 0x000002ca52e80000]
 total_blobs=6726 nmethods=6066 adapters=566
 compilation: enabled
              stopped_count=0, restarted_count=0
 full_count=0

Compilation events (20 events):
Event: 10.213 Thread 0x000002ca5da3b310 nmethod 6656 0x000002ca4bff1c90 code [0x000002ca4bff1e60, 0x000002ca4bff21e8]
Event: 10.213 Thread 0x000002ca5da3b310 6658       3       org.apache.maven.model.InputLocation::<init> (30 bytes)
Event: 10.213 Thread 0x000002ca5da3b310 nmethod 6658 0x000002ca4bff2390 code [0x000002ca4bff2540, 0x000002ca4bff26e0]
Event: 10.213 Thread 0x000002ca5da3b310 6657       3       org.codehaus.plexus.util.xml.pull.MXParser::isEmptyElementTag (25 bytes)
Event: 10.213 Thread 0x000002ca5da3b310 nmethod 6657 0x000002ca4bff2790 code [0x000002ca4bff2940, 0x000002ca4bff2b80]
Event: 10.214 Thread 0x000002ca5da3b310 6659       3       org.codehaus.plexus.util.xml.Xpp3Dom::getChildCount (20 bytes)
Event: 10.214 Thread 0x000002ca5da3b310 nmethod 6659 0x000002ca4bff2c90 code [0x000002ca4bff2e40, 0x000002ca4bff3070]
Event: 10.214 Thread 0x000002ca5da3b310 6661       3       org.codehaus.plexus.util.xml.Xpp3Dom::addChild (17 bytes)
Event: 10.214 Thread 0x000002ca5da3b310 nmethod 6661 0x000002ca4bff3110 code [0x000002ca4bff32c0, 0x000002ca4bff34e0]
Event: 10.214 Thread 0x000002ca5da3b310 6660       1       org.codehaus.plexus.util.xml.Xpp3Dom::getName (5 bytes)
Event: 10.214 Thread 0x000002ca5da3b310 nmethod 6660 0x000002ca531c2510 code [0x000002ca531c26a0, 0x000002ca531c2768]
Event: 10.215 Thread 0x000002ca5da3b310 6662       3       java.lang.invoke.MethodHandleImpl$IntrinsicMethodHandle::<init> (25 bytes)
Event: 10.215 Thread 0x000002ca5da3b310 nmethod 6662 0x000002ca4bff3610 code [0x000002ca4bff37e0, 0x000002ca4bff3d40]
Event: 10.216 Thread 0x000002ca5da3a100 nmethod 6646 0x000002ca531c2810 code [0x000002ca531c2b80, 0x000002ca531c3cf0]
Event: 10.216 Thread 0x000002ca5da3a100 6652       4       java.util.Arrays::copyOf (10 bytes)
Event: 10.217 Thread 0x000002ca5da3b310 6663       3       java.util.TreeMap::<init> (20 bytes)
Event: 10.217 Thread 0x000002ca5da3b310 nmethod 6663 0x000002ca4bff3f10 code [0x000002ca4bff40c0, 0x000002ca4bff42b0]
Event: 10.218 Thread 0x000002ca5da3a100 nmethod 6652 0x000002ca531c4d90 code [0x000002ca531c4f20, 0x000002ca531c51f8]
Event: 10.220 Thread 0x000002ca5da3b310 6664       3       org.apache.maven.model.io.xpp3.MavenXpp3ReaderEx::nextTag (64 bytes)
Event: 10.976 Thread 0x000002ca5da3a100 6669       4       org.eclipse.core.internal.jobs.InternalJob::getState (60 bytes)

GC Heap History (20 events):
Event: 4.749 GC heap before
{Heap before GC invocations=12 (full 1):
 PSYoungGen      total 25600K, used 25320K [0x00000000eab00000, 0x00000000eca00000, 0x0000000100000000)
  eden space 23552K, 100% used [0x00000000eab00000,0x00000000ec200000,0x00000000ec200000)
  from space 2048K, 86% used [0x00000000ec800000,0x00000000ec9ba1b0,0x00000000eca00000)
  to   space 2048K, 0% used [0x00000000ec600000,0x00000000ec600000,0x00000000ec800000)
 ParOldGen       total 68608K, used 14096K [0x00000000c0000000, 0x00000000c4300000, 0x00000000eab00000)
  object space 68608K, 20% used [0x00000000c0000000,0x00000000c0dc4260,0x00000000c4300000)
 Metaspace       used 28116K, committed 28992K, reserved 1114112K
  class space    used 2765K, committed 3136K, reserved 1048576K
}
Event: 4.751 GC heap after
{Heap after GC invocations=12 (full 1):
 PSYoungGen      total 24064K, used 682K [0x00000000eab00000, 0x00000000ec880000, 0x0000000100000000)
  eden space 23040K, 0% used [0x00000000eab00000,0x00000000eab00000,0x00000000ec180000)
  from space 1024K, 66% used [0x00000000ec600000,0x00000000ec6aaa40,0x00000000ec700000)
  to   space 1536K, 0% used [0x00000000ec700000,0x00000000ec700000,0x00000000ec880000)
 ParOldGen       total 68608K, used 15566K [0x00000000c0000000, 0x00000000c4300000, 0x00000000eab00000)
  object space 68608K, 22% used [0x00000000c0000000,0x00000000c0f338e0,0x00000000c4300000)
 Metaspace       used 28116K, committed 28992K, reserved 1114112K
  class space    used 2765K, committed 3136K, reserved 1048576K
}
Event: 6.314 GC heap before
{Heap before GC invocations=13 (full 1):
 PSYoungGen      total 24064K, used 23722K [0x00000000eab00000, 0x00000000ec880000, 0x0000000100000000)
  eden space 23040K, 100% used [0x00000000eab00000,0x00000000ec180000,0x00000000ec180000)
  from space 1024K, 66% used [0x00000000ec600000,0x00000000ec6aaa40,0x00000000ec700000)
  to   space 1536K, 0% used [0x00000000ec700000,0x00000000ec700000,0x00000000ec880000)
 ParOldGen       total 68608K, used 15566K [0x00000000c0000000, 0x00000000c4300000, 0x00000000eab00000)
  object space 68608K, 22% used [0x00000000c0000000,0x00000000c0f338e0,0x00000000c4300000)
 Metaspace       used 30310K, committed 31168K, reserved 1114112K
  class space    used 3012K, committed 3392K, reserved 1048576K
}
Event: 6.316 GC heap after
{Heap after GC invocations=13 (full 1):
 PSYoungGen      total 23552K, used 986K [0x00000000eab00000, 0x00000000ec800000, 0x0000000100000000)
  eden space 22528K, 0% used [0x00000000eab00000,0x00000000eab00000,0x00000000ec100000)
  from space 1024K, 96% used [0x00000000ec700000,0x00000000ec7f6b28,0x00000000ec800000)
  to   space 1536K, 0% used [0x00000000ec500000,0x00000000ec500000,0x00000000ec680000)
 ParOldGen       total 68608K, used 16120K [0x00000000c0000000, 0x00000000c4300000, 0x00000000eab00000)
  object space 68608K, 23% used [0x00000000c0000000,0x00000000c0fbe360,0x00000000c4300000)
 Metaspace       used 30310K, committed 31168K, reserved 1114112K
  class space    used 3012K, committed 3392K, reserved 1048576K
}
Event: 6.739 GC heap before
{Heap before GC invocations=14 (full 1):
 PSYoungGen      total 23552K, used 23514K [0x00000000eab00000, 0x00000000ec800000, 0x0000000100000000)
  eden space 22528K, 100% used [0x00000000eab00000,0x00000000ec100000,0x00000000ec100000)
  from space 1024K, 96% used [0x00000000ec700000,0x00000000ec7f6b28,0x00000000ec800000)
  to   space 1536K, 0% used [0x00000000ec500000,0x00000000ec500000,0x00000000ec680000)
 ParOldGen       total 68608K, used 16120K [0x00000000c0000000, 0x00000000c4300000, 0x00000000eab00000)
  object space 68608K, 23% used [0x00000000c0000000,0x00000000c0fbe360,0x00000000c4300000)
 Metaspace       used 34063K, committed 35008K, reserved 1114112K
  class space    used 3450K, committed 3840K, reserved 1048576K
}
Event: 6.741 GC heap after
{Heap after GC invocations=14 (full 1):
 PSYoungGen      total 23552K, used 1184K [0x00000000eab00000, 0x00000000ec780000, 0x0000000100000000)
  eden space 22016K, 0% used [0x00000000eab00000,0x00000000eab00000,0x00000000ec080000)
  from space 1536K, 77% used [0x00000000ec500000,0x00000000ec628000,0x00000000ec680000)
  to   space 1024K, 0% used [0x00000000ec680000,0x00000000ec680000,0x00000000ec780000)
 ParOldGen       total 68608K, used 16940K [0x00000000c0000000, 0x00000000c4300000, 0x00000000eab00000)
  object space 68608K, 24% used [0x00000000c0000000,0x00000000c108b0f8,0x00000000c4300000)
 Metaspace       used 34063K, committed 35008K, reserved 1114112K
  class space    used 3450K, committed 3840K, reserved 1048576K
}
Event: 7.067 GC heap before
{Heap before GC invocations=15 (full 1):
 PSYoungGen      total 23552K, used 7488K [0x00000000eab00000, 0x00000000ec780000, 0x0000000100000000)
  eden space 22016K, 28% used [0x00000000eab00000,0x00000000eb128370,0x00000000ec080000)
  from space 1536K, 77% used [0x00000000ec500000,0x00000000ec628000,0x00000000ec680000)
  to   space 1024K, 0% used [0x00000000ec680000,0x00000000ec680000,0x00000000ec780000)
 ParOldGen       total 68608K, used 16940K [0x00000000c0000000, 0x00000000c4300000, 0x00000000eab00000)
  object space 68608K, 24% used [0x00000000c0000000,0x00000000c108b0f8,0x00000000c4300000)
 Metaspace       used 34879K, committed 35840K, reserved 1114112K
  class space    used 3542K, committed 3968K, reserved 1048576K
}
Event: 7.069 GC heap after
{Heap after GC invocations=15 (full 1):
 PSYoungGen      total 23040K, used 547K [0x00000000eab00000, 0x00000000ec780000, 0x0000000100000000)
  eden space 22016K, 0% used [0x00000000eab00000,0x00000000eab00000,0x00000000ec080000)
  from space 1024K, 53% used [0x00000000ec680000,0x00000000ec708f40,0x00000000ec780000)
  to   space 1024K, 0% used [0x00000000ec580000,0x00000000ec580000,0x00000000ec680000)
 ParOldGen       total 68608K, used 17934K [0x00000000c0000000, 0x00000000c4300000, 0x00000000eab00000)
  object space 68608K, 26% used [0x00000000c0000000,0x00000000c1183aa0,0x00000000c4300000)
 Metaspace       used 34879K, committed 35840K, reserved 1114112K
  class space    used 3542K, committed 3968K, reserved 1048576K
}
Event: 7.069 GC heap before
{Heap before GC invocations=16 (full 2):
 PSYoungGen      total 23040K, used 547K [0x00000000eab00000, 0x00000000ec780000, 0x0000000100000000)
  eden space 22016K, 0% used [0x00000000eab00000,0x00000000eab00000,0x00000000ec080000)
  from space 1024K, 53% used [0x00000000ec680000,0x00000000ec708f40,0x00000000ec780000)
  to   space 1024K, 0% used [0x00000000ec580000,0x00000000ec580000,0x00000000ec680000)
 ParOldGen       total 68608K, used 17934K [0x00000000c0000000, 0x00000000c4300000, 0x00000000eab00000)
  object space 68608K, 26% used [0x00000000c0000000,0x00000000c1183aa0,0x00000000c4300000)
 Metaspace       used 34879K, committed 35840K, reserved 1114112K
  class space    used 3542K, committed 3968K, reserved 1048576K
}
Event: 7.104 GC heap after
{Heap after GC invocations=16 (full 2):
 PSYoungGen      total 23040K, used 0K [0x00000000eab00000, 0x00000000ec780000, 0x0000000100000000)
  eden space 22016K, 0% used [0x00000000eab00000,0x00000000eab00000,0x00000000ec080000)
  from space 1024K, 0% used [0x00000000ec680000,0x00000000ec680000,0x00000000ec780000)
  to   space 1024K, 0% used [0x00000000ec580000,0x00000000ec580000,0x00000000ec680000)
 ParOldGen       total 68608K, used 17137K [0x00000000c0000000, 0x00000000c4300000, 0x00000000eab00000)
  object space 68608K, 24% used [0x00000000c0000000,0x00000000c10bc440,0x00000000c4300000)
 Metaspace       used 34879K, committed 35840K, reserved 1114112K
  class space    used 3542K, committed 3968K, reserved 1048576K
}
Event: 7.300 GC heap before
{Heap before GC invocations=17 (full 2):
 PSYoungGen      total 23040K, used 22015K [0x00000000eab00000, 0x00000000ec780000, 0x0000000100000000)
  eden space 22016K, 99% used [0x00000000eab00000,0x00000000ec07fff8,0x00000000ec080000)
  from space 1024K, 0% used [0x00000000ec680000,0x00000000ec680000,0x00000000ec780000)
  to   space 1024K, 0% used [0x00000000ec580000,0x00000000ec580000,0x00000000ec680000)
 ParOldGen       total 68608K, used 17137K [0x00000000c0000000, 0x00000000c4300000, 0x00000000eab00000)
  object space 68608K, 24% used [0x00000000c0000000,0x00000000c10bc440,0x00000000c4300000)
 Metaspace       used 37628K, committed 38784K, reserved 1114112K
  class space    used 3872K, committed 4352K, reserved 1048576K
}
Event: 7.301 GC heap after
{Heap after GC invocations=17 (full 2):
 PSYoungGen      total 23040K, used 1021K [0x00000000eab00000, 0x00000000ec700000, 0x0000000100000000)
  eden space 22016K, 0% used [0x00000000eab00000,0x00000000eab00000,0x00000000ec080000)
  from space 1024K, 99% used [0x00000000ec580000,0x00000000ec67f7c0,0x00000000ec680000)
  to   space 512K, 0% used [0x00000000ec680000,0x00000000ec680000,0x00000000ec700000)
 ParOldGen       total 68608K, used 18329K [0x00000000c0000000, 0x00000000c4300000, 0x00000000eab00000)
  object space 68608K, 26% used [0x00000000c0000000,0x00000000c11e66b8,0x00000000c4300000)
 Metaspace       used 37628K, committed 38784K, reserved 1114112K
  class space    used 3872K, committed 4352K, reserved 1048576K
}
Event: 7.795 GC heap before
{Heap before GC invocations=18 (full 2):
 PSYoungGen      total 23040K, used 23037K [0x00000000eab00000, 0x00000000ec700000, 0x0000000100000000)
  eden space 22016K, 100% used [0x00000000eab00000,0x00000000ec080000,0x00000000ec080000)
  from space 1024K, 99% used [0x00000000ec580000,0x00000000ec67f7c0,0x00000000ec680000)
  to   space 512K, 0% used [0x00000000ec680000,0x00000000ec680000,0x00000000ec700000)
 ParOldGen       total 68608K, used 18329K [0x00000000c0000000, 0x00000000c4300000, 0x00000000eab00000)
  object space 68608K, 26% used [0x00000000c0000000,0x00000000c11e66b8,0x00000000c4300000)
 Metaspace       used 40177K, committed 41216K, reserved 1114112K
  class space    used 4196K, committed 4608K, reserved 1048576K
}
Event: 7.798 GC heap after
{Heap after GC invocations=18 (full 2):
 PSYoungGen      total 22528K, used 512K [0x00000000eab00000, 0x00000000ec700000, 0x0000000100000000)
  eden space 22016K, 0% used [0x00000000eab00000,0x00000000eab00000,0x00000000ec080000)
  from space 512K, 100% used [0x00000000ec680000,0x00000000ec700000,0x00000000ec700000)
  to   space 3072K, 0% used [0x00000000ec100000,0x00000000ec100000,0x00000000ec400000)
 ParOldGen       total 68608K, used 20381K [0x00000000c0000000, 0x00000000c4300000, 0x00000000eab00000)
  object space 68608K, 29% used [0x00000000c0000000,0x00000000c13e7798,0x00000000c4300000)
 Metaspace       used 40177K, committed 41216K, reserved 1114112K
  class space    used 4196K, committed 4608K, reserved 1048576K
}
Event: 8.675 GC heap before
{Heap before GC invocations=19 (full 2):
 PSYoungGen      total 22528K, used 22528K [0x00000000eab00000, 0x00000000ec700000, 0x0000000100000000)
  eden space 22016K, 100% used [0x00000000eab00000,0x00000000ec080000,0x00000000ec080000)
  from space 512K, 100% used [0x00000000ec680000,0x00000000ec700000,0x00000000ec700000)
  to   space 3072K, 0% used [0x00000000ec100000,0x00000000ec100000,0x00000000ec400000)
 ParOldGen       total 68608K, used 20381K [0x00000000c0000000, 0x00000000c4300000, 0x00000000eab00000)
  object space 68608K, 29% used [0x00000000c0000000,0x00000000c13e7798,0x00000000c4300000)
 Metaspace       used 42736K, committed 43776K, reserved 1114112K
  class space    used 4535K, committed 4928K, reserved 1048576K
}
Event: 8.679 GC heap after
{Heap after GC invocations=19 (full 2):
 PSYoungGen      total 25088K, used 1696K [0x00000000eab00000, 0x00000000ec700000, 0x0000000100000000)
  eden space 22016K, 0% used [0x00000000eab00000,0x00000000eab00000,0x00000000ec080000)
  from space 3072K, 55% used [0x00000000ec100000,0x00000000ec2a8000,0x00000000ec400000)
  to   space 2048K, 0% used [0x00000000ec500000,0x00000000ec500000,0x00000000ec700000)
 ParOldGen       total 68608K, used 20909K [0x00000000c0000000, 0x00000000c4300000, 0x00000000eab00000)
  object space 68608K, 30% used [0x00000000c0000000,0x00000000c146b7b8,0x00000000c4300000)
 Metaspace       used 42736K, committed 43776K, reserved 1114112K
  class space    used 4535K, committed 4928K, reserved 1048576K
}
Event: 9.512 GC heap before
{Heap before GC invocations=20 (full 2):
 PSYoungGen      total 25088K, used 23712K [0x00000000eab00000, 0x00000000ec700000, 0x0000000100000000)
  eden space 22016K, 100% used [0x00000000eab00000,0x00000000ec080000,0x00000000ec080000)
  from space 3072K, 55% used [0x00000000ec100000,0x00000000ec2a8000,0x00000000ec400000)
  to   space 2048K, 0% used [0x00000000ec500000,0x00000000ec500000,0x00000000ec700000)
 ParOldGen       total 68608K, used 20909K [0x00000000c0000000, 0x00000000c4300000, 0x00000000eab00000)
  object space 68608K, 30% used [0x00000000c0000000,0x00000000c146b7b8,0x00000000c4300000)
 Metaspace       used 44954K, committed 46080K, reserved 1114112K
  class space    used 4768K, committed 5248K, reserved 1048576K
}
Event: 9.515 GC heap after
{Heap after GC invocations=20 (full 2):
 PSYoungGen      total 23552K, used 1142K [0x00000000eab00000, 0x00000000ec680000, 0x0000000100000000)
  eden space 22016K, 0% used [0x00000000eab00000,0x00000000eab00000,0x00000000ec080000)
  from space 1536K, 74% used [0x00000000ec500000,0x00000000ec61dbe0,0x00000000ec680000)
  to   space 1536K, 0% used [0x00000000ec380000,0x00000000ec380000,0x00000000ec500000)
 ParOldGen       total 68608K, used 22306K [0x00000000c0000000, 0x00000000c4300000, 0x00000000eab00000)
  object space 68608K, 32% used [0x00000000c0000000,0x00000000c15c89c8,0x00000000c4300000)
 Metaspace       used 44954K, committed 46080K, reserved 1114112K
  class space    used 4768K, committed 5248K, reserved 1048576K
}
Event: 10.179 GC heap before
{Heap before GC invocations=21 (full 2):
 PSYoungGen      total 23552K, used 23158K [0x00000000eab00000, 0x00000000ec680000, 0x0000000100000000)
  eden space 22016K, 100% used [0x00000000eab00000,0x00000000ec080000,0x00000000ec080000)
  from space 1536K, 74% used [0x00000000ec500000,0x00000000ec61dbe0,0x00000000ec680000)
  to   space 1536K, 0% used [0x00000000ec380000,0x00000000ec380000,0x00000000ec500000)
 ParOldGen       total 68608K, used 22306K [0x00000000c0000000, 0x00000000c4300000, 0x00000000eab00000)
  object space 68608K, 32% used [0x00000000c0000000,0x00000000c15c89c8,0x00000000c4300000)
 Metaspace       used 46243K, committed 47360K, reserved 1114112K
  class space    used 4895K, committed 5376K, reserved 1048576K
}
Event: 10.181 GC heap after
{Heap after GC invocations=21 (full 2):
 PSYoungGen      total 23552K, used 1152K [0x00000000eab00000, 0x00000000ec580000, 0x0000000100000000)
  eden space 22016K, 0% used [0x00000000eab00000,0x00000000eab00000,0x00000000ec080000)
  from space 1536K, 75% used [0x00000000ec380000,0x00000000ec4a0000,0x00000000ec500000)
  to   space 512K, 0% used [0x00000000ec500000,0x00000000ec500000,0x00000000ec580000)
 ParOldGen       total 68608K, used 23132K [0x00000000c0000000, 0x00000000c4300000, 0x00000000eab00000)
  object space 68608K, 33% used [0x00000000c0000000,0x00000000c1697150,0x00000000c4300000)
 Metaspace       used 46243K, committed 47360K, reserved 1114112K
  class space    used 4895K, committed 5376K, reserved 1048576K
}

Dll operation events (12 events):
Event: 0.009 Loaded shared library c:\Users\Jaywant\.cursor\extensions\redhat.java-1.41.1-win32-x64\jre\21.0.6-win32-x86_64\bin\java.dll
Event: 0.068 Loaded shared library c:\Users\Jaywant\.cursor\extensions\redhat.java-1.41.1-win32-x64\jre\21.0.6-win32-x86_64\bin\zip.dll
Event: 0.083 Loaded shared library C:\Users\Jaywant\.cursor\extensions\redhat.java-1.41.1-win32-x64\jre\21.0.6-win32-x86_64\bin\instrument.dll
Event: 0.087 Loaded shared library C:\Users\Jaywant\.cursor\extensions\redhat.java-1.41.1-win32-x64\jre\21.0.6-win32-x86_64\bin\net.dll
Event: 0.088 Loaded shared library C:\Users\Jaywant\.cursor\extensions\redhat.java-1.41.1-win32-x64\jre\21.0.6-win32-x86_64\bin\nio.dll
Event: 0.092 Loaded shared library C:\Users\Jaywant\.cursor\extensions\redhat.java-1.41.1-win32-x64\jre\21.0.6-win32-x86_64\bin\zip.dll
Event: 0.105 Loaded shared library C:\Users\Jaywant\.cursor\extensions\redhat.java-1.41.1-win32-x64\jre\21.0.6-win32-x86_64\bin\jimage.dll
Event: 0.153 Loaded shared library c:\Users\Jaywant\.cursor\extensions\redhat.java-1.41.1-win32-x64\jre\21.0.6-win32-x86_64\bin\verify.dll
Event: 1.090 Loaded shared library C:\Users\Jaywant\AppData\Roaming\Cursor\User\globalStorage\redhat.java\1.41.1\config_win\org.eclipse.equinox.launcher\org.eclipse.equinox.launcher.win32.win32.x86_64_1.2.1300.v20250331-1702\eclipse_11911.dll
Event: 6.345 Loaded shared library C:\Users\Jaywant\.cursor\extensions\redhat.java-1.41.1-win32-x64\jre\21.0.6-win32-x86_64\bin\management.dll
Event: 6.353 Loaded shared library C:\Users\Jaywant\.cursor\extensions\redhat.java-1.41.1-win32-x64\jre\21.0.6-win32-x86_64\bin\management_ext.dll
Event: 6.926 Loaded shared library C:\Users\Jaywant\AppData\Local\Temp\jna--151788782\jna13325572951263840910.dll

Deoptimization events (20 events):
Event: 9.817 Thread 0x000002ca63c1a0e0 Uncommon trap: trap_request=0xffffff45 fr.pc=0x000002ca53160200 relative=0x0000000000000fe0
Event: 9.817 Thread 0x000002ca63c1a0e0 Uncommon trap: reason=unstable_if action=reinterpret pc=0x000002ca53160200 method=java.util.regex.Pattern.compile()V @ 338 c2
Event: 9.817 Thread 0x000002ca63c1a0e0 DEOPT PACKING pc=0x000002ca53160200 sp=0x000000d4cbffe870
Event: 9.817 Thread 0x000002ca63c1a0e0 DEOPT UNPACKING pc=0x000002ca52933aa2 sp=0x000000d4cbffe830 mode 2
Event: 9.876 Thread 0x000002ca63c1a0e0 Uncommon trap: trap_request=0xffffff45 fr.pc=0x000002ca53010fe4 relative=0x0000000000000984
Event: 9.876 Thread 0x000002ca63c1a0e0 Uncommon trap: reason=unstable_if action=reinterpret pc=0x000002ca53010fe4 method=java.util.concurrent.ConcurrentHashMap.putVal(Ljava/lang/Object;Ljava/lang/Object;Z)Ljava/lang/Object; @ 401 c2
Event: 9.876 Thread 0x000002ca63c1a0e0 DEOPT PACKING pc=0x000002ca53010fe4 sp=0x000000d4cbffc460
Event: 9.877 Thread 0x000002ca63c1a0e0 DEOPT UNPACKING pc=0x000002ca52933aa2 sp=0x000000d4cbffc3d0 mode 2
Event: 9.955 Thread 0x000002ca63c1a0e0 DEOPT PACKING pc=0x000002ca4bdeb7c6 sp=0x000000d4cbffdd80
Event: 9.956 Thread 0x000002ca63c1a0e0 DEOPT UNPACKING pc=0x000002ca52934242 sp=0x000000d4cbffd300 mode 0
Event: 10.175 Thread 0x000002ca63c1a0e0 Uncommon trap: trap_request=0xffffffc6 fr.pc=0x000002ca52f78f10 relative=0x0000000000000f30
Event: 10.175 Thread 0x000002ca63c1a0e0 Uncommon trap: reason=bimorphic_or_optimized_type_check action=maybe_recompile pc=0x000002ca52f78f10 method=java.util.Properties$LineReader.readLine()I @ 479 c2
Event: 10.175 Thread 0x000002ca63c1a0e0 DEOPT PACKING pc=0x000002ca52f78f10 sp=0x000000d4cbffe230
Event: 10.175 Thread 0x000002ca63c1a0e0 DEOPT UNPACKING pc=0x000002ca52933aa2 sp=0x000000d4cbffe1d0 mode 2
Event: 10.177 Thread 0x000002ca63c1a0e0 DEOPT PACKING pc=0x000002ca4b76dd56 sp=0x000000d4cbffe060
Event: 10.177 Thread 0x000002ca63c1a0e0 DEOPT UNPACKING pc=0x000002ca52934242 sp=0x000000d4cbffd588 mode 0
Event: 10.216 Thread 0x000002ca63c1a0e0 Uncommon trap: trap_request=0xffffff45 fr.pc=0x000002ca52eb4f68 relative=0x00000000000004a8
Event: 10.216 Thread 0x000002ca63c1a0e0 Uncommon trap: reason=unstable_if action=reinterpret pc=0x000002ca52eb4f68 method=java.lang.String.replace(CC)Ljava/lang/String; @ 2 c2
Event: 10.216 Thread 0x000002ca63c1a0e0 DEOPT PACKING pc=0x000002ca52eb4f68 sp=0x000000d4cbffdd60
Event: 10.217 Thread 0x000002ca63c1a0e0 DEOPT UNPACKING pc=0x000002ca52933aa2 sp=0x000000d4cbffdd10 mode 2

Classes loaded (20 events):
Event: 9.968 Loading class java/util/ImmutableCollections$SubList
Event: 9.969 Loading class java/util/ImmutableCollections$SubList done
Event: 10.029 Loading class sun/nio/cs/ISO_8859_1$Encoder
Event: 10.030 Loading class sun/nio/cs/ISO_8859_1$Encoder done
Event: 10.030 Loading class sun/nio/cs/Surrogate$Parser
Event: 10.030 Loading class sun/nio/cs/Surrogate$Parser done
Event: 10.030 Loading class sun/nio/cs/Surrogate
Event: 10.030 Loading class sun/nio/cs/Surrogate done
Event: 10.055 Loading class java/io/ObjectOutputStream$BlockDataOutputStream
Event: 10.055 Loading class java/io/ObjectOutputStream$BlockDataOutputStream done
Event: 10.055 Loading class java/io/ObjectOutputStream$HandleTable
Event: 10.055 Loading class java/io/ObjectOutputStream$HandleTable done
Event: 10.055 Loading class java/io/ObjectOutputStream$ReplaceTable
Event: 10.055 Loading class java/io/ObjectOutputStream$ReplaceTable done
Event: 10.118 Loading class java/util/stream/DistinctOps
Event: 10.118 Loading class java/util/stream/DistinctOps done
Event: 10.118 Loading class java/util/stream/DistinctOps$1
Event: 10.118 Loading class java/util/stream/DistinctOps$1 done
Event: 10.122 Loading class java/util/stream/DistinctOps$1$2
Event: 10.123 Loading class java/util/stream/DistinctOps$1$2 done

Classes unloaded (7 events):
Event: 4.222 Thread 0x000002ca48266d90 Unloading class 0x000002ca0119dc00 'java/lang/invoke/LambdaForm$MH+0x000002ca0119dc00'
Event: 4.222 Thread 0x000002ca48266d90 Unloading class 0x000002ca0119d800 'java/lang/invoke/LambdaForm$MH+0x000002ca0119d800'
Event: 4.222 Thread 0x000002ca48266d90 Unloading class 0x000002ca0119d400 'java/lang/invoke/LambdaForm$MH+0x000002ca0119d400'
Event: 4.222 Thread 0x000002ca48266d90 Unloading class 0x000002ca0119d000 'java/lang/invoke/LambdaForm$MH+0x000002ca0119d000'
Event: 4.222 Thread 0x000002ca48266d90 Unloading class 0x000002ca0119cc00 'java/lang/invoke/LambdaForm$BMH+0x000002ca0119cc00'
Event: 4.222 Thread 0x000002ca48266d90 Unloading class 0x000002ca0119c800 'java/lang/invoke/LambdaForm$DMH+0x000002ca0119c800'
Event: 4.222 Thread 0x000002ca48266d90 Unloading class 0x000002ca0119b400 'java/lang/invoke/LambdaForm$DMH+0x000002ca0119b400'

Classes redefined (0 events):
No events

Internal exceptions (20 events):
Event: 9.461 Thread 0x000002ca63c1a0e0 Exception <a 'sun/nio/fs/WindowsException'{0x00000000ebd73948}> (0x00000000ebd73948) 
thrown [s\src\hotspot\share\prims\jni.cpp, line 520]
Event: 9.461 Thread 0x000002ca63c1a0e0 Exception <a 'sun/nio/fs/WindowsException'{0x00000000ebd74228}> (0x00000000ebd74228) 
thrown [s\src\hotspot\share\prims\jni.cpp, line 520]
Event: 9.462 Thread 0x000002ca63c1a0e0 Exception <a 'sun/nio/fs/WindowsException'{0x00000000ebd75998}> (0x00000000ebd75998) 
thrown [s\src\hotspot\share\prims\jni.cpp, line 520]
Event: 9.462 Thread 0x000002ca63c1a0e0 Exception <a 'sun/nio/fs/WindowsException'{0x00000000ebd76278}> (0x00000000ebd76278) 
thrown [s\src\hotspot\share\prims\jni.cpp, line 520]
Event: 9.462 Thread 0x000002ca63c1a0e0 Exception <a 'sun/nio/fs/WindowsException'{0x00000000ebd77470}> (0x00000000ebd77470) 
thrown [s\src\hotspot\share\prims\jni.cpp, line 520]
Event: 9.462 Thread 0x000002ca63c1a0e0 Exception <a 'sun/nio/fs/WindowsException'{0x00000000ebd77aa0}> (0x00000000ebd77aa0) 
thrown [s\src\hotspot\share\prims\jni.cpp, line 520]
Event: 9.463 Thread 0x000002ca63c1a0e0 Exception <a 'sun/nio/fs/WindowsException'{0x00000000ebd78610}> (0x00000000ebd78610) 
thrown [s\src\hotspot\share\prims\jni.cpp, line 520]
Event: 9.463 Thread 0x000002ca63c1a0e0 Exception <a 'sun/nio/fs/WindowsException'{0x00000000ebd78c40}> (0x00000000ebd78c40) 
thrown [s\src\hotspot\share\prims\jni.cpp, line 520]
Event: 9.463 Thread 0x000002ca63c1a0e0 Exception <a 'sun/nio/fs/WindowsException'{0x00000000ebd795c0}> (0x00000000ebd795c0) 
thrown [s\src\hotspot\share\prims\jni.cpp, line 520]
Event: 9.463 Thread 0x000002ca63c1a0e0 Exception <a 'sun/nio/fs/WindowsException'{0x00000000ebd79ea0}> (0x00000000ebd79ea0) 
thrown [s\src\hotspot\share\prims\jni.cpp, line 520]
Event: 9.463 Thread 0x000002ca63c1a0e0 Exception <a 'sun/nio/fs/WindowsException'{0x00000000ebd7b670}> (0x00000000ebd7b670) 
thrown [s\src\hotspot\share\prims\jni.cpp, line 520]
Event: 9.463 Thread 0x000002ca63c1a0e0 Exception <a 'sun/nio/fs/WindowsException'{0x00000000ebd7bf50}> (0x00000000ebd7bf50) 
thrown [s\src\hotspot\share\prims\jni.cpp, line 520]
Event: 9.471 Thread 0x000002ca63c1a0e0 Exception <a 'java/lang/NoSuchMethodError'{0x00000000ebdc7f70}: 'void java.lang.invoke.DirectMethodHandle$Holder.invokeVirtual(java.lang.Object, java.lang.Object, java.lang.Object, java.lang.Object)'> (0x00000000ebdc7f70) 
thrown [s\src\hotspot\share\interpreter\linkResolver.cpp, line 773]
Event: 9.840 Thread 0x000002ca63c1a0e0 Exception <a 'java/lang/NoSuchMethodError'{0x00000000eba52dd0}: 'java.lang.Object java.lang.invoke.DirectMethodHandle$Holder.invokeStaticInit(java.lang.Object, int)'> (0x00000000eba52dd0) 
thrown [s\src\hotspot\share\interpreter\linkResolver.cpp, line 773]
Event: 9.847 Thread 0x000002ca63c1a0e0 Exception <a 'sun/nio/fs/WindowsException'{0x00000000eba88b90}> (0x00000000eba88b90) 
thrown [s\src\hotspot\share\prims\jni.cpp, line 520]
Event: 9.855 Thread 0x000002ca6743aec0 Exception <a 'sun/nio/fs/WindowsException'{0x00000000ebaaed30}> (0x00000000ebaaed30) 
thrown [s\src\hotspot\share\prims\jni.cpp, line 520]
Event: 9.884 Thread 0x000002ca63c1a0e0 Exception <a 'sun/nio/fs/WindowsException'{0x00000000ebb93968}> (0x00000000ebb93968) 
thrown [s\src\hotspot\share\prims\jni.cpp, line 520]
Event: 9.889 Thread 0x000002ca63c1a0e0 Exception <a 'sun/nio/fs/WindowsException'{0x00000000ebbc4ee0}> (0x00000000ebbc4ee0) 
thrown [s\src\hotspot\share\prims\jni.cpp, line 520]
Event: 9.893 Thread 0x000002ca63c1a0e0 Exception <a 'sun/nio/fs/WindowsException'{0x00000000ebbce048}> (0x00000000ebbce048) 
thrown [s\src\hotspot\share\prims\jni.cpp, line 520]
Event: 10.046 Thread 0x000002ca63c1a0e0 Exception <a 'sun/nio/fs/WindowsException'{0x00000000ebe689c0}> (0x00000000ebe689c0) 
thrown [s\src\hotspot\share\prims\jni.cpp, line 520]

ZGC Phase Switch (0 events):
No events

VM Operations (20 events):
Event: 8.415 Executing VM operation: HandshakeAllThreads (Deoptimize)
Event: 8.415 Executing VM operation: HandshakeAllThreads (Deoptimize) done
Event: 8.471 Executing VM operation: ICBufferFull
Event: 8.472 Executing VM operation: ICBufferFull done
Event: 8.671 Executing VM operation: ParallelGCFailedAllocation (Allocation Failure)
Event: 8.679 Executing VM operation: ParallelGCFailedAllocation (Allocation Failure) done
Event: 8.804 Executing VM operation: HandshakeAllThreads (Deoptimize)
Event: 8.804 Executing VM operation: HandshakeAllThreads (Deoptimize) done
Event: 9.512 Executing VM operation: ParallelGCFailedAllocation (Allocation Failure)
Event: 9.515 Executing VM operation: ParallelGCFailedAllocation (Allocation Failure) done
Event: 9.788 Executing VM operation: HandshakeAllThreads (Deoptimize)
Event: 9.788 Executing VM operation: HandshakeAllThreads (Deoptimize) done
Event: 9.914 Executing VM operation: HandshakeAllThreads (Deoptimize)
Event: 9.914 Executing VM operation: HandshakeAllThreads (Deoptimize) done
Event: 10.121 Executing VM operation: HandshakeAllThreads (Deoptimize)
Event: 10.121 Executing VM operation: HandshakeAllThreads (Deoptimize) done
Event: 10.179 Executing VM operation: ParallelGCFailedAllocation (Allocation Failure)
Event: 10.181 Executing VM operation: ParallelGCFailedAllocation (Allocation Failure) done
Event: 11.181 Executing VM operation: Cleanup
Event: 11.181 Executing VM operation: Cleanup done

Memory protections (0 events):
No events

Nmethod flushes (20 events):
Event: 7.088 Thread 0x000002ca48266d90 flushing  nmethod 0x000002ca4ba0b290
Event: 7.088 Thread 0x000002ca48266d90 flushing  nmethod 0x000002ca4ba0bd10
Event: 7.088 Thread 0x000002ca48266d90 flushing  nmethod 0x000002ca4ba14d10
Event: 7.088 Thread 0x000002ca48266d90 flushing  nmethod 0x000002ca4ba15890
Event: 7.088 Thread 0x000002ca48266d90 flushing  nmethod 0x000002ca4ba15d90
Event: 7.088 Thread 0x000002ca48266d90 flushing  nmethod 0x000002ca4ba16090
Event: 7.088 Thread 0x000002ca48266d90 flushing  nmethod 0x000002ca4ba26f10
Event: 7.088 Thread 0x000002ca48266d90 flushing  nmethod 0x000002ca4ba3cc10
Event: 7.088 Thread 0x000002ca48266d90 flushing  nmethod 0x000002ca4ba41e90
Event: 7.088 Thread 0x000002ca48266d90 flushing  nmethod 0x000002ca4ba58210
Event: 7.088 Thread 0x000002ca48266d90 flushing  nmethod 0x000002ca4ba8a110
Event: 7.088 Thread 0x000002ca48266d90 flushing  nmethod 0x000002ca4baa3790
Event: 7.088 Thread 0x000002ca48266d90 flushing  nmethod 0x000002ca4babfd10
Event: 7.088 Thread 0x000002ca48266d90 flushing  nmethod 0x000002ca4baccd10
Event: 7.088 Thread 0x000002ca48266d90 flushing  nmethod 0x000002ca4bae6290
Event: 7.088 Thread 0x000002ca48266d90 flushing  nmethod 0x000002ca4bb11210
Event: 7.088 Thread 0x000002ca48266d90 flushing  nmethod 0x000002ca4bb55390
Event: 7.088 Thread 0x000002ca48266d90 flushing  nmethod 0x000002ca4bb74f10
Event: 7.088 Thread 0x000002ca48266d90 flushing  nmethod 0x000002ca4bb92690
Event: 7.088 Thread 0x000002ca48266d90 flushing  nmethod 0x000002ca4bb92990

Events (20 events):
Event: 7.316 Thread 0x000002ca481d1bf0 Thread added: 0x000002ca64e8fde0
Event: 7.317 Thread 0x000002ca481d1bf0 Thread added: 0x000002ca64e90b00
Event: 7.317 Thread 0x000002ca481d1bf0 Thread added: 0x000002ca64e91eb0
Event: 7.317 Thread 0x000002ca481d1bf0 Thread added: 0x000002ca64e92540
Event: 7.317 Thread 0x000002ca481d1bf0 Thread added: 0x000002ca64e8f0c0
Event: 7.317 Thread 0x000002ca481d1bf0 Thread added: 0x000002ca64e92bd0
Event: 7.317 Thread 0x000002ca481d1bf0 Thread added: 0x000002ca64e8f750
Event: 7.317 Thread 0x000002ca481d1bf0 Thread added: 0x000002ca64e93260
Event: 7.317 Thread 0x000002ca481d1bf0 Thread added: 0x000002ca64e938f0
Event: 7.318 Thread 0x000002ca481d1bf0 Thread added: 0x000002ca64e90470
Event: 7.318 Thread 0x000002ca481d1bf0 Thread added: 0x000002ca64e959c0
Event: 7.318 Thread 0x000002ca481d1bf0 Thread added: 0x000002ca64e94610
Event: 7.369 Thread 0x000002ca481d1bf0 Thread added: 0x000002ca64e94ca0
Event: 7.671 Thread 0x000002ca5da3b310 Thread added: 0x000002ca5dbe7b10
Event: 7.693 Thread 0x000002ca481d1bf0 Thread added: 0x000002ca64e95330
Event: 7.693 Thread 0x000002ca481d1bf0 Thread added: 0x000002ca64e93f80
Event: 8.098 Thread 0x000002ca63c19a50 Thread exited: 0x000002ca63c19a50
Event: 9.849 Thread 0x000002ca63c1a0e0 Thread added: 0x000002ca6743b550
Event: 9.851 Thread 0x000002ca6743b550 Thread added: 0x000002ca6743dcb0
Event: 9.853 Thread 0x000002ca6743dcb0 Thread added: 0x000002ca6743aec0


Dynamic libraries:
0x00007ff6790e0000 - 0x00007ff6790ee000 	c:\Users\Jaywant\.cursor\extensions\redhat.java-1.41.1-win32-x64\jre\21.0.6-win32-x86_64\bin\java.exe
0x00007ff9267c0000 - 0x00007ff926a26000 	C:\WINDOWS\SYSTEM32\ntdll.dll
0x00007ff925210000 - 0x00007ff9252d9000 	C:\WINDOWS\System32\KERNEL32.DLL
0x00007ff924110000 - 0x00007ff9244dc000 	C:\WINDOWS\System32\KERNELBASE.dll
0x00007ff9209a0000 - 0x00007ff920a3e000 	C:\WINDOWS\SYSTEM32\apphelp.dll
0x00007ff923c00000 - 0x00007ff923d4b000 	C:\WINDOWS\System32\ucrtbase.dll
0x00007ff90a4a0000 - 0x00007ff90a4be000 	c:\Users\Jaywant\.cursor\extensions\redhat.java-1.41.1-win32-x64\jre\21.0.6-win32-x86_64\bin\VCRUNTIME140.dll
0x00007ff90eee0000 - 0x00007ff90eef8000 	c:\Users\Jaywant\.cursor\extensions\redhat.java-1.41.1-win32-x64\jre\21.0.6-win32-x86_64\bin\jli.dll
0x00007ff924a00000 - 0x00007ff924bca000 	C:\WINDOWS\System32\USER32.dll
0x00007ff90ccd0000 - 0x00007ff90cf6a000 	C:\WINDOWS\WinSxS\amd64_microsoft.windows.common-controls_6595b64144ccf1df_6.0.26100.3912_none_3e07963ce335137e\COMCTL32.dll
0x00007ff923a00000 - 0x00007ff923a27000 	C:\WINDOWS\System32\win32u.dll
0x00007ff9264f0000 - 0x00007ff926599000 	C:\WINDOWS\System32\msvcrt.dll
0x00007ff925d70000 - 0x00007ff925d9b000 	C:\WINDOWS\System32\GDI32.dll
0x00007ff923ac0000 - 0x00007ff923bf2000 	C:\WINDOWS\System32\gdi32full.dll
0x00007ff923950000 - 0x00007ff9239f3000 	C:\WINDOWS\System32\msvcp_win.dll
0x00007ff924610000 - 0x00007ff924640000 	C:\WINDOWS\System32\IMM32.DLL
0x00007ff911200000 - 0x00007ff91120c000 	c:\Users\Jaywant\.cursor\extensions\redhat.java-1.41.1-win32-x64\jre\21.0.6-win32-x86_64\bin\vcruntime140_1.dll
0x00007ff8f7600000 - 0x00007ff8f768d000 	c:\Users\Jaywant\.cursor\extensions\redhat.java-1.41.1-win32-x64\jre\21.0.6-win32-x86_64\bin\msvcp140.dll
0x00007ff882780000 - 0x00007ff883510000 	c:\Users\Jaywant\.cursor\extensions\redhat.java-1.41.1-win32-x64\jre\21.0.6-win32-x86_64\bin\server\jvm.dll
0x00007ff924bd0000 - 0x00007ff924c82000 	C:\WINDOWS\System32\ADVAPI32.dll
0x00007ff9266c0000 - 0x00007ff926766000 	C:\WINDOWS\System32\sechost.dll
0x00007ff9265a0000 - 0x00007ff9266b6000 	C:\WINDOWS\System32\RPCRT4.dll
0x00007ff924980000 - 0x00007ff9249f4000 	C:\WINDOWS\System32\WS2_32.dll
0x00007ff9237c0000 - 0x00007ff92381e000 	C:\WINDOWS\SYSTEM32\POWRPROF.dll
0x00007ff91aec0000 - 0x00007ff91aef6000 	C:\WINDOWS\SYSTEM32\WINMM.dll
0x00007ff91af00000 - 0x00007ff91af0b000 	C:\WINDOWS\SYSTEM32\VERSION.dll
0x00007ff9237a0000 - 0x00007ff9237b4000 	C:\WINDOWS\SYSTEM32\UMPDC.dll
0x00007ff922710000 - 0x00007ff92272a000 	C:\WINDOWS\SYSTEM32\kernel.appcore.dll
0x00007ff910730000 - 0x00007ff91073a000 	c:\Users\Jaywant\.cursor\extensions\redhat.java-1.41.1-win32-x64\jre\21.0.6-win32-x86_64\bin\jimage.dll
0x00007ff917c80000 - 0x00007ff917ec1000 	C:\WINDOWS\SYSTEM32\DBGHELP.DLL
0x00007ff9259e0000 - 0x00007ff925d64000 	C:\WINDOWS\System32\combase.dll
0x00007ff925790000 - 0x00007ff925870000 	C:\WINDOWS\System32\OLEAUT32.dll
0x00007ff90f0e0000 - 0x00007ff90f119000 	C:\WINDOWS\SYSTEM32\dbgcore.DLL
0x00007ff9244e0000 - 0x00007ff924579000 	C:\WINDOWS\System32\bcryptPrimitives.dll
0x00007ff9103b0000 - 0x00007ff9103bf000 	c:\Users\Jaywant\.cursor\extensions\redhat.java-1.41.1-win32-x64\jre\21.0.6-win32-x86_64\bin\instrument.dll
0x00007ff901490000 - 0x00007ff9014af000 	c:\Users\Jaywant\.cursor\extensions\redhat.java-1.41.1-win32-x64\jre\21.0.6-win32-x86_64\bin\java.dll
0x00007ff925da0000 - 0x00007ff9264cd000 	C:\WINDOWS\System32\SHELL32.dll
0x00007ff923ed0000 - 0x00007ff924044000 	C:\WINDOWS\System32\wintypes.dll
0x00007ff9215b0000 - 0x00007ff921e06000 	C:\WINDOWS\SYSTEM32\windows.storage.dll
0x00007ff925490000 - 0x00007ff92557f000 	C:\WINDOWS\System32\SHCORE.dll
0x00007ff9251a0000 - 0x00007ff925209000 	C:\WINDOWS\System32\shlwapi.dll
0x00007ff923860000 - 0x00007ff92388f000 	C:\WINDOWS\SYSTEM32\profapi.dll
0x00007ff901470000 - 0x00007ff901488000 	c:\Users\Jaywant\.cursor\extensions\redhat.java-1.41.1-win32-x64\jre\21.0.6-win32-x86_64\bin\zip.dll
0x00007ff90edd0000 - 0x00007ff90ede0000 	C:\Users\Jaywant\.cursor\extensions\redhat.java-1.41.1-win32-x64\jre\21.0.6-win32-x86_64\bin\net.dll
0x00007ff91c270000 - 0x00007ff91c38e000 	C:\WINDOWS\SYSTEM32\WINHTTP.dll
0x00007ff922c80000 - 0x00007ff922cea000 	C:\WINDOWS\system32\mswsock.dll
0x00007ff8f8190000 - 0x00007ff8f81a6000 	C:\Users\Jaywant\.cursor\extensions\redhat.java-1.41.1-win32-x64\jre\21.0.6-win32-x86_64\bin\nio.dll
0x00007ff909d40000 - 0x00007ff909d50000 	c:\Users\Jaywant\.cursor\extensions\redhat.java-1.41.1-win32-x64\jre\21.0.6-win32-x86_64\bin\verify.dll
0x00007ff8f26d0000 - 0x00007ff8f2715000 	C:\Users\Jaywant\AppData\Roaming\Cursor\User\globalStorage\redhat.java\1.41.1\config_win\org.eclipse.equinox.launcher\org.eclipse.equinox.launcher.win32.win32.x86_64_1.2.1300.v20250331-1702\eclipse_11911.dll
0x00007ff9255e0000 - 0x00007ff92577f000 	C:\WINDOWS\System32\ole32.dll
0x00007ff922f20000 - 0x00007ff922f3c000 	C:\WINDOWS\SYSTEM32\CRYPTSP.dll
0x00007ff922650000 - 0x00007ff92268a000 	C:\WINDOWS\system32\rsaenh.dll
0x00007ff922d20000 - 0x00007ff922d4b000 	C:\WINDOWS\SYSTEM32\USERENV.dll
0x00007ff923830000 - 0x00007ff923856000 	C:\WINDOWS\SYSTEM32\bcrypt.dll
0x00007ff922f40000 - 0x00007ff922f4c000 	C:\WINDOWS\SYSTEM32\CRYPTBASE.dll
0x00007ff922100000 - 0x00007ff922133000 	C:\WINDOWS\SYSTEM32\IPHLPAPI.DLL
0x00007ff9264e0000 - 0x00007ff9264ea000 	C:\WINDOWS\System32\NSI.dll
0x00007ff9177c0000 - 0x00007ff9177ca000 	C:\Users\Jaywant\.cursor\extensions\redhat.java-1.41.1-win32-x64\jre\21.0.6-win32-x86_64\bin\management.dll
0x00007ff9177b0000 - 0x00007ff9177bb000 	C:\Users\Jaywant\.cursor\extensions\redhat.java-1.41.1-win32-x64\jre\21.0.6-win32-x86_64\bin\management_ext.dll
0x00007ff925450000 - 0x00007ff925458000 	C:\WINDOWS\System32\PSAPI.DLL
0x00007ff9011e0000 - 0x00007ff901229000 	C:\Users\Jaywant\AppData\Local\Temp\jna--151788782\jna13325572951263840910.dll
0x00007ff91b700000 - 0x00007ff91b71f000 	C:\WINDOWS\SYSTEM32\dhcpcsvc6.DLL
0x00007ff91b6d0000 - 0x00007ff91b6f5000 	C:\WINDOWS\SYSTEM32\dhcpcsvc.DLL

dbghelp: loaded successfully - version: 4.0.5 - missing functions: none
symbol engine: initialized successfully - sym options: 0x614 - pdb path: .;c:\Users\Jaywant\.cursor\extensions\redhat.java-1.41.1-win32-x64\jre\21.0.6-win32-x86_64\bin;C:\WINDOWS\SYSTEM32;C:\WINDOWS\WinSxS\amd64_microsoft.windows.common-controls_6595b64144ccf1df_6.0.26100.3912_none_3e07963ce335137e;c:\Users\Jaywant\.cursor\extensions\redhat.java-1.41.1-win32-x64\jre\21.0.6-win32-x86_64\bin\server;C:\Users\Jaywant\AppData\Roaming\Cursor\User\globalStorage\redhat.java\1.41.1\config_win\org.eclipse.equinox.launcher\org.eclipse.equinox.launcher.win32.win32.x86_64_1.2.1300.v20250331-1702;C:\Users\Jaywant\AppData\Local\Temp\jna--151788782

VM Arguments:
jvm_args: --add-modules=ALL-SYSTEM --add-opens=java.base/java.util=ALL-UNNAMED --add-opens=java.base/java.lang=ALL-UNNAMED --add-opens=java.base/sun.nio.fs=ALL-UNNAMED -Declipse.application=org.eclipse.jdt.ls.core.id1 -Dosgi.bundles.defaultStartLevel=4 -Declipse.product=org.eclipse.jdt.ls.core.product -Djava.import.generatesMetadataFilesAtProjectRoot=false -DDetectVMInstallationsJob.disabled=true -Dfile.encoding=utf8 -XX:+UseParallelGC -XX:GCTimeRatio=4 -XX:AdaptiveSizePolicyWeight=90 -Dsun.zip.disableMemoryMapping=true -Xmx1G -Xms100m -Xlog:disable -javaagent:c:\Users\Jaywant\.cursor\extensions\redhat.java-1.41.1-win32-x64\lombok\lombok-1.18.36.jar -XX:+HeapDumpOnOutOfMemoryError -XX:HeapDumpPath=c:\Users\Jaywant\AppData\Roaming\Cursor\User\workspaceStorage\cc623adeb21d3940532c846187689d28\redhat.java -Daether.dependencyCollector.impl=bf 
java_command: c:\Users\Jaywant\.cursor\extensions\redhat.java-1.41.1-win32-x64\server\plugins\org.eclipse.equinox.launcher_1.7.0.v20250331-1702.jar -configuration c:\Users\Jaywant\AppData\Roaming\Cursor\User\globalStorage\redhat.java\1.41.1\config_win -data c:\Users\Jaywant\AppData\Roaming\Cursor\User\workspaceStorage\cc623adeb21d3940532c846187689d28\redhat.java\jdt_ws --pipe=\\.\pipe\lsp-fb3bbd89154462edc13885491ebfe81c-sock
java_class_path (initial): c:\Users\Jaywant\.cursor\extensions\redhat.java-1.41.1-win32-x64\server\plugins\org.eclipse.equinox.launcher_1.7.0.v20250331-1702.jar
Launcher Type: SUN_STANDARD

[Global flags]
    uintx AdaptiveSizePolicyWeight                 = 90                                        {product} {command line}
     intx CICompilerCount                          = 4                                         {product} {ergonomic}
    uintx GCTimeRatio                              = 4                                         {product} {command line}
     bool HeapDumpOnOutOfMemoryError               = true                                   {manageable} {command line}
    ccstr HeapDumpPath                             = c:\Users\Jaywant\AppData\Roaming\Cursor\User\workspaceStorage\cc623adeb21d3940532c846187689d28\redhat.java         {manageable} {command line}
   size_t InitialHeapSize                          = 104857600                                 {product} {command line}
   size_t MaxHeapSize                              = 1073741824                                {product} {command line}
   size_t MaxNewSize                               = 357564416                                 {product} {ergonomic}
   size_t MinHeapDeltaBytes                        = 524288                                    {product} {ergonomic}
   size_t MinHeapSize                              = 104857600                                 {product} {command line}
   size_t NewSize                                  = 34603008                                  {product} {ergonomic}
    uintx NonNMethodCodeHeapSize                   = 5839372                                {pd product} {ergonomic}
    uintx NonProfiledCodeHeapSize                  = 122909434                              {pd product} {ergonomic}
   size_t OldSize                                  = 70254592                                  {product} {ergonomic}
    uintx ProfiledCodeHeapSize                     = 122909434                              {pd product} {ergonomic}
    uintx ReservedCodeCacheSize                    = 251658240                              {pd product} {ergonomic}
     bool SegmentedCodeCache                       = true                                      {product} {ergonomic}
   size_t SoftMaxHeapSize                          = 1073741824                             {manageable} {ergonomic}
     bool UseCompressedOops                        = true                           {product lp64_product} {ergonomic}
     bool UseLargePagesIndividualAllocation        = false                                  {pd product} {ergonomic}
     bool UseParallelGC                            = true                                      {product} {command line}

Logging:
Log output configuration:
 #0: stdout all=off uptime,level,tags foldmultilines=false
 #1: stderr all=off uptime,level,tags foldmultilines=false

Environment Variables:
JAVA_HOME=C:\Program Files\Java\jdk-21\
PATH=c:\Users\Jaywant\AppData\Local\Programs\cursor\resources\app\bin;C:\Program Files\Microsoft\jdk-17.0.14.7-hotspot\bin;C:\Program Files\Common Files\Oracle\Java\javapath;C:\WINDOWS\system32;C:\WINDOWS;C:\WINDOWS\System32\Wbem;C:\WINDOWS\System32\WindowsPowerShell\v1.0\;C:\WINDOWS\System32\OpenSSH\;C:\Program Files\nodejs;C:\Program Files\nodejs\;C:\Program Files\MySQL\MySQL Server 8.0\bin;C:\Program Files\Git\cmd;C:\Program Files\Git\bin;C:\Program Files\apache-maven-3.9.9\bin;C:\Program Files\Java\jdk-17\bin;C:\Program Files\Java\jdk-21\bin;C:\Program Files\Git LFS;C:\ProgramData\chocolatey\bin;C:\Users\Jaywant\AppData\Local\Programs\Python\Python313\Scripts\;C:\Users\Jaywant\AppData\Local\Programs\Python\Python313\;C:\Users\Jaywant\AppData\Local\Programs\Python\Launcher\;C:\Program Files\MySQL\MySQL Shell 8.0\bin\;C:\Users\Jaywant\AppData\Local\Microsoft\WindowsApps;C:\Users\Jaywant\AppData\Roaming\npm;C:\Users\Jaywant\AppData\Local\GitHubDesktop\bin;c:\Users\Jaywant\AppData\Local\Programs\cursor\resources\a;C:\platform-tools;C:\Users\Jaywant\AppData\Local\Android\Sdk\platform-tools;C:\Users\Jaywant\AppData\Local\Android\Sdk\emulator;C:\Program Files\dotnet\;C:\Users\Jaywant\AppData\Local\Android\Sdk\platform-tools;C:\Users\Jaywant\AppData\Local\Android\Sdk\tools;C:\Users\Jaywant\AppData\Local\Android\Sdk\platform-tools;C:\Users\Jaywant\AppData\Local\Android\Sdk\tools;C:\Users\Jaywant\AppData\Local\Programs\Python\Python313\Scripts\;C:\Users\Jaywant\AppData\Local\Programs\Python\Python313\;C:\Users\Jaywant\AppData\Local\Programs\Python\Launcher\;C:\Program Files\MySQL\MySQL Shell 8.0\bin\;C:\Users\Jaywant\AppData\Local\Microsoft\WindowsApps;C:\Users\Jaywant\AppData\Roaming\npm;C:\Users\Jaywant\AppData\Local\Programs\Microsoft VS Code\bin;C:\Users\Jaywant\AppData\Local\GitHubDesktop\bin;C:\Users\Jaywant\AppData\Local\Programs\cursor\resources\app\bin
USERNAME=Jaywant
OS=Windows_NT
PROCESSOR_IDENTIFIER=AMD64 Family 25 Model 80 Stepping 0, AuthenticAMD
TMP=C:\Users\Jaywant\AppData\Local\Temp
TEMP=C:\Users\Jaywant\AppData\Local\Temp




Periodic native trim disabled

---------------  S Y S T E M  ---------------

OS:
 Windows 11 , 64 bit Build 26100 (10.0.26100.3912)
OS uptime: 0 days 1:14 hours
Hyper-V role detected

CPU: total 12 (initial active 12) (12 cores per cpu, 2 threads per core) family 25 model 80 stepping 0 microcode 0xa500011, cx8, cmov, fxsr, ht, mmx, 3dnowpref, sse, sse2, sse3, ssse3, sse4a, sse4.1, sse4.2, popcnt, lzcnt, tsc, tscinvbit, avx, avx2, aes, erms, clmul, bmi1, bmi2, adx, sha, fma, vzeroupper, clflush, clflushopt, hv, rdtscp, rdpid, fsrm, f16c, cet_ss
Processor Information for processor 0
  Max Mhz: 3301, Current Mhz: 3043, Mhz Limit: 3036
Processor Information for processor 1
  Max Mhz: 3301, Current Mhz: 3043, Mhz Limit: 3036
Processor Information for processor 2
  Max Mhz: 3301, Current Mhz: 3301, Mhz Limit: 3301
Processor Information for processor 3
  Max Mhz: 3301, Current Mhz: 3301, Mhz Limit: 3301
Processor Information for processor 4
  Max Mhz: 3301, Current Mhz: 3301, Mhz Limit: 3301
Processor Information for processor 5
  Max Mhz: 3301, Current Mhz: 3301, Mhz Limit: 3301
Processor Information for processor 6
  Max Mhz: 3301, Current Mhz: 3301, Mhz Limit: 3301
Processor Information for processor 7
  Max Mhz: 3301, Current Mhz: 3301, Mhz Limit: 3301
Processor Information for processor 8
  Max Mhz: 3301, Current Mhz: 3301, Mhz Limit: 3301
Processor Information for processor 9
  Max Mhz: 3301, Current Mhz: 3301, Mhz Limit: 3301
Processor Information for processor 10
  Max Mhz: 3301, Current Mhz: 3301, Mhz Limit: 3301
Processor Information for processor 11
  Max Mhz: 3301, Current Mhz: 3301, Mhz Limit: 3301

Memory: 4k page, system-wide physical 7521M (708M free)
TotalPageFile size 31073M (AvailPageFile size 12M)
current process WorkingSet (physical memory assigned to process): 231M, peak: 233M
current process commit charge ("private bytes"): 320M, peak: 324M

vm_info: OpenJDK 64-Bit Server VM (21.0.6+7-LTS) for windows-amd64 JRE (21.0.6+7-LTS), built on 2025-01-21T00:00:00Z by "admin" with MS VC++ 17.7 (VS2022)

END.
